--------- beginning of main
06-14 12:46:36.035 I/ReactNativeJS(32164): '[UI_PRESS_PROBE]', '{"event":"APP_ENTRY_DEEP_LINK_VOIP_OPEN","timestamp":"2026-06-14T03:46:36.035Z","token_ready":true,"user_ready":true,"show_login":false,"show_voip_tester":false,"selected_call_mode":"pstn_assist","source":"runtime_url","action":"validation"}'
06-14 12:46:36.036 I/ReactNativeJS(32164): '[UI_PRESS_PROBE]', '{"event":"VOIP_VALIDATION_OPEN_PRESS","timestamp":"2026-06-14T03:46:36.036Z","token_ready":true,"user_ready":true,"show_login":false,"show_voip_tester":false,"selected_call_mode":"pstn_assist","source":"voip_section_validation_button"}'
06-14 12:46:36.037 I/ReactNativeJS(32164): '[VoIPPendingIncoming]', '{"event":"REQUEST_START","source":"pending_call_active","token_summary":"len:140:eyJhbG...Dtr2bY","user_id":1,"has_pending_call":false,"has_active_call":false}'
06-14 12:46:36.181 W/ReactNativeJS(32164): This method is deprecated (as well as all React Native Firebase namespaced API) and will be removed in the next major release as part of move to match Firebase Web modular SDK API. Please see migration guide for more details: https://rnfirebase.io/migrating-to-v22 Please use `getApps()` instead.
06-14 12:46:36.181 W/ReactNativeJS(32164): This method is deprecated (as well as all React Native Firebase namespaced API) and will be removed in the next major release as part of move to match Firebase Web modular SDK API. Please see migration guide for more details: https://rnfirebase.io/migrating-to-v22 Please use `initializeApp()` instead.
06-14 12:46:36.182 I/ReactNativeJS(32164): '[UI_PRESS_PROBE]', '{"event":"VOIP_PRESENCE_CONNECT_ATTEMPT","timestamp":"2026-06-14T03:46:36.182Z","token_ready":true,"user_ready":true,"show_login":false,"show_voip_tester":true,"selected_call_mode":"pstn_assist","voice_id":"nado-000001","token_summary":"len:140:eyJhbG...Dtr2bY","reason":"effect_start","api_base":"https://metanova1004.com"}'
06-14 12:46:36.184 W/ReactNativeJS(32164): This method is deprecated (as well as all React Native Firebase namespaced API) and will be removed in the next major release as part of move to match Firebase Web modular SDK API. Please see migration guide for more details: https://rnfirebase.io/migrating-to-v22 Please use `getApps()` instead.
06-14 12:46:36.184 I/ReactNativeJS(32164): '[VoIPFCM] firebase bootstrap failed', [Error: Missing or invalid FirebaseOptions property 'databaseURL'.]
06-14 12:46:36.199 I/ReactNativeJS(32164): '[VoIPPendingIncoming]', '{"event":"REQUEST_RESULT","source":"pending_call_active","token_summary":"len:140:eyJhbG...Dtr2bY","user_id":1,"status":200,"ok":true}'
06-14 12:46:36.236 I/ReactNativeJS(32164): '[UI_PRESS_PROBE]', '{"event":"VOIP_PRESENCE_CONNECTED","timestamp":"2026-06-14T03:46:36.236Z","token_ready":true,"user_ready":true,"show_login":false,"show_voip_tester":true,"selected_call_mode":"pstn_assist","voice_id":"nado-000001","token_summary":"len:140:eyJhbG...Dtr2bY","reason":"effect_start"}'
06-14 12:46:38.701 I/ReactNativeJS(32164): '[VoIPPendingIncoming]', '{"event":"REQUEST_START","source":"pending_call_poll","token_summary":"len:140:eyJhbG...Dtr2bY","user_id":1,"has_pending_call":false,"has_active_call":false}'
06-14 12:46:38.756 I/ReactNativeJS(32164): '[VoIPPendingIncoming]', '{"event":"REQUEST_RESULT","source":"pending_call_poll","token_summary":"len:140:eyJhbG...Dtr2bY","user_id":1,"status":200,"ok":true}'
06-14 12:46:41.214 I/ReactNativeJS(32164): '[VoIPPendingIncoming]', '{"event":"REQUEST_START","source":"pending_call_poll","token_summary":"len:140:eyJhbG...Dtr2bY","user_id":1,"has_pending_call":false,"has_active_call":false}'
06-14 12:46:41.292 I/ReactNativeJS(32164): '[VoIPPendingIncoming]', '{"event":"REQUEST_RESULT","source":"pending_call_poll","token_summary":"len:140:eyJhbG...Dtr2bY","user_id":1,"status":200,"ok":true}'
06-14 12:46:43.728 I/ReactNativeJS(32164): '[VoIPPendingIncoming]', '{"event":"REQUEST_START","source":"pending_call_poll","token_summary":"len:140:eyJhbG...Dtr2bY","user_id":1,"has_pending_call":false,"has_active_call":false}'
06-14 12:46:43.817 I/ReactNativeJS(32164): '[VoIPPendingIncoming]', '{"event":"REQUEST_RESULT","source":"pending_call_poll","token_summary":"len:140:eyJhbG...Dtr2bY","user_id":1,"status":200,"ok":true}'
06-14 12:46:46.242 I/ReactNativeJS(32164): '[VoIPPendingIncoming]', '{"event":"REQUEST_START","source":"pending_call_poll","token_summary":"len:140:eyJhbG...Dtr2bY","user_id":1,"has_pending_call":false,"has_active_call":false}'
06-14 12:46:46.295 I/ReactNativeJS(32164): '[VoIPPendingIncoming]', '{"event":"REQUEST_RESULT","source":"pending_call_poll","token_summary":"len:140:eyJhbG...Dtr2bY","user_id":1,"status":200,"ok":true}'
06-14 12:46:48.755 I/ReactNativeJS(32164): '[VoIPPendingIncoming]', '{"event":"REQUEST_START","source":"pending_call_poll","token_summary":"len:140:eyJhbG...Dtr2bY","user_id":1,"has_pending_call":false,"has_active_call":false}'
06-14 12:46:48.839 I/ReactNativeJS(32164): '[VoIPPendingIncoming]', '{"event":"REQUEST_RESULT","source":"pending_call_poll","token_summary":"len:140:eyJhbG...Dtr2bY","user_id":1,"status":200,"ok":true}'
06-14 12:46:51.268 I/ReactNativeJS(32164): '[VoIPPendingIncoming]', '{"event":"REQUEST_START","source":"pending_call_poll","token_summary":"len:140:eyJhbG...Dtr2bY","user_id":1,"has_pending_call":false,"has_active_call":false}'
06-14 12:46:51.347 I/ReactNativeJS(32164): '[VoIPPendingIncoming]', '{"event":"REQUEST_RESULT","source":"pending_call_poll","token_summary":"len:140:eyJhbG...Dtr2bY","user_id":1,"status":200,"ok":true}'
06-14 12:46:53.780 I/ReactNativeJS(32164): '[VoIPPendingIncoming]', '{"event":"REQUEST_START","source":"pending_call_poll","token_summary":"len:140:eyJhbG...Dtr2bY","user_id":1,"has_pending_call":false,"has_active_call":false}'
06-14 12:46:53.833 I/ReactNativeJS(32164): '[VoIPPendingIncoming]', '{"event":"REQUEST_RESULT","source":"pending_call_poll","token_summary":"len:140:eyJhbG...Dtr2bY","user_id":1,"status":200,"ok":true}'
06-14 12:46:56.294 I/ReactNativeJS(32164): '[VoIPPendingIncoming]', '{"event":"REQUEST_START","source":"pending_call_poll","token_summary":"len:140:eyJhbG...Dtr2bY","user_id":1,"has_pending_call":false,"has_active_call":false}'
06-14 12:46:56.353 I/ReactNativeJS(32164): '[VoIPPendingIncoming]', '{"event":"REQUEST_RESULT","source":"pending_call_poll","token_summary":"len:140:eyJhbG...Dtr2bY","user_id":1,"status":200,"ok":true}'
06-14 12:46:58.808 I/ReactNativeJS(32164): '[VoIPPendingIncoming]', '{"event":"REQUEST_START","source":"pending_call_poll","token_summary":"len:140:eyJhbG...Dtr2bY","user_id":1,"has_pending_call":false,"has_active_call":false}'
06-14 12:46:58.869 I/ReactNativeJS(32164): '[VoIPPendingIncoming]', '{"event":"REQUEST_RESULT","source":"pending_call_poll","token_summary":"len:140:eyJhbG...Dtr2bY","user_id":1,"status":200,"ok":true}'
06-14 12:47:01.322 I/ReactNativeJS(32164): '[VoIPPendingIncoming]', '{"event":"REQUEST_START","source":"pending_call_poll","token_summary":"len:140:eyJhbG...Dtr2bY","user_id":1,"has_pending_call":false,"has_active_call":false}'
06-14 12:47:01.402 I/ReactNativeJS(32164): '[VoIPPendingIncoming]', '{"event":"REQUEST_RESULT","source":"pending_call_poll","token_summary":"len:140:eyJhbG...Dtr2bY","user_id":1,"status":200,"ok":true}'
06-14 12:47:03.834 I/ReactNativeJS(32164): '[VoIPPendingIncoming]', '{"event":"REQUEST_START","source":"pending_call_poll","token_summary":"len:140:eyJhbG...Dtr2bY","user_id":1,"has_pending_call":false,"has_active_call":false}'
06-14 12:47:03.898 I/ReactNativeJS(32164): '[VoIPPendingIncoming]', '{"event":"REQUEST_RESULT","source":"pending_call_poll","token_summary":"len:140:eyJhbG...Dtr2bY","user_id":1,"status":200,"ok":true}'
06-14 12:47:06.347 I/ReactNativeJS(32164): '[VoIPPendingIncoming]', '{"event":"REQUEST_START","source":"pending_call_poll","token_summary":"len:140:eyJhbG...Dtr2bY","user_id":1,"has_pending_call":false,"has_active_call":false}'
06-14 12:47:06.406 I/ReactNativeJS(32164): '[VoIPPendingIncoming]', '{"event":"REQUEST_RESULT","source":"pending_call_poll","token_summary":"len:140:eyJhbG...Dtr2bY","user_id":1,"status":200,"ok":true}'
06-14 12:47:08.862 I/ReactNativeJS(32164): '[VoIPPendingIncoming]', '{"event":"REQUEST_START","source":"pending_call_poll","token_summary":"len:140:eyJhbG...Dtr2bY","user_id":1,"has_pending_call":false,"has_active_call":false}'
06-14 12:47:08.943 I/ReactNativeJS(32164): '[VoIPPendingIncoming]', '{"event":"REQUEST_RESULT","source":"pending_call_poll","token_summary":"len:140:eyJhbG...Dtr2bY","user_id":1,"status":200,"ok":true}'
06-14 12:47:11.375 I/ReactNativeJS(32164): '[VoIPPendingIncoming]', '{"event":"REQUEST_START","source":"pending_call_poll","token_summary":"len:140:eyJhbG...Dtr2bY","user_id":1,"has_pending_call":false,"has_active_call":false}'
06-14 12:47:11.429 I/ReactNativeJS(32164): '[VoIPPendingIncoming]', '{"event":"REQUEST_RESULT","source":"pending_call_poll","token_summary":"len:140:eyJhbG...Dtr2bY","user_id":1,"status":200,"ok":true}'
06-14 12:47:13.887 I/ReactNativeJS(32164): '[VoIPPendingIncoming]', '{"event":"REQUEST_START","source":"pending_call_poll","token_summary":"len:140:eyJhbG...Dtr2bY","user_id":1,"has_pending_call":false,"has_active_call":false}'
06-14 12:47:13.945 I/ReactNativeJS(32164): '[VoIPPendingIncoming]', '{"event":"REQUEST_RESULT","source":"pending_call_poll","token_summary":"len:140:eyJhbG...Dtr2bY","user_id":1,"status":200,"ok":true}'
06-14 12:47:16.401 I/ReactNativeJS(32164): '[VoIPPendingIncoming]', '{"event":"REQUEST_START","source":"pending_call_poll","token_summary":"len:140:eyJhbG...Dtr2bY","user_id":1,"has_pending_call":false,"has_active_call":false}'
06-14 12:47:16.455 I/ReactNativeJS(32164): '[VoIPPendingIncoming]', '{"event":"REQUEST_RESULT","source":"pending_call_poll","token_summary":"len:140:eyJhbG...Dtr2bY","user_id":1,"status":200,"ok":true}'
06-14 12:47:18.915 I/ReactNativeJS(32164): '[VoIPPendingIncoming]', '{"event":"REQUEST_START","source":"pending_call_poll","token_summary":"len:140:eyJhbG...Dtr2bY","user_id":1,"has_pending_call":false,"has_active_call":false}'
06-14 12:47:18.980 I/ReactNativeJS(32164): '[VoIPPendingIncoming]', '{"event":"REQUEST_RESULT","source":"pending_call_poll","token_summary":"len:140:eyJhbG...Dtr2bY","user_id":1,"status":200,"ok":true}'
06-14 12:47:21.428 I/ReactNativeJS(32164): '[VoIPPendingIncoming]', '{"event":"REQUEST_START","source":"pending_call_poll","token_summary":"len:140:eyJhbG...Dtr2bY","user_id":1,"has_pending_call":false,"has_active_call":false}'
06-14 12:47:21.484 I/ReactNativeJS(32164): '[VoIPPendingIncoming]', '{"event":"REQUEST_RESULT","source":"pending_call_poll","token_summary":"len:140:eyJhbG...Dtr2bY","user_id":1,"status":200,"ok":true}'
06-14 12:47:23.941 I/ReactNativeJS(32164): '[VoIPPendingIncoming]', '{"event":"REQUEST_START","source":"pending_call_poll","token_summary":"len:140:eyJhbG...Dtr2bY","user_id":1,"has_pending_call":false,"has_active_call":false}'
06-14 12:47:23.991 I/ReactNativeJS(32164): '[VoIPPendingIncoming]', '{"event":"REQUEST_RESULT","source":"pending_call_poll","token_summary":"len:140:eyJhbG...Dtr2bY","user_id":1,"status":200,"ok":true}'
06-14 12:47:26.454 I/ReactNativeJS(32164): '[VoIPPendingIncoming]', '{"event":"REQUEST_START","source":"pending_call_poll","token_summary":"len:140:eyJhbG...Dtr2bY","user_id":1,"has_pending_call":false,"has_active_call":false}'
06-14 12:47:26.506 I/ReactNativeJS(32164): '[VoIPPendingIncoming]', '{"event":"REQUEST_RESULT","source":"pending_call_poll","token_summary":"len:140:eyJhbG...Dtr2bY","user_id":1,"status":200,"ok":true}'
06-14 12:47:28.968 I/ReactNativeJS(32164): '[VoIPPendingIncoming]', '{"event":"REQUEST_START","source":"pending_call_poll","token_summary":"len:140:eyJhbG...Dtr2bY","user_id":1,"has_pending_call":false,"has_active_call":false}'
06-14 12:47:29.022 I/ReactNativeJS(32164): '[VoIPPendingIncoming]', '{"event":"REQUEST_RESULT","source":"pending_call_poll","token_summary":"len:140:eyJhbG...Dtr2bY","user_id":1,"status":200,"ok":true}'
06-14 12:47:31.482 I/ReactNativeJS(32164): '[VoIPPendingIncoming]', '{"event":"REQUEST_START","source":"pending_call_poll","token_summary":"len:140:eyJhbG...Dtr2bY","user_id":1,"has_pending_call":false,"has_active_call":false}'
06-14 12:47:31.535 I/ReactNativeJS(32164): '[VoIPPendingIncoming]', '{"event":"REQUEST_RESULT","source":"pending_call_poll","token_summary":"len:140:eyJhbG...Dtr2bY","user_id":1,"status":200,"ok":true}'
06-14 12:47:34.013 I/ReactNativeJS(32164): '[VoIPPendingIncoming]', '{"event":"REQUEST_START","source":"pending_call_poll","token_summary":"len:140:eyJhbG...Dtr2bY","user_id":1,"has_pending_call":false,"has_active_call":false}'
06-14 12:47:34.099 I/ReactNativeJS(32164): '[VoIPPendingIncoming]', '{"event":"REQUEST_RESULT","source":"pending_call_poll","token_summary":"len:140:eyJhbG...Dtr2bY","user_id":1,"status":200,"ok":true}'
06-14 12:47:36.508 I/ReactNativeJS(32164): '[VoIPPendingIncoming]', '{"event":"REQUEST_START","source":"pending_call_poll","token_summary":"len:140:eyJhbG...Dtr2bY","user_id":1,"has_pending_call":false,"has_active_call":false}'
06-14 12:47:36.568 I/ReactNativeJS(32164): '[VoIPPendingIncoming]', '{"event":"REQUEST_RESULT","source":"pending_call_poll","token_summary":"len:140:eyJhbG...Dtr2bY","user_id":1,"status":200,"ok":true}'
06-14 12:47:39.021 I/ReactNativeJS(32164): '[VoIPPendingIncoming]', '{"event":"REQUEST_START","source":"pending_call_poll","token_summary":"len:140:eyJhbG...Dtr2bY","user_id":1,"has_pending_call":false,"has_active_call":false}'
06-14 12:47:39.078 I/ReactNativeJS(32164): '[VoIPPendingIncoming]', '{"event":"REQUEST_RESULT","source":"pending_call_poll","token_summary":"len:140:eyJhbG...Dtr2bY","user_id":1,"status":200,"ok":true}'
06-14 12:47:41.535 I/ReactNativeJS(32164): '[VoIPPendingIncoming]', '{"event":"REQUEST_START","source":"pending_call_poll","token_summary":"len:140:eyJhbG...Dtr2bY","user_id":1,"has_pending_call":false,"has_active_call":false}'
06-14 12:47:41.591 I/ReactNativeJS(32164): '[VoIPPendingIncoming]', '{"event":"REQUEST_RESULT","source":"pending_call_poll","token_summary":"len:140:eyJhbG...Dtr2bY","user_id":1,"status":200,"ok":true}'
06-14 12:47:44.049 I/ReactNativeJS(32164): '[VoIPPendingIncoming]', '{"event":"REQUEST_START","source":"pending_call_poll","token_summary":"len:140:eyJhbG...Dtr2bY","user_id":1,"has_pending_call":false,"has_active_call":false}'
06-14 12:47:44.135 I/ReactNativeJS(32164): '[VoIPPendingIncoming]', '{"event":"REQUEST_RESULT","source":"pending_call_poll","token_summary":"len:140:eyJhbG...Dtr2bY","user_id":1,"status":200,"ok":true}'
06-14 12:47:46.562 I/ReactNativeJS(32164): '[VoIPPendingIncoming]', '{"event":"REQUEST_START","source":"pending_call_poll","token_summary":"len:140:eyJhbG...Dtr2bY","user_id":1,"has_pending_call":false,"has_active_call":false}'
06-14 12:47:46.615 I/ReactNativeJS(32164): '[VoIPPendingIncoming]', '{"event":"REQUEST_RESULT","source":"pending_call_poll","token_summary":"len:140:eyJhbG...Dtr2bY","user_id":1,"status":200,"ok":true}'
06-14 12:47:49.075 I/ReactNativeJS(32164): '[VoIPPendingIncoming]', '{"event":"REQUEST_START","source":"pending_call_poll","token_summary":"len:140:eyJhbG...Dtr2bY","user_id":1,"has_pending_call":false,"has_active_call":false}'
06-14 12:47:49.133 I/ReactNativeJS(32164): '[VoIPPendingIncoming]', '{"event":"REQUEST_RESULT","source":"pending_call_poll","token_summary":"len:140:eyJhbG...Dtr2bY","user_id":1,"status":200,"ok":true}'
06-14 12:47:51.589 I/ReactNativeJS(32164): '[VoIPPendingIncoming]', '{"event":"REQUEST_START","source":"pending_call_poll","token_summary":"len:140:eyJhbG...Dtr2bY","user_id":1,"has_pending_call":false,"has_active_call":false}'
06-14 12:47:51.642 I/ReactNativeJS(32164): '[VoIPPendingIncoming]', '{"event":"REQUEST_RESULT","source":"pending_call_poll","token_summary":"len:140:eyJhbG...Dtr2bY","user_id":1,"status":200,"ok":true}'
06-14 12:47:54.102 I/ReactNativeJS(32164): '[VoIPPendingIncoming]', '{"event":"REQUEST_START","source":"pending_call_poll","token_summary":"len:140:eyJhbG...Dtr2bY","user_id":1,"has_pending_call":false,"has_active_call":false}'
06-14 12:47:54.167 I/ReactNativeJS(32164): '[VoIPPendingIncoming]', '{"event":"REQUEST_RESULT","source":"pending_call_poll","token_summary":"len:140:eyJhbG...Dtr2bY","user_id":1,"status":200,"ok":true}'
06-14 12:47:56.616 I/ReactNativeJS(32164): '[VoIPPendingIncoming]', '{"event":"REQUEST_START","source":"pending_call_poll","token_summary":"len:140:eyJhbG...Dtr2bY","user_id":1,"has_pending_call":false,"has_active_call":false}'
06-14 12:47:56.677 I/ReactNativeJS(32164): '[VoIPPendingIncoming]', '{"event":"REQUEST_RESULT","source":"pending_call_poll","token_summary":"len:140:eyJhbG...Dtr2bY","user_id":1,"status":200,"ok":true}'
06-14 12:47:59.127 I/ReactNativeJS(32164): '[VoIPPendingIncoming]', '{"event":"REQUEST_START","source":"pending_call_poll","token_summary":"len:140:eyJhbG...Dtr2bY","user_id":1,"has_pending_call":false,"has_active_call":false}'
06-14 12:47:59.180 I/ReactNativeJS(32164): '[VoIPPendingIncoming]', '{"event":"REQUEST_RESULT","source":"pending_call_poll","token_summary":"len:140:eyJhbG...Dtr2bY","user_id":1,"status":200,"ok":true}'
06-14 12:48:01.630 I/ReactNativeJS(32164): '[VoIPPendingIncoming]', '{"event":"REQUEST_START","source":"pending_call_poll","token_summary":"len:140:eyJhbG...Dtr2bY","user_id":1,"has_pending_call":false,"has_active_call":false}'
06-14 12:48:01.705 I/ReactNativeJS(32164): '[VoIPPendingIncoming]', '{"event":"REQUEST_RESULT","source":"pending_call_poll","token_summary":"len:140:eyJhbG...Dtr2bY","user_id":1,"status":200,"ok":true}'
06-14 12:48:04.144 I/ReactNativeJS(32164): '[VoIPPendingIncoming]', '{"event":"REQUEST_START","source":"pending_call_poll","token_summary":"len:140:eyJhbG...Dtr2bY","user_id":1,"has_pending_call":false,"has_active_call":false}'
06-14 12:48:04.230 I/ReactNativeJS(32164): '[VoIPPendingIncoming]', '{"event":"REQUEST_RESULT","source":"pending_call_poll","token_summary":"len:140:eyJhbG...Dtr2bY","user_id":1,"status":200,"ok":true}'
06-14 12:48:06.656 I/ReactNativeJS(32164): '[VoIPPendingIncoming]', '{"event":"REQUEST_START","source":"pending_call_poll","token_summary":"len:140:eyJhbG...Dtr2bY","user_id":1,"has_pending_call":false,"has_active_call":false}'
06-14 12:48:06.705 I/ReactNativeJS(32164): '[VoIPPendingIncoming]', '{"event":"REQUEST_RESULT","source":"pending_call_poll","token_summary":"len:140:eyJhbG...Dtr2bY","user_id":1,"status":200,"ok":true}'
06-14 12:48:09.169 I/ReactNativeJS(32164): '[VoIPPendingIncoming]', '{"event":"REQUEST_START","source":"pending_call_poll","token_summary":"len:140:eyJhbG...Dtr2bY","user_id":1,"has_pending_call":false,"has_active_call":false}'
06-14 12:48:09.223 I/ReactNativeJS(32164): '[VoIPPendingIncoming]', '{"event":"REQUEST_RESULT","source":"pending_call_poll","token_summary":"len:140:eyJhbG...Dtr2bY","user_id":1,"status":200,"ok":true}'
06-14 12:48:11.682 I/ReactNativeJS(32164): '[VoIPPendingIncoming]', '{"event":"REQUEST_START","source":"pending_call_poll","token_summary":"len:140:eyJhbG...Dtr2bY","user_id":1,"has_pending_call":false,"has_active_call":false}'
06-14 12:48:11.749 I/ReactNativeJS(32164): '[VoIPPendingIncoming]', '{"event":"REQUEST_RESULT","source":"pending_call_poll","token_summary":"len:140:eyJhbG...Dtr2bY","user_id":1,"status":200,"ok":true}'
06-14 12:48:14.195 I/ReactNativeJS(32164): '[VoIPPendingIncoming]', '{"event":"REQUEST_START","source":"pending_call_poll","token_summary":"len:140:eyJhbG...Dtr2bY","user_id":1,"has_pending_call":false,"has_active_call":false}'
06-14 12:48:14.282 I/ReactNativeJS(32164): '[VoIPPendingIncoming]', '{"event":"REQUEST_RESULT","source":"pending_call_poll","token_summary":"len:140:eyJhbG...Dtr2bY","user_id":1,"status":200,"ok":true}'
06-14 12:48:16.708 I/ReactNativeJS(32164): '[VoIPPendingIncoming]', '{"event":"REQUEST_START","source":"pending_call_poll","token_summary":"len:140:eyJhbG...Dtr2bY","user_id":1,"has_pending_call":false,"has_active_call":false}'
06-14 12:48:16.763 I/ReactNativeJS(32164): '[VoIPPendingIncoming]', '{"event":"REQUEST_RESULT","source":"pending_call_poll","token_summary":"len:140:eyJhbG...Dtr2bY","user_id":1,"status":200,"ok":true}'
06-14 12:48:19.220 I/ReactNativeJS(32164): '[VoIPPendingIncoming]', '{"event":"REQUEST_START","source":"pending_call_poll","token_summary":"len:140:eyJhbG...Dtr2bY","user_id":1,"has_pending_call":false,"has_active_call":false}'
06-14 12:48:19.272 I/ReactNativeJS(32164): '[VoIPPendingIncoming]', '{"event":"REQUEST_RESULT","source":"pending_call_poll","token_summary":"len:140:eyJhbG...Dtr2bY","user_id":1,"status":200,"ok":true}'
06-14 12:48:21.733 I/ReactNativeJS(32164): '[VoIPPendingIncoming]', '{"event":"REQUEST_START","source":"pending_call_poll","token_summary":"len:140:eyJhbG...Dtr2bY","user_id":1,"has_pending_call":false,"has_active_call":false}'
06-14 12:48:21.796 I/ReactNativeJS(32164): '[VoIPPendingIncoming]', '{"event":"REQUEST_RESULT","source":"pending_call_poll","token_summary":"len:140:eyJhbG...Dtr2bY","user_id":1,"status":200,"ok":true}'
06-14 12:48:24.247 I/ReactNativeJS(32164): '[VoIPPendingIncoming]', '{"event":"REQUEST_START","source":"pending_call_poll","token_summary":"len:140:eyJhbG...Dtr2bY","user_id":1,"has_pending_call":false,"has_active_call":false}'
06-14 12:48:24.299 I/ReactNativeJS(32164): '[VoIPPendingIncoming]', '{"event":"REQUEST_RESULT","source":"pending_call_poll","token_summary":"len:140:eyJhbG...Dtr2bY","user_id":1,"status":200,"ok":true}'
06-14 12:48:26.758 I/ReactNativeJS(32164): '[VoIPPendingIncoming]', '{"event":"REQUEST_START","source":"pending_call_poll","token_summary":"len:140:eyJhbG...Dtr2bY","user_id":1,"has_pending_call":false,"has_active_call":false}'
06-14 12:48:26.810 I/ReactNativeJS(32164): '[VoIPPendingIncoming]', '{"event":"REQUEST_RESULT","source":"pending_call_poll","token_summary":"len:140:eyJhbG...Dtr2bY","user_id":1,"status":200,"ok":true}'
06-14 12:48:29.273 I/ReactNativeJS(32164): '[VoIPPendingIncoming]', '{"event":"REQUEST_START","source":"pending_call_poll","token_summary":"len:140:eyJhbG...Dtr2bY","user_id":1,"has_pending_call":false,"has_active_call":false}'
06-14 12:48:29.326 I/ReactNativeJS(32164): '[VoIPPendingIncoming]', '{"event":"REQUEST_RESULT","source":"pending_call_poll","token_summary":"len:140:eyJhbG...Dtr2bY","user_id":1,"status":200,"ok":true}'
06-14 12:48:31.786 I/ReactNativeJS(32164): '[VoIPPendingIncoming]', '{"event":"REQUEST_START","source":"pending_call_poll","token_summary":"len:140:eyJhbG...Dtr2bY","user_id":1,"has_pending_call":false,"has_active_call":false}'
06-14 12:48:31.845 I/ReactNativeJS(32164): '[VoIPPendingIncoming]', '{"event":"REQUEST_RESULT","source":"pending_call_poll","token_summary":"len:140:eyJhbG...Dtr2bY","user_id":1,"status":200,"ok":true}'
06-14 12:48:34.298 I/ReactNativeJS(32164): '[VoIPPendingIncoming]', '{"event":"REQUEST_START","source":"pending_call_poll","token_summary":"len:140:eyJhbG...Dtr2bY","user_id":1,"has_pending_call":false,"has_active_call":false}'
06-14 12:48:34.418 I/ReactNativeJS(32164): '[VoIPPendingIncoming]', '{"event":"REQUEST_RESULT","source":"pending_call_poll","token_summary":"len:140:eyJhbG...Dtr2bY","user_id":1,"status":200,"ok":true}'
06-14 12:48:36.812 I/ReactNativeJS(32164): '[VoIPPendingIncoming]', '{"event":"REQUEST_START","source":"pending_call_poll","token_summary":"len:140:eyJhbG...Dtr2bY","user_id":1,"has_pending_call":false,"has_active_call":false}'
06-14 12:48:36.878 I/ReactNativeJS(32164): '[VoIPPendingIncoming]', '{"event":"REQUEST_RESULT","source":"pending_call_poll","token_summary":"len:140:eyJhbG...Dtr2bY","user_id":1,"status":200,"ok":true}'
06-14 12:48:39.323 I/ReactNativeJS(32164): '[VoIPPendingIncoming]', '{"event":"REQUEST_START","source":"pending_call_poll","token_summary":"len:140:eyJhbG...Dtr2bY","user_id":1,"has_pending_call":false,"has_active_call":false}'
06-14 12:48:39.369 I/ReactNativeJS(32164): '[VoIPPendingIncoming]', '{"event":"REQUEST_RESULT","source":"pending_call_poll","token_summary":"len:140:eyJhbG...Dtr2bY","user_id":1,"status":200,"ok":true}'
