05-24 01:03:43.651 E/Tethering( 1005): [api31.BpfCoordinatorShimImpl] ERROR Could not iterate map: : getNextMapKey failed: EBADF (Bad file descriptor)
05-24 01:03:43.651 E/Tethering( 1005): android.system.ErrnoException: getNextMapKey failed: EBADF (Bad file descriptor)
05-24 01:03:43.651 E/Tethering( 1005): 	at com.android.networkstack.tethering.BpfMap.getNextMapKey(Native Method)
05-24 01:03:43.651 E/Tethering( 1005): 	at com.android.networkstack.tethering.BpfMap.getNextRawKey(BpfMap.java:199)
05-24 01:03:43.651 E/Tethering( 1005): 	at com.android.networkstack.tethering.BpfMap.getNextKeyInternal(BpfMap.java:177)
05-24 01:03:43.651 E/Tethering( 1005): 	at com.android.networkstack.tethering.BpfMap.getFirstKey(BpfMap.java:206)
05-24 01:03:43.651 E/Tethering( 1005): 	at com.android.networkstack.tethering.BpfMap.forEach(BpfMap.java:243)
05-24 01:03:43.651 E/Tethering( 1005): 	at com.android.networkstack.tethering.apishim.api31.BpfCoordinatorShimImpl.tetherOffloadRuleForEach(BpfCoordinatorShimImpl.java:418)
05-24 01:03:43.651 E/Tethering( 1005): 	at com.android.networkstack.tethering.BpfCoordinator.maybeRefreshConntrackTimeout(BpfCoordinator.java:1911)
05-24 01:03:43.651 E/Tethering( 1005): 	at com.android.networkstack.tethering.BpfCoordinator.lambda$new$1(BpfCoordinator.java:255)
05-24 01:03:43.651 E/Tethering( 1005): 	at com.android.networkstack.tethering.BpfCoordinator.$r8$lambda$dGScrx2GOtG22GpROJu_XCm1O5I(Unknown Source:0)
05-24 01:03:43.651 E/Tethering( 1005): 	at com.android.networkstack.tethering.BpfCoordinator$$ExternalSyntheticLambda1.run(Unknown Source:2)
05-24 01:03:43.651 E/Tethering( 1005): 	at android.os.Handler.handleCallback(Handler.java:938)
05-24 01:03:43.651 E/Tethering( 1005): 	at android.os.Handler.dispatchMessage(Handler.java:99)
05-24 01:03:43.651 E/Tethering( 1005): 	at android.os.Looper.loopOnce(Looper.java:226)
05-24 01:03:43.651 E/Tethering( 1005): 	at android.os.Looper.loop(Looper.java:313)
05-24 01:03:43.651 E/Tethering( 1005): 	at android.os.HandlerThread.run(HandlerThread.java:67)
05-24 01:03:43.652 E/Tethering( 1005): [api31.BpfCoordinatorShimImpl] ERROR Could not iterate map: : getNextMapKey failed: EBADF (Bad file descriptor)
05-24 01:03:43.652 E/Tethering( 1005): android.system.ErrnoException: getNextMapKey failed: EBADF (Bad file descriptor)
05-24 01:03:43.652 E/Tethering( 1005): 	at com.android.networkstack.tethering.BpfMap.getNextMapKey(Native Method)
05-24 01:03:43.652 E/Tethering( 1005): 	at com.android.networkstack.tethering.BpfMap.getNextRawKey(BpfMap.java:199)
05-24 01:03:43.652 E/Tethering( 1005): 	at com.android.networkstack.tethering.BpfMap.getNextKeyInternal(BpfMap.java:177)
05-24 01:03:43.652 E/Tethering( 1005): 	at com.android.networkstack.tethering.BpfMap.getFirstKey(BpfMap.java:206)
05-24 01:03:43.652 E/Tethering( 1005): 	at com.android.networkstack.tethering.BpfMap.forEach(BpfMap.java:243)
05-24 01:03:43.652 E/Tethering( 1005): 	at com.android.networkstack.tethering.apishim.api31.BpfCoordinatorShimImpl.tetherOffloadRuleForEach(BpfCoordinatorShimImpl.java:420)
05-24 01:03:43.652 E/Tethering( 1005): 	at com.android.networkstack.tethering.BpfCoordinator.maybeRefreshConntrackTimeout(BpfCoordinator.java:1922)
05-24 01:03:43.652 E/Tethering( 1005): 	at com.android.networkstack.tethering.BpfCoordinator.lambda$new$1(BpfCoordinator.java:255)
05-24 01:03:43.652 E/Tethering( 1005): 	at com.android.networkstack.tethering.BpfCoordinator.$r8$lambda$dGScrx2GOtG22GpROJu_XCm1O5I(Unknown Source:0)
05-24 01:03:43.652 E/Tethering( 1005): 	at com.android.networkstack.tethering.BpfCoordinator$$ExternalSyntheticLambda1.run(Unknown Source:2)
05-24 01:03:43.652 E/Tethering( 1005): 	at android.os.Handler.handleCallback(Handler.java:938)
05-24 01:03:43.652 E/Tethering( 1005): 	at android.os.Handler.dispatchMessage(Handler.java:99)
05-24 01:03:43.652 E/Tethering( 1005): 	at android.os.Looper.loopOnce(Looper.java:226)
05-24 01:03:43.652 E/Tethering( 1005): 	at android.os.Looper.loop(Looper.java:313)
05-24 01:03:43.652 E/Tethering( 1005): 	at android.os.HandlerThread.run(HandlerThread.java:67)
05-24 01:03:45.887 I/NearbyMediums(15725): Current Tracked Scanning Clients are : {NearbyConnections.EnvironmentMonitor, NearbySharing, NearbyConnections.TxAdvertisement}
05-24 01:03:47.167 E/Tethering( 1005): [api31.BpfCoordinatorShimImpl] ERROR Fail to fetch tethering stats from BPF map: : getNextMapKey failed: EBADF (Bad file descriptor)
05-24 01:03:47.167 E/Tethering( 1005): android.system.ErrnoException: getNextMapKey failed: EBADF (Bad file descriptor)
05-24 01:03:47.167 E/Tethering( 1005): 	at com.android.networkstack.tethering.BpfMap.getNextMapKey(Native Method)
05-24 01:03:47.167 E/Tethering( 1005): 	at com.android.networkstack.tethering.BpfMap.getNextRawKey(BpfMap.java:199)
05-24 01:03:47.167 E/Tethering( 1005): 	at com.android.networkstack.tethering.BpfMap.getNextKeyInternal(BpfMap.java:177)
05-24 01:03:47.167 E/Tethering( 1005): 	at com.android.networkstack.tethering.BpfMap.getFirstKey(BpfMap.java:206)
05-24 01:03:47.167 E/Tethering( 1005): 	at com.android.networkstack.tethering.BpfMap.forEach(BpfMap.java:243)
05-24 01:03:47.167 E/Tethering( 1005): 	at com.android.networkstack.tethering.apishim.api31.BpfCoordinatorShimImpl.tetherOffloadGetStats(BpfCoordinatorShimImpl.java:241)
05-24 01:03:47.167 E/Tethering( 1005): 	at com.android.networkstack.tethering.BpfCoordinator.updateForwardedStats(BpfCoordinator.java:1844)
05-24 01:03:47.167 E/Tethering( 1005): 	at com.android.networkstack.tethering.BpfCoordinator.lambda$new$0(BpfCoordinator.java:249)
05-24 01:03:47.167 E/Tethering( 1005): 	at com.android.networkstack.tethering.BpfCoordinator.$r8$lambda$11zi2so53-tPlRpKnlSkWOpxReo(Unknown Source:0)
05-24 01:03:47.167 E/Tethering( 1005): 	at com.android.networkstack.tethering.BpfCoordinator$$ExternalSyntheticLambda0.run(Unknown Source:2)
05-24 01:03:47.167 E/Tethering( 1005): 	at android.os.Handler.handleCallback(Handler.java:938)
05-24 01:03:47.167 E/Tethering( 1005): 	at android.os.Handler.dispatchMessage(Handler.java:99)
05-24 01:03:47.167 E/Tethering( 1005): 	at android.os.Looper.loopOnce(Looper.java:226)
05-24 01:03:47.167 E/Tethering( 1005): 	at android.os.Looper.loop(Looper.java:313)
05-24 01:03:47.167 E/Tethering( 1005): 	at android.os.HandlerThread.run(HandlerThread.java:67)
05-24 01:03:47.167 E/Tethering( 1005): [BpfCoordinator] ERROR Problem fetching tethering stats
05-24 01:03:52.170 E/Tethering( 1005): [api31.BpfCoordinatorShimImpl] ERROR Fail to fetch tethering stats from BPF map: : getNextMapKey failed: EBADF (Bad file descriptor)
05-24 01:03:52.170 E/Tethering( 1005): android.system.ErrnoException: getNextMapKey failed: EBADF (Bad file descriptor)
05-24 01:03:52.170 E/Tethering( 1005): 	at com.android.networkstack.tethering.BpfMap.getNextMapKey(Native Method)
05-24 01:03:52.170 E/Tethering( 1005): 	at com.android.networkstack.tethering.BpfMap.getNextRawKey(BpfMap.java:199)
05-24 01:03:52.170 E/Tethering( 1005): 	at com.android.networkstack.tethering.BpfMap.getNextKeyInternal(BpfMap.java:177)
05-24 01:03:52.170 E/Tethering( 1005): 	at com.android.networkstack.tethering.BpfMap.getFirstKey(BpfMap.java:206)
05-24 01:03:52.170 E/Tethering( 1005): 	at com.android.networkstack.tethering.BpfMap.forEach(BpfMap.java:243)
05-24 01:03:52.170 E/Tethering( 1005): 	at com.android.networkstack.tethering.apishim.api31.BpfCoordinatorShimImpl.tetherOffloadGetStats(BpfCoordinatorShimImpl.java:241)
05-24 01:03:52.170 E/Tethering( 1005): 	at com.android.networkstack.tethering.BpfCoordinator.updateForwardedStats(BpfCoordinator.java:1844)
05-24 01:03:52.170 E/Tethering( 1005): 	at com.android.networkstack.tethering.BpfCoordinator.lambda$new$0(BpfCoordinator.java:249)
05-24 01:03:52.170 E/Tethering( 1005): 	at com.android.networkstack.tethering.BpfCoordinator.$r8$lambda$11zi2so53-tPlRpKnlSkWOpxReo(Unknown Source:0)
05-24 01:03:52.170 E/Tethering( 1005): 	at com.android.networkstack.tethering.BpfCoordinator$$ExternalSyntheticLambda0.run(Unknown Source:2)
05-24 01:03:52.170 E/Tethering( 1005): 	at android.os.Handler.handleCallback(Handler.java:938)
05-24 01:03:52.170 E/Tethering( 1005): 	at android.os.Handler.dispatchMessage(Handler.java:99)
05-24 01:03:52.170 E/Tethering( 1005): 	at android.os.Looper.loopOnce(Looper.java:226)
05-24 01:03:52.170 E/Tethering( 1005): 	at android.os.Looper.loop(Looper.java:313)
05-24 01:03:52.170 E/Tethering( 1005): 	at android.os.HandlerThread.run(HandlerThread.java:67)
05-24 01:03:52.170 E/Tethering( 1005): [BpfCoordinator] ERROR Problem fetching tethering stats
05-24 01:03:55.891 I/NearbyMediums(15725): Current Tracked Scanning Clients are : {NearbyConnections.EnvironmentMonitor, NearbySharing, NearbyConnections.TxAdvertisement}
05-24 01:03:57.171 E/Tethering( 1005): [api31.BpfCoordinatorShimImpl] ERROR Fail to fetch tethering stats from BPF map: : getNextMapKey failed: EBADF (Bad file descriptor)
05-24 01:03:57.171 E/Tethering( 1005): android.system.ErrnoException: getNextMapKey failed: EBADF (Bad file descriptor)
05-24 01:03:57.171 E/Tethering( 1005): 	at com.android.networkstack.tethering.BpfMap.getNextMapKey(Native Method)
05-24 01:03:57.171 E/Tethering( 1005): 	at com.android.networkstack.tethering.BpfMap.getNextRawKey(BpfMap.java:199)
05-24 01:03:57.171 E/Tethering( 1005): 	at com.android.networkstack.tethering.BpfMap.getNextKeyInternal(BpfMap.java:177)
05-24 01:03:57.171 E/Tethering( 1005): 	at com.android.networkstack.tethering.BpfMap.getFirstKey(BpfMap.java:206)
05-24 01:03:57.171 E/Tethering( 1005): 	at com.android.networkstack.tethering.BpfMap.forEach(BpfMap.java:243)
05-24 01:03:57.171 E/Tethering( 1005): 	at com.android.networkstack.tethering.apishim.api31.BpfCoordinatorShimImpl.tetherOffloadGetStats(BpfCoordinatorShimImpl.java:241)
05-24 01:03:57.171 E/Tethering( 1005): 	at com.android.networkstack.tethering.BpfCoordinator.updateForwardedStats(BpfCoordinator.java:1844)
05-24 01:03:57.171 E/Tethering( 1005): 	at com.android.networkstack.tethering.BpfCoordinator.lambda$new$0(BpfCoordinator.java:249)
05-24 01:03:57.171 E/Tethering( 1005): 	at com.android.networkstack.tethering.BpfCoordinator.$r8$lambda$11zi2so53-tPlRpKnlSkWOpxReo(Unknown Source:0)
05-24 01:03:57.171 E/Tethering( 1005): 	at com.android.networkstack.tethering.BpfCoordinator$$ExternalSyntheticLambda0.run(Unknown Source:2)
05-24 01:03:57.171 E/Tethering( 1005): 	at android.os.Handler.handleCallback(Handler.java:938)
05-24 01:03:57.171 E/Tethering( 1005): 	at android.os.Handler.dispatchMessage(Handler.java:99)
05-24 01:03:57.171 E/Tethering( 1005): 	at android.os.Looper.loopOnce(Looper.java:226)
05-24 01:03:57.171 E/Tethering( 1005): 	at android.os.Looper.loop(Looper.java:313)
05-24 01:03:57.171 E/Tethering( 1005): 	at android.os.HandlerThread.run(HandlerThread.java:67)
05-24 01:03:57.172 E/Tethering( 1005): [BpfCoordinator] ERROR Problem fetching tethering stats
05-24 01:04:00.008 D/QSClockBellTower( 1415): onReceive(android.intent.action.TIME_TICK) mTimeZoneString:null
05-24 01:04:00.027 D/QSClockBellTower( 1415): He is ready to ring the bell. (((QSClockBellSound - TimeText:01:04, TimeContentDescription:01:04, DateText:5월 24일 일요일, ShortDateText:5월 24일 (일), Demofalse)))
05-24 01:04:02.174 E/Tethering( 1005): [api31.BpfCoordinatorShimImpl] ERROR Fail to fetch tethering stats from BPF map: : getNextMapKey failed: EBADF (Bad file descriptor)
05-24 01:04:02.174 E/Tethering( 1005): android.system.ErrnoException: getNextMapKey failed: EBADF (Bad file descriptor)
05-24 01:04:02.174 E/Tethering( 1005): 	at com.android.networkstack.tethering.BpfMap.getNextMapKey(Native Method)
05-24 01:04:02.174 E/Tethering( 1005): 	at com.android.networkstack.tethering.BpfMap.getNextRawKey(BpfMap.java:199)
05-24 01:04:02.174 E/Tethering( 1005): 	at com.android.networkstack.tethering.BpfMap.getNextKeyInternal(BpfMap.java:177)
05-24 01:04:02.174 E/Tethering( 1005): 	at com.android.networkstack.tethering.BpfMap.getFirstKey(BpfMap.java:206)
05-24 01:04:02.174 E/Tethering( 1005): 	at com.android.networkstack.tethering.BpfMap.forEach(BpfMap.java:243)
05-24 01:04:02.174 E/Tethering( 1005): 	at com.android.networkstack.tethering.apishim.api31.BpfCoordinatorShimImpl.tetherOffloadGetStats(BpfCoordinatorShimImpl.java:241)
05-24 01:04:02.174 E/Tethering( 1005): 	at com.android.networkstack.tethering.BpfCoordinator.updateForwardedStats(BpfCoordinator.java:1844)
05-24 01:04:02.174 E/Tethering( 1005): 	at com.android.networkstack.tethering.BpfCoordinator.lambda$new$0(BpfCoordinator.java:249)
05-24 01:04:02.174 E/Tethering( 1005): 	at com.android.networkstack.tethering.BpfCoordinator.$r8$lambda$11zi2so53-tPlRpKnlSkWOpxReo(Unknown Source:0)
05-24 01:04:02.174 E/Tethering( 1005): 	at com.android.networkstack.tethering.BpfCoordinator$$ExternalSyntheticLambda0.run(Unknown Source:2)
05-24 01:04:02.174 E/Tethering( 1005): 	at android.os.Handler.handleCallback(Handler.java:938)
05-24 01:04:02.174 E/Tethering( 1005): 	at android.os.Handler.dispatchMessage(Handler.java:99)
05-24 01:04:02.174 E/Tethering( 1005): 	at android.os.Looper.loopOnce(Looper.java:226)
05-24 01:04:02.174 E/Tethering( 1005): 	at android.os.Looper.loop(Looper.java:313)
05-24 01:04:02.174 E/Tethering( 1005): 	at android.os.HandlerThread.run(HandlerThread.java:67)
05-24 01:04:02.174 E/Tethering( 1005): [BpfCoordinator] ERROR Problem fetching tethering stats
05-24 01:04:05.895 I/NearbyMediums(15725): Current Tracked Scanning Clients are : {NearbyConnections.EnvironmentMonitor, NearbySharing, NearbyConnections.TxAdvertisement}
05-24 01:04:07.177 E/Tethering( 1005): [api31.BpfCoordinatorShimImpl] ERROR Fail to fetch tethering stats from BPF map: : getNextMapKey failed: EBADF (Bad file descriptor)
05-24 01:04:07.177 E/Tethering( 1005): android.system.ErrnoException: getNextMapKey failed: EBADF (Bad file descriptor)
05-24 01:04:07.177 E/Tethering( 1005): 	at com.android.networkstack.tethering.BpfMap.getNextMapKey(Native Method)
05-24 01:04:07.177 E/Tethering( 1005): 	at com.android.networkstack.tethering.BpfMap.getNextRawKey(BpfMap.java:199)
05-24 01:04:07.177 E/Tethering( 1005): 	at com.android.networkstack.tethering.BpfMap.getNextKeyInternal(BpfMap.java:177)
05-24 01:04:07.177 E/Tethering( 1005): 	at com.android.networkstack.tethering.BpfMap.getFirstKey(BpfMap.java:206)
05-24 01:04:07.177 E/Tethering( 1005): 	at com.android.networkstack.tethering.BpfMap.forEach(BpfMap.java:243)
05-24 01:04:07.177 E/Tethering( 1005): 	at com.android.networkstack.tethering.apishim.api31.BpfCoordinatorShimImpl.tetherOffloadGetStats(BpfCoordinatorShimImpl.java:241)
05-24 01:04:07.177 E/Tethering( 1005): 	at com.android.networkstack.tethering.BpfCoordinator.updateForwardedStats(BpfCoordinator.java:1844)
05-24 01:04:07.177 E/Tethering( 1005): 	at com.android.networkstack.tethering.BpfCoordinator.lambda$new$0(BpfCoordinator.java:249)
05-24 01:04:07.177 E/Tethering( 1005): 	at com.android.networkstack.tethering.BpfCoordinator.$r8$lambda$11zi2so53-tPlRpKnlSkWOpxReo(Unknown Source:0)
05-24 01:04:07.177 E/Tethering( 1005): 	at com.android.networkstack.tethering.BpfCoordinator$$ExternalSyntheticLambda0.run(Unknown Source:2)
05-24 01:04:07.177 E/Tethering( 1005): 	at android.os.Handler.handleCallback(Handler.java:938)
05-24 01:04:07.177 E/Tethering( 1005): 	at android.os.Handler.dispatchMessage(Handler.java:99)
05-24 01:04:07.177 E/Tethering( 1005): 	at android.os.Looper.loopOnce(Looper.java:226)
05-24 01:04:07.177 E/Tethering( 1005): 	at android.os.Looper.loop(Looper.java:313)
05-24 01:04:07.177 E/Tethering( 1005): 	at android.os.HandlerThread.run(HandlerThread.java:67)
05-24 01:04:07.177 E/Tethering( 1005): [BpfCoordinator] ERROR Problem fetching tethering stats
05-24 01:04:09.704 D/NetworkController.WifiSignalController( 1415): notifyListener: visible=true, enabled=true, connected=true, inetCondition=1, isDefault=true, receivedCR=true, receivedIC=-1, shouldForceHide=false, emptyConnected=false
05-24 01:04:09.711 D/NetworkController( 1415): refreshMPTCPIndicator: dataConnected false wifiConnected true mMPTCPSettingEnabled false
05-24 01:04:09.716 D/NetworkController( 1415): refreshMPTCPIndicator: dataConnected false wifiConnected true mMPTCPSettingEnabled false
05-24 01:04:09.716 D/NetworkController.MobileSignalController(0/1)( 1415): notifyListener: enabled=true, connected=false, dataConnected=false, networkType=UNKNOWN (Unknown), emergencyOnly=true, roaming=false, isDefault=false, fiveGAvailable=false, mmWave=false, showDisabledDataIcon=false, voWifiConnected=false, dataActivity=, simState=LOADED, cardOperator=OTHERS, simCardActivated=0
05-24 01:04:09.724 D/Tile.BluetoothTile( 1415):  handleUpdateState enabled = true connected = false connecting = false changedState =false bluetoothState = 12 enabledChanging = false state = BooleanState[spec=Bluetooth,icon=ResourceIcon[resId=0x7f080832],iconSupplier=null,label=블루투스,secondaryLabel=null,contentDescription=블루투스,사용,stateDescription=null,dualLabelContentDescription=null,expandedAccessibilityClassName=null,disabledByPolicy=false,dualTarget=true,isTransient=false,state=2,slash="null",sideViewCustomDrawable=null,tileClassName=null,value=true,forceExpandIcon=false]
05-24 01:04:09.726 D/Tile.BluetoothTile( 1415):  handleUpdateState enabled = true connected = false connecting = false changedState =false bluetoothState = 12 enabledChanging = false state = BooleanState[spec=Bluetooth,icon=ResourceIcon[resId=0x7f080832],iconSupplier=null,label=블루투스,secondaryLabel=null,contentDescription=블루투스,사용,stateDescription=null,dualLabelContentDescription=null,expandedAccessibilityClassName=null,disabledByPolicy=false,dualTarget=true,isTransient=false,state=2,slash="null",sideViewCustomDrawable=null,tileClassName=null,value=true,forceExpandIcon=false]
05-24 01:04:09.887 D/NetworkController.WifiSignalController( 1415): notifyListener: visible=true, enabled=true, connected=true, inetCondition=1, isDefault=true, receivedCR=true, receivedIC=-1, shouldForceHide=false, emptyConnected=false
05-24 01:04:09.895 D/NetworkController( 1415): refreshMPTCPIndicator: dataConnected false wifiConnected true mMPTCPSettingEnabled false
05-24 01:04:09.916 D/NetworkController( 1415): refreshMPTCPIndicator: dataConnected false wifiConnected true mMPTCPSettingEnabled false
05-24 01:04:09.916 D/NetworkController.MobileSignalController(0/1)( 1415): notifyListener: enabled=true, connected=false, dataConnected=false, networkType=UNKNOWN (Unknown), emergencyOnly=true, roaming=false, isDefault=false, fiveGAvailable=false, mmWave=false, showDisabledDataIcon=false, voWifiConnected=false, dataActivity=, simState=LOADED, cardOperator=OTHERS, simCardActivated=0
05-24 01:04:09.992 D/hot     ( 1415):  hot updateConnectedDeviceList mConnectedDevices = []
05-24 01:04:12.180 E/Tethering( 1005): [api31.BpfCoordinatorShimImpl] ERROR Fail to fetch tethering stats from BPF map: : getNextMapKey failed: EBADF (Bad file descriptor)
05-24 01:04:12.180 E/Tethering( 1005): android.system.ErrnoException: getNextMapKey failed: EBADF (Bad file descriptor)
05-24 01:04:12.180 E/Tethering( 1005): 	at com.android.networkstack.tethering.BpfMap.getNextMapKey(Native Method)
05-24 01:04:12.180 E/Tethering( 1005): 	at com.android.networkstack.tethering.BpfMap.getNextRawKey(BpfMap.java:199)
05-24 01:04:12.180 E/Tethering( 1005): 	at com.android.networkstack.tethering.BpfMap.getNextKeyInternal(BpfMap.java:177)
05-24 01:04:12.180 E/Tethering( 1005): 	at com.android.networkstack.tethering.BpfMap.getFirstKey(BpfMap.java:206)
05-24 01:04:12.180 E/Tethering( 1005): 	at com.android.networkstack.tethering.BpfMap.forEach(BpfMap.java:243)
05-24 01:04:12.180 E/Tethering( 1005): 	at com.android.networkstack.tethering.apishim.api31.BpfCoordinatorShimImpl.tetherOffloadGetStats(BpfCoordinatorShimImpl.java:241)
05-24 01:04:12.180 E/Tethering( 1005): 	at com.android.networkstack.tethering.BpfCoordinator.updateForwardedStats(BpfCoordinator.java:1844)
05-24 01:04:12.180 E/Tethering( 1005): 	at com.android.networkstack.tethering.BpfCoordinator.lambda$new$0(BpfCoordinator.java:249)
05-24 01:04:12.180 E/Tethering( 1005): 	at com.android.networkstack.tethering.BpfCoordinator.$r8$lambda$11zi2so53-tPlRpKnlSkWOpxReo(Unknown Source:0)
05-24 01:04:12.180 E/Tethering( 1005): 	at com.android.networkstack.tethering.BpfCoordinator$$ExternalSyntheticLambda0.run(Unknown Source:2)
05-24 01:04:12.180 E/Tethering( 1005): 	at android.os.Handler.handleCallback(Handler.java:938)
05-24 01:04:12.180 E/Tethering( 1005): 	at android.os.Handler.dispatchMessage(Handler.java:99)
05-24 01:04:12.180 E/Tethering( 1005): 	at android.os.Looper.loopOnce(Looper.java:226)
05-24 01:04:12.180 E/Tethering( 1005): 	at android.os.Looper.loop(Looper.java:313)
05-24 01:04:12.180 E/Tethering( 1005): 	at android.os.HandlerThread.run(HandlerThread.java:67)
05-24 01:04:12.181 E/Tethering( 1005): [BpfCoordinator] ERROR Problem fetching tethering stats
05-24 01:04:15.900 I/NearbyMediums(15725): Current Tracked Scanning Clients are : {NearbyConnections.EnvironmentMonitor, NearbySharing, NearbyConnections.TxAdvertisement}
05-24 01:04:17.184 E/Tethering( 1005): [api31.BpfCoordinatorShimImpl] ERROR Fail to fetch tethering stats from BPF map: : getNextMapKey failed: EBADF (Bad file descriptor)
05-24 01:04:17.184 E/Tethering( 1005): android.system.ErrnoException: getNextMapKey failed: EBADF (Bad file descriptor)
05-24 01:04:17.184 E/Tethering( 1005): 	at com.android.networkstack.tethering.BpfMap.getNextMapKey(Native Method)
05-24 01:04:17.184 E/Tethering( 1005): 	at com.android.networkstack.tethering.BpfMap.getNextRawKey(BpfMap.java:199)
05-24 01:04:17.184 E/Tethering( 1005): 	at com.android.networkstack.tethering.BpfMap.getNextKeyInternal(BpfMap.java:177)
05-24 01:04:17.184 E/Tethering( 1005): 	at com.android.networkstack.tethering.BpfMap.getFirstKey(BpfMap.java:206)
05-24 01:04:17.184 E/Tethering( 1005): 	at com.android.networkstack.tethering.BpfMap.forEach(BpfMap.java:243)
05-24 01:04:17.184 E/Tethering( 1005): 	at com.android.networkstack.tethering.apishim.api31.BpfCoordinatorShimImpl.tetherOffloadGetStats(BpfCoordinatorShimImpl.java:241)
05-24 01:04:17.184 E/Tethering( 1005): 	at com.android.networkstack.tethering.BpfCoordinator.updateForwardedStats(BpfCoordinator.java:1844)
05-24 01:04:17.184 E/Tethering( 1005): 	at com.android.networkstack.tethering.BpfCoordinator.lambda$new$0(BpfCoordinator.java:249)
05-24 01:04:17.184 E/Tethering( 1005): 	at com.android.networkstack.tethering.BpfCoordinator.$r8$lambda$11zi2so53-tPlRpKnlSkWOpxReo(Unknown Source:0)
05-24 01:04:17.184 E/Tethering( 1005): 	at com.android.networkstack.tethering.BpfCoordinator$$ExternalSyntheticLambda0.run(Unknown Source:2)
05-24 01:04:17.184 E/Tethering( 1005): 	at android.os.Handler.handleCallback(Handler.java:938)
05-24 01:04:17.184 E/Tethering( 1005): 	at android.os.Handler.dispatchMessage(Handler.java:99)
05-24 01:04:17.184 E/Tethering( 1005): 	at android.os.Looper.loopOnce(Looper.java:226)
05-24 01:04:17.184 E/Tethering( 1005): 	at android.os.Looper.loop(Looper.java:313)
05-24 01:04:17.184 E/Tethering( 1005): 	at android.os.HandlerThread.run(HandlerThread.java:67)
05-24 01:04:17.185 E/Tethering( 1005): [BpfCoordinator] ERROR Problem fetching tethering stats
05-24 01:04:22.188 E/Tethering( 1005): [api31.BpfCoordinatorShimImpl] ERROR Fail to fetch tethering stats from BPF map: : getNextMapKey failed: EBADF (Bad file descriptor)
05-24 01:04:22.188 E/Tethering( 1005): android.system.ErrnoException: getNextMapKey failed: EBADF (Bad file descriptor)
05-24 01:04:22.188 E/Tethering( 1005): 	at com.android.networkstack.tethering.BpfMap.getNextMapKey(Native Method)
05-24 01:04:22.188 E/Tethering( 1005): 	at com.android.networkstack.tethering.BpfMap.getNextRawKey(BpfMap.java:199)
05-24 01:04:22.188 E/Tethering( 1005): 	at com.android.networkstack.tethering.BpfMap.getNextKeyInternal(BpfMap.java:177)
05-24 01:04:22.188 E/Tethering( 1005): 	at com.android.networkstack.tethering.BpfMap.getFirstKey(BpfMap.java:206)
05-24 01:04:22.188 E/Tethering( 1005): 	at com.android.networkstack.tethering.BpfMap.forEach(BpfMap.java:243)
05-24 01:04:22.188 E/Tethering( 1005): 	at com.android.networkstack.tethering.apishim.api31.BpfCoordinatorShimImpl.tetherOffloadGetStats(BpfCoordinatorShimImpl.java:241)
05-24 01:04:22.188 E/Tethering( 1005): 	at com.android.networkstack.tethering.BpfCoordinator.updateForwardedStats(BpfCoordinator.java:1844)
05-24 01:04:22.188 E/Tethering( 1005): 	at com.android.networkstack.tethering.BpfCoordinator.lambda$new$0(BpfCoordinator.java:249)
05-24 01:04:22.188 E/Tethering( 1005): 	at com.android.networkstack.tethering.BpfCoordinator.$r8$lambda$11zi2so53-tPlRpKnlSkWOpxReo(Unknown Source:0)
05-24 01:04:22.188 E/Tethering( 1005): 	at com.android.networkstack.tethering.BpfCoordinator$$ExternalSyntheticLambda0.run(Unknown Source:2)
05-24 01:04:22.188 E/Tethering( 1005): 	at android.os.Handler.handleCallback(Handler.java:938)
05-24 01:04:22.188 E/Tethering( 1005): 	at android.os.Handler.dispatchMessage(Handler.java:99)
05-24 01:04:22.188 E/Tethering( 1005): 	at android.os.Looper.loopOnce(Looper.java:226)
05-24 01:04:22.188 E/Tethering( 1005): 	at android.os.Looper.loop(Looper.java:313)
05-24 01:04:22.188 E/Tethering( 1005): 	at android.os.HandlerThread.run(HandlerThread.java:67)
05-24 01:04:22.188 E/Tethering( 1005): [BpfCoordinator] ERROR Problem fetching tethering stats
05-24 01:04:25.904 I/NearbyMediums(15725): Current Tracked Scanning Clients are : {NearbyConnections.EnvironmentMonitor, NearbySharing, NearbyConnections.TxAdvertisement}
05-24 01:04:27.191 E/Tethering( 1005): [api31.BpfCoordinatorShimImpl] ERROR Fail to fetch tethering stats from BPF map: : getNextMapKey failed: EBADF (Bad file descriptor)
05-24 01:04:27.191 E/Tethering( 1005): android.system.ErrnoException: getNextMapKey failed: EBADF (Bad file descriptor)
05-24 01:04:27.191 E/Tethering( 1005): 	at com.android.networkstack.tethering.BpfMap.getNextMapKey(Native Method)
05-24 01:04:27.191 E/Tethering( 1005): 	at com.android.networkstack.tethering.BpfMap.getNextRawKey(BpfMap.java:199)
05-24 01:04:27.191 E/Tethering( 1005): 	at com.android.networkstack.tethering.BpfMap.getNextKeyInternal(BpfMap.java:177)
05-24 01:04:27.191 E/Tethering( 1005): 	at com.android.networkstack.tethering.BpfMap.getFirstKey(BpfMap.java:206)
05-24 01:04:27.191 E/Tethering( 1005): 	at com.android.networkstack.tethering.BpfMap.forEach(BpfMap.java:243)
05-24 01:04:27.191 E/Tethering( 1005): 	at com.android.networkstack.tethering.apishim.api31.BpfCoordinatorShimImpl.tetherOffloadGetStats(BpfCoordinatorShimImpl.java:241)
05-24 01:04:27.191 E/Tethering( 1005): 	at com.android.networkstack.tethering.BpfCoordinator.updateForwardedStats(BpfCoordinator.java:1844)
05-24 01:04:27.191 E/Tethering( 1005): 	at com.android.networkstack.tethering.BpfCoordinator.lambda$new$0(BpfCoordinator.java:249)
05-24 01:04:27.191 E/Tethering( 1005): 	at com.android.networkstack.tethering.BpfCoordinator.$r8$lambda$11zi2so53-tPlRpKnlSkWOpxReo(Unknown Source:0)
05-24 01:04:27.191 E/Tethering( 1005): 	at com.android.networkstack.tethering.BpfCoordinator$$ExternalSyntheticLambda0.run(Unknown Source:2)
05-24 01:04:27.191 E/Tethering( 1005): 	at android.os.Handler.handleCallback(Handler.java:938)
05-24 01:04:27.191 E/Tethering( 1005): 	at android.os.Handler.dispatchMessage(Handler.java:99)
05-24 01:04:27.191 E/Tethering( 1005): 	at android.os.Looper.loopOnce(Looper.java:226)
05-24 01:04:27.191 E/Tethering( 1005): 	at android.os.Looper.loop(Looper.java:313)
05-24 01:04:27.191 E/Tethering( 1005): 	at android.os.HandlerThread.run(HandlerThread.java:67)
05-24 01:04:27.192 E/Tethering( 1005): [BpfCoordinator] ERROR Problem fetching tethering stats
05-24 01:04:32.194 E/Tethering( 1005): [api31.BpfCoordinatorShimImpl] ERROR Fail to fetch tethering stats from BPF map: : getNextMapKey failed: EBADF (Bad file descriptor)
05-24 01:04:32.194 E/Tethering( 1005): android.system.ErrnoException: getNextMapKey failed: EBADF (Bad file descriptor)
05-24 01:04:32.194 E/Tethering( 1005): 	at com.android.networkstack.tethering.BpfMap.getNextMapKey(Native Method)
05-24 01:04:32.194 E/Tethering( 1005): 	at com.android.networkstack.tethering.BpfMap.getNextRawKey(BpfMap.java:199)
05-24 01:04:32.194 E/Tethering( 1005): 	at com.android.networkstack.tethering.BpfMap.getNextKeyInternal(BpfMap.java:177)
05-24 01:04:32.194 E/Tethering( 1005): 	at com.android.networkstack.tethering.BpfMap.getFirstKey(BpfMap.java:206)
05-24 01:04:32.194 E/Tethering( 1005): 	at com.android.networkstack.tethering.BpfMap.forEach(BpfMap.java:243)
05-24 01:04:32.194 E/Tethering( 1005): 	at com.android.networkstack.tethering.apishim.api31.BpfCoordinatorShimImpl.tetherOffloadGetStats(BpfCoordinatorShimImpl.java:241)
05-24 01:04:32.194 E/Tethering( 1005): 	at com.android.networkstack.tethering.BpfCoordinator.updateForwardedStats(BpfCoordinator.java:1844)
05-24 01:04:32.194 E/Tethering( 1005): 	at com.android.networkstack.tethering.BpfCoordinator.lambda$new$0(BpfCoordinator.java:249)
05-24 01:04:32.194 E/Tethering( 1005): 	at com.android.networkstack.tethering.BpfCoordinator.$r8$lambda$11zi2so53-tPlRpKnlSkWOpxReo(Unknown Source:0)
05-24 01:04:32.194 E/Tethering( 1005): 	at com.android.networkstack.tethering.BpfCoordinator$$ExternalSyntheticLambda0.run(Unknown Source:2)
05-24 01:04:32.194 E/Tethering( 1005): 	at android.os.Handler.handleCallback(Handler.java:938)
05-24 01:04:32.194 E/Tethering( 1005): 	at android.os.Handler.dispatchMessage(Handler.java:99)
05-24 01:04:32.194 E/Tethering( 1005): 	at android.os.Looper.loopOnce(Looper.java:226)
05-24 01:04:32.194 E/Tethering( 1005): 	at android.os.Looper.loop(Looper.java:313)
05-24 01:04:32.194 E/Tethering( 1005): 	at android.os.HandlerThread.run(HandlerThread.java:67)
05-24 01:04:32.194 E/Tethering( 1005): [BpfCoordinator] ERROR Problem fetching tethering stats
05-24 01:04:35.907 I/NearbyMediums(15725): Current Tracked Scanning Clients are : {NearbyConnections.EnvironmentMonitor, NearbySharing, NearbyConnections.TxAdvertisement}
05-24 01:04:37.195 E/Tethering( 1005): [api31.BpfCoordinatorShimImpl] ERROR Fail to fetch tethering stats from BPF map: : getNextMapKey failed: EBADF (Bad file descriptor)
05-24 01:04:37.195 E/Tethering( 1005): android.system.ErrnoException: getNextMapKey failed: EBADF (Bad file descriptor)
05-24 01:04:37.195 E/Tethering( 1005): 	at com.android.networkstack.tethering.BpfMap.getNextMapKey(Native Method)
05-24 01:04:37.195 E/Tethering( 1005): 	at com.android.networkstack.tethering.BpfMap.getNextRawKey(BpfMap.java:199)
05-24 01:04:37.195 E/Tethering( 1005): 	at com.android.networkstack.tethering.BpfMap.getNextKeyInternal(BpfMap.java:177)
05-24 01:04:37.195 E/Tethering( 1005): 	at com.android.networkstack.tethering.BpfMap.getFirstKey(BpfMap.java:206)
05-24 01:04:37.195 E/Tethering( 1005): 	at com.android.networkstack.tethering.BpfMap.forEach(BpfMap.java:243)
05-24 01:04:37.195 E/Tethering( 1005): 	at com.android.networkstack.tethering.apishim.api31.BpfCoordinatorShimImpl.tetherOffloadGetStats(BpfCoordinatorShimImpl.java:241)
05-24 01:04:37.195 E/Tethering( 1005): 	at com.android.networkstack.tethering.BpfCoordinator.updateForwardedStats(BpfCoordinator.java:1844)
05-24 01:04:37.195 E/Tethering( 1005): 	at com.android.networkstack.tethering.BpfCoordinator.lambda$new$0(BpfCoordinator.java:249)
05-24 01:04:37.195 E/Tethering( 1005): 	at com.android.networkstack.tethering.BpfCoordinator.$r8$lambda$11zi2so53-tPlRpKnlSkWOpxReo(Unknown Source:0)
05-24 01:04:37.195 E/Tethering( 1005): 	at com.android.networkstack.tethering.BpfCoordinator$$ExternalSyntheticLambda0.run(Unknown Source:2)
05-24 01:04:37.195 E/Tethering( 1005): 	at android.os.Handler.handleCallback(Handler.java:938)
05-24 01:04:37.195 E/Tethering( 1005): 	at android.os.Handler.dispatchMessage(Handler.java:99)
05-24 01:04:37.195 E/Tethering( 1005): 	at android.os.Looper.loopOnce(Looper.java:226)
05-24 01:04:37.195 E/Tethering( 1005): 	at android.os.Looper.loop(Looper.java:313)
05-24 01:04:37.195 E/Tethering( 1005): 	at android.os.HandlerThread.run(HandlerThread.java:67)
05-24 01:04:37.195 E/Tethering( 1005): [BpfCoordinator] ERROR Problem fetching tethering stats
05-24 01:04:42.201 E/Tethering( 1005): [api31.BpfCoordinatorShimImpl] ERROR Fail to fetch tethering stats from BPF map: : getNextMapKey failed: EBADF (Bad file descriptor)
05-24 01:04:42.201 E/Tethering( 1005): android.system.ErrnoException: getNextMapKey failed: EBADF (Bad file descriptor)
05-24 01:04:42.201 E/Tethering( 1005): 	at com.android.networkstack.tethering.BpfMap.getNextMapKey(Native Method)
05-24 01:04:42.201 E/Tethering( 1005): 	at com.android.networkstack.tethering.BpfMap.getNextRawKey(BpfMap.java:199)
05-24 01:04:42.201 E/Tethering( 1005): 	at com.android.networkstack.tethering.BpfMap.getNextKeyInternal(BpfMap.java:177)
05-24 01:04:42.201 E/Tethering( 1005): 	at com.android.networkstack.tethering.BpfMap.getFirstKey(BpfMap.java:206)
05-24 01:04:42.201 E/Tethering( 1005): 	at com.android.networkstack.tethering.BpfMap.forEach(BpfMap.java:243)
05-24 01:04:42.201 E/Tethering( 1005): 	at com.android.networkstack.tethering.apishim.api31.BpfCoordinatorShimImpl.tetherOffloadGetStats(BpfCoordinatorShimImpl.java:241)
05-24 01:04:42.201 E/Tethering( 1005): 	at com.android.networkstack.tethering.BpfCoordinator.updateForwardedStats(BpfCoordinator.java:1844)
05-24 01:04:42.201 E/Tethering( 1005): 	at com.android.networkstack.tethering.BpfCoordinator.lambda$new$0(BpfCoordinator.java:249)
05-24 01:04:42.201 E/Tethering( 1005): 	at com.android.networkstack.tethering.BpfCoordinator.$r8$lambda$11zi2so53-tPlRpKnlSkWOpxReo(Unknown Source:0)
05-24 01:04:42.201 E/Tethering( 1005): 	at com.android.networkstack.tethering.BpfCoordinator$$ExternalSyntheticLambda0.run(Unknown Source:2)
05-24 01:04:42.201 E/Tethering( 1005): 	at android.os.Handler.handleCallback(Handler.java:938)
05-24 01:04:42.201 E/Tethering( 1005): 	at android.os.Handler.dispatchMessage(Handler.java:99)
05-24 01:04:42.201 E/Tethering( 1005): 	at android.os.Looper.loopOnce(Looper.java:226)
05-24 01:04:42.201 E/Tethering( 1005): 	at android.os.Looper.loop(Looper.java:313)
05-24 01:04:42.201 E/Tethering( 1005): 	at android.os.HandlerThread.run(HandlerThread.java:67)
05-24 01:04:42.201 E/Tethering( 1005): [BpfCoordinator] ERROR Problem fetching tethering stats
05-24 01:04:43.654 E/Tethering( 1005): [api31.BpfCoordinatorShimImpl] ERROR Could not iterate map: : getNextMapKey failed: EBADF (Bad file descriptor)
05-24 01:04:43.654 E/Tethering( 1005): android.system.ErrnoException: getNextMapKey failed: EBADF (Bad file descriptor)
05-24 01:04:43.654 E/Tethering( 1005): 	at com.android.networkstack.tethering.BpfMap.getNextMapKey(Native Method)
05-24 01:04:43.654 E/Tethering( 1005): 	at com.android.networkstack.tethering.BpfMap.getNextRawKey(BpfMap.java:199)
05-24 01:04:43.654 E/Tethering( 1005): 	at com.android.networkstack.tethering.BpfMap.getNextKeyInternal(BpfMap.java:177)
05-24 01:04:43.654 E/Tethering( 1005): 	at com.android.networkstack.tethering.BpfMap.getFirstKey(BpfMap.java:206)
05-24 01:04:43.654 E/Tethering( 1005): 	at com.android.networkstack.tethering.BpfMap.forEach(BpfMap.java:243)
05-24 01:04:43.654 E/Tethering( 1005): 	at com.android.networkstack.tethering.apishim.api31.BpfCoordinatorShimImpl.tetherOffloadRuleForEach(BpfCoordinatorShimImpl.java:418)
05-24 01:04:43.654 E/Tethering( 1005): 	at com.android.networkstack.tethering.BpfCoordinator.maybeRefreshConntrackTimeout(BpfCoordinator.java:1911)
05-24 01:04:43.654 E/Tethering( 1005): 	at com.android.networkstack.tethering.BpfCoordinator.lambda$new$1(BpfCoordinator.java:255)
05-24 01:04:43.654 E/Tethering( 1005): 	at com.android.networkstack.tethering.BpfCoordinator.$r8$lambda$dGScrx2GOtG22GpROJu_XCm1O5I(Unknown Source:0)
05-24 01:04:43.654 E/Tethering( 1005): 	at com.android.networkstack.tethering.BpfCoordinator$$ExternalSyntheticLambda1.run(Unknown Source:2)
05-24 01:04:43.654 E/Tethering( 1005): 	at android.os.Handler.handleCallback(Handler.java:938)
05-24 01:04:43.654 E/Tethering( 1005): 	at android.os.Handler.dispatchMessage(Handler.java:99)
05-24 01:04:43.654 E/Tethering( 1005): 	at android.os.Looper.loopOnce(Looper.java:226)
05-24 01:04:43.654 E/Tethering( 1005): 	at android.os.Looper.loop(Looper.java:313)
05-24 01:04:43.654 E/Tethering( 1005): 	at android.os.HandlerThread.run(HandlerThread.java:67)
05-24 01:04:43.655 E/Tethering( 1005): [api31.BpfCoordinatorShimImpl] ERROR Could not iterate map: : getNextMapKey failed: EBADF (Bad file descriptor)
05-24 01:04:43.655 E/Tethering( 1005): android.system.ErrnoException: getNextMapKey failed: EBADF (Bad file descriptor)
05-24 01:04:43.655 E/Tethering( 1005): 	at com.android.networkstack.tethering.BpfMap.getNextMapKey(Native Method)
05-24 01:04:43.655 E/Tethering( 1005): 	at com.android.networkstack.tethering.BpfMap.getNextRawKey(BpfMap.java:199)
05-24 01:04:43.655 E/Tethering( 1005): 	at com.android.networkstack.tethering.BpfMap.getNextKeyInternal(BpfMap.java:177)
05-24 01:04:43.655 E/Tethering( 1005): 	at com.android.networkstack.tethering.BpfMap.getFirstKey(BpfMap.java:206)
05-24 01:04:43.655 E/Tethering( 1005): 	at com.android.networkstack.tethering.BpfMap.forEach(BpfMap.java:243)
05-24 01:04:43.655 E/Tethering( 1005): 	at com.android.networkstack.tethering.apishim.api31.BpfCoordinatorShimImpl.tetherOffloadRuleForEach(BpfCoordinatorShimImpl.java:420)
05-24 01:04:43.655 E/Tethering( 1005): 	at com.android.networkstack.tethering.BpfCoordinator.maybeRefreshConntrackTimeout(BpfCoordinator.java:1922)
05-24 01:04:43.655 E/Tethering( 1005): 	at com.android.networkstack.tethering.BpfCoordinator.lambda$new$1(BpfCoordinator.java:255)
05-24 01:04:43.655 E/Tethering( 1005): 	at com.android.networkstack.tethering.BpfCoordinator.$r8$lambda$dGScrx2GOtG22GpROJu_XCm1O5I(Unknown Source:0)
05-24 01:04:43.655 E/Tethering( 1005): 	at com.android.networkstack.tethering.BpfCoordinator$$ExternalSyntheticLambda1.run(Unknown Source:2)
05-24 01:04:43.655 E/Tethering( 1005): 	at android.os.Handler.handleCallback(Handler.java:938)
05-24 01:04:43.655 E/Tethering( 1005): 	at android.os.Handler.dispatchMessage(Handler.java:99)
05-24 01:04:43.655 E/Tethering( 1005): 	at android.os.Looper.loopOnce(Looper.java:226)
05-24 01:04:43.655 E/Tethering( 1005): 	at android.os.Looper.loop(Looper.java:313)
05-24 01:04:43.655 E/Tethering( 1005): 	at android.os.HandlerThread.run(HandlerThread.java:67)
05-24 01:04:45.911 I/NearbyMediums(15725): Current Tracked Scanning Clients are : {NearbyConnections.EnvironmentMonitor, NearbySharing, NearbyConnections.TxAdvertisement}
05-24 01:04:47.204 E/Tethering( 1005): [api31.BpfCoordinatorShimImpl] ERROR Fail to fetch tethering stats from BPF map: : getNextMapKey failed: EBADF (Bad file descriptor)
05-24 01:04:47.204 E/Tethering( 1005): android.system.ErrnoException: getNextMapKey failed: EBADF (Bad file descriptor)
05-24 01:04:47.204 E/Tethering( 1005): 	at com.android.networkstack.tethering.BpfMap.getNextMapKey(Native Method)
05-24 01:04:47.204 E/Tethering( 1005): 	at com.android.networkstack.tethering.BpfMap.getNextRawKey(BpfMap.java:199)
05-24 01:04:47.204 E/Tethering( 1005): 	at com.android.networkstack.tethering.BpfMap.getNextKeyInternal(BpfMap.java:177)
05-24 01:04:47.204 E/Tethering( 1005): 	at com.android.networkstack.tethering.BpfMap.getFirstKey(BpfMap.java:206)
05-24 01:04:47.204 E/Tethering( 1005): 	at com.android.networkstack.tethering.BpfMap.forEach(BpfMap.java:243)
05-24 01:04:47.204 E/Tethering( 1005): 	at com.android.networkstack.tethering.apishim.api31.BpfCoordinatorShimImpl.tetherOffloadGetStats(BpfCoordinatorShimImpl.java:241)
05-24 01:04:47.204 E/Tethering( 1005): 	at com.android.networkstack.tethering.BpfCoordinator.updateForwardedStats(BpfCoordinator.java:1844)
05-24 01:04:47.204 E/Tethering( 1005): 	at com.android.networkstack.tethering.BpfCoordinator.lambda$new$0(BpfCoordinator.java:249)
05-24 01:04:47.204 E/Tethering( 1005): 	at com.android.networkstack.tethering.BpfCoordinator.$r8$lambda$11zi2so53-tPlRpKnlSkWOpxReo(Unknown Source:0)
05-24 01:04:47.204 E/Tethering( 1005): 	at com.android.networkstack.tethering.BpfCoordinator$$ExternalSyntheticLambda0.run(Unknown Source:2)
05-24 01:04:47.204 E/Tethering( 1005): 	at android.os.Handler.handleCallback(Handler.java:938)
05-24 01:04:47.204 E/Tethering( 1005): 	at android.os.Handler.dispatchMessage(Handler.java:99)
05-24 01:04:47.204 E/Tethering( 1005): 	at android.os.Looper.loopOnce(Looper.java:226)
05-24 01:04:47.204 E/Tethering( 1005): 	at android.os.Looper.loop(Looper.java:313)
05-24 01:04:47.204 E/Tethering( 1005): 	at android.os.HandlerThread.run(HandlerThread.java:67)
05-24 01:04:47.204 E/Tethering( 1005): [BpfCoordinator] ERROR Problem fetching tethering stats
05-24 01:04:52.206 E/Tethering( 1005): [api31.BpfCoordinatorShimImpl] ERROR Fail to fetch tethering stats from BPF map: : getNextMapKey failed: EBADF (Bad file descriptor)
05-24 01:04:52.206 E/Tethering( 1005): android.system.ErrnoException: getNextMapKey failed: EBADF (Bad file descriptor)
05-24 01:04:52.206 E/Tethering( 1005): 	at com.android.networkstack.tethering.BpfMap.getNextMapKey(Native Method)
05-24 01:04:52.206 E/Tethering( 1005): 	at com.android.networkstack.tethering.BpfMap.getNextRawKey(BpfMap.java:199)
05-24 01:04:52.206 E/Tethering( 1005): 	at com.android.networkstack.tethering.BpfMap.getNextKeyInternal(BpfMap.java:177)
05-24 01:04:52.206 E/Tethering( 1005): 	at com.android.networkstack.tethering.BpfMap.getFirstKey(BpfMap.java:206)
05-24 01:04:52.206 E/Tethering( 1005): 	at com.android.networkstack.tethering.BpfMap.forEach(BpfMap.java:243)
05-24 01:04:52.206 E/Tethering( 1005): 	at com.android.networkstack.tethering.apishim.api31.BpfCoordinatorShimImpl.tetherOffloadGetStats(BpfCoordinatorShimImpl.java:241)
05-24 01:04:52.206 E/Tethering( 1005): 	at com.android.networkstack.tethering.BpfCoordinator.updateForwardedStats(BpfCoordinator.java:1844)
05-24 01:04:52.206 E/Tethering( 1005): 	at com.android.networkstack.tethering.BpfCoordinator.lambda$new$0(BpfCoordinator.java:249)
05-24 01:04:52.206 E/Tethering( 1005): 	at com.android.networkstack.tethering.BpfCoordinator.$r8$lambda$11zi2so53-tPlRpKnlSkWOpxReo(Unknown Source:0)
05-24 01:04:52.206 E/Tethering( 1005): 	at com.android.networkstack.tethering.BpfCoordinator$$ExternalSyntheticLambda0.run(Unknown Source:2)
05-24 01:04:52.206 E/Tethering( 1005): 	at android.os.Handler.handleCallback(Handler.java:938)
05-24 01:04:52.206 E/Tethering( 1005): 	at android.os.Handler.dispatchMessage(Handler.java:99)
05-24 01:04:52.206 E/Tethering( 1005): 	at android.os.Looper.loopOnce(Looper.java:226)
05-24 01:04:52.206 E/Tethering( 1005): 	at android.os.Looper.loop(Looper.java:313)
05-24 01:04:52.206 E/Tethering( 1005): 	at android.os.HandlerThread.run(HandlerThread.java:67)
05-24 01:04:52.207 E/Tethering( 1005): [BpfCoordinator] ERROR Problem fetching tethering stats
05-24 01:04:55.916 I/NearbyMediums(15725): Current Tracked Scanning Clients are : {NearbyConnections.EnvironmentMonitor, NearbySharing, NearbyConnections.TxAdvertisement}
05-24 01:04:57.209 E/Tethering( 1005): [api31.BpfCoordinatorShimImpl] ERROR Fail to fetch tethering stats from BPF map: : getNextMapKey failed: EBADF (Bad file descriptor)
05-24 01:04:57.209 E/Tethering( 1005): android.system.ErrnoException: getNextMapKey failed: EBADF (Bad file descriptor)
05-24 01:04:57.209 E/Tethering( 1005): 	at com.android.networkstack.tethering.BpfMap.getNextMapKey(Native Method)
05-24 01:04:57.209 E/Tethering( 1005): 	at com.android.networkstack.tethering.BpfMap.getNextRawKey(BpfMap.java:199)
05-24 01:04:57.209 E/Tethering( 1005): 	at com.android.networkstack.tethering.BpfMap.getNextKeyInternal(BpfMap.java:177)
05-24 01:04:57.209 E/Tethering( 1005): 	at com.android.networkstack.tethering.BpfMap.getFirstKey(BpfMap.java:206)
05-24 01:04:57.209 E/Tethering( 1005): 	at com.android.networkstack.tethering.BpfMap.forEach(BpfMap.java:243)
05-24 01:04:57.209 E/Tethering( 1005): 	at com.android.networkstack.tethering.apishim.api31.BpfCoordinatorShimImpl.tetherOffloadGetStats(BpfCoordinatorShimImpl.java:241)
05-24 01:04:57.209 E/Tethering( 1005): 	at com.android.networkstack.tethering.BpfCoordinator.updateForwardedStats(BpfCoordinator.java:1844)
05-24 01:04:57.209 E/Tethering( 1005): 	at com.android.networkstack.tethering.BpfCoordinator.lambda$new$0(BpfCoordinator.java:249)
05-24 01:04:57.209 E/Tethering( 1005): 	at com.android.networkstack.tethering.BpfCoordinator.$r8$lambda$11zi2so53-tPlRpKnlSkWOpxReo(Unknown Source:0)
05-24 01:04:57.209 E/Tethering( 1005): 	at com.android.networkstack.tethering.BpfCoordinator$$ExternalSyntheticLambda0.run(Unknown Source:2)
05-24 01:04:57.209 E/Tethering( 1005): 	at android.os.Handler.handleCallback(Handler.java:938)
05-24 01:04:57.209 E/Tethering( 1005): 	at android.os.Handler.dispatchMessage(Handler.java:99)
05-24 01:04:57.209 E/Tethering( 1005): 	at android.os.Looper.loopOnce(Looper.java:226)
05-24 01:04:57.209 E/Tethering( 1005): 	at android.os.Looper.loop(Looper.java:313)
05-24 01:04:57.209 E/Tethering( 1005): 	at android.os.HandlerThread.run(HandlerThread.java:67)
05-24 01:04:57.210 E/Tethering( 1005): [BpfCoordinator] ERROR Problem fetching tethering stats
05-24 01:04:58.692 D/EdgeLightingClientManager( 1005): isAvailableEdgeLighting: condition=1 mCondition=3 mIsConnected=false0
05-24 01:04:59.062 D/SemWifiApSmartGattClient( 1005): recvd NETWORK_STATE_CHANGED_ACTION:bssid:10:e6:6b:02:0a:81,wifiInfo.getSSID():"KT_WiFi_0A7C",isConnected:true
05-24 01:04:59.063 D/SemWifiApSmartClient( 1005): connected to wifi:
05-24 01:04:59.063 D/SemHotspotMobileDataLimit( 1005): onStateChanged isWifiSharing : true isWifiApEnabled : false isDataEnabled : true mClientNum : 0
05-24 01:04:59.063 D/SGM:GosNotifyThread( 1005): notifyWifiConnectedToGos(), before send intent to GOS. type:16
05-24 01:04:59.071 D/SGM:GosNotifyThread( 1005): notifyWifiConnectedToGos(), after send intent to GOS. ComponentInfo{com.samsung.android.game.gos/com.samsung.android.game.gos.service.GameIntentService}
05-24 01:04:59.089 D/NetworkController.WifiSignalController( 1415): notifyListener: visible=true, enabled=true, connected=true, inetCondition=1, isDefault=true, receivedCR=true, receivedIC=-1, shouldForceHide=false, emptyConnected=false
05-24 01:04:59.096 D/ConnectivityService( 1005): Update of LinkProperties for [100 WIFI]; created=true; everConnected=true
05-24 01:04:59.099 I/NullBinder(15725): NullBinder for android.net.action.RECOMMEND_NETWORKS triggering remote TransactionTooLargeException due to Service without Chimera impl, calling uid: 1000, calling pid: 0
05-24 01:04:59.100 D/NetworkController( 1415): refreshMPTCPIndicator: dataConnected false wifiConnected true mMPTCPSettingEnabled false
05-24 01:04:59.104 I/Carnival-SamsungAccountService()( 3992): requestUserAgreement : onServiceConnected start
05-24 01:04:59.116 I/SamsungAccount(10032): [RBIVO] getStringArrFromAdditionalBundleKey : additional
05-24 01:04:59.162 I/GOS:AlarmController( 2280): onUpdateAlarm(), start!, IntentType: WIFI_CONNECTED
05-24 01:04:59.289 I/CP.AnswerMemoProvider(21632): OnCreate
05-24 01:04:59.316 I/Telecom:SamsungTelecomServiceImpl( 1005): getPhoneAccount - PhoneAccountHandle : ComponentInfo{com.android.phone/com.android.services.telephony.TelephonyConnectionService}, ***, UserHandle{0} / callingPid : 21632 / processName : sts
05-24 01:04:59.329 D/SemClientModeManager( 1005): notifyNetworkConnectionEvent wlan0 networkInfoFromCm:[type: WIFI[], state: CONNECTED/CONNECTED, reason: (unspecified), extra: , failover: false, available: true, roaming: false]
05-24 01:04:59.370 I/PhotoringProvider(21632): OnCreate
05-24 01:04:59.370 I/PhotoringInfoSessionMgr(21632): initSessionMap
05-24 01:04:59.420 I/ServiceBindHelper(21632): connected
05-24 01:04:59.598 I/NearbySharing(15725): Network state changed: NetworkState(isRestricted=false, isOnline=true, isCongested=false, isMetered=false, isWifiConnected=true)
05-24 01:05:00.006 D/QSClockBellTower( 1415): onReceive(android.intent.action.TIME_TICK) mTimeZoneString:null
05-24 01:05:00.037 D/QSClockBellTower( 1415): He is ready to ring the bell. (((QSClockBellSound - TimeText:01:05, TimeContentDescription:01:05, DateText:5월 24일 일요일, ShortDateText:5월 24일 (일), Demofalse)))
05-24 01:05:02.147 I/Carnival-SamsungAccountService()( 3992): requestUserAgreement : onServiceConnected start
05-24 01:05:02.190 I/SamsungAccount(10032): [RBIVO] getStringArrFromAdditionalBundleKey : additional
05-24 01:05:02.211 E/Tethering( 1005): [api31.BpfCoordinatorShimImpl] ERROR Fail to fetch tethering stats from BPF map: : getNextMapKey failed: EBADF (Bad file descriptor)
05-24 01:05:02.211 E/Tethering( 1005): android.system.ErrnoException: getNextMapKey failed: EBADF (Bad file descriptor)
05-24 01:05:02.211 E/Tethering( 1005): 	at com.android.networkstack.tethering.BpfMap.getNextMapKey(Native Method)
05-24 01:05:02.211 E/Tethering( 1005): 	at com.android.networkstack.tethering.BpfMap.getNextRawKey(BpfMap.java:199)
05-24 01:05:02.211 E/Tethering( 1005): 	at com.android.networkstack.tethering.BpfMap.getNextKeyInternal(BpfMap.java:177)
05-24 01:05:02.211 E/Tethering( 1005): 	at com.android.networkstack.tethering.BpfMap.getFirstKey(BpfMap.java:206)
05-24 01:05:02.211 E/Tethering( 1005): 	at com.android.networkstack.tethering.BpfMap.forEach(BpfMap.java:243)
05-24 01:05:02.211 E/Tethering( 1005): 	at com.android.networkstack.tethering.apishim.api31.BpfCoordinatorShimImpl.tetherOffloadGetStats(BpfCoordinatorShimImpl.java:241)
05-24 01:05:02.211 E/Tethering( 1005): 	at com.android.networkstack.tethering.BpfCoordinator.updateForwardedStats(BpfCoordinator.java:1844)
05-24 01:05:02.211 E/Tethering( 1005): 	at com.android.networkstack.tethering.BpfCoordinator.lambda$new$0(BpfCoordinator.java:249)
05-24 01:05:02.211 E/Tethering( 1005): 	at com.android.networkstack.tethering.BpfCoordinator.$r8$lambda$11zi2so53-tPlRpKnlSkWOpxReo(Unknown Source:0)
05-24 01:05:02.211 E/Tethering( 1005): 	at com.android.networkstack.tethering.BpfCoordinator$$ExternalSyntheticLambda0.run(Unknown Source:2)
05-24 01:05:02.211 E/Tethering( 1005): 	at android.os.Handler.handleCallback(Handler.java:938)
05-24 01:05:02.211 E/Tethering( 1005): 	at android.os.Handler.dispatchMessage(Handler.java:99)
05-24 01:05:02.211 E/Tethering( 1005): 	at android.os.Looper.loopOnce(Looper.java:226)
05-24 01:05:02.211 E/Tethering( 1005): 	at android.os.Looper.loop(Looper.java:313)
05-24 01:05:02.211 E/Tethering( 1005): 	at android.os.HandlerThread.run(HandlerThread.java:67)
05-24 01:05:02.212 E/Tethering( 1005): [BpfCoordinator] ERROR Problem fetching tethering stats
05-24 01:05:05.921 I/NearbyMediums(15725): Current Tracked Scanning Clients are : {NearbyConnections.EnvironmentMonitor, NearbySharing, NearbyConnections.TxAdvertisement}
05-24 01:05:07.213 E/Tethering( 1005): [api31.BpfCoordinatorShimImpl] ERROR Fail to fetch tethering stats from BPF map: : getNextMapKey failed: EBADF (Bad file descriptor)
05-24 01:05:07.213 E/Tethering( 1005): android.system.ErrnoException: getNextMapKey failed: EBADF (Bad file descriptor)
05-24 01:05:07.213 E/Tethering( 1005): 	at com.android.networkstack.tethering.BpfMap.getNextMapKey(Native Method)
05-24 01:05:07.213 E/Tethering( 1005): 	at com.android.networkstack.tethering.BpfMap.getNextRawKey(BpfMap.java:199)
05-24 01:05:07.213 E/Tethering( 1005): 	at com.android.networkstack.tethering.BpfMap.getNextKeyInternal(BpfMap.java:177)
05-24 01:05:07.213 E/Tethering( 1005): 	at com.android.networkstack.tethering.BpfMap.getFirstKey(BpfMap.java:206)
05-24 01:05:07.213 E/Tethering( 1005): 	at com.android.networkstack.tethering.BpfMap.forEach(BpfMap.java:243)
05-24 01:05:07.213 E/Tethering( 1005): 	at com.android.networkstack.tethering.apishim.api31.BpfCoordinatorShimImpl.tetherOffloadGetStats(BpfCoordinatorShimImpl.java:241)
05-24 01:05:07.213 E/Tethering( 1005): 	at com.android.networkstack.tethering.BpfCoordinator.updateForwardedStats(BpfCoordinator.java:1844)
05-24 01:05:07.213 E/Tethering( 1005): 	at com.android.networkstack.tethering.BpfCoordinator.lambda$new$0(BpfCoordinator.java:249)
05-24 01:05:07.213 E/Tethering( 1005): 	at com.android.networkstack.tethering.BpfCoordinator.$r8$lambda$11zi2so53-tPlRpKnlSkWOpxReo(Unknown Source:0)
05-24 01:05:07.213 E/Tethering( 1005): 	at com.android.networkstack.tethering.BpfCoordinator$$ExternalSyntheticLambda0.run(Unknown Source:2)
05-24 01:05:07.213 E/Tethering( 1005): 	at android.os.Handler.handleCallback(Handler.java:938)
05-24 01:05:07.213 E/Tethering( 1005): 	at android.os.Handler.dispatchMessage(Handler.java:99)
05-24 01:05:07.213 E/Tethering( 1005): 	at android.os.Looper.loopOnce(Looper.java:226)
05-24 01:05:07.213 E/Tethering( 1005): 	at android.os.Looper.loop(Looper.java:313)
05-24 01:05:07.213 E/Tethering( 1005): 	at android.os.HandlerThread.run(HandlerThread.java:67)
05-24 01:05:07.213 E/Tethering( 1005): [BpfCoordinator] ERROR Problem fetching tethering stats
05-24 01:05:12.219 E/Tethering( 1005): [api31.BpfCoordinatorShimImpl] ERROR Fail to fetch tethering stats from BPF map: : getNextMapKey failed: EBADF (Bad file descriptor)
05-24 01:05:12.219 E/Tethering( 1005): android.system.ErrnoException: getNextMapKey failed: EBADF (Bad file descriptor)
05-24 01:05:12.219 E/Tethering( 1005): 	at com.android.networkstack.tethering.BpfMap.getNextMapKey(Native Method)
05-24 01:05:12.219 E/Tethering( 1005): 	at com.android.networkstack.tethering.BpfMap.getNextRawKey(BpfMap.java:199)
05-24 01:05:12.219 E/Tethering( 1005): 	at com.android.networkstack.tethering.BpfMap.getNextKeyInternal(BpfMap.java:177)
05-24 01:05:12.219 E/Tethering( 1005): 	at com.android.networkstack.tethering.BpfMap.getFirstKey(BpfMap.java:206)
05-24 01:05:12.219 E/Tethering( 1005): 	at com.android.networkstack.tethering.BpfMap.forEach(BpfMap.java:243)
05-24 01:05:12.219 E/Tethering( 1005): 	at com.android.networkstack.tethering.apishim.api31.BpfCoordinatorShimImpl.tetherOffloadGetStats(BpfCoordinatorShimImpl.java:241)
05-24 01:05:12.219 E/Tethering( 1005): 	at com.android.networkstack.tethering.BpfCoordinator.updateForwardedStats(BpfCoordinator.java:1844)
05-24 01:05:12.219 E/Tethering( 1005): 	at com.android.networkstack.tethering.BpfCoordinator.lambda$new$0(BpfCoordinator.java:249)
05-24 01:05:12.219 E/Tethering( 1005): 	at com.android.networkstack.tethering.BpfCoordinator.$r8$lambda$11zi2so53-tPlRpKnlSkWOpxReo(Unknown Source:0)
05-24 01:05:12.219 E/Tethering( 1005): 	at com.android.networkstack.tethering.BpfCoordinator$$ExternalSyntheticLambda0.run(Unknown Source:2)
05-24 01:05:12.219 E/Tethering( 1005): 	at android.os.Handler.handleCallback(Handler.java:938)
05-24 01:05:12.219 E/Tethering( 1005): 	at android.os.Handler.dispatchMessage(Handler.java:99)
05-24 01:05:12.219 E/Tethering( 1005): 	at android.os.Looper.loopOnce(Looper.java:226)
05-24 01:05:12.219 E/Tethering( 1005): 	at android.os.Looper.loop(Looper.java:313)
05-24 01:05:12.219 E/Tethering( 1005): 	at android.os.HandlerThread.run(HandlerThread.java:67)
05-24 01:05:12.220 E/Tethering( 1005): [BpfCoordinator] ERROR Problem fetching tethering stats
05-24 01:05:15.925 I/NearbyMediums(15725): Current Tracked Scanning Clients are : {NearbyConnections.EnvironmentMonitor, NearbySharing, NearbyConnections.TxAdvertisement}
05-24 01:05:17.224 E/Tethering( 1005): [api31.BpfCoordinatorShimImpl] ERROR Fail to fetch tethering stats from BPF map: : getNextMapKey failed: EBADF (Bad file descriptor)
05-24 01:05:17.224 E/Tethering( 1005): android.system.ErrnoException: getNextMapKey failed: EBADF (Bad file descriptor)
05-24 01:05:17.224 E/Tethering( 1005): 	at com.android.networkstack.tethering.BpfMap.getNextMapKey(Native Method)
05-24 01:05:17.224 E/Tethering( 1005): 	at com.android.networkstack.tethering.BpfMap.getNextRawKey(BpfMap.java:199)
05-24 01:05:17.224 E/Tethering( 1005): 	at com.android.networkstack.tethering.BpfMap.getNextKeyInternal(BpfMap.java:177)
05-24 01:05:17.224 E/Tethering( 1005): 	at com.android.networkstack.tethering.BpfMap.getFirstKey(BpfMap.java:206)
05-24 01:05:17.224 E/Tethering( 1005): 	at com.android.networkstack.tethering.BpfMap.forEach(BpfMap.java:243)
05-24 01:05:17.224 E/Tethering( 1005): 	at com.android.networkstack.tethering.apishim.api31.BpfCoordinatorShimImpl.tetherOffloadGetStats(BpfCoordinatorShimImpl.java:241)
05-24 01:05:17.224 E/Tethering( 1005): 	at com.android.networkstack.tethering.BpfCoordinator.updateForwardedStats(BpfCoordinator.java:1844)
05-24 01:05:17.224 E/Tethering( 1005): 	at com.android.networkstack.tethering.BpfCoordinator.lambda$new$0(BpfCoordinator.java:249)
05-24 01:05:17.224 E/Tethering( 1005): 	at com.android.networkstack.tethering.BpfCoordinator.$r8$lambda$11zi2so53-tPlRpKnlSkWOpxReo(Unknown Source:0)
05-24 01:05:17.224 E/Tethering( 1005): 	at com.android.networkstack.tethering.BpfCoordinator$$ExternalSyntheticLambda0.run(Unknown Source:2)
05-24 01:05:17.224 E/Tethering( 1005): 	at android.os.Handler.handleCallback(Handler.java:938)
05-24 01:05:17.224 E/Tethering( 1005): 	at android.os.Handler.dispatchMessage(Handler.java:99)
05-24 01:05:17.224 E/Tethering( 1005): 	at android.os.Looper.loopOnce(Looper.java:226)
05-24 01:05:17.224 E/Tethering( 1005): 	at android.os.Looper.loop(Looper.java:313)
05-24 01:05:17.224 E/Tethering( 1005): 	at android.os.HandlerThread.run(HandlerThread.java:67)
05-24 01:05:17.224 E/Tethering( 1005): [BpfCoordinator] ERROR Problem fetching tethering stats
05-24 01:05:22.228 E/Tethering( 1005): [api31.BpfCoordinatorShimImpl] ERROR Fail to fetch tethering stats from BPF map: : getNextMapKey failed: EBADF (Bad file descriptor)
05-24 01:05:22.228 E/Tethering( 1005): android.system.ErrnoException: getNextMapKey failed: EBADF (Bad file descriptor)
05-24 01:05:22.228 E/Tethering( 1005): 	at com.android.networkstack.tethering.BpfMap.getNextMapKey(Native Method)
05-24 01:05:22.228 E/Tethering( 1005): 	at com.android.networkstack.tethering.BpfMap.getNextRawKey(BpfMap.java:199)
05-24 01:05:22.228 E/Tethering( 1005): 	at com.android.networkstack.tethering.BpfMap.getNextKeyInternal(BpfMap.java:177)
05-24 01:05:22.228 E/Tethering( 1005): 	at com.android.networkstack.tethering.BpfMap.getFirstKey(BpfMap.java:206)
05-24 01:05:22.228 E/Tethering( 1005): 	at com.android.networkstack.tethering.BpfMap.forEach(BpfMap.java:243)
05-24 01:05:22.228 E/Tethering( 1005): 	at com.android.networkstack.tethering.apishim.api31.BpfCoordinatorShimImpl.tetherOffloadGetStats(BpfCoordinatorShimImpl.java:241)
05-24 01:05:22.228 E/Tethering( 1005): 	at com.android.networkstack.tethering.BpfCoordinator.updateForwardedStats(BpfCoordinator.java:1844)
05-24 01:05:22.228 E/Tethering( 1005): 	at com.android.networkstack.tethering.BpfCoordinator.lambda$new$0(BpfCoordinator.java:249)
05-24 01:05:22.228 E/Tethering( 1005): 	at com.android.networkstack.tethering.BpfCoordinator.$r8$lambda$11zi2so53-tPlRpKnlSkWOpxReo(Unknown Source:0)
05-24 01:05:22.228 E/Tethering( 1005): 	at com.android.networkstack.tethering.BpfCoordinator$$ExternalSyntheticLambda0.run(Unknown Source:2)
05-24 01:05:22.228 E/Tethering( 1005): 	at android.os.Handler.handleCallback(Handler.java:938)
05-24 01:05:22.228 E/Tethering( 1005): 	at android.os.Handler.dispatchMessage(Handler.java:99)
05-24 01:05:22.228 E/Tethering( 1005): 	at android.os.Looper.loopOnce(Looper.java:226)
05-24 01:05:22.228 E/Tethering( 1005): 	at android.os.Looper.loop(Looper.java:313)
05-24 01:05:22.228 E/Tethering( 1005): 	at android.os.HandlerThread.run(HandlerThread.java:67)
05-24 01:05:22.228 E/Tethering( 1005): [BpfCoordinator] ERROR Problem fetching tethering stats
05-24 01:05:25.928 I/NearbyMediums(15725): Current Tracked Scanning Clients are : {NearbyConnections.EnvironmentMonitor, NearbySharing, NearbyConnections.TxAdvertisement}
05-24 01:05:27.232 E/Tethering( 1005): [api31.BpfCoordinatorShimImpl] ERROR Fail to fetch tethering stats from BPF map: : getNextMapKey failed: EBADF (Bad file descriptor)
05-24 01:05:27.232 E/Tethering( 1005): android.system.ErrnoException: getNextMapKey failed: EBADF (Bad file descriptor)
05-24 01:05:27.232 E/Tethering( 1005): 	at com.android.networkstack.tethering.BpfMap.getNextMapKey(Native Method)
05-24 01:05:27.232 E/Tethering( 1005): 	at com.android.networkstack.tethering.BpfMap.getNextRawKey(BpfMap.java:199)
05-24 01:05:27.232 E/Tethering( 1005): 	at com.android.networkstack.tethering.BpfMap.getNextKeyInternal(BpfMap.java:177)
05-24 01:05:27.232 E/Tethering( 1005): 	at com.android.networkstack.tethering.BpfMap.getFirstKey(BpfMap.java:206)
05-24 01:05:27.232 E/Tethering( 1005): 	at com.android.networkstack.tethering.BpfMap.forEach(BpfMap.java:243)
05-24 01:05:27.232 E/Tethering( 1005): 	at com.android.networkstack.tethering.apishim.api31.BpfCoordinatorShimImpl.tetherOffloadGetStats(BpfCoordinatorShimImpl.java:241)
05-24 01:05:27.232 E/Tethering( 1005): 	at com.android.networkstack.tethering.BpfCoordinator.updateForwardedStats(BpfCoordinator.java:1844)
05-24 01:05:27.232 E/Tethering( 1005): 	at com.android.networkstack.tethering.BpfCoordinator.lambda$new$0(BpfCoordinator.java:249)
05-24 01:05:27.232 E/Tethering( 1005): 	at com.android.networkstack.tethering.BpfCoordinator.$r8$lambda$11zi2so53-tPlRpKnlSkWOpxReo(Unknown Source:0)
05-24 01:05:27.232 E/Tethering( 1005): 	at com.android.networkstack.tethering.BpfCoordinator$$ExternalSyntheticLambda0.run(Unknown Source:2)
05-24 01:05:27.232 E/Tethering( 1005): 	at android.os.Handler.handleCallback(Handler.java:938)
05-24 01:05:27.232 E/Tethering( 1005): 	at android.os.Handler.dispatchMessage(Handler.java:99)
05-24 01:05:27.232 E/Tethering( 1005): 	at android.os.Looper.loopOnce(Looper.java:226)
05-24 01:05:27.232 E/Tethering( 1005): 	at android.os.Looper.loop(Looper.java:313)
05-24 01:05:27.232 E/Tethering( 1005): 	at android.os.HandlerThread.run(HandlerThread.java:67)
05-24 01:05:27.232 E/Tethering( 1005): [BpfCoordinator] ERROR Problem fetching tethering stats
05-24 01:05:30.513 I/AccessibilityNodeInfoDumper(21824): Skipping invisible child: android.view.accessibility.AccessibilityNodeInfo@4cc22; boundsInParent: Rect(0, 0 - 938, 67); boundsInScreen: Rect(71, 2240 - 1009, 2118); packageName: com.parkcheolhong.worldlinco; className: android.widget.TextView; text: 현재 통화 모드: VoIP 완전자동; error: null; maxTextLength: -1; stateDescription: null; contentDescription: null; tooltipText: null; viewIdResName: null; checkable: false; checked: false; focusable: false; focused: false; selected: false; clickable: false; longClickable: false; contextClickable: false; enabled: true; password: false; scrollable: false; importantForAccessibility: true; visible: false; actions: [AccessibilityAction: ACTION_SELECT - null, AccessibilityAction: ACTION_CLEAR_SELECTION - null, AccessibilityAction: ACTION_ACCESSIBILITY_FOCUS - null, AccessibilityAction: ACTION_NEXT_AT_MOVEMENT_GRANULARITY - null, AccessibilityAction: ACTION_PREVIOUS_AT_MOVEMENT_GRANULARITY - null, AccessibilityAction: ACTION_SET_SELECTION - null, AccessibilityAction: ACTION_SHOW_ON_SCREEN - null]
05-24 01:05:30.513 I/AccessibilityNodeInfoDumper(21824): Skipping invisible child: android.view.accessibility.AccessibilityNodeInfo@4d765; boundsInParent: Rect(0, 0 - 330, 61); boundsInScreen: Rect(71, 2409 - 401, 2118); packageName: com.parkcheolhong.worldlinco; className: android.widget.TextView; text: VoIP 플랜: 미가입; error: null; maxTextLength: -1; stateDescription: null; contentDescription: null; tooltipText: null; viewIdResName: null; checkable: false; checked: false; focusable: false; focused: false; selected: false; clickable: false; longClickable: false; contextClickable: false; enabled: true; password: false; scrollable: false; importantForAccessibility: true; visible: false; actions: [AccessibilityAction: ACTION_SELECT - null, AccessibilityAction: ACTION_CLEAR_SELECTION - null, AccessibilityAction: ACTION_ACCESSIBILITY_FOCUS - null, AccessibilityAction: ACTION_NEXT_AT_MOVEMENT_GRANULARITY - null, AccessibilityAction: ACTION_PREVIOUS_AT_MOVEMENT_GRANULARITY - null, AccessibilityAction: ACTION_SET_SELECTION - null, AccessibilityAction: ACTION_SHOW_ON_SCREEN - null]
05-24 01:05:32.235 E/Tethering( 1005): [api31.BpfCoordinatorShimImpl] ERROR Fail to fetch tethering stats from BPF map: : getNextMapKey failed: EBADF (Bad file descriptor)
05-24 01:05:32.235 E/Tethering( 1005): android.system.ErrnoException: getNextMapKey failed: EBADF (Bad file descriptor)
05-24 01:05:32.235 E/Tethering( 1005): 	at com.android.networkstack.tethering.BpfMap.getNextMapKey(Native Method)
05-24 01:05:32.235 E/Tethering( 1005): 	at com.android.networkstack.tethering.BpfMap.getNextRawKey(BpfMap.java:199)
05-24 01:05:32.235 E/Tethering( 1005): 	at com.android.networkstack.tethering.BpfMap.getNextKeyInternal(BpfMap.java:177)
05-24 01:05:32.235 E/Tethering( 1005): 	at com.android.networkstack.tethering.BpfMap.getFirstKey(BpfMap.java:206)
05-24 01:05:32.235 E/Tethering( 1005): 	at com.android.networkstack.tethering.BpfMap.forEach(BpfMap.java:243)
05-24 01:05:32.235 E/Tethering( 1005): 	at com.android.networkstack.tethering.apishim.api31.BpfCoordinatorShimImpl.tetherOffloadGetStats(BpfCoordinatorShimImpl.java:241)
05-24 01:05:32.235 E/Tethering( 1005): 	at com.android.networkstack.tethering.BpfCoordinator.updateForwardedStats(BpfCoordinator.java:1844)
05-24 01:05:32.235 E/Tethering( 1005): 	at com.android.networkstack.tethering.BpfCoordinator.lambda$new$0(BpfCoordinator.java:249)
05-24 01:05:32.235 E/Tethering( 1005): 	at com.android.networkstack.tethering.BpfCoordinator.$r8$lambda$11zi2so53-tPlRpKnlSkWOpxReo(Unknown Source:0)
05-24 01:05:32.235 E/Tethering( 1005): 	at com.android.networkstack.tethering.BpfCoordinator$$ExternalSyntheticLambda0.run(Unknown Source:2)
05-24 01:05:32.235 E/Tethering( 1005): 	at android.os.Handler.handleCallback(Handler.java:938)
05-24 01:05:32.235 E/Tethering( 1005): 	at android.os.Handler.dispatchMessage(Handler.java:99)
05-24 01:05:32.235 E/Tethering( 1005): 	at android.os.Looper.loopOnce(Looper.java:226)
05-24 01:05:32.235 E/Tethering( 1005): 	at android.os.Looper.loop(Looper.java:313)
05-24 01:05:32.235 E/Tethering( 1005): 	at android.os.HandlerThread.run(HandlerThread.java:67)
05-24 01:05:32.235 E/Tethering( 1005): [BpfCoordinator] ERROR Problem fetching tethering stats
05-24 01:05:35.931 I/NearbyMediums(15725): Current Tracked Scanning Clients are : {NearbyConnections.EnvironmentMonitor, NearbySharing, NearbyConnections.TxAdvertisement}
05-24 01:05:37.238 E/Tethering( 1005): [api31.BpfCoordinatorShimImpl] ERROR Fail to fetch tethering stats from BPF map: : getNextMapKey failed: EBADF (Bad file descriptor)
05-24 01:05:37.238 E/Tethering( 1005): android.system.ErrnoException: getNextMapKey failed: EBADF (Bad file descriptor)
05-24 01:05:37.238 E/Tethering( 1005): 	at com.android.networkstack.tethering.BpfMap.getNextMapKey(Native Method)
05-24 01:05:37.238 E/Tethering( 1005): 	at com.android.networkstack.tethering.BpfMap.getNextRawKey(BpfMap.java:199)
05-24 01:05:37.238 E/Tethering( 1005): 	at com.android.networkstack.tethering.BpfMap.getNextKeyInternal(BpfMap.java:177)
05-24 01:05:37.238 E/Tethering( 1005): 	at com.android.networkstack.tethering.BpfMap.getFirstKey(BpfMap.java:206)
05-24 01:05:37.238 E/Tethering( 1005): 	at com.android.networkstack.tethering.BpfMap.forEach(BpfMap.java:243)
05-24 01:05:37.238 E/Tethering( 1005): 	at com.android.networkstack.tethering.apishim.api31.BpfCoordinatorShimImpl.tetherOffloadGetStats(BpfCoordinatorShimImpl.java:241)
05-24 01:05:37.238 E/Tethering( 1005): 	at com.android.networkstack.tethering.BpfCoordinator.updateForwardedStats(BpfCoordinator.java:1844)
05-24 01:05:37.238 E/Tethering( 1005): 	at com.android.networkstack.tethering.BpfCoordinator.lambda$new$0(BpfCoordinator.java:249)
05-24 01:05:37.238 E/Tethering( 1005): 	at com.android.networkstack.tethering.BpfCoordinator.$r8$lambda$11zi2so53-tPlRpKnlSkWOpxReo(Unknown Source:0)
05-24 01:05:37.238 E/Tethering( 1005): 	at com.android.networkstack.tethering.BpfCoordinator$$ExternalSyntheticLambda0.run(Unknown Source:2)
05-24 01:05:37.238 E/Tethering( 1005): 	at android.os.Handler.handleCallback(Handler.java:938)
05-24 01:05:37.238 E/Tethering( 1005): 	at android.os.Handler.dispatchMessage(Handler.java:99)
05-24 01:05:37.238 E/Tethering( 1005): 	at android.os.Looper.loopOnce(Looper.java:226)
05-24 01:05:37.238 E/Tethering( 1005): 	at android.os.Looper.loop(Looper.java:313)
05-24 01:05:37.238 E/Tethering( 1005): 	at android.os.HandlerThread.run(HandlerThread.java:67)
05-24 01:05:37.238 E/Tethering( 1005): [BpfCoordinator] ERROR Problem fetching tethering stats
05-24 01:05:42.240 E/Tethering( 1005): [api31.BpfCoordinatorShimImpl] ERROR Fail to fetch tethering stats from BPF map: : getNextMapKey failed: EBADF (Bad file descriptor)
05-24 01:05:42.240 E/Tethering( 1005): android.system.ErrnoException: getNextMapKey failed: EBADF (Bad file descriptor)
05-24 01:05:42.240 E/Tethering( 1005): 	at com.android.networkstack.tethering.BpfMap.getNextMapKey(Native Method)
05-24 01:05:42.240 E/Tethering( 1005): 	at com.android.networkstack.tethering.BpfMap.getNextRawKey(BpfMap.java:199)
05-24 01:05:42.240 E/Tethering( 1005): 	at com.android.networkstack.tethering.BpfMap.getNextKeyInternal(BpfMap.java:177)
05-24 01:05:42.240 E/Tethering( 1005): 	at com.android.networkstack.tethering.BpfMap.getFirstKey(BpfMap.java:206)
05-24 01:05:42.240 E/Tethering( 1005): 	at com.android.networkstack.tethering.BpfMap.forEach(BpfMap.java:243)
05-24 01:05:42.240 E/Tethering( 1005): 	at com.android.networkstack.tethering.apishim.api31.BpfCoordinatorShimImpl.tetherOffloadGetStats(BpfCoordinatorShimImpl.java:241)
05-24 01:05:42.240 E/Tethering( 1005): 	at com.android.networkstack.tethering.BpfCoordinator.updateForwardedStats(BpfCoordinator.java:1844)
05-24 01:05:42.240 E/Tethering( 1005): 	at com.android.networkstack.tethering.BpfCoordinator.lambda$new$0(BpfCoordinator.java:249)
05-24 01:05:42.240 E/Tethering( 1005): 	at com.android.networkstack.tethering.BpfCoordinator.$r8$lambda$11zi2so53-tPlRpKnlSkWOpxReo(Unknown Source:0)
05-24 01:05:42.240 E/Tethering( 1005): 	at com.android.networkstack.tethering.BpfCoordinator$$ExternalSyntheticLambda0.run(Unknown Source:2)
05-24 01:05:42.240 E/Tethering( 1005): 	at android.os.Handler.handleCallback(Handler.java:938)
05-24 01:05:42.240 E/Tethering( 1005): 	at android.os.Handler.dispatchMessage(Handler.java:99)
05-24 01:05:42.240 E/Tethering( 1005): 	at android.os.Looper.loopOnce(Looper.java:226)
05-24 01:05:42.240 E/Tethering( 1005): 	at android.os.Looper.loop(Looper.java:313)
05-24 01:05:42.240 E/Tethering( 1005): 	at android.os.HandlerThread.run(HandlerThread.java:67)
05-24 01:05:42.240 E/Tethering( 1005): [BpfCoordinator] ERROR Problem fetching tethering stats
05-24 01:05:43.023 I/InputDispatcher( 1005): Delivering touch to (1415): action: 0x4, f=0x0, d=0, 'd79db0e', t=1 
05-24 01:05:43.023 I/InputDispatcher( 1005): Delivering touch to (21020): action: 0x0, f=0x0, d=0, '8eff482', t=1 
05-24 01:05:43.029 I/InputDispatcher( 1005): Delivering touch to (21020): action: 0x1, f=0x0, d=0, '8eff482', t=1 
05-24 01:05:43.049 I/ReactNativeJS(21020): '[UI_PRESS_PROBE]', '{"event":"SECTION_RAIL_PRESS","timestamp":"2026-05-23T16:05:43.049Z","token_ready":true,"user_ready":true,"show_login":false,"show_voip_tester":false,"selected_call_mode":"voip_full_auto","key":"voip","previous_section":"voip","next_section":"home"}'
05-24 01:05:43.657 E/Tethering( 1005): [api31.BpfCoordinatorShimImpl] ERROR Could not iterate map: : getNextMapKey failed: EBADF (Bad file descriptor)
05-24 01:05:43.657 E/Tethering( 1005): android.system.ErrnoException: getNextMapKey failed: EBADF (Bad file descriptor)
05-24 01:05:43.657 E/Tethering( 1005): 	at com.android.networkstack.tethering.BpfMap.getNextMapKey(Native Method)
05-24 01:05:43.657 E/Tethering( 1005): 	at com.android.networkstack.tethering.BpfMap.getNextRawKey(BpfMap.java:199)
05-24 01:05:43.657 E/Tethering( 1005): 	at com.android.networkstack.tethering.BpfMap.getNextKeyInternal(BpfMap.java:177)
05-24 01:05:43.657 E/Tethering( 1005): 	at com.android.networkstack.tethering.BpfMap.getFirstKey(BpfMap.java:206)
05-24 01:05:43.657 E/Tethering( 1005): 	at com.android.networkstack.tethering.BpfMap.forEach(BpfMap.java:243)
05-24 01:05:43.657 E/Tethering( 1005): 	at com.android.networkstack.tethering.apishim.api31.BpfCoordinatorShimImpl.tetherOffloadRuleForEach(BpfCoordinatorShimImpl.java:418)
05-24 01:05:43.657 E/Tethering( 1005): 	at com.android.networkstack.tethering.BpfCoordinator.maybeRefreshConntrackTimeout(BpfCoordinator.java:1911)
05-24 01:05:43.657 E/Tethering( 1005): 	at com.android.networkstack.tethering.BpfCoordinator.lambda$new$1(BpfCoordinator.java:255)
05-24 01:05:43.657 E/Tethering( 1005): 	at com.android.networkstack.tethering.BpfCoordinator.$r8$lambda$dGScrx2GOtG22GpROJu_XCm1O5I(Unknown Source:0)
05-24 01:05:43.657 E/Tethering( 1005): 	at com.android.networkstack.tethering.BpfCoordinator$$ExternalSyntheticLambda1.run(Unknown Source:2)
05-24 01:05:43.657 E/Tethering( 1005): 	at android.os.Handler.handleCallback(Handler.java:938)
05-24 01:05:43.657 E/Tethering( 1005): 	at android.os.Handler.dispatchMessage(Handler.java:99)
05-24 01:05:43.657 E/Tethering( 1005): 	at android.os.Looper.loopOnce(Looper.java:226)
05-24 01:05:43.657 E/Tethering( 1005): 	at android.os.Looper.loop(Looper.java:313)
05-24 01:05:43.657 E/Tethering( 1005): 	at android.os.HandlerThread.run(HandlerThread.java:67)
05-24 01:05:43.658 E/Tethering( 1005): [api31.BpfCoordinatorShimImpl] ERROR Could not iterate map: : getNextMapKey failed: EBADF (Bad file descriptor)
05-24 01:05:43.658 E/Tethering( 1005): android.system.ErrnoException: getNextMapKey failed: EBADF (Bad file descriptor)
05-24 01:05:43.658 E/Tethering( 1005): 	at com.android.networkstack.tethering.BpfMap.getNextMapKey(Native Method)
05-24 01:05:43.658 E/Tethering( 1005): 	at com.android.networkstack.tethering.BpfMap.getNextRawKey(BpfMap.java:199)
05-24 01:05:43.658 E/Tethering( 1005): 	at com.android.networkstack.tethering.BpfMap.getNextKeyInternal(BpfMap.java:177)
05-24 01:05:43.658 E/Tethering( 1005): 	at com.android.networkstack.tethering.BpfMap.getFirstKey(BpfMap.java:206)
05-24 01:05:43.658 E/Tethering( 1005): 	at com.android.networkstack.tethering.BpfMap.forEach(BpfMap.java:243)
05-24 01:05:43.658 E/Tethering( 1005): 	at com.android.networkstack.tethering.apishim.api31.BpfCoordinatorShimImpl.tetherOffloadRuleForEach(BpfCoordinatorShimImpl.java:420)
05-24 01:05:43.658 E/Tethering( 1005): 	at com.android.networkstack.tethering.BpfCoordinator.maybeRefreshConntrackTimeout(BpfCoordinator.java:1922)
05-24 01:05:43.658 E/Tethering( 1005): 	at com.android.networkstack.tethering.BpfCoordinator.lambda$new$1(BpfCoordinator.java:255)
05-24 01:05:43.658 E/Tethering( 1005): 	at com.android.networkstack.tethering.BpfCoordinator.$r8$lambda$dGScrx2GOtG22GpROJu_XCm1O5I(Unknown Source:0)
05-24 01:05:43.658 E/Tethering( 1005): 	at com.android.networkstack.tethering.BpfCoordinator$$ExternalSyntheticLambda1.run(Unknown Source:2)
05-24 01:05:43.658 E/Tethering( 1005): 	at android.os.Handler.handleCallback(Handler.java:938)
05-24 01:05:43.658 E/Tethering( 1005): 	at android.os.Handler.dispatchMessage(Handler.java:99)
05-24 01:05:43.658 E/Tethering( 1005): 	at android.os.Looper.loopOnce(Looper.java:226)
05-24 01:05:43.658 E/Tethering( 1005): 	at android.os.Looper.loop(Looper.java:313)
05-24 01:05:43.658 E/Tethering( 1005): 	at android.os.HandlerThread.run(HandlerThread.java:67)
05-24 01:05:45.936 I/NearbyMediums(15725): Current Tracked Scanning Clients are : {NearbyConnections.EnvironmentMonitor, NearbySharing, NearbyConnections.TxAdvertisement}
05-24 01:05:47.244 E/Tethering( 1005): [api31.BpfCoordinatorShimImpl] ERROR Fail to fetch tethering stats from BPF map: : getNextMapKey failed: EBADF (Bad file descriptor)
05-24 01:05:47.244 E/Tethering( 1005): android.system.ErrnoException: getNextMapKey failed: EBADF (Bad file descriptor)
05-24 01:05:47.244 E/Tethering( 1005): 	at com.android.networkstack.tethering.BpfMap.getNextMapKey(Native Method)
05-24 01:05:47.244 E/Tethering( 1005): 	at com.android.networkstack.tethering.BpfMap.getNextRawKey(BpfMap.java:199)
05-24 01:05:47.244 E/Tethering( 1005): 	at com.android.networkstack.tethering.BpfMap.getNextKeyInternal(BpfMap.java:177)
05-24 01:05:47.244 E/Tethering( 1005): 	at com.android.networkstack.tethering.BpfMap.getFirstKey(BpfMap.java:206)
05-24 01:05:47.244 E/Tethering( 1005): 	at com.android.networkstack.tethering.BpfMap.forEach(BpfMap.java:243)
05-24 01:05:47.244 E/Tethering( 1005): 	at com.android.networkstack.tethering.apishim.api31.BpfCoordinatorShimImpl.tetherOffloadGetStats(BpfCoordinatorShimImpl.java:241)
05-24 01:05:47.244 E/Tethering( 1005): 	at com.android.networkstack.tethering.BpfCoordinator.updateForwardedStats(BpfCoordinator.java:1844)
05-24 01:05:47.244 E/Tethering( 1005): 	at com.android.networkstack.tethering.BpfCoordinator.lambda$new$0(BpfCoordinator.java:249)
05-24 01:05:47.244 E/Tethering( 1005): 	at com.android.networkstack.tethering.BpfCoordinator.$r8$lambda$11zi2so53-tPlRpKnlSkWOpxReo(Unknown Source:0)
05-24 01:05:47.244 E/Tethering( 1005): 	at com.android.networkstack.tethering.BpfCoordinator$$ExternalSyntheticLambda0.run(Unknown Source:2)
05-24 01:05:47.244 E/Tethering( 1005): 	at android.os.Handler.handleCallback(Handler.java:938)
05-24 01:05:47.244 E/Tethering( 1005): 	at android.os.Handler.dispatchMessage(Handler.java:99)
05-24 01:05:47.244 E/Tethering( 1005): 	at android.os.Looper.loopOnce(Looper.java:226)
05-24 01:05:47.244 E/Tethering( 1005): 	at android.os.Looper.loop(Looper.java:313)
05-24 01:05:47.244 E/Tethering( 1005): 	at android.os.HandlerThread.run(HandlerThread.java:67)
05-24 01:05:47.244 E/Tethering( 1005): [BpfCoordinator] ERROR Problem fetching tethering stats
05-24 01:05:52.247 E/Tethering( 1005): [api31.BpfCoordinatorShimImpl] ERROR Fail to fetch tethering stats from BPF map: : getNextMapKey failed: EBADF (Bad file descriptor)
05-24 01:05:52.247 E/Tethering( 1005): android.system.ErrnoException: getNextMapKey failed: EBADF (Bad file descriptor)
05-24 01:05:52.247 E/Tethering( 1005): 	at com.android.networkstack.tethering.BpfMap.getNextMapKey(Native Method)
05-24 01:05:52.247 E/Tethering( 1005): 	at com.android.networkstack.tethering.BpfMap.getNextRawKey(BpfMap.java:199)
05-24 01:05:52.247 E/Tethering( 1005): 	at com.android.networkstack.tethering.BpfMap.getNextKeyInternal(BpfMap.java:177)
05-24 01:05:52.247 E/Tethering( 1005): 	at com.android.networkstack.tethering.BpfMap.getFirstKey(BpfMap.java:206)
05-24 01:05:52.247 E/Tethering( 1005): 	at com.android.networkstack.tethering.BpfMap.forEach(BpfMap.java:243)
05-24 01:05:52.247 E/Tethering( 1005): 	at com.android.networkstack.tethering.apishim.api31.BpfCoordinatorShimImpl.tetherOffloadGetStats(BpfCoordinatorShimImpl.java:241)
05-24 01:05:52.247 E/Tethering( 1005): 	at com.android.networkstack.tethering.BpfCoordinator.updateForwardedStats(BpfCoordinator.java:1844)
05-24 01:05:52.247 E/Tethering( 1005): 	at com.android.networkstack.tethering.BpfCoordinator.lambda$new$0(BpfCoordinator.java:249)
05-24 01:05:52.247 E/Tethering( 1005): 	at com.android.networkstack.tethering.BpfCoordinator.$r8$lambda$11zi2so53-tPlRpKnlSkWOpxReo(Unknown Source:0)
05-24 01:05:52.247 E/Tethering( 1005): 	at com.android.networkstack.tethering.BpfCoordinator$$ExternalSyntheticLambda0.run(Unknown Source:2)
05-24 01:05:52.247 E/Tethering( 1005): 	at android.os.Handler.handleCallback(Handler.java:938)
05-24 01:05:52.247 E/Tethering( 1005): 	at android.os.Handler.dispatchMessage(Handler.java:99)
05-24 01:05:52.247 E/Tethering( 1005): 	at android.os.Looper.loopOnce(Looper.java:226)
05-24 01:05:52.247 E/Tethering( 1005): 	at android.os.Looper.loop(Looper.java:313)
05-24 01:05:52.247 E/Tethering( 1005): 	at android.os.HandlerThread.run(HandlerThread.java:67)
05-24 01:05:52.248 E/Tethering( 1005): [BpfCoordinator] ERROR Problem fetching tethering stats
05-24 01:05:55.941 I/NearbyMediums(15725): Current Tracked Scanning Clients are : {NearbyConnections.EnvironmentMonitor, NearbySharing, NearbyConnections.TxAdvertisement}
05-24 01:05:57.251 E/Tethering( 1005): [api31.BpfCoordinatorShimImpl] ERROR Fail to fetch tethering stats from BPF map: : getNextMapKey failed: EBADF (Bad file descriptor)
05-24 01:05:57.251 E/Tethering( 1005): android.system.ErrnoException: getNextMapKey failed: EBADF (Bad file descriptor)
05-24 01:05:57.251 E/Tethering( 1005): 	at com.android.networkstack.tethering.BpfMap.getNextMapKey(Native Method)
05-24 01:05:57.251 E/Tethering( 1005): 	at com.android.networkstack.tethering.BpfMap.getNextRawKey(BpfMap.java:199)
05-24 01:05:57.251 E/Tethering( 1005): 	at com.android.networkstack.tethering.BpfMap.getNextKeyInternal(BpfMap.java:177)
05-24 01:05:57.251 E/Tethering( 1005): 	at com.android.networkstack.tethering.BpfMap.getFirstKey(BpfMap.java:206)
05-24 01:05:57.251 E/Tethering( 1005): 	at com.android.networkstack.tethering.BpfMap.forEach(BpfMap.java:243)
05-24 01:05:57.251 E/Tethering( 1005): 	at com.android.networkstack.tethering.apishim.api31.BpfCoordinatorShimImpl.tetherOffloadGetStats(BpfCoordinatorShimImpl.java:241)
05-24 01:05:57.251 E/Tethering( 1005): 	at com.android.networkstack.tethering.BpfCoordinator.updateForwardedStats(BpfCoordinator.java:1844)
05-24 01:05:57.251 E/Tethering( 1005): 	at com.android.networkstack.tethering.BpfCoordinator.lambda$new$0(BpfCoordinator.java:249)
05-24 01:05:57.251 E/Tethering( 1005): 	at com.android.networkstack.tethering.BpfCoordinator.$r8$lambda$11zi2so53-tPlRpKnlSkWOpxReo(Unknown Source:0)
05-24 01:05:57.251 E/Tethering( 1005): 	at com.android.networkstack.tethering.BpfCoordinator$$ExternalSyntheticLambda0.run(Unknown Source:2)
05-24 01:05:57.251 E/Tethering( 1005): 	at android.os.Handler.handleCallback(Handler.java:938)
05-24 01:05:57.251 E/Tethering( 1005): 	at android.os.Handler.dispatchMessage(Handler.java:99)
05-24 01:05:57.251 E/Tethering( 1005): 	at android.os.Looper.loopOnce(Looper.java:226)
05-24 01:05:57.251 E/Tethering( 1005): 	at android.os.Looper.loop(Looper.java:313)
05-24 01:05:57.251 E/Tethering( 1005): 	at android.os.HandlerThread.run(HandlerThread.java:67)
05-24 01:05:57.252 E/Tethering( 1005): [BpfCoordinator] ERROR Problem fetching tethering stats
05-24 01:06:00.005 D/QSClockBellTower( 1415): onReceive(android.intent.action.TIME_TICK) mTimeZoneString:null
05-24 01:06:00.040 D/QSClockBellTower( 1415): He is ready to ring the bell. (((QSClockBellSound - TimeText:01:06, TimeContentDescription:01:06, DateText:5월 24일 일요일, ShortDateText:5월 24일 (일), Demofalse)))
05-24 01:06:02.256 E/Tethering( 1005): [api31.BpfCoordinatorShimImpl] ERROR Fail to fetch tethering stats from BPF map: : getNextMapKey failed: EBADF (Bad file descriptor)
05-24 01:06:02.256 E/Tethering( 1005): android.system.ErrnoException: getNextMapKey failed: EBADF (Bad file descriptor)
05-24 01:06:02.256 E/Tethering( 1005): 	at com.android.networkstack.tethering.BpfMap.getNextMapKey(Native Method)
05-24 01:06:02.256 E/Tethering( 1005): 	at com.android.networkstack.tethering.BpfMap.getNextRawKey(BpfMap.java:199)
05-24 01:06:02.256 E/Tethering( 1005): 	at com.android.networkstack.tethering.BpfMap.getNextKeyInternal(BpfMap.java:177)
05-24 01:06:02.256 E/Tethering( 1005): 	at com.android.networkstack.tethering.BpfMap.getFirstKey(BpfMap.java:206)
05-24 01:06:02.256 E/Tethering( 1005): 	at com.android.networkstack.tethering.BpfMap.forEach(BpfMap.java:243)
05-24 01:06:02.256 E/Tethering( 1005): 	at com.android.networkstack.tethering.apishim.api31.BpfCoordinatorShimImpl.tetherOffloadGetStats(BpfCoordinatorShimImpl.java:241)
05-24 01:06:02.256 E/Tethering( 1005): 	at com.android.networkstack.tethering.BpfCoordinator.updateForwardedStats(BpfCoordinator.java:1844)
05-24 01:06:02.256 E/Tethering( 1005): 	at com.android.networkstack.tethering.BpfCoordinator.lambda$new$0(BpfCoordinator.java:249)
05-24 01:06:02.256 E/Tethering( 1005): 	at com.android.networkstack.tethering.BpfCoordinator.$r8$lambda$11zi2so53-tPlRpKnlSkWOpxReo(Unknown Source:0)
05-24 01:06:02.256 E/Tethering( 1005): 	at com.android.networkstack.tethering.BpfCoordinator$$ExternalSyntheticLambda0.run(Unknown Source:2)
05-24 01:06:02.256 E/Tethering( 1005): 	at android.os.Handler.handleCallback(Handler.java:938)
05-24 01:06:02.256 E/Tethering( 1005): 	at android.os.Handler.dispatchMessage(Handler.java:99)
05-24 01:06:02.256 E/Tethering( 1005): 	at android.os.Looper.loopOnce(Looper.java:226)
05-24 01:06:02.256 E/Tethering( 1005): 	at android.os.Looper.loop(Looper.java:313)
05-24 01:06:02.256 E/Tethering( 1005): 	at android.os.HandlerThread.run(HandlerThread.java:67)
05-24 01:06:02.256 E/Tethering( 1005): [BpfCoordinator] ERROR Problem fetching tethering stats
05-24 01:06:05.950 I/NearbyMediums(15725): Current Tracked Scanning Clients are : {NearbyConnections.EnvironmentMonitor, NearbySharing, NearbyConnections.TxAdvertisement}
05-24 01:06:07.259 E/Tethering( 1005): [api31.BpfCoordinatorShimImpl] ERROR Fail to fetch tethering stats from BPF map: : getNextMapKey failed: EBADF (Bad file descriptor)
05-24 01:06:07.259 E/Tethering( 1005): android.system.ErrnoException: getNextMapKey failed: EBADF (Bad file descriptor)
05-24 01:06:07.259 E/Tethering( 1005): 	at com.android.networkstack.tethering.BpfMap.getNextMapKey(Native Method)
05-24 01:06:07.259 E/Tethering( 1005): 	at com.android.networkstack.tethering.BpfMap.getNextRawKey(BpfMap.java:199)
05-24 01:06:07.259 E/Tethering( 1005): 	at com.android.networkstack.tethering.BpfMap.getNextKeyInternal(BpfMap.java:177)
05-24 01:06:07.259 E/Tethering( 1005): 	at com.android.networkstack.tethering.BpfMap.getFirstKey(BpfMap.java:206)
05-24 01:06:07.259 E/Tethering( 1005): 	at com.android.networkstack.tethering.BpfMap.forEach(BpfMap.java:243)
05-24 01:06:07.259 E/Tethering( 1005): 	at com.android.networkstack.tethering.apishim.api31.BpfCoordinatorShimImpl.tetherOffloadGetStats(BpfCoordinatorShimImpl.java:241)
05-24 01:06:07.259 E/Tethering( 1005): 	at com.android.networkstack.tethering.BpfCoordinator.updateForwardedStats(BpfCoordinator.java:1844)
05-24 01:06:07.259 E/Tethering( 1005): 	at com.android.networkstack.tethering.BpfCoordinator.lambda$new$0(BpfCoordinator.java:249)
05-24 01:06:07.259 E/Tethering( 1005): 	at com.android.networkstack.tethering.BpfCoordinator.$r8$lambda$11zi2so53-tPlRpKnlSkWOpxReo(Unknown Source:0)
05-24 01:06:07.259 E/Tethering( 1005): 	at com.android.networkstack.tethering.BpfCoordinator$$ExternalSyntheticLambda0.run(Unknown Source:2)
05-24 01:06:07.259 E/Tethering( 1005): 	at android.os.Handler.handleCallback(Handler.java:938)
05-24 01:06:07.259 E/Tethering( 1005): 	at android.os.Handler.dispatchMessage(Handler.java:99)
05-24 01:06:07.259 E/Tethering( 1005): 	at android.os.Looper.loopOnce(Looper.java:226)
05-24 01:06:07.259 E/Tethering( 1005): 	at android.os.Looper.loop(Looper.java:313)
05-24 01:06:07.259 E/Tethering( 1005): 	at android.os.HandlerThread.run(HandlerThread.java:67)
05-24 01:06:07.260 E/Tethering( 1005): [BpfCoordinator] ERROR Problem fetching tethering stats
05-24 01:06:12.264 E/Tethering( 1005): [api31.BpfCoordinatorShimImpl] ERROR Fail to fetch tethering stats from BPF map: : getNextMapKey failed: EBADF (Bad file descriptor)
05-24 01:06:12.264 E/Tethering( 1005): android.system.ErrnoException: getNextMapKey failed: EBADF (Bad file descriptor)
05-24 01:06:12.264 E/Tethering( 1005): 	at com.android.networkstack.tethering.BpfMap.getNextMapKey(Native Method)
05-24 01:06:12.264 E/Tethering( 1005): 	at com.android.networkstack.tethering.BpfMap.getNextRawKey(BpfMap.java:199)
05-24 01:06:12.264 E/Tethering( 1005): 	at com.android.networkstack.tethering.BpfMap.getNextKeyInternal(BpfMap.java:177)
05-24 01:06:12.264 E/Tethering( 1005): 	at com.android.networkstack.tethering.BpfMap.getFirstKey(BpfMap.java:206)
05-24 01:06:12.264 E/Tethering( 1005): 	at com.android.networkstack.tethering.BpfMap.forEach(BpfMap.java:243)
05-24 01:06:12.264 E/Tethering( 1005): 	at com.android.networkstack.tethering.apishim.api31.BpfCoordinatorShimImpl.tetherOffloadGetStats(BpfCoordinatorShimImpl.java:241)
05-24 01:06:12.264 E/Tethering( 1005): 	at com.android.networkstack.tethering.BpfCoordinator.updateForwardedStats(BpfCoordinator.java:1844)
05-24 01:06:12.264 E/Tethering( 1005): 	at com.android.networkstack.tethering.BpfCoordinator.lambda$new$0(BpfCoordinator.java:249)
05-24 01:06:12.264 E/Tethering( 1005): 	at com.android.networkstack.tethering.BpfCoordinator.$r8$lambda$11zi2so53-tPlRpKnlSkWOpxReo(Unknown Source:0)
05-24 01:06:12.264 E/Tethering( 1005): 	at com.android.networkstack.tethering.BpfCoordinator$$ExternalSyntheticLambda0.run(Unknown Source:2)
05-24 01:06:12.264 E/Tethering( 1005): 	at android.os.Handler.handleCallback(Handler.java:938)
05-24 01:06:12.264 E/Tethering( 1005): 	at android.os.Handler.dispatchMessage(Handler.java:99)
05-24 01:06:12.264 E/Tethering( 1005): 	at android.os.Looper.loopOnce(Looper.java:226)
05-24 01:06:12.264 E/Tethering( 1005): 	at android.os.Looper.loop(Looper.java:313)
05-24 01:06:12.264 E/Tethering( 1005): 	at android.os.HandlerThread.run(HandlerThread.java:67)
05-24 01:06:12.264 E/Tethering( 1005): [BpfCoordinator] ERROR Problem fetching tethering stats
05-24 01:06:15.955 I/NearbyMediums(15725): Current Tracked Scanning Clients are : {NearbyConnections.EnvironmentMonitor, NearbySharing, NearbyConnections.TxAdvertisement}
05-24 01:06:17.268 E/Tethering( 1005): [api31.BpfCoordinatorShimImpl] ERROR Fail to fetch tethering stats from BPF map: : getNextMapKey failed: EBADF (Bad file descriptor)
05-24 01:06:17.268 E/Tethering( 1005): android.system.ErrnoException: getNextMapKey failed: EBADF (Bad file descriptor)
05-24 01:06:17.268 E/Tethering( 1005): 	at com.android.networkstack.tethering.BpfMap.getNextMapKey(Native Method)
05-24 01:06:17.268 E/Tethering( 1005): 	at com.android.networkstack.tethering.BpfMap.getNextRawKey(BpfMap.java:199)
05-24 01:06:17.268 E/Tethering( 1005): 	at com.android.networkstack.tethering.BpfMap.getNextKeyInternal(BpfMap.java:177)
05-24 01:06:17.268 E/Tethering( 1005): 	at com.android.networkstack.tethering.BpfMap.getFirstKey(BpfMap.java:206)
05-24 01:06:17.268 E/Tethering( 1005): 	at com.android.networkstack.tethering.BpfMap.forEach(BpfMap.java:243)
05-24 01:06:17.268 E/Tethering( 1005): 	at com.android.networkstack.tethering.apishim.api31.BpfCoordinatorShimImpl.tetherOffloadGetStats(BpfCoordinatorShimImpl.java:241)
05-24 01:06:17.268 E/Tethering( 1005): 	at com.android.networkstack.tethering.BpfCoordinator.updateForwardedStats(BpfCoordinator.java:1844)
05-24 01:06:17.268 E/Tethering( 1005): 	at com.android.networkstack.tethering.BpfCoordinator.lambda$new$0(BpfCoordinator.java:249)
05-24 01:06:17.268 E/Tethering( 1005): 	at com.android.networkstack.tethering.BpfCoordinator.$r8$lambda$11zi2so53-tPlRpKnlSkWOpxReo(Unknown Source:0)
05-24 01:06:17.268 E/Tethering( 1005): 	at com.android.networkstack.tethering.BpfCoordinator$$ExternalSyntheticLambda0.run(Unknown Source:2)
05-24 01:06:17.268 E/Tethering( 1005): 	at android.os.Handler.handleCallback(Handler.java:938)
05-24 01:06:17.268 E/Tethering( 1005): 	at android.os.Handler.dispatchMessage(Handler.java:99)
05-24 01:06:17.268 E/Tethering( 1005): 	at android.os.Looper.loopOnce(Looper.java:226)
05-24 01:06:17.268 E/Tethering( 1005): 	at android.os.Looper.loop(Looper.java:313)
05-24 01:06:17.268 E/Tethering( 1005): 	at android.os.HandlerThread.run(HandlerThread.java:67)
05-24 01:06:17.269 E/Tethering( 1005): [BpfCoordinator] ERROR Problem fetching tethering stats
05-24 01:06:17.746 I/InputDispatcher( 1005): Delivering touch to (1415): action: 0x4, f=0x0, d=0, 'd79db0e', t=1 
05-24 01:06:17.746 I/InputDispatcher( 1005): Delivering touch to (21020): action: 0x0, f=0x0, d=0, '8eff482', t=1 
05-24 01:06:17.750 I/InputDispatcher( 1005): Delivering touch to (21020): action: 0x1, f=0x0, d=0, '8eff482', t=1 
05-24 01:06:17.765 I/ReactNativeJS(21020): '[UI_PRESS_PROBE]', '{"event":"SECTION_RAIL_OPEN","timestamp":"2026-05-23T16:06:17.764Z","token_ready":true,"user_ready":true,"show_login":false,"show_voip_tester":false,"selected_call_mode":"voip_full_auto","source":"front_translation_surface","section":"voip"}'
05-24 01:06:17.880 I/InputDispatcher( 1005): Delivering touch to (1415): action: 0x4, f=0x0, d=0, 'd79db0e', t=1 
05-24 01:06:17.880 I/InputDispatcher( 1005): Delivering touch to (21020): action: 0x0, f=0x0, d=0, '8eff482', t=1 
05-24 01:06:17.882 I/InputDispatcher( 1005): Delivering touch to (21020): action: 0x1, f=0x0, d=0, '8eff482', t=1 
05-24 01:06:17.894 I/ReactNativeJS(21020): '[UI_PRESS_PROBE]', '{"event":"SECTION_RAIL_PRESS","timestamp":"2026-05-23T16:06:17.894Z","token_ready":true,"user_ready":true,"show_login":false,"show_voip_tester":false,"selected_call_mode":"voip_full_auto","key":"voip","previous_section":"voip","next_section":"home"}'
05-24 01:06:22.272 E/Tethering( 1005): [api31.BpfCoordinatorShimImpl] ERROR Fail to fetch tethering stats from BPF map: : getNextMapKey failed: EBADF (Bad file descriptor)
05-24 01:06:22.272 E/Tethering( 1005): android.system.ErrnoException: getNextMapKey failed: EBADF (Bad file descriptor)
05-24 01:06:22.272 E/Tethering( 1005): 	at com.android.networkstack.tethering.BpfMap.getNextMapKey(Native Method)
05-24 01:06:22.272 E/Tethering( 1005): 	at com.android.networkstack.tethering.BpfMap.getNextRawKey(BpfMap.java:199)
05-24 01:06:22.272 E/Tethering( 1005): 	at com.android.networkstack.tethering.BpfMap.getNextKeyInternal(BpfMap.java:177)
05-24 01:06:22.272 E/Tethering( 1005): 	at com.android.networkstack.tethering.BpfMap.getFirstKey(BpfMap.java:206)
05-24 01:06:22.272 E/Tethering( 1005): 	at com.android.networkstack.tethering.BpfMap.forEach(BpfMap.java:243)
05-24 01:06:22.272 E/Tethering( 1005): 	at com.android.networkstack.tethering.apishim.api31.BpfCoordinatorShimImpl.tetherOffloadGetStats(BpfCoordinatorShimImpl.java:241)
05-24 01:06:22.272 E/Tethering( 1005): 	at com.android.networkstack.tethering.BpfCoordinator.updateForwardedStats(BpfCoordinator.java:1844)
05-24 01:06:22.272 E/Tethering( 1005): 	at com.android.networkstack.tethering.BpfCoordinator.lambda$new$0(BpfCoordinator.java:249)
05-24 01:06:22.272 E/Tethering( 1005): 	at com.android.networkstack.tethering.BpfCoordinator.$r8$lambda$11zi2so53-tPlRpKnlSkWOpxReo(Unknown Source:0)
05-24 01:06:22.272 E/Tethering( 1005): 	at com.android.networkstack.tethering.BpfCoordinator$$ExternalSyntheticLambda0.run(Unknown Source:2)
05-24 01:06:22.272 E/Tethering( 1005): 	at android.os.Handler.handleCallback(Handler.java:938)
05-24 01:06:22.272 E/Tethering( 1005): 	at android.os.Handler.dispatchMessage(Handler.java:99)
05-24 01:06:22.272 E/Tethering( 1005): 	at android.os.Looper.loopOnce(Looper.java:226)
05-24 01:06:22.272 E/Tethering( 1005): 	at android.os.Looper.loop(Looper.java:313)
05-24 01:06:22.272 E/Tethering( 1005): 	at android.os.
