--------- beginning of main
06-14 21:16:26.309 I/ReactNativeJS(25161): '[UI_PRESS_PROBE]', '{"event":"VOIP_RAIL_STATE_RESTORE","timestamp":"2026-06-14T12:16:26.308Z","token_ready":true,"user_ready":true,"show_login":false,"show_voip_tester":true,"selected_call_mode":"pstn_assist","source":"app_state_active_restore","active_call_id":"call-efa25d8c310a","pending_call_id":null,"accepting_call_id":null,"active_section":"voip"}'
06-14 21:16:26.451 I/ReactNativeJS(25161): [VoIP][DiagLine] connectSignaling:onmessage callId=call-efa25d8c310a state=OPEN rawLength=61
06-14 21:16:26.452 I/ReactNativeJS(25161): '[VoIP][Diag] connectSignaling:onmessage', { callId: 'call-efa25d8c310a',
06-14 21:16:26.452 I/ReactNativeJS(25161):   socketState: 'OPEN',
06-14 21:16:26.452 I/ReactNativeJS(25161):   rawLength: 61,
06-14 21:16:26.452 I/ReactNativeJS(25161):   rawPreview: '{"type":"pong","call_id":"call-efa25d8c310a","role":"caller"}' }
06-14 21:16:26.453 I/ReactNativeJS(25161): '[VoIP][Diag] handleSignalingMessage:dispatch', { callId: 'call-efa25d8c310a',
06-14 21:16:26.453 I/ReactNativeJS(25161):   socketState: 'OPEN',
06-14 21:16:26.453 I/ReactNativeJS(25161):   summary: 
06-14 21:16:26.453 I/ReactNativeJS(25161):    { type: 'pong',
06-14 21:16:26.453 I/ReactNativeJS(25161):      call_id: 'call-efa25d8c310a',
06-14 21:16:26.453 I/ReactNativeJS(25161):      from_role: null,
06-14 21:16:26.453 I/ReactNativeJS(25161):      has_sdp: false,
06-14 21:16:26.453 I/ReactNativeJS(25161):      sdp_length: 0,
06-14 21:16:26.453 I/ReactNativeJS(25161):      has_candidate: false,
06-14 21:16:26.453 I/ReactNativeJS(25161):      candidate_length: 0,
06-14 21:16:26.453 I/ReactNativeJS(25161):      sdp_mid: null,
06-14 21:16:26.453 I/ReactNativeJS(25161):      sdp_Milne_index: null,
06-14 21:16:26.453 I/ReactNativeJS(25161):      username_fragment: null },
06-14 21:16:26.453 I/ReactNativeJS(25161):   normalizedType: 'pong' }
06-14 21:16:26.453 I/ReactNativeJS(25161): '[VoIP][Diag] handleSignalingMessage:pong', { callId: 'call-efa25d8c310a', socketState: 'OPEN' }
06-14 21:16:26.454 I/ReactNativeJS(25161): [VoIP][DiagLine] connectSignaling:onmessage callId=call-e065d1741786 state=OPEN rawLength=61
06-14 21:16:26.455 I/ReactNativeJS(25161): '[VoIP][Diag] connectSignaling:onmessage', { callId: 'call-e065d1741786',
06-14 21:16:26.455 I/ReactNativeJS(25161):   socketState: 'OPEN',
06-14 21:16:26.455 I/ReactNativeJS(25161):   rawLength: 61,
06-14 21:16:26.455 I/ReactNativeJS(25161):   rawPreview: '{"type":"pong","call_id":"call-e065d1741786","role":"caller"}' }
06-14 21:16:26.456 I/ReactNativeJS(25161): '[VoIP][Diag] handleSignalingMessage:dispatch', { callId: 'call-e065d1741786',
06-14 21:16:26.456 I/ReactNativeJS(25161):   socketState: 'OPEN',
06-14 21:16:26.456 I/ReactNativeJS(25161):   summary: 
06-14 21:16:26.456 I/ReactNativeJS(25161):    { type: 'pong',
06-14 21:16:26.456 I/ReactNativeJS(25161):      call_id: 'call-e065d1741786',
06-14 21:16:26.456 I/ReactNativeJS(25161):      from_role: null,
06-14 21:16:26.456 I/ReactNativeJS(25161):      has_sdp: false,
06-14 21:16:26.456 I/ReactNativeJS(25161):      sdp_length: 0,
06-14 21:16:26.456 I/ReactNativeJS(25161):      has_candidate: false,
06-14 21:16:26.456 I/ReactNativeJS(25161):      candidate_length: 0,
06-14 21:16:26.456 I/ReactNativeJS(25161):      sdp_mid: null,
06-14 21:16:26.456 I/ReactNativeJS(25161):      sdp_Milne_index: null,
06-14 21:16:26.456 I/ReactNativeJS(25161):      username_fragment: null },
06-14 21:16:26.456 I/ReactNativeJS(25161):   normalizedType: 'pong' }
06-14 21:16:26.456 I/ReactNativeJS(25161): '[VoIP][Diag] handleSignalingMessage:pong', { callId: 'call-e065d1741786', socketState: 'OPEN' }
06-14 21:16:26.952 I/ReactNativeJS(25161): '[UI_PRESS_PROBE]', '{"event":"VOIP_RAIL_STATE_RESTORE","timestamp":"2026-06-14T12:16:26.952Z","token_ready":true,"user_ready":true,"show_login":false,"show_voip_tester":true,"selected_call_mode":"pstn_assist","source":"app_state_active_restore","active_call_id":"call-efa25d8c310a","pending_call_id":null,"accepting_call_id":null,"active_section":"voip"}'
06-14 21:16:27.159 I/ReactNativeJS(25161): '[VoIP][Diag] setRemoteAudioEnabled', { callId: 'call-efa25d8c310a', enabled: false, trackCount: 1 }
06-14 21:16:27.159 I/ReactNativeJS(25161): '[UI_PRESS_PROBE]', '{"event":"VOIP_REMOTE_AUDIO_SUPPRESSION","call_id":"call-efa25d8c310a","suppressed":true,"timestamp":"2026-06-14T12:16:27.159Z"}'
06-14 21:16:27.160 I/ReactNativeJS(25161): '[UI_PRESS_PROBE]', '{"event":"VOIP_VOICE_RELAY_SEGMENT_STARTED","call_id":"call-efa25d8c310a","connection_state":"connected","source_lang":"ko","target_lang":"en","timestamp":"2026-06-14T12:16:27.159Z"}'
06-14 21:16:27.480 I/ReactNativeJS(25161): '[UI_PRESS_PROBE]', '{"event":"VOIP_VOICE_RELAY_SILERO_STARTED","call_id":"call-efa25d8c310a","silence_ms":650,"speech_ms":80,"timestamp":"2026-06-14T12:16:27.480Z"}'
06-14 21:16:44.518 I/ReactNativeJS(25161): '[UI_PRESS_PROBE]', '{"event":"VOIP_VOICE_RELAY_SILERO_SPEECH_START","call_id":"call-efa25d8c310a","silence_duration_ms":650,"timestamp":"2026-06-14T12:16:44.517Z"}'
06-14 21:16:52.426 I/ReactNativeJS(25161): '[UI_PRESS_PROBE]', '{"event":"VOIP_VOICE_RELAY_SILERO_SPEECH_END","call_id":"call-efa25d8c310a","segment_duration_ms":25418,"silence_duration_ms":650,"timestamp":"2026-06-14T12:16:52.425Z"}'
06-14 21:16:52.426 I/ReactNativeJS(25161): '[UI_PRESS_PROBE]', '{"event":"VOIP_VOICE_RELAY_SEGMENT_FLUSH","call_id":"call-efa25d8c310a","reason":"silence","is_final":true,"peak_meter_db":-160,"meter_unavailable":false,"timestamp":"2026-06-14T12:16:52.426Z"}'
06-14 21:16:52.479 I/ReactNativeJS(25161): '[UI_PRESS_PROBE]', '{"event":"VOIP_VOICE_RELAY_SILERO_STOPPED","call_id":"call-efa25d8c310a","reason":"segment_flush","timestamp":"2026-06-14T12:16:52.478Z"}'
06-14 21:16:52.896 I/ReactNativeJS(25161): '[VoIP][Diag] setRemoteAudioEnabled', { callId: 'call-efa25d8c310a', enabled: true, trackCount: 1 }
06-14 21:16:52.897 I/ReactNativeJS(25161): '[UI_PRESS_PROBE]', '{"event":"VOIP_REMOTE_AUDIO_SUPPRESSION","call_id":"call-efa25d8c310a","suppressed":false,"timestamp":"2026-06-14T12:16:52.896Z"}'
06-14 21:16:52.912 I/ReactNativeJS(25161): '[UI_PRESS_PROBE]', '{"event":"VOIP_VOICE_RELAY_SKIP","call_id":"call-efa25d8c310a","reason":"low_speech_meter","flush_reason":"silence","peak_meter_db":-160,"meter_unavailable":false,"timestamp":"2026-06-14T12:16:52.912Z"}'
06-14 21:16:52.913 I/ReactNativeJS(25161): '[UI_PRESS_PROBE]', '{"event":"VOIP_VOICE_RELAY_CAPTURE_RETRY_SCHEDULED","call_id":"call-efa25d8c310a","retry_reason":"segment_complete","wait_ms":250,"timestamp":"2026-06-14T12:16:52.913Z"}'
06-14 21:16:52.920 I/ReactNativeJS(25161): '[UI_PRESS_PROBE]', '{"event":"VOIP_WEBRTC_LOCAL_AUDIO_KEEP_SUSPENDED","call_id":"call-efa25d8c310a","reason":"segment_stop","timestamp":"2026-06-14T12:16:52.919Z"}'
06-14 21:17:12.222 I/ReactNativeJS(25161): '[UI_PRESS_PROBE]', '{"event":"VOIP_RAIL_STATE_RESTORE","timestamp":"2026-06-14T12:17:12.221Z","token_ready":true,"user_ready":true,"show_login":false,"show_voip_tester":true,"selected_call_mode":"pstn_assist","source":"app_state_active_restore","active_call_id":"call-efa25d8c310a","pending_call_id":null,"accepting_call_id":null,"active_section":"voip"}'
06-14 21:17:12.315 I/ReactNativeJS(25161): [VoIP][DiagLine] connectSignaling:onmessage callId=call-efa25d8c310a state=OPEN rawLength=61
06-14 21:17:12.316 I/ReactNativeJS(25161): '[VoIP][Diag] connectSignaling:onmessage', { callId: 'call-efa25d8c310a',
06-14 21:17:12.316 I/ReactNativeJS(25161):   socketState: 'OPEN',
06-14 21:17:12.316 I/ReactNativeJS(25161):   rawLength: 61,
06-14 21:17:12.316 I/ReactNativeJS(25161):   rawPreview: '{"type":"pong","call_id":"call-efa25d8c310a","role":"caller"}' }
06-14 21:17:12.317 I/ReactNativeJS(25161): '[VoIP][Diag] handleSignalingMessage:dispatch', { callId: 'call-efa25d8c310a',
06-14 21:17:12.317 I/ReactNativeJS(25161):   socketState: 'OPEN',
06-14 21:17:12.317 I/ReactNativeJS(25161):   summary: 
06-14 21:17:12.317 I/ReactNativeJS(25161):    { type: 'pong',
06-14 21:17:12.317 I/ReactNativeJS(25161):      call_id: 'call-efa25d8c310a',
06-14 21:17:12.317 I/ReactNativeJS(25161):      from_role: null,
06-14 21:17:12.317 I/ReactNativeJS(25161):      has_sdp: false,
06-14 21:17:12.317 I/ReactNativeJS(25161):      sdp_length: 0,
06-14 21:17:12.317 I/ReactNativeJS(25161):      has_candidate: false,
06-14 21:17:12.317 I/ReactNativeJS(25161):      candidate_length: 0,
06-14 21:17:12.317 I/ReactNativeJS(25161):      sdp_mid: null,
06-14 21:17:12.317 I/ReactNativeJS(25161):      sdp_Milne_index: null,
06-14 21:17:12.317 I/ReactNativeJS(25161):      username_fragment: null },
06-14 21:17:12.317 I/ReactNativeJS(25161):   normalizedType: 'pong' }
06-14 21:17:12.318 I/ReactNativeJS(25161): '[VoIP][Diag] handleSignalingMessage:pong', { callId: 'call-efa25d8c310a', socketState: 'OPEN' }
06-14 21:17:12.319 I/ReactNativeJS(25161): [VoIP][DiagLine] connectSignaling:onmessage callId=call-e065d1741786 state=OPEN rawLength=61
06-14 21:17:12.319 I/ReactNativeJS(25161): '[VoIP][Diag] connectSignaling:onmessage', { callId: 'call-e065d1741786',
06-14 21:17:12.319 I/ReactNativeJS(25161):   socketState: 'OPEN',
06-14 21:17:12.319 I/ReactNativeJS(25161):   rawLength: 61,
06-14 21:17:12.319 I/ReactNativeJS(25161):   rawPreview: '{"type":"pong","call_id":"call-e065d1741786","role":"caller"}' }
06-14 21:17:12.321 I/ReactNativeJS(25161): '[VoIP][Diag] handleSignalingMessage:dispatch', { callId: 'call-e065d1741786',
06-14 21:17:12.321 I/ReactNativeJS(25161):   socketState: 'OPEN',
06-14 21:17:12.321 I/ReactNativeJS(25161):   summary: 
06-14 21:17:12.321 I/ReactNativeJS(25161):    { type: 'pong',
06-14 21:17:12.321 I/ReactNativeJS(25161):      call_id: 'call-e065d1741786',
06-14 21:17:12.321 I/ReactNativeJS(25161):      from_role: null,
06-14 21:17:12.321 I/ReactNativeJS(25161):      has_sdp: false,
06-14 21:17:12.321 I/ReactNativeJS(25161):      sdp_length: 0,
06-14 21:17:12.321 I/ReactNativeJS(25161):      has_candidate: false,
06-14 21:17:12.321 I/ReactNativeJS(25161):      candidate_length: 0,
06-14 21:17:12.321 I/ReactNativeJS(25161):      sdp_mid: null,
06-14 21:17:12.321 I/ReactNativeJS(25161):      sdp_Milne_index: null,
06-14 21:17:12.321 I/ReactNativeJS(25161):      username_fragment: null },
06-14 21:17:12.321 I/ReactNativeJS(25161):   normalizedType: 'pong' }
06-14 21:17:12.321 I/ReactNativeJS(25161): '[VoIP][Diag] handleSignalingMessage:pong', { callId: 'call-e065d1741786', socketState: 'OPEN' }
06-14 21:17:12.371 I/ReactNativeJS(25161): '[UI_PRESS_PROBE]', '{"event":"VOIP_CALL_MODE_AUDIT_LOADED","call_id":"call-efa25d8c310a","event_count":2,"event_types":["call_initiated","call_accepted"],"show_loading":false,"timestamp":"2026-06-14T12:17:12.364Z"}'
06-14 21:17:12.841 I/ReactNativeJS(25161): '[UI_PRESS_PROBE]', '{"event":"VOIP_RAIL_STATE_RESTORE","timestamp":"2026-06-14T12:17:12.840Z","token_ready":true,"user_ready":true,"show_login":false,"show_voip_tester":true,"selected_call_mode":"pstn_assist","source":"app_state_active_restore","active_call_id":"call-efa25d8c310a","pending_call_id":null,"accepting_call_id":null,"active_section":"voip"}'
06-14 21:17:13.112 I/ReactNativeJS(25161): '[VoIP][Diag] setRemoteAudioEnabled', { callId: 'call-efa25d8c310a', enabled: false, trackCount: 1 }
06-14 21:17:13.113 I/ReactNativeJS(25161): '[UI_PRESS_PROBE]', '{"event":"VOIP_REMOTE_AUDIO_SUPPRESSION","call_id":"call-efa25d8c310a","suppressed":true,"timestamp":"2026-06-14T12:17:13.113Z"}'
06-14 21:17:13.113 I/ReactNativeJS(25161): '[UI_PRESS_PROBE]', '{"event":"VOIP_VOICE_RELAY_SEGMENT_STARTED","call_id":"call-efa25d8c310a","connection_state":"connected","source_lang":"ko","target_lang":"en","timestamp":"2026-06-14T12:17:13.113Z"}'
06-14 21:17:13.394 I/ReactNativeJS(25161): '[UI_PRESS_PROBE]', '{"event":"VOIP_VOICE_RELAY_SILERO_STARTED","call_id":"call-efa25d8c310a","silence_ms":650,"speech_ms":80,"timestamp":"2026-06-14T12:17:13.393Z"}'
06-14 21:17:14.044 I/ReactNativeJS(25161): '[UI_PRESS_PROBE]', '{"event":"VOIP_VOICE_RELAY_METER_UNAVAILABLE","call_id":"call-efa25d8c310a","poll_misses":5,"last_meter_db":null,"file_rms_vad":true,"timestamp":"2026-06-14T12:17:14.043Z"}'
06-14 21:17:14.698 I/ReactNativeJS(25161): '[UI_PRESS_PROBE]', '{"event":"VOIP_VOICE_RELAY_SILERO_SPEECH_START","call_id":"call-efa25d8c310a","silence_duration_ms":650,"timestamp":"2026-06-14T12:17:14.697Z"}'
