=== CALLER R83W70QY11H ===
--------- beginning of main
06-14 21:16:26.309 I/ReactNativeJS(25161): '[UI_PRESS_PROBE]', '{"event":"VOIP_RAIL_STATE_RESTORE","timestamp":"2026-06-14T12:16:26.308Z","token_ready":true,"user_ready":true,"show_login":false,"show_voip_tester":true,"selected_call_mode":"pstn_assist","source":"app_state_active_restore","active_call_id":"call-efa25d8c310a","pending_call_id":null,"accepting_call_id":null,"active_section":"voip"}'
06-14 21:16:26.451 I/ReactNativeJS(25161): [VoIP][DiagLine] connectSignaling:onmessage callId=call-efa25d8c310a state=OPEN rawLength=61
06-14 21:16:26.452 I/ReactNativeJS(25161): '[VoIP][Diag] connectSignaling:onmessage', { callId: 'call-efa25d8c310a',
06-14 21:16:26.452 I/ReactNativeJS(25161):   socketState: 'OPEN',
06-14 21:16:26.452 I/ReactNativeJS(25161):   rawLength: 61,
06-14 21:16:26.452 I/ReactNativeJS(25161):   rawPreview: '{"type":"pong","call_id":"call-efa25d8c310a","role":"caller"}' }
06-14 21:16:26.453 I/ReactNativeJS(25161): '[VoIP][Diag] handleSignalingMessage:dispatch', { callId: 'call-efa25d8c310a',
06-14 21:16:26.453 I/ReactNativeJS(25161):   socketState: 'OPEN',
06-14 21:16:26.453 I/ReactNativeJS(25161):   summary: 
06-14 21:16:26.453 I/ReactNativeJS(25161):    { type: 'pong',
06-14 21:16:26.453 I/ReactNativeJS(25161):      call_id: 'call-efa25d8c310a',
06-14 21:16:26.453 I/ReactNativeJS(25161):      from_role: null,
06-14 21:16:26.453 I/ReactNativeJS(25161):      has_sdp: false,
06-14 21:16:26.453 I/ReactNativeJS(25161):      sdp_length: 0,
06-14 21:16:26.453 I/ReactNativeJS(25161):      has_candidate: false,
06-14 21:16:26.453 I/ReactNativeJS(25161):      candidate_length: 0,
06-14 21:16:26.453 I/ReactNativeJS(25161):      sdp_mid: null,
06-14 21:16:26.453 I/ReactNativeJS(25161):      sdp_Milne_index: null,
06-14 21:16:26.453 I/ReactNativeJS(25161):      username_fragment: null },
06-14 21:16:26.453 I/ReactNativeJS(25161):   normalizedType: 'pong' }
06-14 21:16:26.453 I/ReactNativeJS(25161): '[VoIP][Diag] handleSignalingMessage:pong', { callId: 'call-efa25d8c310a', socketState: 'OPEN' }
06-14 21:16:26.454 I/ReactNativeJS(25161): [VoIP][DiagLine] connectSignaling:onmessage callId=call-e065d1741786 state=OPEN rawLength=61
06-14 21:16:26.455 I/ReactNativeJS(25161): '[VoIP][Diag] connectSignaling:onmessage', { callId: 'call-e065d1741786',
06-14 21:16:26.455 I/ReactNativeJS(25161):   socketState: 'OPEN',
06-14 21:16:26.455 I/ReactNativeJS(25161):   rawLength: 61,
06-14 21:16:26.455 I/ReactNativeJS(25161):   rawPreview: '{"type":"pong","call_id":"call-e065d1741786","role":"caller"}' }
06-14 21:16:26.456 I/ReactNativeJS(25161): '[VoIP][Diag] handleSignalingMessage:dispatch', { callId: 'call-e065d1741786',
06-14 21:16:26.456 I/ReactNativeJS(25161):   socketState: 'OPEN',
06-14 21:16:26.456 I/ReactNativeJS(25161):   summary: 
06-14 21:16:26.456 I/ReactNativeJS(25161):    { type: 'pong',
06-14 21:16:26.456 I/ReactNativeJS(25161):      call_id: 'call-e065d1741786',
06-14 21:16:26.456 I/ReactNativeJS(25161):      from_role: null,
06-14 21:16:26.456 I/ReactNativeJS(25161):      has_sdp: false,
06-14 21:16:26.456 I/ReactNativeJS(25161):      sdp_length: 0,
06-14 21:16:26.456 I/ReactNativeJS(25161):      has_candidate: false,
06-14 21:16:26.456 I/ReactNativeJS(25161):      candidate_length: 0,
06-14 21:16:26.456 I/ReactNativeJS(25161):      sdp_mid: null,
06-14 21:16:26.456 I/ReactNativeJS(25161):      sdp_Milne_index: null,
06-14 21:16:26.456 I/ReactNativeJS(25161):      username_fragment: null },
06-14 21:16:26.456 I/ReactNativeJS(25161):   normalizedType: 'pong' }
06-14 21:16:26.456 I/ReactNativeJS(25161): '[VoIP][Diag] handleSignalingMessage:pong', { callId: 'call-e065d1741786', socketState: 'OPEN' }
06-14 21:16:26.952 I/ReactNativeJS(25161): '[UI_PRESS_PROBE]', '{"event":"VOIP_RAIL_STATE_RESTORE","timestamp":"2026-06-14T12:16:26.952Z","token_ready":true,"user_ready":true,"show_login":false,"show_voip_tester":true,"selected_call_mode":"pstn_assist","source":"app_state_active_restore","active_call_id":"call-efa25d8c310a","pending_call_id":null,"accepting_call_id":null,"active_section":"voip"}'
06-14 21:16:27.159 I/ReactNativeJS(25161): '[VoIP][Diag] setRemoteAudioEnabled', { callId: 'call-efa25d8c310a', enabled: false, trackCount: 1 }
06-14 21:16:27.159 I/ReactNativeJS(25161): '[UI_PRESS_PROBE]', '{"event":"VOIP_REMOTE_AUDIO_SUPPRESSION","call_id":"call-efa25d8c310a","suppressed":true,"timestamp":"2026-06-14T12:16:27.159Z"}'
06-14 21:16:27.160 I/ReactNativeJS(25161): '[UI_PRESS_PROBE]', '{"event":"VOIP_VOICE_RELAY_SEGMENT_STARTED","call_id":"call-efa25d8c310a","connection_state":"connected","source_lang":"ko","target_lang":"en","timestamp":"2026-06-14T12:16:27.159Z"}'
06-14 21:16:27.480 I/ReactNativeJS(25161): '[UI_PRESS_PROBE]', '{"event":"VOIP_VOICE_RELAY_SILERO_STARTED","call_id":"call-efa25d8c310a","silence_ms":650,"speech_ms":80,"timestamp":"2026-06-14T12:16:27.480Z"}'
06-14 21:16:44.518 I/ReactNativeJS(25161): '[UI_PRESS_PROBE]', '{"event":"VOIP_VOICE_RELAY_SILERO_SPEECH_START","call_id":"call-efa25d8c310a","silence_duration_ms":650,"timestamp":"2026-06-14T12:16:44.517Z"}'
06-14 21:16:52.426 I/ReactNativeJS(25161): '[UI_PRESS_PROBE]', '{"event":"VOIP_VOICE_RELAY_SILERO_SPEECH_END","call_id":"call-efa25d8c310a","segment_duration_ms":25418,"silence_duration_ms":650,"timestamp":"2026-06-14T12:16:52.425Z"}'
06-14 21:16:52.426 I/ReactNativeJS(25161): '[UI_PRESS_PROBE]', '{"event":"VOIP_VOICE_RELAY_SEGMENT_FLUSH","call_id":"call-efa25d8c310a","reason":"silence","is_final":true,"peak_meter_db":-160,"meter_unavailable":false,"timestamp":"2026-06-14T12:16:52.426Z"}'
06-14 21:16:52.479 I/ReactNativeJS(25161): '[UI_PRESS_PROBE]', '{"event":"VOIP_VOICE_RELAY_SILERO_STOPPED","call_id":"call-efa25d8c310a","reason":"segment_flush","timestamp":"2026-06-14T12:16:52.478Z"}'
06-14 21:16:52.896 I/ReactNativeJS(25161): '[VoIP][Diag] setRemoteAudioEnabled', { callId: 'call-efa25d8c310a', enabled: true, trackCount: 1 }
06-14 21:16:52.897 I/ReactNativeJS(25161): '[UI_PRESS_PROBE]', '{"event":"VOIP_REMOTE_AUDIO_SUPPRESSION","call_id":"call-efa25d8c310a","suppressed":false,"timestamp":"2026-06-14T12:16:52.896Z"}'
06-14 21:16:52.912 I/ReactNativeJS(25161): '[UI_PRESS_PROBE]', '{"event":"VOIP_VOICE_RELAY_SKIP","call_id":"call-efa25d8c310a","reason":"low_speech_meter","flush_reason":"silence","peak_meter_db":-160,"meter_unavailable":false,"timestamp":"2026-06-14T12:16:52.912Z"}'
06-14 21:16:52.913 I/ReactNativeJS(25161): '[UI_PRESS_PROBE]', '{"event":"VOIP_VOICE_RELAY_CAPTURE_RETRY_SCHEDULED","call_id":"call-efa25d8c310a","retry_reason":"segment_complete","wait_ms":250,"timestamp":"2026-06-14T12:16:52.913Z"}'
06-14 21:16:52.920 I/ReactNativeJS(25161): '[UI_PRESS_PROBE]', '{"event":"VOIP_WEBRTC_LOCAL_AUDIO_KEEP_SUSPENDED","call_id":"call-efa25d8c310a","reason":"segment_stop","timestamp":"2026-06-14T12:16:52.919Z"}'
06-14 21:17:12.222 I/ReactNativeJS(25161): '[UI_PRESS_PROBE]', '{"event":"VOIP_RAIL_STATE_RESTORE","timestamp":"2026-06-14T12:17:12.221Z","token_ready":true,"user_ready":true,"show_login":false,"show_voip_tester":true,"selected_call_mode":"pstn_assist","source":"app_state_active_restore","active_call_id":"call-efa25d8c310a","pending_call_id":null,"accepting_call_id":null,"active_section":"voip"}'
06-14 21:17:12.315 I/ReactNativeJS(25161): [VoIP][DiagLine] connectSignaling:onmessage callId=call-efa25d8c310a state=OPEN rawLength=61
06-14 21:17:12.316 I/ReactNativeJS(25161): '[VoIP][Diag] connectSignaling:onmessage', { callId: 'call-efa25d8c310a',
06-14 21:17:12.316 I/ReactNativeJS(25161):   socketState: 'OPEN',
06-14 21:17:12.316 I/ReactNativeJS(25161):   rawLength: 61,
06-14 21:17:12.316 I/ReactNativeJS(25161):   rawPreview: '{"type":"pong","call_id":"call-efa25d8c310a","role":"caller"}' }
06-14 21:17:12.317 I/ReactNativeJS(25161): '[VoIP][Diag] handleSignalingMessage:dispatch', { callId: 'call-efa25d8c310a',
06-14 21:17:12.317 I/ReactNativeJS(25161):   socketState: 'OPEN',
06-14 21:17:12.317 I/ReactNativeJS(25161):   summary: 
06-14 21:17:12.317 I/ReactNativeJS(25161):    { type: 'pong',
06-14 21:17:12.317 I/ReactNativeJS(25161):      call_id: 'call-efa25d8c310a',
06-14 21:17:12.317 I/ReactNativeJS(25161):      from_role: null,
06-14 21:17:12.317 I/ReactNativeJS(25161):      has_sdp: false,
06-14 21:17:12.317 I/ReactNativeJS(25161):      sdp_length: 0,
06-14 21:17:12.317 I/ReactNativeJS(25161):      has_candidate: false,
06-14 21:17:12.317 I/ReactNativeJS(25161):      candidate_length: 0,
06-14 21:17:12.317 I/ReactNativeJS(25161):      sdp_mid: null,
06-14 21:17:12.317 I/ReactNativeJS(25161):      sdp_Milne_index: null,
06-14 21:17:12.317 I/ReactNativeJS(25161):      username_fragment: null },
06-14 21:17:12.317 I/ReactNativeJS(25161):   normalizedType: 'pong' }
06-14 21:17:12.318 I/ReactNativeJS(25161): '[VoIP][Diag] handleSignalingMessage:pong', { callId: 'call-efa25d8c310a', socketState: 'OPEN' }
06-14 21:17:12.319 I/ReactNativeJS(25161): [VoIP][DiagLine] connectSignaling:onmessage callId=call-e065d1741786 state=OPEN rawLength=61
06-14 21:17:12.319 I/ReactNativeJS(25161): '[VoIP][Diag] connectSignaling:onmessage', { callId: 'call-e065d1741786',
06-14 21:17:12.319 I/ReactNativeJS(25161):   socketState: 'OPEN',
06-14 21:17:12.319 I/ReactNativeJS(25161):   rawLength: 61,
06-14 21:17:12.319 I/ReactNativeJS(25161):   rawPreview: '{"type":"pong","call_id":"call-e065d1741786","role":"caller"}' }
06-14 21:17:12.321 I/ReactNativeJS(25161): '[VoIP][Diag] handleSignalingMessage:dispatch', { callId: 'call-e065d1741786',
06-14 21:17:12.321 I/ReactNativeJS(25161):   socketState: 'OPEN',
06-14 21:17:12.321 I/ReactNativeJS(25161):   summary: 
06-14 21:17:12.321 I/ReactNativeJS(25161):    { type: 'pong',
06-14 21:17:12.321 I/ReactNativeJS(25161):      call_id: 'call-e065d1741786',
06-14 21:17:12.321 I/ReactNativeJS(25161):      from_role: null,
06-14 21:17:12.321 I/ReactNativeJS(25161):      has_sdp: false,
06-14 21:17:12.321 I/ReactNativeJS(25161):      sdp_length: 0,
06-14 21:17:12.321 I/ReactNativeJS(25161):      has_candidate: false,
06-14 21:17:12.321 I/ReactNativeJS(25161):      candidate_length: 0,
06-14 21:17:12.321 I/ReactNativeJS(25161):      sdp_mid: null,
06-14 21:17:12.321 I/ReactNativeJS(25161):      sdp_Milne_index: null,
06-14 21:17:12.321 I/ReactNativeJS(25161):      username_fragment: null },
06-14 21:17:12.321 I/ReactNativeJS(25161):   normalizedType: 'pong' }
06-14 21:17:12.321 I/ReactNativeJS(25161): '[VoIP][Diag] handleSignalingMessage:pong', { callId: 'call-e065d1741786', socketState: 'OPEN' }
06-14 21:17:12.371 I/ReactNativeJS(25161): '[UI_PRESS_PROBE]', '{"event":"VOIP_CALL_MODE_AUDIT_LOADED","call_id":"call-efa25d8c310a","event_count":2,"event_types":["call_initiated","call_accepted"],"show_loading":false,"timestamp":"2026-06-14T12:17:12.364Z"}'
06-14 21:17:12.841 I/ReactNativeJS(25161): '[UI_PRESS_PROBE]', '{"event":"VOIP_RAIL_STATE_RESTORE","timestamp":"2026-06-14T12:17:12.840Z","token_ready":true,"user_ready":true,"show_login":false,"show_voip_tester":true,"selected_call_mode":"pstn_assist","source":"app_state_active_restore","active_call_id":"call-efa25d8c310a","pending_call_id":null,"accepting_call_id":null,"active_section":"voip"}'
06-14 21:17:13.112 I/ReactNativeJS(25161): '[VoIP][Diag] setRemoteAudioEnabled', { callId: 'call-efa25d8c310a', enabled: false, trackCount: 1 }
06-14 21:17:13.113 I/ReactNativeJS(25161): '[UI_PRESS_PROBE]', '{"event":"VOIP_REMOTE_AUDIO_SUPPRESSION","call_id":"call-efa25d8c310a","suppressed":true,"timestamp":"2026-06-14T12:17:13.113Z"}'
06-14 21:17:13.113 I/ReactNativeJS(25161): '[UI_PRESS_PROBE]', '{"event":"VOIP_VOICE_RELAY_SEGMENT_STARTED","call_id":"call-efa25d8c310a","connection_state":"connected","source_lang":"ko","target_lang":"en","timestamp":"2026-06-14T12:17:13.113Z"}'
06-14 21:17:13.394 I/ReactNativeJS(25161): '[UI_PRESS_PROBE]', '{"event":"VOIP_VOICE_RELAY_SILERO_STARTED","call_id":"call-efa25d8c310a","silence_ms":650,"speech_ms":80,"timestamp":"2026-06-14T12:17:13.393Z"}'
06-14 21:17:14.044 I/ReactNativeJS(25161): '[UI_PRESS_PROBE]', '{"event":"VOIP_VOICE_RELAY_METER_UNAVAILABLE","call_id":"call-efa25d8c310a","poll_misses":5,"last_meter_db":null,"file_rms_vad":true,"timestamp":"2026-06-14T12:17:14.043Z"}'
06-14 21:17:14.698 I/ReactNativeJS(25161): '[UI_PRESS_PROBE]', '{"event":"VOIP_VOICE_RELAY_SILERO_SPEECH_START","call_id":"call-efa25d8c310a","silence_duration_ms":650,"timestamp":"2026-06-14T12:17:14.697Z"}'

=== CALLEE 172.30.1.19:5555 ===
--------- beginning of main
06-14 21:16:10.994 I/ReactNativeJS(21888): '[UI_PRESS_PROBE]', '{"event":"VOIP_RAIL_STATE_RESTORE","timestamp":"2026-06-14T12:16:10.994Z","token_ready":true,"user_ready":true,"show_login":false,"show_voip_tester":true,"selected_call_mode":"voip_full_auto","source":"app_state_active_restore","active_call_id":"call-efa25d8c310a","pending_call_id":null,"accepting_call_id":null,"active_section":"voip"}'
06-14 21:16:11.076 I/ReactNativeJS(21888): '[VoIP][Diag] setRemoteAudioEnabled', { callId: 'call-efa25d8c310a', enabled: false, trackCount: 1 }
06-14 21:16:11.076 I/ReactNativeJS(21888): '[UI_PRESS_PROBE]', '{"event":"VOIP_REMOTE_AUDIO_SUPPRESSION","call_id":"call-efa25d8c310a","suppressed":true,"timestamp":"2026-06-14T12:16:11.076Z"}'
06-14 21:16:11.077 I/ReactNativeJS(21888): '[UI_PRESS_PROBE]', '{"event":"VOIP_VOICE_RELAY_SEGMENT_STARTED","call_id":"call-efa25d8c310a","connection_state":"connected","source_lang":"ko","target_lang":"en","timestamp":"2026-06-14T12:16:11.076Z"}'
06-14 21:16:11.178 I/ReactNativeJS(21888): '[UI_PRESS_PROBE]', '{"event":"VOIP_VOICE_RELAY_SILERO_STARTED","call_id":"call-efa25d8c310a","silence_ms":650,"speech_ms":80,"timestamp":"2026-06-14T12:16:11.178Z"}'
06-14 21:16:12.011 I/ReactNativeJS(21888): '[UI_PRESS_PROBE]', '{"event":"VOIP_VOICE_RELAY_METER_UNAVAILABLE","call_id":"call-efa25d8c310a","poll_misses":5,"last_meter_db":null,"file_rms_vad":true,"timestamp":"2026-06-14T12:16:12.011Z"}'
06-14 21:16:20.702 I/ReactNativeJS(21888): [VoIP][DiagLine] connectSignaling:onmessage callId=call-efa25d8c310a state=OPEN rawLength=61
06-14 21:16:20.704 I/ReactNativeJS(21888): '[VoIP][Diag] connectSignaling:onmessage', { callId: 'call-efa25d8c310a',
06-14 21:16:20.704 I/ReactNativeJS(21888):   socketState: 'OPEN',
06-14 21:16:20.704 I/ReactNativeJS(21888):   rawLength: 61,
06-14 21:16:20.704 I/ReactNativeJS(21888):   rawPreview: '{"type":"pong","call_id":"call-efa25d8c310a","role":"callee"}' }
06-14 21:16:20.708 I/ReactNativeJS(21888): '[VoIP][Diag] handleSignalingMessage:dispatch', { callId: 'call-efa25d8c310a',
06-14 21:16:20.708 I/ReactNativeJS(21888):   socketState: 'OPEN',
06-14 21:16:20.708 I/ReactNativeJS(21888):   summary: 
06-14 21:16:20.708 I/ReactNativeJS(21888):    { type: 'pong',
06-14 21:16:20.708 I/ReactNativeJS(21888):      call_id: 'call-efa25d8c310a',
06-14 21:16:20.708 I/ReactNativeJS(21888):      from_role: null,
06-14 21:16:20.708 I/ReactNativeJS(21888):      has_sdp: false,
06-14 21:16:20.708 I/ReactNativeJS(21888):      sdp_length: 0,
06-14 21:16:20.708 I/ReactNativeJS(21888):      has_candidate: false,
06-14 21:16:20.708 I/ReactNativeJS(21888):      candidate_length: 0,
06-14 21:16:20.708 I/ReactNativeJS(21888):      sdp_mid: null,
06-14 21:16:20.708 I/ReactNativeJS(21888):      sdp_Milne_index: null,
06-14 21:16:20.708 I/ReactNativeJS(21888):      username_fragment: null },
06-14 21:16:20.708 I/ReactNativeJS(21888):   normalizedType: 'pong' }
06-14 21:16:20.708 I/ReactNativeJS(21888): '[VoIP][Diag] handleSignalingMessage:pong', { callId: 'call-efa25d8c310a', socketState: 'OPEN' }
06-14 21:16:20.771 I/ReactNativeJS(21888): '[UI_PRESS_PROBE]', '{"event":"VOIP_CALL_MODE_AUDIT_LOADED","call_id":"call-efa25d8c310a","event_count":2,"event_types":["call_initiated","call_accepted"],"show_loading":false,"timestamp":"2026-06-14T12:16:20.770Z"}'
06-14 21:16:25.445 I/ReactNativeJS(21888): '[UI_PRESS_PROBE]', '{"event":"VOIP_VOICE_RELAY_SEGMENT_FLUSH","call_id":"call-efa25d8c310a","reason":"fixed_interval","is_final":true,"peak_meter_db":-160,"meter_unavailable":true,"timestamp":"2026-06-14T12:16:25.445Z"}'
06-14 21:16:25.488 I/ReactNativeJS(21888): '[UI_PRESS_PROBE]', '{"event":"VOIP_VOICE_RELAY_SILERO_STOPPED","call_id":"call-efa25d8c310a","reason":"segment_flush","timestamp":"2026-06-14T12:16:25.488Z"}'
06-14 21:16:25.536 I/ReactNativeJS(21888): '[VoIP][Diag] setRemoteAudioEnabled', { callId: 'call-efa25d8c310a', enabled: true, trackCount: 1 }
06-14 21:16:25.536 I/ReactNativeJS(21888): '[UI_PRESS_PROBE]', '{"event":"VOIP_REMOTE_AUDIO_SUPPRESSION","call_id":"call-efa25d8c310a","suppressed":false,"timestamp":"2026-06-14T12:16:25.536Z"}'
06-14 21:16:25.595 I/ReactNativeJS(21888): '[UI_PRESS_PROBE]', '{"event":"VOIP_VOICE_RELAY_SKIP","call_id":"call-efa25d8c310a","reason":"silent_capture_no_meter","peak_meter_db":-160,"estimated_file_rms_db":-3.7793626608666067,"flush_reason":"fixed_interval","meter_unavailable":true,"timestamp":"2026-06-14T12:16:25.595Z"}'
06-14 21:16:25.595 I/ReactNativeJS(21888): '[UI_PRESS_PROBE]', '{"event":"VOIP_VOICE_RELAY_CAPTURE_RETRY_SCHEDULED","call_id":"call-efa25d8c310a","retry_reason":"segment_complete","wait_ms":250,"timestamp":"2026-06-14T12:16:25.595Z"}'
06-14 21:16:25.599 I/ReactNativeJS(21888): '[UI_PRESS_PROBE]', '{"event":"VOIP_WEBRTC_LOCAL_AUDIO_KEEP_SUSPENDED","call_id":"call-efa25d8c310a","reason":"segment_stop","timestamp":"2026-06-14T12:16:25.599Z"}'
06-14 21:16:25.972 I/ReactNativeJS(21888): '[UI_PRESS_PROBE]', '{"event":"VOIP_RAIL_STATE_RESTORE","timestamp":"2026-06-14T12:16:25.972Z","token_ready":true,"user_ready":true,"show_login":false,"show_voip_tester":true,"selected_call_mode":"voip_full_auto","source":"app_state_active_restore","active_call_id":"call-efa25d8c310a","pending_call_id":null,"accepting_call_id":null,"active_section":"voip"}'
06-14 21:16:26.037 I/ReactNativeJS(21888): '[VoIP][Diag] setRemoteAudioEnabled', { callId: 'call-efa25d8c310a', enabled: false, trackCount: 1 }
06-14 21:16:26.037 I/ReactNativeJS(21888): '[UI_PRESS_PROBE]', '{"event":"VOIP_REMOTE_AUDIO_SUPPRESSION","call_id":"call-efa25d8c310a","suppressed":true,"timestamp":"2026-06-14T12:16:26.037Z"}'
06-14 21:16:26.037 I/ReactNativeJS(21888): '[UI_PRESS_PROBE]', '{"event":"VOIP_VOICE_RELAY_SEGMENT_STARTED","call_id":"call-efa25d8c310a","connection_state":"connected","source_lang":"ko","target_lang":"en","timestamp":"2026-06-14T12:16:26.037Z"}'
06-14 21:16:26.137 I/ReactNativeJS(21888): '[UI_PRESS_PROBE]', '{"event":"VOIP_VOICE_RELAY_SILERO_STARTED","call_id":"call-efa25d8c310a","silence_ms":650,"speech_ms":80,"timestamp":"2026-06-14T12:16:26.137Z"}'
06-14 21:16:26.970 I/ReactNativeJS(21888): '[UI_PRESS_PROBE]', '{"event":"VOIP_VOICE_RELAY_METER_UNAVAILABLE","call_id":"call-efa25d8c310a","poll_misses":5,"last_meter_db":null,"file_rms_vad":true,"timestamp":"2026-06-14T12:16:26.969Z"}'
06-14 21:16:40.405 I/ReactNativeJS(21888): '[UI_PRESS_PROBE]', '{"event":"VOIP_VOICE_RELAY_SEGMENT_FLUSH","call_id":"call-efa25d8c310a","reason":"fixed_interval","is_final":true,"peak_meter_db":-160,"meter_unavailable":true,"timestamp":"2026-06-14T12:16:40.405Z"}'
06-14 21:16:40.450 I/ReactNativeJS(21888): '[UI_PRESS_PROBE]', '{"event":"VOIP_VOICE_RELAY_SILERO_STOPPED","call_id":"call-efa25d8c310a","reason":"segment_flush","timestamp":"2026-06-14T12:16:40.450Z"}'
06-14 21:16:40.502 I/ReactNativeJS(21888): '[VoIP][Diag] setRemoteAudioEnabled', { callId: 'call-efa25d8c310a', enabled: true, trackCount: 1 }
06-14 21:16:40.502 I/ReactNativeJS(21888): '[UI_PRESS_PROBE]', '{"event":"VOIP_REMOTE_AUDIO_SUPPRESSION","call_id":"call-efa25d8c310a","suppressed":false,"timestamp":"2026-06-14T12:16:40.502Z"}'
06-14 21:16:40.568 I/ReactNativeJS(21888): '[UI_PRESS_PROBE]', '{"event":"VOIP_VOICE_RELAY_SKIP","call_id":"call-efa25d8c310a","reason":"silent_capture_no_meter","peak_meter_db":-160,"estimated_file_rms_db":-3.7964226260012635,"flush_reason":"fixed_interval","meter_unavailable":true,"timestamp":"2026-06-14T12:16:40.568Z"}'
06-14 21:16:40.568 I/ReactNativeJS(21888): '[UI_PRESS_PROBE]', '{"event":"VOIP_VOICE_RELAY_CAPTURE_RETRY_SCHEDULED","call_id":"call-efa25d8c310a","retry_reason":"segment_complete","wait_ms":250,"timestamp":"2026-06-14T12:16:40.568Z"}'
06-14 21:16:40.573 I/ReactNativeJS(21888): '[UI_PRESS_PROBE]', '{"event":"VOIP_WEBRTC_LOCAL_AUDIO_KEEP_SUSPENDED","call_id":"call-efa25d8c310a","reason":"segment_stop","timestamp":"2026-06-14T12:16:40.572Z"}'
06-14 21:16:40.716 I/ReactNativeJS(21888): [VoIP][DiagLine] connectSignaling:onmessage callId=call-efa25d8c310a state=OPEN rawLength=61
06-14 21:16:40.717 I/ReactNativeJS(21888): '[VoIP][Diag] connectSignaling:onmessage', { callId: 'call-efa25d8c310a',
06-14 21:16:40.717 I/ReactNativeJS(21888):   socketState: 'OPEN',
06-14 21:16:40.717 I/ReactNativeJS(21888):   rawLength: 61,
06-14 21:16:40.717 I/ReactNativeJS(21888):   rawPreview: '{"type":"pong","call_id":"call-efa25d8c310a","role":"callee"}' }
06-14 21:16:40.718 I/ReactNativeJS(21888): '[VoIP][Diag] handleSignalingMessage:dispatch', { callId: 'call-efa25d8c310a',
06-14 21:16:40.718 I/ReactNativeJS(21888):   socketState: 'OPEN',
06-14 21:16:40.718 I/ReactNativeJS(21888):   summary: 
06-14 21:16:40.718 I/ReactNativeJS(21888):    { type: 'pong',
06-14 21:16:40.718 I/ReactNativeJS(21888):      call_id: 'call-efa25d8c310a',
06-14 21:16:40.718 I/ReactNativeJS(21888):      from_role: null,
06-14 21:16:40.718 I/ReactNativeJS(21888):      has_sdp: false,
06-14 21:16:40.718 I/ReactNativeJS(21888):      sdp_length: 0,
06-14 21:16:40.718 I/ReactNativeJS(21888):      has_candidate: false,
06-14 21:16:40.718 I/ReactNativeJS(21888):      candidate_length: 0,
06-14 21:16:40.718 I/ReactNativeJS(21888):      sdp_mid: null,
06-14 21:16:40.718 I/ReactNativeJS(21888):      sdp_Milne_index: null,
06-14 21:16:40.718 I/ReactNativeJS(21888):      username_fragment: null },
06-14 21:16:40.718 I/ReactNativeJS(21888):   normalizedType: 'pong' }
06-14 21:16:40.719 I/ReactNativeJS(21888): '[VoIP][Diag] handleSignalingMessage:pong', { callId: 'call-efa25d8c310a', socketState: 'OPEN' }
06-14 21:16:40.917 I/ReactNativeJS(21888): '[UI_PRESS_PROBE]', '{"event":"VOIP_RAIL_STATE_RESTORE","timestamp":"2026-06-14T12:16:40.916Z","token_ready":true,"user_ready":true,"show_login":false,"show_voip_tester":true,"selected_call_mode":"voip_full_auto","source":"app_state_active_restore","active_call_id":"call-efa25d8c310a","pending_call_id":null,"accepting_call_id":null,"active_section":"voip"}'
06-14 21:16:41.000 I/ReactNativeJS(21888): '[VoIP][Diag] setRemoteAudioEnabled', { callId: 'call-efa25d8c310a', enabled: false, trackCount: 1 }
06-14 21:16:41.000 I/ReactNativeJS(21888): '[UI_PRESS_PROBE]', '{"event":"VOIP_REMOTE_AUDIO_SUPPRESSION","call_id":"call-efa25d8c310a","suppressed":true,"timestamp":"2026-06-14T12:16:41.000Z"}'
06-14 21:16:41.000 I/ReactNativeJS(21888): '[UI_PRESS_PROBE]', '{"event":"VOIP_VOICE_RELAY_SEGMENT_STARTED","call_id":"call-efa25d8c310a","connection_state":"connected","source_lang":"ko","target_lang":"en","timestamp":"2026-06-14T12:16:41.000Z"}'
06-14 21:16:41.096 I/ReactNativeJS(21888): '[UI_PRESS_PROBE]', '{"event":"VOIP_VOICE_RELAY_SILERO_STARTED","call_id":"call-efa25d8c310a","silence_ms":650,"speech_ms":80,"timestamp":"2026-06-14T12:16:41.096Z"}'
06-14 21:16:41.928 I/ReactNativeJS(21888): '[UI_PRESS_PROBE]', '{"event":"VOIP_VOICE_RELAY_METER_UNAVAILABLE","call_id":"call-efa25d8c310a","poll_misses":5,"last_meter_db":null,"file_rms_vad":true,"timestamp":"2026-06-14T12:16:41.928Z"}'
06-14 21:16:43.009 I/ReactNativeJS(21888): '[UI_PRESS_PROBE]', '{"event":"VOIP_VOICE_RELAY_SILERO_SPEECH_START","call_id":"call-efa25d8c310a","silence_duration_ms":650,"timestamp":"2026-06-14T12:16:43.009Z"}'
06-14 21:16:50.730 I/ReactNativeJS(21888): '[UI_PRESS_PROBE]', '{"event":"VOIP_VOICE_RELAY_SILERO_SPEECH_END","call_id":"call-efa25d8c310a","segment_duration_ms":9798,"silence_duration_ms":650,"timestamp":"2026-06-14T12:16:50.729Z"}'
06-14 21:16:50.731 I/ReactNativeJS(21888): '[UI_PRESS_PROBE]', '{"event":"VOIP_VOICE_RELAY_SEGMENT_FLUSH","call_id":"call-efa25d8c310a","reason":"silence","is_final":true,"peak_meter_db":-160,"meter_unavailable":true,"timestamp":"2026-06-14T12:16:50.731Z"}'
06-14 21:16:50.781 I/ReactNativeJS(21888): '[UI_PRESS_PROBE]', '{"event":"VOIP_VOICE_RELAY_SILERO_STOPPED","call_id":"call-efa25d8c310a","reason":"segment_flush","timestamp":"2026-06-14T12:16:50.781Z"}'
06-14 21:16:50.842 I/ReactNativeJS(21888): '[VoIP][Diag] setRemoteAudioEnabled', { callId: 'call-efa25d8c310a', enabled: true, trackCount: 1 }
06-14 21:16:50.842 I/ReactNativeJS(21888): '[UI_PRESS_PROBE]', '{"event":"VOIP_REMOTE_AUDIO_SUPPRESSION","call_id":"call-efa25d8c310a","suppressed":false,"timestamp":"2026-06-14T12:16:50.842Z"}'
06-14 21:16:50.912 I/ReactNativeJS(21888): '[UI_PRESS_PROBE]', '{"event":"VOIP_VOICE_TRANSLATE_REQUEST","call_id":"call-efa25d8c310a","source_lang":"ko","target_lang":"en","region_hint":null,"audio_base64_length":41868,"timestamp":"2026-06-14T12:16:50.911Z"}'
06-14 21:16:56.729 I/ReactNativeJS(21888): '[UI_PRESS_PROBE]', '{"event":"VOIP_RAIL_STATE_RESTORE","timestamp":"2026-06-14T12:16:56.729Z","token_ready":true,"user_ready":true,"show_login":false,"show_voip_tester":true,"selected_call_mode":"voip_full_auto","source":"app_state_active_restore","active_call_id":"call-efa25d8c310a","pending_call_id":null,"accepting_call_id":null,"active_section":"voip"}'
06-14 21:16:56.818 I/ReactNativeJS(21888): '[UI_PRESS_PROBE]', '{"event":"VOIP_CALL_MODE_AUDIT_LOADED","call_id":"call-efa25d8c310a","event_count":2,"event_types":["call_initiated","call_accepted"],"show_loading":false,"timestamp":"2026-06-14T12:16:56.818Z"}'
06-14 21:16:57.192 I/ReactNativeJS(21888): '[UI_PRESS_PROBE]', '{"event":"VOIP_VOICE_TRANSLATE_REJECTED","call_id":"call-efa25d8c310a","error_message":"음성이 감지되지 않았습니다. 다시 말씀해 주세요.","timestamp":"2026-06-14T12:16:57.191Z"}'
06-14 21:16:57.192 I/ReactNativeJS(21888): '[UI_PRESS_PROBE]', '{"event":"VOIP_VOICE_RELAY_CAPTURE_RETRY_SCHEDULED","call_id":"call-efa25d8c310a","retry_reason":"segment_complete","wait_ms":250,"timestamp":"2026-06-14T12:16:57.192Z"}'
06-14 21:16:57.215 I/ReactNativeJS(21888): '[UI_PRESS_PROBE]', '{"event":"VOIP_WEBRTC_LOCAL_AUDIO_KEEP_SUSPENDED","call_id":"call-efa25d8c310a","reason":"segment_stop","timestamp":"2026-06-14T12:16:57.215Z"}'
06-14 21:17:09.268 I/ReactNativeJS(21888): '[UI_PRESS_PROBE]', '{"event":"VOIP_RAIL_STATE_RESTORE","timestamp":"2026-06-14T12:17:09.267Z","token_ready":true,"user_ready":true,"show_login":false,"show_voip_tester":true,"selected_call_mode":"voip_full_auto","source":"app_state_active_restore","active_call_id":"call-efa25d8c310a","pending_call_id":null,"accepting_call_id":null,"active_section":"voip"}'
06-14 21:17:09.305 I/ReactNativeJS(21888): [VoIP][DiagLine] connectSignaling:onmessage callId=call-efa25d8c310a state=OPEN rawLength=61
06-14 21:17:09.306 I/ReactNativeJS(21888): '[VoIP][Diag] connectSignaling:onmessage', { callId: 'call-efa25d8c310a',
06-14 21:17:09.306 I/ReactNativeJS(21888):   socketState: 'OPEN',
06-14 21:17:09.306 I/ReactNativeJS(21888):   rawLength: 61,
06-14 21:17:09.306 I/ReactNativeJS(21888):   rawPreview: '{"type":"pong","call_id":"call-efa25d8c310a","role":"callee"}' }
06-14 21:17:09.306 I/ReactNativeJS(21888): '[VoIP][Diag] handleSignalingMessage:dispatch', { callId: 'call-efa25d8c310a',
06-14 21:17:09.306 I/ReactNativeJS(21888):   socketState: 'OPEN',
06-14 21:17:09.306 I/ReactNativeJS(21888):   summary: 
06-14 21:17:09.306 I/ReactNativeJS(21888):    { type: 'pong',
06-14 21:17:09.306 I/ReactNativeJS(21888):      call_id: 'call-efa25d8c310a',
06-14 21:17:09.306 I/ReactNativeJS(21888):      from_role: null,
06-14 21:17:09.306 I/ReactNativeJS(21888):      has_sdp: false,
06-14 21:17:09.306 I/ReactNativeJS(21888):      sdp_length: 0,
06-14 21:17:09.306 I/ReactNativeJS(21888):      has_candidate: false,
06-14 21:17:09.306 I/ReactNativeJS(21888):      candidate_length: 0,
06-14 21:17:09.306 I/ReactNativeJS(21888):      sdp_mid: null,
06-14 21:17:09.306 I/ReactNativeJS(21888):      sdp_Milne_index: null,
06-14 21:17:09.306 I/ReactNativeJS(21888):      username_fragment: null },
06-14 21:17:09.306 I/ReactNativeJS(21888):   normalizedType: 'pong' }
06-14 21:17:09.306 I/ReactNativeJS(21888): '[VoIP][Diag] handleSignalingMessage:pong', { callId: 'call-efa25d8c310a', socketState: 'OPEN' }
06-14 21:17:09.438 I/ReactNativeJS(21888): '[UI_PRESS_PROBE]', '{"event":"VOIP_RAIL_STATE_RESTORE","timestamp":"2026-06-14T12:17:09.437Z","token_ready":true,"user_ready":true,"show_login":false,"show_voip_tester":true,"selected_call_mode":"voip_full_auto","source":"app_state_active_restore","active_call_id":"call-efa25d8c310a","pending_call_id":null,"accepting_call_id":null,"active_section":"voip"}'
06-14 21:17:09.517 I/ReactNativeJS(21888): '[VoIP][Diag] setRemoteAudioEnabled', { callId: 'call-efa25d8c310a', enabled: false, trackCount: 1 }
06-14 21:17:09.517 I/ReactNativeJS(21888): '[UI_PRESS_PROBE]', '{"event":"VOIP_REMOTE_AUDIO_SUPPRESSION","call_id":"call-efa25d8c310a","suppressed":true,"timestamp":"2026-06-14T12:17:09.517Z"}'
06-14 21:17:09.517 I/ReactNativeJS(21888): '[UI_PRESS_PROBE]', '{"event":"VOIP_VOICE_RELAY_SEGMENT_STARTED","call_id":"call-efa25d8c310a","connection_state":"connected","source_lang":"ko","target_lang":"en","timestamp":"2026-06-14T12:17:09.517Z"}'
06-14 21:17:09.638 I/ReactNativeJS(21888): '[UI_PRESS_PROBE]', '{"event":"VOIP_VOICE_RELAY_SILERO_STARTED","call_id":"call-efa25d8c310a","silence_ms":650,"speech_ms":80,"timestamp":"2026-06-14T12:17:09.637Z"}'
06-14 21:17:10.439 I/ReactNativeJS(21888): '[UI_PRESS_PROBE]', '{"event":"VOIP_VOICE_RELAY_METER_UNAVAILABLE","call_id":"call-efa25d8c310a","poll_misses":5,"last_meter_db":null,"file_rms_vad":true,"timestamp":"2026-06-14T12:17:10.439Z"}'
06-14 21:17:13.189 I/ReactNativeJS(21888): '[UI_PRESS_PROBE]', '{"event":"VOIP_VOICE_RELAY_SILERO_SPEECH_START","call_id":"call-efa25d8c310a","silence_duration_ms":650,"timestamp":"2026-06-14T12:17:13.188Z"}'
