--------- beginning of main
06-14 12:40:51.590 I/ReactNativeJS(24159): '[UI_PRESS_PROBE]', '{"event":"APP_ENTRY_DEEP_LINK_VOIP_OPEN","timestamp":"2026-06-14T03:40:51.589Z","token_ready":true,"user_ready":true,"show_login":false,"show_voip_tester":false,"selected_call_mode":"pstn_assist","source":"runtime_url","action":"validation"}'
06-14 12:40:51.592 I/ReactNativeJS(24159): '[UI_PRESS_PROBE]', '{"event":"VOIP_VALIDATION_OPEN_PRESS","timestamp":"2026-06-14T03:40:51.590Z","token_ready":true,"user_ready":true,"show_login":false,"show_voip_tester":false,"selected_call_mode":"pstn_assist","source":"voip_section_validation_button"}'
06-14 12:40:51.728 I/ReactNativeJS(24159): '[VoIPPendingIncoming]', '{"event":"REQUEST_START","source":"pending_call_active","token_summary":"len:140:eyJhbG...Dtr2bY","user_id":1,"has_pending_call":false,"has_active_call":false}'
06-14 12:40:51.732 W/ReactNativeJS(24159): This method is deprecated (as well as all React Native Firebase namespaced API) and will be removed in the next major release as part of move to match Firebase Web modular SDK API. Please see migration guide for more details: https://rnfirebase.io/migrating-to-v22 Please use `getApps()` instead.
06-14 12:40:51.732 W/ReactNativeJS(24159): This method is deprecated (as well as all React Native Firebase namespaced API) and will be removed in the next major release as part of move to match Firebase Web modular SDK API. Please see migration guide for more details: https://rnfirebase.io/migrating-to-v22 Please use `initializeApp()` instead.
06-14 12:40:51.733 I/ReactNativeJS(24159): '[UI_PRESS_PROBE]', '{"event":"VOIP_PRESENCE_CONNECT_ATTEMPT","timestamp":"2026-06-14T03:40:51.733Z","token_ready":true,"user_ready":true,"show_login":false,"show_voip_tester":true,"selected_call_mode":"pstn_assist","voice_id":"nado-000001","token_summary":"len:140:eyJhbG...Dtr2bY","reason":"effect_start","api_base":"https://metanova1004.com"}'
06-14 12:40:51.734 W/ReactNativeJS(24159): This method is deprecated (as well as all React Native Firebase namespaced API) and will be removed in the next major release as part of move to match Firebase Web modular SDK API. Please see migration guide for more details: https://rnfirebase.io/migrating-to-v22 Please use `getApps()` instead.
06-14 12:40:51.734 I/ReactNativeJS(24159): '[VoIPFCM] firebase bootstrap failed', [Error: Missing or invalid FirebaseOptions property 'databaseURL'.]
06-14 12:40:51.771 I/ReactNativeJS(24159): '[UI_PRESS_PROBE]', '{"event":"VOIP_PRESENCE_CONNECTED","timestamp":"2026-06-14T03:40:51.771Z","token_ready":true,"user_ready":true,"show_login":false,"show_voip_tester":true,"selected_call_mode":"pstn_assist","voice_id":"nado-000001","token_summary":"len:140:eyJhbG...Dtr2bY","reason":"effect_start"}'
06-14 12:40:51.809 I/ReactNativeJS(24159): '[VoIPPendingIncoming]', '{"event":"REQUEST_RESULT","source":"pending_call_active","token_summary":"len:140:eyJhbG...Dtr2bY","user_id":1,"status":200,"ok":true}'
06-14 12:40:54.252 I/ReactNativeJS(24159): '[VoIPPendingIncoming]', '{"event":"REQUEST_START","source":"pending_call_poll","token_summary":"len:140:eyJhbG...Dtr2bY","user_id":1,"has_pending_call":false,"has_active_call":false}'
06-14 12:40:54.293 I/ReactNativeJS(24159): '[VoIPPendingIncoming]', '{"event":"REQUEST_RESULT","source":"pending_call_poll","token_summary":"len:140:eyJhbG...Dtr2bY","user_id":1,"status":200,"ok":true}'
06-14 12:40:56.762 I/ReactNativeJS(24159): '[VoIPPendingIncoming]', '{"event":"REQUEST_START","source":"pending_call_poll","token_summary":"len:140:eyJhbG...Dtr2bY","user_id":1,"has_pending_call":false,"has_active_call":false}'
06-14 12:40:56.827 I/ReactNativeJS(24159): '[VoIPPendingIncoming]', '{"event":"REQUEST_RESULT","source":"pending_call_poll","token_summary":"len:140:eyJhbG...Dtr2bY","user_id":1,"status":200,"ok":true}'
06-14 12:40:59.278 I/ReactNativeJS(24159): '[VoIPPendingIncoming]', '{"event":"REQUEST_START","source":"pending_call_poll","token_summary":"len:140:eyJhbG...Dtr2bY","user_id":1,"has_pending_call":false,"has_active_call":false}'
06-14 12:40:59.350 I/ReactNativeJS(24159): '[VoIPPendingIncoming]', '{"event":"REQUEST_RESULT","source":"pending_call_poll","token_summary":"len:140:eyJhbG...Dtr2bY","user_id":1,"status":200,"ok":true}'
06-14 12:41:01.793 I/ReactNativeJS(24159): '[VoIPPendingIncoming]', '{"event":"REQUEST_START","source":"pending_call_poll","token_summary":"len:140:eyJhbG...Dtr2bY","user_id":1,"has_pending_call":false,"has_active_call":false}'
06-14 12:41:01.849 I/ReactNativeJS(24159): '[VoIPPendingIncoming]', '{"event":"REQUEST_RESULT","source":"pending_call_poll","token_summary":"len:140:eyJhbG...Dtr2bY","user_id":1,"status":200,"ok":true}'
06-14 12:41:04.307 I/ReactNativeJS(24159): '[VoIPPendingIncoming]', '{"event":"REQUEST_START","source":"pending_call_poll","token_summary":"len:140:eyJhbG...Dtr2bY","user_id":1,"has_pending_call":false,"has_active_call":false}'
06-14 12:41:04.385 I/ReactNativeJS(24159): '[VoIPPendingIncoming]', '{"event":"REQUEST_RESULT","source":"pending_call_poll","token_summary":"len:140:eyJhbG...Dtr2bY","user_id":1,"status":200,"ok":true}'
06-14 12:41:06.823 I/ReactNativeJS(24159): '[VoIPPendingIncoming]', '{"event":"REQUEST_START","source":"pending_call_poll","token_summary":"len:140:eyJhbG...Dtr2bY","user_id":1,"has_pending_call":false,"has_active_call":false}'
06-14 12:41:06.876 I/ReactNativeJS(24159): '[VoIPPendingIncoming]', '{"event":"REQUEST_RESULT","source":"pending_call_poll","token_summary":"len:140:eyJhbG...Dtr2bY","user_id":1,"status":200,"ok":true}'
06-14 12:41:09.338 I/ReactNativeJS(24159): '[VoIPPendingIncoming]', '{"event":"REQUEST_START","source":"pending_call_poll","token_summary":"len:140:eyJhbG...Dtr2bY","user_id":1,"has_pending_call":false,"has_active_call":false}'
06-14 12:41:09.389 I/ReactNativeJS(24159): '[VoIPPendingIncoming]', '{"event":"REQUEST_RESULT","source":"pending_call_poll","token_summary":"len:140:eyJhbG...Dtr2bY","user_id":1,"status":200,"ok":true}'
06-14 12:41:11.851 I/ReactNativeJS(24159): '[VoIPPendingIncoming]', '{"event":"REQUEST_START","source":"pending_call_poll","token_summary":"len:140:eyJhbG...Dtr2bY","user_id":1,"has_pending_call":false,"has_active_call":false}'
06-14 12:41:11.888 I/ReactNativeJS(24159): '[VoIPPendingIncoming]', '{"event":"REQUEST_RESULT","source":"pending_call_poll","token_summary":"len:140:eyJhbG...Dtr2bY","user_id":1,"status":200,"ok":true}'
06-14 12:41:14.367 I/ReactNativeJS(24159): '[VoIPPendingIncoming]', '{"event":"REQUEST_START","source":"pending_call_poll","token_summary":"len:140:eyJhbG...Dtr2bY","user_id":1,"has_pending_call":false,"has_active_call":false}'
06-14 12:41:14.416 I/ReactNativeJS(24159): '[VoIPPendingIncoming]', '{"event":"REQUEST_RESULT","source":"pending_call_poll","token_summary":"len:140:eyJhbG...Dtr2bY","user_id":1,"status":200,"ok":true}'
06-14 12:41:16.883 I/ReactNativeJS(24159): '[VoIPPendingIncoming]', '{"event":"REQUEST_START","source":"pending_call_poll","token_summary":"len:140:eyJhbG...Dtr2bY","user_id":1,"has_pending_call":false,"has_active_call":false}'
06-14 12:41:16.926 I/ReactNativeJS(24159): '[VoIPPendingIncoming]', '{"event":"REQUEST_RESULT","source":"pending_call_poll","token_summary":"len:140:eyJhbG...Dtr2bY","user_id":1,"status":200,"ok":true}'
06-14 12:41:19.395 I/ReactNativeJS(24159): '[VoIPPendingIncoming]', '{"event":"REQUEST_START","source":"pending_call_poll","token_summary":"len:140:eyJhbG...Dtr2bY","user_id":1,"has_pending_call":false,"has_active_call":false}'
06-14 12:41:19.423 I/ReactNativeJS(24159): '[VoIPPendingIncoming]', '{"event":"REQUEST_RESULT","source":"pending_call_poll","token_summary":"len:140:eyJhbG...Dtr2bY","user_id":1,"status":200,"ok":true}'
06-14 12:41:21.913 I/ReactNativeJS(24159): '[VoIPPendingIncoming]', '{"event":"REQUEST_START","source":"pending_call_poll","token_summary":"len:140:eyJhbG...Dtr2bY","user_id":1,"has_pending_call":false,"has_active_call":false}'
06-14 12:41:21.957 I/ReactNativeJS(24159): '[VoIPPendingIncoming]', '{"event":"REQUEST_RESULT","source":"pending_call_poll","token_summary":"len:140:eyJhbG...Dtr2bY","user_id":1,"status":200,"ok":true}'
06-14 12:41:24.429 I/ReactNativeJS(24159): '[VoIPPendingIncoming]', '{"event":"REQUEST_START","source":"pending_call_poll","token_summary":"len:140:eyJhbG...Dtr2bY","user_id":1,"has_pending_call":false,"has_active_call":false}'
06-14 12:41:24.480 I/ReactNativeJS(24159): '[VoIPPendingIncoming]', '{"event":"REQUEST_RESULT","source":"pending_call_poll","token_summary":"len:140:eyJhbG...Dtr2bY","user_id":1,"status":200,"ok":true}'
06-14 12:41:26.945 I/ReactNativeJS(24159): '[VoIPPendingIncoming]', '{"event":"REQUEST_START","source":"pending_call_poll","token_summary":"len:140:eyJhbG...Dtr2bY","user_id":1,"has_pending_call":false,"has_active_call":false}'
06-14 12:41:26.994 I/ReactNativeJS(24159): '[VoIPPendingIncoming]', '{"event":"REQUEST_RESULT","source":"pending_call_poll","token_summary":"len:140:eyJhbG...Dtr2bY","user_id":1,"status":200,"ok":true}'
06-14 12:41:29.457 I/ReactNativeJS(24159): '[VoIPPendingIncoming]', '{"event":"REQUEST_START","source":"pending_call_poll","token_summary":"len:140:eyJhbG...Dtr2bY","user_id":1,"has_pending_call":false,"has_active_call":false}'
06-14 12:41:29.492 I/ReactNativeJS(24159): '[VoIPPendingIncoming]', '{"event":"REQUEST_RESULT","source":"pending_call_poll","token_summary":"len:140:eyJhbG...Dtr2bY","user_id":1,"status":200,"ok":true}'
06-14 12:41:31.973 I/ReactNativeJS(24159): '[VoIPPendingIncoming]', '{"event":"REQUEST_START","source":"pending_call_poll","token_summary":"len:140:eyJhbG...Dtr2bY","user_id":1,"has_pending_call":false,"has_active_call":false}'
06-14 12:41:32.016 I/ReactNativeJS(24159): '[VoIPPendingIncoming]', '{"event":"REQUEST_RESULT","source":"pending_call_poll","token_summary":"len:140:eyJhbG...Dtr2bY","user_id":1,"status":200,"ok":true}'
06-14 12:41:34.489 I/ReactNativeJS(24159): '[VoIPPendingIncoming]', '{"event":"REQUEST_START","source":"pending_call_poll","token_summary":"len:140:eyJhbG...Dtr2bY","user_id":1,"has_pending_call":false,"has_active_call":false}'
06-14 12:41:34.535 I/ReactNativeJS(24159): '[VoIPPendingIncoming]', '{"event":"REQUEST_RESULT","source":"pending_call_poll","token_summary":"len:140:eyJhbG...Dtr2bY","user_id":1,"status":200,"ok":true}'
06-14 12:41:37.003 I/ReactNativeJS(24159): '[VoIPPendingIncoming]', '{"event":"REQUEST_START","source":"pending_call_poll","token_summary":"len:140:eyJhbG...Dtr2bY","user_id":1,"has_pending_call":false,"has_active_call":false}'
06-14 12:41:37.072 I/ReactNativeJS(24159): '[VoIPPendingIncoming]', '{"event":"REQUEST_RESULT","source":"pending_call_poll","token_summary":"len:140:eyJhbG...Dtr2bY","user_id":1,"status":200,"ok":true}'
06-14 12:41:39.519 I/ReactNativeJS(24159): '[VoIPPendingIncoming]', '{"event":"REQUEST_START","source":"pending_call_poll","token_summary":"len:140:eyJhbG...Dtr2bY","user_id":1,"has_pending_call":false,"has_active_call":false}'
06-14 12:41:39.566 I/ReactNativeJS(24159): '[VoIPPendingIncoming]', '{"event":"REQUEST_RESULT","source":"pending_call_poll","token_summary":"len:140:eyJhbG...Dtr2bY","user_id":1,"status":200,"ok":true}'
06-14 12:41:42.034 I/ReactNativeJS(24159): '[VoIPPendingIncoming]', '{"event":"REQUEST_START","source":"pending_call_poll","token_summary":"len:140:eyJhbG...Dtr2bY","user_id":1,"has_pending_call":false,"has_active_call":false}'
06-14 12:41:42.092 I/ReactNativeJS(24159): '[VoIPPendingIncoming]', '{"event":"REQUEST_RESULT","source":"pending_call_poll","token_summary":"len:140:eyJhbG...Dtr2bY","user_id":1,"status":200,"ok":true}'
06-14 12:41:44.548 I/ReactNativeJS(24159): '[VoIPPendingIncoming]', '{"event":"REQUEST_START","source":"pending_call_poll","token_summary":"len:140:eyJhbG...Dtr2bY","user_id":1,"has_pending_call":false,"has_active_call":false}'
06-14 12:41:44.628 I/ReactNativeJS(24159): '[VoIPPendingIncoming]', '{"event":"REQUEST_RESULT","source":"pending_call_poll","token_summary":"len:140:eyJhbG...Dtr2bY","user_id":1,"status":200,"ok":true}'
06-14 12:41:47.065 I/ReactNativeJS(24159): '[VoIPPendingIncoming]', '{"event":"REQUEST_START","source":"pending_call_poll","token_summary":"len:140:eyJhbG...Dtr2bY","user_id":1,"has_pending_call":false,"has_active_call":false}'
06-14 12:41:47.112 I/ReactNativeJS(24159): '[VoIPPendingIncoming]', '{"event":"REQUEST_RESULT","source":"pending_call_poll","token_summary":"len:140:eyJhbG...Dtr2bY","user_id":1,"status":200,"ok":true}'
06-14 12:41:49.579 I/ReactNativeJS(24159): '[VoIPPendingIncoming]', '{"event":"REQUEST_START","source":"pending_call_poll","token_summary":"len:140:eyJhbG...Dtr2bY","user_id":1,"has_pending_call":false,"has_active_call":false}'
06-14 12:41:49.682 I/ReactNativeJS(24159): '[VoIPPendingIncoming]', '{"event":"REQUEST_RESULT","source":"pending_call_poll","token_summary":"len:140:eyJhbG...Dtr2bY","user_id":1,"status":200,"ok":true}'
06-14 12:41:52.094 I/ReactNativeJS(24159): '[VoIPPendingIncoming]', '{"event":"REQUEST_START","source":"pending_call_poll","token_summary":"len:140:eyJhbG...Dtr2bY","user_id":1,"has_pending_call":false,"has_active_call":false}'
06-14 12:41:52.142 I/ReactNativeJS(24159): '[VoIPPendingIncoming]', '{"event":"REQUEST_RESULT","source":"pending_call_poll","token_summary":"len:140:eyJhbG...Dtr2bY","user_id":1,"status":200,"ok":true}'
06-14 12:41:54.609 I/ReactNativeJS(24159): '[VoIPPendingIncoming]', '{"event":"REQUEST_START","source":"pending_call_poll","token_summary":"len:140:eyJhbG...Dtr2bY","user_id":1,"has_pending_call":false,"has_active_call":false}'
06-14 12:41:54.657 I/ReactNativeJS(24159): '[VoIPPendingIncoming]', '{"event":"REQUEST_RESULT","source":"pending_call_poll","token_summary":"len:140:eyJhbG...Dtr2bY","user_id":1,"status":200,"ok":true}'
06-14 12:41:57.124 I/ReactNativeJS(24159): '[VoIPPendingIncoming]', '{"event":"REQUEST_START","source":"pending_call_poll","token_summary":"len:140:eyJhbG...Dtr2bY","user_id":1,"has_pending_call":false,"has_active_call":false}'
06-14 12:41:57.168 I/ReactNativeJS(24159): '[VoIPPendingIncoming]', '{"event":"REQUEST_RESULT","source":"pending_call_poll","token_summary":"len:140:eyJhbG...Dtr2bY","user_id":1,"status":200,"ok":true}'
06-14 12:41:59.639 I/ReactNativeJS(24159): '[VoIPPendingIncoming]', '{"event":"REQUEST_START","source":"pending_call_poll","token_summary":"len:140:eyJhbG...Dtr2bY","user_id":1,"has_pending_call":false,"has_active_call":false}'
06-14 12:41:59.712 I/ReactNativeJS(24159): '[VoIPPendingIncoming]', '{"event":"REQUEST_RESULT","source":"pending_call_poll","token_summary":"len:140:eyJhbG...Dtr2bY","user_id":1,"status":200,"ok":true}'
06-14 12:42:02.150 I/ReactNativeJS(24159): '[VoIPPendingIncoming]', '{"event":"REQUEST_START","source":"pending_call_poll","token_summary":"len:140:eyJhbG...Dtr2bY","user_id":1,"has_pending_call":false,"has_active_call":false}'
06-14 12:42:02.228 I/ReactNativeJS(24159): '[VoIPPendingIncoming]', '{"event":"REQUEST_RESULT","source":"pending_call_poll","token_summary":"len:140:eyJhbG...Dtr2bY","user_id":1,"status":200,"ok":true}'
06-14 12:42:04.653 I/ReactNativeJS(24159): '[VoIPPendingIncoming]', '{"event":"REQUEST_START","source":"pending_call_poll","token_summary":"len:140:eyJhbG...Dtr2bY","user_id":1,"has_pending_call":false,"has_active_call":false}'
06-14 12:42:04.723 I/ReactNativeJS(24159): '[VoIPPendingIncoming]', '{"event":"REQUEST_RESULT","source":"pending_call_poll","token_summary":"len:140:eyJhbG...Dtr2bY","user_id":1,"status":200,"ok":true}'
06-14 12:42:07.156 I/ReactNativeJS(24159): '[VoIPPendingIncoming]', '{"event":"REQUEST_START","source":"pending_call_poll","token_summary":"len:140:eyJhbG...Dtr2bY","user_id":1,"has_pending_call":false,"has_active_call":false}'
06-14 12:42:07.207 I/ReactNativeJS(24159): '[VoIPPendingIncoming]', '{"event":"REQUEST_RESULT","source":"pending_call_poll","token_summary":"len:140:eyJhbG...Dtr2bY","user_id":1,"status":200,"ok":true}'
06-14 12:42:09.658 I/ReactNativeJS(24159): '[VoIPPendingIncoming]', '{"event":"REQUEST_START","source":"pending_call_poll","token_summary":"len:140:eyJhbG...Dtr2bY","user_id":1,"has_pending_call":false,"has_active_call":false}'
06-14 12:42:09.706 I/ReactNativeJS(24159): '[VoIPPendingIncoming]', '{"event":"REQUEST_RESULT","source":"pending_call_poll","token_summary":"len:140:eyJhbG...Dtr2bY","user_id":1,"status":200,"ok":true}'
06-14 12:42:12.163 I/ReactNativeJS(24159): '[VoIPPendingIncoming]', '{"event":"REQUEST_START","source":"pending_call_poll","token_summary":"len:140:eyJhbG...Dtr2bY","user_id":1,"has_pending_call":false,"has_active_call":false}'
06-14 12:42:12.209 I/ReactNativeJS(24159): '[VoIPPendingIncoming]', '{"event":"REQUEST_RESULT","source":"pending_call_poll","token_summary":"len:140:eyJhbG...Dtr2bY","user_id":1,"status":200,"ok":true}'
06-14 12:42:14.666 I/ReactNativeJS(24159): '[VoIPPendingIncoming]', '{"event":"REQUEST_START","source":"pending_call_poll","token_summary":"len:140:eyJhbG...Dtr2bY","user_id":1,"has_pending_call":false,"has_active_call":false}'
06-14 12:42:14.706 I/ReactNativeJS(24159): '[VoIPPendingIncoming]', '{"event":"REQUEST_RESULT","source":"pending_call_poll","token_summary":"len:140:eyJhbG...Dtr2bY","user_id":1,"status":200,"ok":true}'
06-14 12:42:17.169 I/ReactNativeJS(24159): '[VoIPPendingIncoming]', '{"event":"REQUEST_START","source":"pending_call_poll","token_summary":"len:140:eyJhbG...Dtr2bY","user_id":1,"has_pending_call":false,"has_active_call":false}'
06-14 12:42:17.216 I/ReactNativeJS(24159): '[VoIPPendingIncoming]', '{"event":"REQUEST_RESULT","source":"pending_call_poll","token_summary":"len:140:eyJhbG...Dtr2bY","user_id":1,"status":200,"ok":true}'
06-14 12:42:19.671 I/ReactNativeJS(24159): '[VoIPPendingIncoming]', '{"event":"REQUEST_START","source":"pending_call_poll","token_summary":"len:140:eyJhbG...Dtr2bY","user_id":1,"has_pending_call":false,"has_active_call":false}'
06-14 12:42:19.721 I/ReactNativeJS(24159): '[VoIPPendingIncoming]', '{"event":"REQUEST_RESULT","source":"pending_call_poll","token_summary":"len:140:eyJhbG...Dtr2bY","user_id":1,"status":200,"ok":true}'
06-14 12:42:22.173 I/ReactNativeJS(24159): '[VoIPPendingIncoming]', '{"event":"REQUEST_START","source":"pending_call_poll","token_summary":"len:140:eyJhbG...Dtr2bY","user_id":1,"has_pending_call":false,"has_active_call":false}'
06-14 12:42:22.207 I/ReactNativeJS(24159): '[VoIPPendingIncoming]', '{"event":"REQUEST_RESULT","source":"pending_call_poll","token_summary":"len:140:eyJhbG...Dtr2bY","user_id":1,"status":200,"ok":true}'
06-14 12:42:24.678 I/ReactNativeJS(24159): '[VoIPPendingIncoming]', '{"event":"REQUEST_START","source":"pending_call_poll","token_summary":"len:140:eyJhbG...Dtr2bY","user_id":1,"has_pending_call":false,"has_active_call":false}'
06-14 12:42:24.720 I/ReactNativeJS(24159): '[VoIPPendingIncoming]', '{"event":"REQUEST_RESULT","source":"pending_call_poll","token_summary":"len:140:eyJhbG...Dtr2bY","user_id":1,"status":200,"ok":true}'
06-14 12:42:27.181 I/ReactNativeJS(24159): '[VoIPPendingIncoming]', '{"event":"REQUEST_START","source":"pending_call_poll","token_summary":"len:140:eyJhbG...Dtr2bY","user_id":1,"has_pending_call":false,"has_active_call":false}'
06-14 12:42:27.225 I/ReactNativeJS(24159): '[VoIPPendingIncoming]', '{"event":"REQUEST_RESULT","source":"pending_call_poll","token_summary":"len:140:eyJhbG...Dtr2bY","user_id":1,"status":200,"ok":true}'
06-14 12:42:29.685 I/ReactNativeJS(24159): '[VoIPPendingIncoming]', '{"event":"REQUEST_START","source":"pending_call_poll","token_summary":"len:140:eyJhbG...Dtr2bY","user_id":1,"has_pending_call":false,"has_active_call":false}'
06-14 12:42:29.730 I/ReactNativeJS(24159): '[VoIPPendingIncoming]', '{"event":"REQUEST_RESULT","source":"pending_call_poll","token_summary":"len:140:eyJhbG...Dtr2bY","user_id":1,"status":200,"ok":true}'
06-14 12:42:32.188 I/ReactNativeJS(24159): '[VoIPPendingIncoming]', '{"event":"REQUEST_START","source":"pending_call_poll","token_summary":"len:140:eyJhbG...Dtr2bY","user_id":1,"has_pending_call":false,"has_active_call":false}'
06-14 12:42:32.234 I/ReactNativeJS(24159): '[VoIPPendingIncoming]', '{"event":"REQUEST_RESULT","source":"pending_call_poll","token_summary":"len:140:eyJhbG...Dtr2bY","user_id":1,"status":200,"ok":true}'
06-14 12:42:34.692 I/ReactNativeJS(24159): '[VoIPPendingIncoming]', '{"event":"REQUEST_START","source":"pending_call_poll","token_summary":"len:140:eyJhbG...Dtr2bY","user_id":1,"has_pending_call":false,"has_active_call":false}'
06-14 12:42:34.764 I/ReactNativeJS(24159): '[VoIPPendingIncoming]', '{"event":"REQUEST_RESULT","source":"pending_call_poll","token_summary":"len:140:eyJhbG...Dtr2bY","user_id":1,"status":200,"ok":true}'
06-14 12:42:37.193 I/ReactNativeJS(24159): '[VoIPPendingIncoming]', '{"event":"REQUEST_START","source":"pending_call_poll","token_summary":"len:140:eyJhbG...Dtr2bY","user_id":1,"has_pending_call":false,"has_active_call":false}'
06-14 12:42:37.272 I/ReactNativeJS(24159): '[VoIPPendingIncoming]', '{"event":"REQUEST_RESULT","source":"pending_call_poll","token_summary":"len:140:eyJhbG...Dtr2bY","user_id":1,"status":200,"ok":true}'
06-14 12:42:39.697 I/ReactNativeJS(24159): '[VoIPPendingIncoming]', '{"event":"REQUEST_START","source":"pending_call_poll","token_summary":"len:140:eyJhbG...Dtr2bY","user_id":1,"has_pending_call":false,"has_active_call":false}'
06-14 12:42:39.743 I/ReactNativeJS(24159): '[VoIPPendingIncoming]', '{"event":"REQUEST_RESULT","source":"pending_call_poll","token_summary":"len:140:eyJhbG...Dtr2bY","user_id":1,"status":200,"ok":true}'
06-14 12:42:42.198 I/ReactNativeJS(24159): '[VoIPPendingIncoming]', '{"event":"REQUEST_START","source":"pending_call_poll","token_summary":"len:140:eyJhbG...Dtr2bY","user_id":1,"has_pending_call":false,"has_active_call":false}'
06-14 12:42:42.228 I/ReactNativeJS(24159): '[VoIPPendingIncoming]', '{"event":"REQUEST_RESULT","source":"pending_call_poll","token_summary":"len:140:eyJhbG...Dtr2bY","user_id":1,"status":200,"ok":true}'
06-14 12:42:44.704 I/ReactNativeJS(24159): '[VoIPPendingIncoming]', '{"event":"REQUEST_START","source":"pending_call_poll","token_summary":"len:140:eyJhbG...Dtr2bY","user_id":1,"has_pending_call":false,"has_active_call":false}'
06-14 12:42:44.772 I/ReactNativeJS(24159): '[VoIPPendingIncoming]', '{"event":"REQUEST_RESULT","source":"pending_call_poll","token_summary":"len:140:eyJhbG...Dtr2bY","user_id":1,"status":200,"ok":true}'
06-14 12:42:47.206 I/ReactNativeJS(24159): '[VoIPPendingIncoming]', '{"event":"REQUEST_START","source":"pending_call_poll","token_summary":"len:140:eyJhbG...Dtr2bY","user_id":1,"has_pending_call":false,"has_active_call":false}'
06-14 12:42:47.252 I/ReactNativeJS(24159): '[VoIPPendingIncoming]', '{"event":"REQUEST_RESULT","source":"pending_call_poll","token_summary":"len:140:eyJhbG...Dtr2bY","user_id":1,"status":200,"ok":true}'
06-14 12:42:49.707 I/ReactNativeJS(24159): '[VoIPPendingIncoming]', '{"event":"REQUEST_START","source":"pending_call_poll","token_summary":"len:140:eyJhbG...Dtr2bY","user_id":1,"has_pending_call":false,"has_active_call":false}'
06-14 12:42:49.748 I/ReactNativeJS(24159): '[VoIPPendingIncoming]', '{"event":"REQUEST_RESULT","source":"pending_call_poll","token_summary":"len:140:eyJhbG...Dtr2bY","user_id":1,"status":200,"ok":true}'
06-14 12:42:52.210 I/ReactNativeJS(24159): '[VoIPPendingIncoming]', '{"event":"REQUEST_START","source":"pending_call_poll","token_summary":"len:140:eyJhbG...Dtr2bY","user_id":1,"has_pending_call":false,"has_active_call":false}'
06-14 12:42:52.240 I/ReactNativeJS(24159): '[VoIPPendingIncoming]', '{"event":"REQUEST_RESULT","source":"pending_call_poll","token_summary":"len:140:eyJhbG...Dtr2bY","user_id":1,"status":200,"ok":true}'
06-14 12:42:54.715 I/ReactNativeJS(24159): '[VoIPPendingIncoming]', '{"event":"REQUEST_START","source":"pending_call_poll","token_summary":"len:140:eyJhbG...Dtr2bY","user_id":1,"has_pending_call":false,"has_active_call":false}'
06-14 12:42:54.788 I/ReactNativeJS(24159): '[VoIPPendingIncoming]', '{"event":"REQUEST_RESULT","source":"pending_call_poll","token_summary":"len:140:eyJhbG...Dtr2bY","user_id":1,"status":200,"ok":true}'
06-14 12:42:57.065 I/ReactNativeJS(24159): '[UI_PRESS_PROBE]', '{"event":"APP_ENTRY_DEEP_LINK_VOIP_OPEN","timestamp":"2026-06-14T03:42:57.064Z","token_ready":true,"user_ready":true,"show_login":false,"show_voip_tester":true,"selected_call_mode":"pstn_assist","source":"runtime_url","action":"validation"}'
06-14 12:42:57.066 I/ReactNativeJS(24159): '[UI_PRESS_PROBE]', '{"event":"VOIP_VALIDATION_OPEN_PRESS","timestamp":"2026-06-14T03:42:57.066Z","token_ready":true,"user_ready":true,"show_login":false,"show_voip_tester":true,"selected_call_mode":"pstn_assist","source":"voip_section_validation_button"}'
06-14 12:42:57.067 I/ReactNativeJS(24159): '[VoIPPendingIncoming]', '{"event":"REQUEST_START","source":"pending_call_active","token_summary":"len:140:eyJhbG...Dtr2bY","user_id":1,"has_pending_call":false,"has_active_call":false}'
06-14 12:42:57.121 I/ReactNativeJS(24159): '[VoIPPendingIncoming]', '{"event":"REQUEST_RESULT","source":"pending_call_active","token_summary":"len:140:eyJhbG...Dtr2bY","user_id":1,"status":200,"ok":true}'
06-14 12:42:57.224 I/ReactNativeJS(24159): '[VoIPPendingIncoming]', '{"event":"REQUEST_START","source":"pending_call_poll","token_summary":"len:140:eyJhbG...Dtr2bY","user_id":1,"has_pending_call":false,"has_active_call":false}'
06-14 12:42:57.243 I/ReactNativeJS(24159): '[VoIPPendingIncoming]', '{"event":"REQUEST_RESULT","source":"pending_call_poll","token_summary":"len:140:eyJhbG...Dtr2bY","user_id":1,"status":200,"ok":true}'
06-14 12:42:59.737 I/ReactNativeJS(24159): '[VoIPPendingIncoming]', '{"event":"REQUEST_START","source":"pending_call_poll","token_summary":"len:140:eyJhbG...Dtr2bY","user_id":1,"has_pending_call":false,"has_active_call":false}'
06-14 12:42:59.794 I/ReactNativeJS(24159): '[VoIPPendingIncoming]', '{"event":"REQUEST_RESULT","source":"pending_call_poll","token_summary":"len:140:eyJhbG...Dtr2bY","user_id":1,"status":200,"ok":true}'
06-14 12:43:02.251 I/ReactNativeJS(24159): '[VoIPPendingIncoming]', '{"event":"REQUEST_START","source":"pending_call_poll","token_summary":"len:140:eyJhbG...Dtr2bY","user_id":1,"has_pending_call":false,"has_active_call":false}'
06-14 12:43:02.293 I/ReactNativeJS(24159): '[VoIPPendingIncoming]', '{"event":"REQUEST_RESULT","source":"pending_call_poll","token_summary":"len:140:eyJhbG...Dtr2bY","user_id":1,"status":200,"ok":true}'
06-14 12:43:04.765 I/ReactNativeJS(24159): '[VoIPPendingIncoming]', '{"event":"REQUEST_START","source":"pending_call_poll","token_summary":"len:140:eyJhbG...Dtr2bY","user_id":1,"has_pending_call":false,"has_active_call":false}'
06-14 12:43:04.832 I/ReactNativeJS(24159): '[VoIPPendingIncoming]', '{"event":"REQUEST_RESULT","source":"pending_call_poll","token_summary":"len:140:eyJhbG...Dtr2bY","user_id":1,"status":200,"ok":true}'
06-14 12:43:07.278 I/ReactNativeJS(24159): '[VoIPPendingIncoming]', '{"event":"REQUEST_START","source":"pending_call_poll","token_summary":"len:140:eyJhbG...Dtr2bY","user_id":1,"has_pending_call":false,"has_active_call":false}'
06-14 12:43:07.597 I/ReactNativeJS(24159): '[VoIPPendingIncoming]', '{"event":"REQUEST_RESULT","source":"pending_call_poll","token_summary":"len:140:eyJhbG...Dtr2bY","user_id":1,"status":200,"ok":true}'
06-14 12:43:09.791 I/ReactNativeJS(24159): '[VoIPPendingIncoming]', '{"event":"REQUEST_START","source":"pending_call_poll","token_summary":"len:140:eyJhbG...Dtr2bY","user_id":1,"has_pending_call":false,"has_active_call":false}'
06-14 12:43:09.845 I/ReactNativeJS(24159): '[VoIPPendingIncoming]', '{"event":"REQUEST_RESULT","source":"pending_call_poll","token_summary":"len:140:eyJhbG...Dtr2bY","user_id":1,"status":200,"ok":true}'
06-14 12:43:12.305 I/ReactNativeJS(24159): '[VoIPPendingIncoming]', '{"event":"REQUEST_START","source":"pending_call_poll","token_summary":"len:140:eyJhbG...Dtr2bY","user_id":1,"has_pending_call":false,"has_active_call":false}'
06-14 12:43:12.350 I/ReactNativeJS(24159): '[VoIPPendingIncoming]', '{"event":"REQUEST_RESULT","source":"pending_call_poll","token_summary":"len:140:eyJhbG...Dtr2bY","user_id":1,"status":200,"ok":true}'
06-14 12:43:14.816 I/ReactNativeJS(24159): '[VoIPPendingIncoming]', '{"event":"REQUEST_START","source":"pending_call_poll","token_summary":"len:140:eyJhbG...Dtr2bY","user_id":1,"has_pending_call":false,"has_active_call":false}'
06-14 12:43:14.923 I/ReactNativeJS(24159): '[VoIPPendingIncoming]', '{"event":"REQUEST_RESULT","source":"pending_call_poll","token_summary":"len:140:eyJhbG...Dtr2bY","user_id":1,"status":200,"ok":true}'
06-14 12:43:17.330 I/ReactNativeJS(24159): '[VoIPPendingIncoming]', '{"event":"REQUEST_START","source":"pending_call_poll","token_summary":"len:140:eyJhbG...Dtr2bY","user_id":1,"has_pending_call":false,"has_active_call":false}'
06-14 12:43:17.380 I/ReactNativeJS(24159): '[VoIPPendingIncoming]', '{"event":"REQUEST_RESULT","source":"pending_call_poll","token_summary":"len:140:eyJhbG...Dtr2bY","user_id":1,"status":200,"ok":true}'
06-14 12:43:19.843 I/ReactNativeJS(24159): '[VoIPPendingIncoming]', '{"event":"REQUEST_START","source":"pending_call_poll","token_summary":"len:140:eyJhbG...Dtr2bY","user_id":1,"has_pending_call":false,"has_active_call":false}'
06-14 12:43:19.891 I/ReactNativeJS(24159): '[VoIPPendingIncoming]', '{"event":"REQUEST_RESULT","source":"pending_call_poll","token_summary":"len:140:eyJhbG...Dtr2bY","user_id":1,"status":200,"ok":true}'
06-14 12:43:22.355 I/ReactNativeJS(24159): '[VoIPPendingIncoming]', '{"event":"REQUEST_START","source":"pending_call_poll","token_summary":"len:140:eyJhbG...Dtr2bY","user_id":1,"has_pending_call":false,"has_active_call":false}'
06-14 12:43:22.404 I/ReactNativeJS(24159): '[VoIPPendingIncoming]', '{"event":"REQUEST_RESULT","source":"pending_call_poll","token_summary":"len:140:eyJhbG...Dtr2bY","user_id":1,"status":200,"ok":true}'
06-14 12:43:24.869 I/ReactNativeJS(24159): '[VoIPPendingIncoming]', '{"event":"REQUEST_START","source":"pending_call_poll","token_summary":"len:140:eyJhbG...Dtr2bY","user_id":1,"has_pending_call":false,"has_active_call":false}'
06-14 12:43:24.916 I/ReactNativeJS(24159): '[VoIPPendingIncoming]', '{"event":"REQUEST_RESULT","source":"pending_call_poll","token_summary":"len:140:eyJhbG...Dtr2bY","user_id":1,"status":200,"ok":true}'
06-14 12:43:27.381 I/ReactNativeJS(24159): '[VoIPPendingIncoming]', '{"event":"REQUEST_START","source":"pending_call_poll","token_summary":"len:140:eyJhbG...Dtr2bY","user_id":1,"has_pending_call":false,"has_active_call":false}'
06-14 12:43:27.426 I/ReactNativeJS(24159): '[VoIPPendingIncoming]', '{"event":"REQUEST_RESULT","source":"pending_call_poll","token_summary":"len:140:eyJhbG...Dtr2bY","user_id":1,"status":200,"ok":true}'
06-14 12:43:29.895 I/ReactNativeJS(24159): '[VoIPPendingIncoming]', '{"event":"REQUEST_START","source":"pending_call_poll","token_summary":"len:140:eyJhbG...Dtr2bY","user_id":1,"has_pending_call":false,"has_active_call":false}'
06-14 12:43:29.944 I/ReactNativeJS(24159): '[VoIPPendingIncoming]', '{"event":"REQUEST_RESULT","source":"pending_call_poll","token_summary":"len:140:eyJhbG...Dtr2bY","user_id":1,"status":200,"ok":true}'
06-14 12:43:32.408 I/ReactNativeJS(24159): '[VoIPPendingIncoming]', '{"event":"REQUEST_START","source":"pending_call_poll","token_summary":"len:140:eyJhbG...Dtr2bY","user_id":1,"has_pending_call":false,"has_active_call":false}'
06-14 12:43:32.454 I/ReactNativeJS(24159): '[VoIPPendingIncoming]', '{"event":"REQUEST_RESULT","source":"pending_call_poll","token_summary":"len:140:eyJhbG...Dtr2bY","user_id":1,"status":200,"ok":true}'
06-14 12:43:34.920 I/ReactNativeJS(24159): '[VoIPPendingIncoming]', '{"event":"REQUEST_START","source":"pending_call_poll","token_summary":"len:140:eyJhbG...Dtr2bY","user_id":1,"has_pending_call":false,"has_active_call":false}'
06-14 12:43:34.967 I/ReactNativeJS(24159): '[VoIPPendingIncoming]', '{"event":"REQUEST_RESULT","source":"pending_call_poll","token_summary":"len:140:eyJhbG...Dtr2bY","user_id":1,"status":200,"ok":true}'
06-14 12:43:37.433 I/ReactNativeJS(24159): '[VoIPPendingIncoming]', '{"event":"REQUEST_START","source":"pending_call_poll","token_summary":"len:140:eyJhbG...Dtr2bY","user_id":1,"has_pending_call":false,"has_active_call":false}'
06-14 12:43:37.485 I/ReactNativeJS(24159): '[VoIPPendingIncoming]', '{"event":"REQUEST_RESULT","source":"pending_call_poll","token_summary":"len:140:eyJhbG...Dtr2bY","user_id":1,"status":200,"ok":true}'
06-14 12:43:39.946 I/ReactNativeJS(24159): '[VoIPPendingIncoming]', '{"event":"REQUEST_START","source":"pending_call_poll","token_summary":"len:140:eyJhbG...Dtr2bY","user_id":1,"has_pending_call":false,"has_active_call":false}'
06-14 12:43:39.991 I/ReactNativeJS(24159): '[VoIPPendingIncoming]', '{"event":"REQUEST_RESULT","source":"pending_call_poll","token_summary":"len:140:eyJhbG...Dtr2bY","user_id":1,"status":200,"ok":true}'
06-14 12:43:42.459 I/ReactNativeJS(24159): '[VoIPPendingIncoming]', '{"event":"REQUEST_START","source":"pending_call_poll","token_summary":"len:140:eyJhbG...Dtr2bY","user_id":1,"has_pending_call":false,"has_active_call":false}'
06-14 12:43:42.503 I/ReactNativeJS(24159): '[VoIPPendingIncoming]', '{"event":"REQUEST_RESULT","source":"pending_call_poll","token_summary":"len:140:eyJhbG...Dtr2bY","user_id":1,"status":200,"ok":true}'
06-14 12:43:44.973 I/ReactNativeJS(24159): '[VoIPPendingIncoming]', '{"event":"REQUEST_START","source":"pending_call_poll","token_summary":"len:140:eyJhbG...Dtr2bY","user_id":1,"has_pending_call":false,"has_active_call":false}'
06-14 12:43:45.051 I/ReactNativeJS(24159): '[VoIPPendingIncoming]', '{"event":"REQUEST_RESULT","source":"pending_call_poll","token_summary":"len:140:eyJhbG...Dtr2bY","user_id":1,"status":200,"ok":true}'
06-14 12:43:47.479 I/ReactNativeJS(24159): '[VoIPPendingIncoming]', '{"event":"REQUEST_START","source":"pending_call_poll","token_summary":"len:140:eyJhbG...Dtr2bY","user_id":1,"has_pending_call":false,"has_active_call":false}'
06-14 12:43:47.531 I/ReactNativeJS(24159): '[VoIPPendingIncoming]', '{"event":"REQUEST_RESULT","source":"pending_call_poll","token_summary":"len:140:eyJhbG...Dtr2bY","user_id":1,"status":200,"ok":true}'
06-14 12:43:49.993 I/ReactNativeJS(24159): '[VoIPPendingIncoming]', '{"event":"REQUEST_START","source":"pending_call_poll","token_summary":"len:140:eyJhbG...Dtr2bY","user_id":1,"has_pending_call":false,"has_active_call":false}'
06-14 12:43:50.072 I/ReactNativeJS(24159): '[VoIPPendingIncoming]', '{"event":"REQUEST_RESULT","source":"pending_call_poll","token_summary":"len:140:eyJhbG...Dtr2bY","user_id":1,"status":200,"ok":true}'
06-14 12:43:52.510 I/ReactNativeJS(24159): '[VoIPPendingIncoming]', '{"event":"REQUEST_START","source":"pending_call_poll","token_summary":"len:140:eyJhbG...Dtr2bY","user_id":1,"has_pending_call":false,"has_active_call":false}'
06-14 12:43:52.554 I/ReactNativeJS(24159): '[VoIPPendingIncoming]', '{"event":"REQUEST_RESULT","source":"pending_call_poll","token_summary":"len:140:eyJhbG...Dtr2bY","user_id":1,"status":200,"ok":true}'
06-14 12:43:55.020 I/ReactNativeJS(24159): '[VoIPPendingIncoming]', '{"event":"REQUEST_START","source":"pending_call_poll","token_summary":"len:140:eyJhbG...Dtr2bY","user_id":1,"has_pending_call":false,"has_active_call":false}'
06-14 12:43:55.065 I/ReactNativeJS(24159): '[VoIPPendingIncoming]', '{"event":"REQUEST_RESULT","source":"pending_call_poll","token_summary":"len:140:eyJhbG...Dtr2bY","user_id":1,"status":200,"ok":true}'
06-14 12:43:57.535 I/ReactNativeJS(24159): '[VoIPPendingIncoming]', '{"event":"REQUEST_START","source":"pending_call_poll","token_summary":"len:140:eyJhbG...Dtr2bY","user_id":1,"has_pending_call":false,"has_active_call":false}'
06-14 12:43:57.581 I/ReactNativeJS(24159): '[VoIPPendingIncoming]', '{"event":"REQUEST_RESULT","source":"pending_call_poll","token_summary":"len:140:eyJhbG...Dtr2bY","user_id":1,"status":200,"ok":true}'
06-14 12:44:00.048 I/ReactNativeJS(24159): '[VoIPPendingIncoming]', '{"event":"REQUEST_START","source":"pending_call_poll","token_summary":"len:140:eyJhbG...Dtr2bY","user_id":1,"has_pending_call":false,"has_active_call":false}'
06-14 12:44:00.115 I/ReactNativeJS(24159): '[VoIPPendingIncoming]', '{"event":"REQUEST_RESULT","source":"pending_call_poll","token_summary":"len:140:eyJhbG...Dtr2bY","user_id":1,"status":200,"ok":true}'
06-14 12:44:02.563 I/ReactNativeJS(24159): '[VoIPPendingIncoming]', '{"event":"REQUEST_START","source":"pending_call_poll","token_summary":"len:140:eyJhbG...Dtr2bY","user_id":1,"has_pending_call":false,"has_active_call":false}'
06-14 12:44:02.639 I/ReactNativeJS(24159): '[VoIPPendingIncoming]', '{"event":"REQUEST_RESULT","source":"pending_call_poll","token_summary":"len:140:eyJhbG...Dtr2bY","user_id":1,"status":200,"ok":true}'
