--------- beginning of main
06-14 21:22:02.427 I/ReactNativeJS(21888): '[UI_PRESS_PROBE]', '{"event":"VOIP_VOICE_RELAY_SILERO_SPEECH_START","call_id":"call-efa25d8c310a","silence_duration_ms":650,"timestamp":"2026-06-14T12:22:02.426Z"}'
06-14 21:22:03.746 I/ReactNativeJS(21888): '[UI_PRESS_PROBE]', '{"event":"VOIP_VOICE_RELAY_SILERO_SPEECH_END","call_id":"call-efa25d8c310a","segment_duration_ms":9105,"silence_duration_ms":650,"timestamp":"2026-06-14T12:22:03.746Z"}'
06-14 21:22:03.747 I/ReactNativeJS(21888): '[UI_PRESS_PROBE]', '{"event":"VOIP_VOICE_RELAY_SEGMENT_FLUSH","call_id":"call-efa25d8c310a","reason":"silence","is_final":true,"peak_meter_db":-160,"meter_unavailable":true,"timestamp":"2026-06-14T12:22:03.747Z"}'
06-14 21:22:03.790 I/ReactNativeJS(21888): '[UI_PRESS_PROBE]', '{"event":"VOIP_VOICE_RELAY_SILERO_STOPPED","call_id":"call-efa25d8c310a","reason":"segment_flush","timestamp":"2026-06-14T12:22:03.790Z"}'
06-14 21:22:03.843 I/ReactNativeJS(21888): '[VoIP][Diag] setRemoteAudioEnabled', { callId: 'call-efa25d8c310a', enabled: true, trackCount: 1 }
06-14 21:22:03.843 I/ReactNativeJS(21888): '[UI_PRESS_PROBE]', '{"event":"VOIP_REMOTE_AUDIO_SUPPRESSION","call_id":"call-efa25d8c310a","suppressed":false,"timestamp":"2026-06-14T12:22:03.843Z"}'
06-14 21:22:03.880 I/ReactNativeJS(21888): '[UI_PRESS_PROBE]', '{"event":"VOIP_VOICE_TRANSLATE_REQUEST","call_id":"call-efa25d8c310a","source_lang":"ko","target_lang":"en","region_hint":null,"audio_base64_length":50276,"timestamp":"2026-06-14T12:22:03.879Z"}'
06-14 21:22:09.476 I/ReactNativeJS(21888): [VoIP][DiagLine] connectSignaling:onmessage callId=call-efa25d8c310a state=OPEN rawLength=61
06-14 21:22:09.477 I/ReactNativeJS(21888): '[VoIP][Diag] connectSignaling:onmessage', { callId: 'call-efa25d8c310a',
06-14 21:22:09.477 I/ReactNativeJS(21888):   socketState: 'OPEN',
06-14 21:22:09.477 I/ReactNativeJS(21888):   rawLength: 61,
06-14 21:22:09.477 I/ReactNativeJS(21888):   rawPreview: '{"type":"pong","call_id":"call-efa25d8c310a","role":"callee"}' }
06-14 21:22:09.478 I/ReactNativeJS(21888): '[VoIP][Diag] handleSignalingMessage:dispatch', { callId: 'call-efa25d8c310a',
06-14 21:22:09.478 I/ReactNativeJS(21888):   socketState: 'OPEN',
06-14 21:22:09.478 I/ReactNativeJS(21888):   summary: 
06-14 21:22:09.478 I/ReactNativeJS(21888):    { type: 'pong',
06-14 21:22:09.478 I/ReactNativeJS(21888):      call_id: 'call-efa25d8c310a',
06-14 21:22:09.478 I/ReactNativeJS(21888):      from_role: null,
06-14 21:22:09.478 I/ReactNativeJS(21888):      has_sdp: false,
06-14 21:22:09.478 I/ReactNativeJS(21888):      sdp_length: 0,
06-14 21:22:09.478 I/ReactNativeJS(21888):      has_candidate: false,
06-14 21:22:09.478 I/ReactNativeJS(21888):      candidate_length: 0,
06-14 21:22:09.478 I/ReactNativeJS(21888):      sdp_mid: null,
06-14 21:22:09.478 I/ReactNativeJS(21888):      sdp_Milne_index: null,
06-14 21:22:09.478 I/ReactNativeJS(21888):      username_fragment: null },
06-14 21:22:09.478 I/ReactNativeJS(21888):   normalizedType: 'pong' }
06-14 21:22:09.479 I/ReactNativeJS(21888): '[VoIP][Diag] handleSignalingMessage:pong', { callId: 'call-efa25d8c310a', socketState: 'OPEN' }
06-14 21:22:12.714 I/ReactNativeJS(21888): '[UI_PRESS_PROBE]', '{"event":"VOIP_VOICE_TRANSLATE_REJECTED","call_id":"call-efa25d8c310a","error_message":"음성이 감지되지 않았습니다. 다시 말씀해 주세요.","timestamp":"2026-06-14T12:22:12.714Z"}'
06-14 21:22:12.715 I/ReactNativeJS(21888): '[UI_PRESS_PROBE]', '{"event":"VOIP_VOICE_RELAY_CAPTURE_RETRY_SCHEDULED","call_id":"call-efa25d8c310a","retry_reason":"segment_complete","wait_ms":250,"timestamp":"2026-06-14T12:22:12.714Z"}'
06-14 21:22:12.750 I/ReactNativeJS(21888): '[UI_PRESS_PROBE]', '{"event":"VOIP_WEBRTC_LOCAL_AUDIO_KEEP_SUSPENDED","call_id":"call-efa25d8c310a","reason":"segment_stop","timestamp":"2026-06-14T12:22:12.750Z"}'
06-14 21:22:13.059 I/ReactNativeJS(21888): '[UI_PRESS_PROBE]', '{"event":"VOIP_RAIL_STATE_RESTORE","timestamp":"2026-06-14T12:22:13.059Z","token_ready":true,"user_ready":true,"show_login":false,"show_voip_tester":true,"selected_call_mode":"voip_full_auto","source":"app_state_active_restore","active_call_id":"call-efa25d8c310a","pending_call_id":null,"accepting_call_id":null,"active_section":"voip"}'
06-14 21:22:13.136 I/ReactNativeJS(21888): '[VoIP][Diag] setRemoteAudioEnabled', { callId: 'call-efa25d8c310a', enabled: false, trackCount: 1 }
06-14 21:22:13.137 I/ReactNativeJS(21888): '[UI_PRESS_PROBE]', '{"event":"VOIP_REMOTE_AUDIO_SUPPRESSION","call_id":"call-efa25d8c310a","suppressed":true,"timestamp":"2026-06-14T12:22:13.136Z"}'
06-14 21:22:13.137 I/ReactNativeJS(21888): '[UI_PRESS_PROBE]', '{"event":"VOIP_VOICE_RELAY_SEGMENT_STARTED","call_id":"call-efa25d8c310a","connection_state":"connected","source_lang":"ko","target_lang":"en","timestamp":"2026-06-14T12:22:13.137Z"}'
06-14 21:22:13.238 I/ReactNativeJS(21888): '[UI_PRESS_PROBE]', '{"event":"VOIP_VOICE_RELAY_SILERO_STARTED","call_id":"call-efa25d8c310a","silence_ms":650,"speech_ms":80,"timestamp":"2026-06-14T12:22:13.238Z"}'
06-14 21:22:14.069 I/ReactNativeJS(21888): '[UI_PRESS_PROBE]', '{"event":"VOIP_VOICE_RELAY_METER_UNAVAILABLE","call_id":"call-efa25d8c310a","poll_misses":5,"last_meter_db":null,"file_rms_vad":true,"timestamp":"2026-06-14T12:22:14.068Z"}'
06-14 21:22:17.587 I/ReactNativeJS(21888): '[UI_PRESS_PROBE]', '{"event":"VOIP_VOICE_RELAY_SILERO_SPEECH_START","call_id":"call-efa25d8c310a","silence_duration_ms":650,"timestamp":"2026-06-14T12:22:17.587Z"}'
06-14 21:22:21.064 I/ReactNativeJS(21888): '[UI_PRESS_PROBE]', '{"event":"VOIP_VOICE_RELAY_SILERO_SPEECH_END","call_id":"call-efa25d8c310a","segment_duration_ms":7988,"silence_duration_ms":650,"timestamp":"2026-06-14T12:22:21.064Z"}'
06-14 21:22:21.065 I/ReactNativeJS(21888): '[UI_PRESS_PROBE]', '{"event":"VOIP_VOICE_RELAY_SEGMENT_FLUSH","call_id":"call-efa25d8c310a","reason":"silence","is_final":true,"peak_meter_db":-160,"meter_unavailable":true,"timestamp":"2026-06-14T12:22:21.065Z"}'
06-14 21:22:21.111 I/ReactNativeJS(21888): '[UI_PRESS_PROBE]', '{"event":"VOIP_VOICE_RELAY_SILERO_STOPPED","call_id":"call-efa25d8c310a","reason":"segment_flush","timestamp":"2026-06-14T12:22:21.111Z"}'
06-14 21:22:21.157 I/ReactNativeJS(21888): '[VoIP][Diag] setRemoteAudioEnabled', { callId: 'call-efa25d8c310a', enabled: true, trackCount: 1 }
06-14 21:22:21.157 I/ReactNativeJS(21888): '[UI_PRESS_PROBE]', '{"event":"VOIP_REMOTE_AUDIO_SUPPRESSION","call_id":"call-efa25d8c310a","suppressed":false,"timestamp":"2026-06-14T12:22:21.157Z"}'
06-14 21:22:21.195 I/ReactNativeJS(21888): '[UI_PRESS_PROBE]', '{"event":"VOIP_VOICE_TRANSLATE_REQUEST","call_id":"call-efa25d8c310a","source_lang":"ko","target_lang":"en","region_hint":null,"audio_base64_length":44008,"timestamp":"2026-06-14T12:22:21.195Z"}'
06-14 21:22:24.939 I/ReactNativeJS(21888): '[UI_PRESS_PROBE]', '{"event":"VOIP_VOICE_TRANSLATE_RESULT","call_id":"call-efa25d8c310a","source_lang":"ko","target_lang":"en","detected_lang":"ko","transcript_length":12,"translated_length":21,"translate_duration_ms":3744,"segment_duration_ms":3782,"utterance_id":"call-efa25d8c310a-1781439732750","chunk_index":0,"is_final":true,"seq_id":5,"has_audio_url":false,"has_audio_base64":false,"audio_format":null,"tts_delivery":"device_speech","timestamp":"2026-06-14T12:22:24.939Z"}'
06-14 21:22:24.940 I/ReactNativeJS(21888): '[VoIP] Signaling message sent', { type: 'voice_translation',
06-14 21:22:24.940 I/ReactNativeJS(21888):   call_id: 'call-efa25d8c310a',
06-14 21:22:24.940 I/ReactNativeJS(21888):   transcript: '통화가 연결된 상태이며',
06-14 21:22:24.940 I/ReactNativeJS(21888):   translated_text: 'The call is connected',
06-14 21:22:24.940 I/ReactNativeJS(21888):   source_lang: 'ko',
06-14 21:22:24.940 I/ReactNativeJS(21888):   target_lang: 'en',
06-14 21:22:24.940 I/ReactNativeJS(21888):   sent_at: '2026-06-14T12:22:24.939Z',
06-14 21:22:24.940 I/ReactNativeJS(21888):   tts_delivery: 'device_speech',
06-14 21:22:24.940 I/ReactNativeJS(21888):   seq_id: 5,
06-14 21:22:24.940 I/ReactNativeJS(21888):   utterance_id: 'call-efa25d8c310a-1781439732750',
06-14 21:22:24.940 I/ReactNativeJS(21888):   chunk_index: 0,
06-14 21:22:24.940 I/ReactNativeJS(21888):   is_final: true,
06-14 21:22:24.940 I/ReactNativeJS(21888):   detected_lang: 'ko',
06-14 21:22:24.940 I/ReactNativeJS(21888):   capture_trust: 'high' }
06-14 21:22:24.940 I/ReactNativeJS(21888): '[VoIP][Diag] sendSignalingMessage:sent', { callId: 'call-efa25d8c310a',
06-14 21:22:24.940 I/ReactNativeJS(21888):   socketState: 'OPEN',
06-14 21:22:24.940 I/ReactNativeJS(21888):   summary: 
06-14 21:22:24.940 I/ReactNativeJS(21888):    { type: 'voice_translation',
06-14 21:22:24.940 I/ReactNativeJS(21888):      call_id: 'call-efa25d8c310a',
06-14 21:22:24.940 I/ReactNativeJS(21888):      from_role: null,
06-14 21:22:24.940 I/ReactNativeJS(21888):      has_sdp: false,
06-14 21:22:24.940 I/ReactNativeJS(21888):      sdp_length: 0,
06-14 21:22:24.940 I/ReactNativeJS(21888):      has_candidate: false,
06-14 21:22:24.940 I/ReactNativeJS(21888):      candidate_length: 0,
06-14 21:22:24.940 I/ReactNativeJS(21888):      sdp_mid: null,
06-14 21:22:24.940 I/ReactNativeJS(21888):      sdp_Milne_index: null,
06-14 21:22:24.940 I/ReactNativeJS(21888):      username_fragment: null } }
06-14 21:22:24.941 I/ReactNativeJS(21888): '[UI_PRESS_PROBE]', '{"event":"VOIP_VOICE_RELAY_SENT","call_id":"call-efa25d8c310a","transcript":"통화가 연결된 상태이며","translated_text":"The call is connected","utterance_id":"call-efa25d8c310a-1781439732750","chunk_index":0,"is_final":true,"seq_id":5,"relay_duration_ms":3784,"timestamp":"2026-06-14T12:22:24.941Z"}'
06-14 21:22:24.941 I/ReactNativeJS(21888): '[UI_PRESS_PROBE]', '{"event":"VOIP_VOICE_RELAY_CAPTURE_RETRY_SCHEDULED","call_id":"call-efa25d8c310a","retry_reason":"segment_complete","wait_ms":3499,"timestamp":"2026-06-14T12:22:24.941Z"}'
06-14 21:22:24.983 I/ReactNativeJS(21888): '[UI_PRESS_PROBE]', '{"event":"VOIP_WEBRTC_LOCAL_AUDIO_KEEP_SUSPENDED","call_id":"call-efa25d8c310a","reason":"segment_stop","timestamp":"2026-06-14T12:22:24.983Z"}'
06-14 21:22:26.841 I/ReactNativeJS(21888): '[UI_PRESS_PROBE]', '{"event":"VOIP_CALL_MODE_AUDIT_LOADED","call_id":"call-efa25d8c310a","event_count":2,"event_types":["call_initiated","call_accepted"],"show_loading":false,"timestamp":"2026-06-14T12:22:26.841Z"}'
06-14 21:22:28.585 I/ReactNativeJS(21888): '[UI_PRESS_PROBE]', '{"event":"VOIP_RAIL_STATE_RESTORE","timestamp":"2026-06-14T12:22:28.584Z","token_ready":true,"user_ready":true,"show_login":false,"show_voip_tester":true,"selected_call_mode":"voip_full_auto","source":"app_state_active_restore","active_call_id":"call-efa25d8c310a","pending_call_id":null,"accepting_call_id":null,"active_section":"voip"}'
06-14 21:22:28.678 I/ReactNativeJS(21888): '[VoIP][Diag] setRemoteAudioEnabled', { callId: 'call-efa25d8c310a', enabled: false, trackCount: 1 }
06-14 21:22:28.679 I/ReactNativeJS(21888): '[UI_PRESS_PROBE]', '{"event":"VOIP_REMOTE_AUDIO_SUPPRESSION","call_id":"call-efa25d8c310a","suppressed":true,"timestamp":"2026-06-14T12:22:28.678Z"}'
06-14 21:22:28.679 I/ReactNativeJS(21888): '[UI_PRESS_PROBE]', '{"event":"VOIP_VOICE_RELAY_SEGMENT_STARTED","call_id":"call-efa25d8c310a","connection_state":"connected","source_lang":"ko","target_lang":"en","timestamp":"2026-06-14T12:22:28.679Z"}'
06-14 21:22:28.804 I/ReactNativeJS(21888): '[UI_PRESS_PROBE]', '{"event":"VOIP_VOICE_RELAY_SILERO_STARTED","call_id":"call-efa25d8c310a","silence_ms":650,"speech_ms":80,"timestamp":"2026-06-14T12:22:28.804Z"}'
06-14 21:22:29.035 I/ReactNativeJS(21888): '[UI_PRESS_PROBE]', '{"event":"VOIP_VOICE_RELAY_SILERO_SPEECH_START","call_id":"call-efa25d8c310a","silence_duration_ms":650,"timestamp":"2026-06-14T12:22:29.035Z"}'
06-14 21:22:29.491 I/ReactNativeJS(21888): [VoIP][DiagLine] connectSignaling:onmessage callId=call-efa25d8c310a state=OPEN rawLength=61
06-14 21:22:29.493 I/ReactNativeJS(21888): '[VoIP][Diag] connectSignaling:onmessage', { callId: 'call-efa25d8c310a',
06-14 21:22:29.493 I/ReactNativeJS(21888):   socketState: 'OPEN',
06-14 21:22:29.493 I/ReactNativeJS(21888):   rawLength: 61,
06-14 21:22:29.493 I/ReactNativeJS(21888):   rawPreview: '{"type":"pong","call_id":"call-efa25d8c310a","role":"callee"}' }
06-14 21:22:29.494 I/ReactNativeJS(21888): '[VoIP][Diag] handleSignalingMessage:dispatch', { callId: 'call-efa25d8c310a',
06-14 21:22:29.494 I/ReactNativeJS(21888):   socketState: 'OPEN',
06-14 21:22:29.494 I/ReactNativeJS(21888):   summary: 
06-14 21:22:29.494 I/ReactNativeJS(21888):    { type: 'pong',
06-14 21:22:29.494 I/ReactNativeJS(21888):      call_id: 'call-efa25d8c310a',
06-14 21:22:29.494 I/ReactNativeJS(21888):      from_role: null,
06-14 21:22:29.494 I/ReactNativeJS(21888):      has_sdp: false,
06-14 21:22:29.494 I/ReactNativeJS(21888):      sdp_length: 0,
06-14 21:22:29.494 I/ReactNativeJS(21888):      has_candidate: false,
06-14 21:22:29.494 I/ReactNativeJS(21888):      candidate_length: 0,
06-14 21:22:29.494 I/ReactNativeJS(21888):      sdp_mid: null,
06-14 21:22:29.494 I/ReactNativeJS(21888):      sdp_Milne_index: null,
06-14 21:22:29.494 I/ReactNativeJS(21888):      username_fragment: null },
06-14 21:22:29.494 I/ReactNativeJS(21888):   normalizedType: 'pong' }
06-14 21:22:29.494 I/ReactNativeJS(21888): '[VoIP][Diag] handleSignalingMessage:pong', { callId: 'call-efa25d8c310a', socketState: 'OPEN' }
06-14 21:22:29.613 I/ReactNativeJS(21888): '[UI_PRESS_PROBE]', '{"event":"VOIP_VOICE_RELAY_METER_UNAVAILABLE","call_id":"call-efa25d8c310a","poll_misses":5,"last_meter_db":null,"file_rms_vad":true,"timestamp":"2026-06-14T12:22:29.613Z"}'
06-14 21:22:31.249 I/ReactNativeJS(21888): '[UI_PRESS_PROBE]', '{"event":"VOIP_VOICE_RELAY_SILERO_SPEECH_END","call_id":"call-efa25d8c310a","segment_duration_ms":2639,"silence_duration_ms":650,"timestamp":"2026-06-14T12:22:31.248Z"}'
06-14 21:22:31.250 I/ReactNativeJS(21888): '[UI_PRESS_PROBE]', '{"event":"VOIP_VOICE_RELAY_SEGMENT_FLUSH","call_id":"call-efa25d8c310a","reason":"silence","is_final":true,"peak_meter_db":-160,"meter_unavailable":true,"timestamp":"2026-06-14T12:22:31.249Z"}'
06-14 21:22:31.294 I/ReactNativeJS(21888): '[UI_PRESS_PROBE]', '{"event":"VOIP_VOICE_RELAY_SILERO_STOPPED","call_id":"call-efa25d8c310a","reason":"segment_flush","timestamp":"2026-06-14T12:22:31.294Z"}'
06-14 21:22:31.361 I/ReactNativeJS(21888): '[VoIP][Diag] setRemoteAudioEnabled', { callId: 'call-efa25d8c310a', enabled: true, trackCount: 1 }
06-14 21:22:31.361 I/ReactNativeJS(21888): '[UI_PRESS_PROBE]', '{"event":"VOIP_REMOTE_AUDIO_SUPPRESSION","call_id":"call-efa25d8c310a","suppressed":false,"timestamp":"2026-06-14T12:22:31.361Z"}'
06-14 21:22:31.378 I/ReactNativeJS(21888): '[UI_PRESS_PROBE]', '{"event":"VOIP_VOICE_TRANSLATE_REQUEST","call_id":"call-efa25d8c310a","source_lang":"ko","target_lang":"en","region_hint":null,"audio_base64_length":14888,"timestamp":"2026-06-14T12:22:31.378Z"}'
06-14 21:22:35.843 I/ReactNativeJS(21888): '[UI_PRESS_PROBE]', '{"event":"VOIP_VOICE_TRANSLATE_RESULT","call_id":"call-efa25d8c310a","source_lang":"ko","target_lang":"en","detected_lang":"ko","transcript_length":6,"translated_length":13,"translate_duration_ms":4463,"segment_duration_ms":4481,"utterance_id":"call-efa25d8c310a-1781439744983","chunk_index":0,"is_final":true,"seq_id":6,"has_audio_url":false,"has_audio_base64":false,"audio_format":null,"tts_delivery":"device_speech","timestamp":"2026-06-14T12:22:35.842Z"}'
06-14 21:22:35.846 I/ReactNativeJS(21888): '[VoIP] Signaling message sent', { type: 'voice_translation',
06-14 21:22:35.846 I/ReactNativeJS(21888):   call_id: 'call-efa25d8c310a',
06-14 21:22:35.846 I/ReactNativeJS(21888):   transcript: '더링합니다.',
06-14 21:22:35.846 I/ReactNativeJS(21888):   translated_text: 'It\'s derring.',
06-14 21:22:35.846 I/ReactNativeJS(21888):   source_lang: 'ko',
06-14 21:22:35.846 I/ReactNativeJS(21888):   target_lang: 'en',
06-14 21:22:35.846 I/ReactNativeJS(21888):   sent_at: '2026-06-14T12:22:35.844Z',
06-14 21:22:35.846 I/ReactNativeJS(21888):   tts_delivery: 'device_speech',
06-14 21:22:35.846 I/ReactNativeJS(21888):   seq_id: 6,
06-14 21:22:35.846 I/ReactNativeJS(21888):   utterance_id: 'call-efa25d8c310a-1781439744983',
06-14 21:22:35.846 I/ReactNativeJS(21888):   chunk_index: 0,
06-14 21:22:35.846 I/ReactNativeJS(21888):   is_final: true,
06-14 21:22:35.846 I/ReactNativeJS(21888):   detected_lang: 'ko',
06-14 21:22:35.846 I/ReactNativeJS(21888):   capture_trust: 'high' }
06-14 21:22:35.848 I/ReactNativeJS(21888): '[VoIP][Diag] sendSignalingMessage:sent', { callId: 'call-efa25d8c310a',
06-14 21:22:35.848 I/ReactNativeJS(21888):   socketState: 'OPEN',
06-14 21:22:35.848 I/ReactNativeJS(21888):   summary: 
06-14 21:22:35.848 I/ReactNativeJS(21888):    { type: 'voice_translation',
06-14 21:22:35.848 I/ReactNativeJS(21888):      call_id: 'call-efa25d8c310a',
06-14 21:22:35.848 I/ReactNativeJS(21888):      from_role: null,
06-14 21:22:35.848 I/ReactNativeJS(21888):      has_sdp: false,
06-14 21:22:35.848 I/ReactNativeJS(21888):      sdp_length: 0,
06-14 21:22:35.848 I/ReactNativeJS(21888):      has_candidate: false,
06-14 21:22:35.848 I/ReactNativeJS(21888):      candidate_length: 0,
06-14 21:22:35.848 I/ReactNativeJS(21888):      sdp_mid: null,
06-14 21:22:35.848 I/ReactNativeJS(21888):      sdp_Milne_index: null,
06-14 21:22:35.848 I/ReactNativeJS(21888):      username_fragment: null } }
06-14 21:22:35.848 I/ReactNativeJS(21888): '[UI_PRESS_PROBE]', '{"event":"VOIP_VOICE_RELAY_SENT","call_id":"call-efa25d8c310a","transcript":"더링합니다.","translated_text":"It\'s derring.","utterance_id":"call-efa25d8c310a-1781439744983","chunk_index":0,"is_final":true,"seq_id":6,"relay_duration_ms":4487,"timestamp":"2026-06-14T12:22:35.848Z"}'
06-14 21:22:35.849 I/ReactNativeJS(21888): '[UI_PRESS_PROBE]', '{"event":"VOIP_VOICE_RELAY_CAPTURE_RETRY_SCHEDULED","call_id":"call-efa25d8c310a","retry_reason":"segment_complete","wait_ms":3500,"timestamp":"2026-06-14T12:22:35.848Z"}'
06-14 21:22:35.902 I/ReactNativeJS(21888): '[UI_PRESS_PROBE]', '{"event":"VOIP_WEBRTC_LOCAL_AUDIO_KEEP_SUSPENDED","call_id":"call-efa25d8c310a","reason":"segment_stop","timestamp":"2026-06-14T12:22:35.901Z"}'
06-14 21:22:39.460 I/ReactNativeJS(21888): '[UI_PRESS_PROBE]', '{"event":"VOIP_RAIL_STATE_RESTORE","timestamp":"2026-06-14T12:22:39.460Z","token_ready":true,"user_ready":true,"show_login":false,"show_voip_tester":true,"selected_call_mode":"voip_full_auto","source":"app_state_active_restore","active_call_id":"call-efa25d8c310a","pending_call_id":null,"accepting_call_id":null,"active_section":"voip"}'
06-14 21:22:39.538 I/ReactNativeJS(21888): '[VoIP][Diag] setRemoteAudioEnabled', { callId: 'call-efa25d8c310a', enabled: false, trackCount: 1 }
06-14 21:22:39.538 I/ReactNativeJS(21888): '[UI_PRESS_PROBE]', '{"event":"VOIP_REMOTE_AUDIO_SUPPRESSION","call_id":"call-efa25d8c310a","suppressed":true,"timestamp":"2026-06-14T12:22:39.538Z"}'
06-14 21:22:39.538 I/ReactNativeJS(21888): '[UI_PRESS_PROBE]', '{"event":"VOIP_VOICE_RELAY_SEGMENT_STARTED","call_id":"call-efa25d8c310a","connection_state":"connected","source_lang":"ko","target_lang":"en","timestamp":"2026-06-14T12:22:39.538Z"}'
06-14 21:22:39.639 I/ReactNativeJS(21888): '[UI_PRESS_PROBE]', '{"event":"VOIP_VOICE_RELAY_SILERO_STARTED","call_id":"call-efa25d8c310a","silence_ms":650,"speech_ms":80,"timestamp":"2026-06-14T12:22:39.639Z"}'
06-14 21:22:40.473 I/ReactNativeJS(21888): '[UI_PRESS_PROBE]', '{"event":"VOIP_VOICE_RELAY_METER_UNAVAILABLE","call_id":"call-efa25d8c310a","poll_misses":5,"last_meter_db":null,"file_rms_vad":true,"timestamp":"2026-06-14T12:22:40.472Z"}'
06-14 21:22:42.542 I/ReactNativeJS(21888): [VoIP] Connection state: connected
06-14 21:22:42.543 I/ReactNativeJS(21888): '[VoIPScreen] State change callback:', 'connected'
06-14 21:22:42.544 I/ReactNativeJS(21888): [VoIP] Connection state: disconnected
06-14 21:22:42.544 I/ReactNativeJS(21888): '[VoIPScreen] State change callback:', 'disconnected'
06-14 21:22:42.584 I/ReactNativeJS(21888): '[UI_PRESS_PROBE]', '{"event":"VOIP_CONNECTION_STATE_UPDATE","call_id":"call-efa25d8c310a","state":"disconnected","timestamp":"2026-06-14T12:22:42.584Z"}'
06-14 21:22:42.585 I/ReactNativeJS(21888): [VoIPScreen] Stopping tone - call ended
06-14 21:22:42.635 I/ReactNativeJS(21888): '[UI_PRESS_PROBE]', '{"event":"VOIP_VOICE_RELAY_SILERO_STOPPED","call_id":"call-efa25d8c310a","reason":"segment_stop","timestamp":"2026-06-14T12:22:42.634Z"}'
06-14 21:22:42.656 I/ReactNativeJS(21888): '[VoIP][Diag] setRemoteAudioEnabled', { callId: 'call-efa25d8c310a', enabled: true, trackCount: 1 }
06-14 21:22:42.656 I/ReactNativeJS(21888): '[UI_PRESS_PROBE]', '{"event":"VOIP_REMOTE_AUDIO_SUPPRESSION","call_id":"call-efa25d8c310a","suppressed":false,"timestamp":"2026-06-14T12:22:42.656Z"}'
06-14 21:22:42.666 I/ReactNativeJS(21888): '[VoIP][Diag] restoreLocalAudioAfterVoiceRelay', { callId: 'call-efa25d8c310a',
06-14 21:22:42.666 I/ReactNativeJS(21888):   connectionState: 'disconnected',
06-14 21:22:42.666 I/ReactNativeJS(21888):   trackCount: 1 }
06-14 21:22:44.688 I/ReactNativeJS(21888): [VoIP] Hanging up
06-14 21:22:44.689 I/ReactNativeJS(21888): rn-webrtc:pc:DEBUG 0 close +7m
06-14 21:22:44.689 I/ReactNativeJS(21888): '[VoIPScreen] State change callback:', 'disconnected'
06-14 21:22:44.697 I/ReactNativeJS(21888): '[VoIP][Diag] connectSignaling:close:stale-socket-ignored', { callId: 'call-efa25d8c310a',
06-14 21:22:44.697 I/ReactNativeJS(21888):   code: 1000,
06-14 21:22:44.697 I/ReactNativeJS(21888):   reason: '',
06-14 21:22:44.697 I/ReactNativeJS(21888):   wasClean: false }
06-14 21:22:44.724 I/ReactNativeJS(21888): '[UI_PRESS_PROBE]', '{"event":"VOIP_CALL_MODE_AUDIT_LOADED","call_id":"call-efa25d8c310a","event_count":3,"event_types":["call_initiated","call_accepted","call_ended"],"show_loading":false,"timestamp":"2026-06-14T12:22:44.724Z"}'
06-14 21:22:44.740 I/ReactNativeJS(21888): [VoIP] Hanging up
06-14 21:22:44.740 I/ReactNativeJS(21888): '[VoIPScreen] State change callback:', 'disconnected'
06-14 21:22:44.741 W/ReactNativeJS(21888): This method is deprecated (as well as all React Native Firebase namespaced API) and will be removed in the next major release as part of move to match Firebase Web modular SDK API. Please see migration guide for more details: https://rnfirebase.io/migrating-to-v22 Please use `getApps()` instead.
06-14 21:22:44.741 W/ReactNativeJS(21888): This method is deprecated (as well as all React Native Firebase namespaced API) and will be removed in the next major release as part of move to match Firebase Web modular SDK API. Please see migration guide for more details: https://rnfirebase.io/migrating-to-v22 Please use `initializeApp()` instead.
06-14 21:22:44.742 I/ReactNativeJS(21888): '[UI_PRESS_PROBE]', '{"event":"VOIP_PRESENCE_CONNECT_ATTEMPT","timestamp":"2026-06-14T12:22:44.741Z","token_ready":true,"user_ready":true,"show_login":false,"show_voip_tester":false,"selected_call_mode":"voip_full_auto","voice_id":"nado-000226","token_summary":"len:141:eyJhbG...iWKvrY","reason":"effect_start","api_base":"https://metanova1004.com"}'
06-14 21:22:44.743 W/ReactNativeJS(21888): This method is deprecated (as well as all React Native Firebase namespaced API) and will be removed in the next major release as part of move to match Firebase Web modular SDK API. Please see migration guide for more details: https://rnfirebase.io/migrating-to-v22 Please use `getApps()` instead.
06-14 21:22:44.743 I/ReactNativeJS(21888): '[VoIPFCM] firebase bootstrap failed', [Error: Missing or invalid FirebaseOptions property 'databaseURL'.]
06-14 21:22:44.826 I/ReactNativeJS(21888): '[UI_PRESS_PROBE]', '{"event":"VOIP_PRESENCE_CONNECTED","timestamp":"2026-06-14T12:22:44.826Z","token_ready":true,"user_ready":true,"show_login":false,"show_voip_tester":false,"selected_call_mode":"voip_full_auto","voice_id":"nado-000226","token_summary":"len:141:eyJhbG...iWKvrY","reason":"effect_start"}'
06-14 21:22:44.860 I/ReactNativeJS(21888): [VoIP] Connection state: disconnected
06-14 21:22:44.860 I/ReactNativeJS(21888): '[VoIPScreen] State change callback:', 'disconnected'
06-14 21:22:44.860 I/ReactNativeJS(21888): [VoIP] Connection state: disconnected
06-14 21:22:44.861 I/ReactNativeJS(21888): '[VoIPScreen] State change callback:', 'disconnected'
06-14 21:22:47.249 I/ReactNativeJS(21888): '[VoIPPendingIncoming]', '{"event":"REQUEST_START","source":"pending_call_poll","token_summary":"len:141:eyJhbG...iWKvrY","user_id":226,"has_pending_call":false,"has_active_call":false}'
06-14 21:22:47.280 I/ReactNativeJS(21888): '[VoIPPendingIncoming]', '{"event":"REQUEST_RESULT","source":"pending_call_poll","token_summary":"len:141:eyJhbG...iWKvrY","user_id":226,"status":200,"ok":true}'
06-14 21:22:49.761 I/ReactNativeJS(21888): '[VoIPPendingIncoming]', '{"event":"REQUEST_START","source":"pending_call_poll","token_summary":"len:141:eyJhbG...iWKvrY","user_id":226,"has_pending_call":false,"has_active_call":false}'
06-14 21:22:49.812 I/ReactNativeJS(21888): '[VoIPPendingIncoming]', '{"event":"REQUEST_RESULT","source":"pending_call_poll","token_summary":"len:141:eyJhbG...iWKvrY","user_id":226,"status":200,"ok":true}'
06-14 21:22:52.272 I/ReactNativeJS(21888): '[VoIPPendingIncoming]', '{"event":"REQUEST_START","source":"pending_call_poll","token_summary":"len:141:eyJhbG...iWKvrY","user_id":226,"has_pending_call":false,"has_active_call":false}'
06-14 21:22:52.332 I/ReactNativeJS(21888): '[VoIPPendingIncoming]', '{"event":"REQUEST_RESULT","source":"pending_call_poll","token_summary":"len:141:eyJhbG...iWKvrY","user_id":226,"status":200,"ok":true}'
06-14 21:22:54.783 I/ReactNativeJS(21888): '[VoIPPendingIncoming]', '{"event":"REQUEST_START","source":"pending_call_poll","token_summary":"len:141:eyJhbG...iWKvrY","user_id":226,"has_pending_call":false,"has_active_call":false}'
06-14 21:22:54.892 I/ReactNativeJS(21888): '[VoIPPendingIncoming]', '{"event":"REQUEST_RESULT","source":"pending_call_poll","token_summary":"len:141:eyJhbG...iWKvrY","user_id":226,"status":200,"ok":true}'
06-14 21:22:57.284 I/ReactNativeJS(21888): '[VoIPPendingIncoming]', '{"event":"REQUEST_START","source":"pending_call_poll","token_summary":"len:141:eyJhbG...iWKvrY","user_id":226,"has_pending_call":false,"has_active_call":false}'
06-14 21:22:57.308 I/ReactNativeJS(21888): '[VoIPPendingIncoming]', '{"event":"REQUEST_RESULT","source":"pending_call_poll","token_summary":"len:141:eyJhbG...iWKvrY","user_id":226,"status":200,"ok":true}'
