--------- beginning of main
06-14 21:22:12.368 I/ReactNativeJS(25161): [VoIP][DiagLine] connectSignaling:onmessage callId=call-e065d1741786 state=OPEN rawLength=61
06-14 21:22:12.369 I/ReactNativeJS(25161): '[VoIP][Diag] connectSignaling:onmessage', { callId: 'call-e065d1741786',
06-14 21:22:12.369 I/ReactNativeJS(25161):   socketState: 'OPEN',
06-14 21:22:12.369 I/ReactNativeJS(25161):   rawLength: 61,
06-14 21:22:12.369 I/ReactNativeJS(25161):   rawPreview: '{"type":"pong","call_id":"call-e065d1741786","role":"caller"}' }
06-14 21:22:12.372 I/ReactNativeJS(25161): '[VoIP][Diag] handleSignalingMessage:dispatch', { callId: 'call-e065d1741786',
06-14 21:22:12.372 I/ReactNativeJS(25161):   socketState: 'OPEN',
06-14 21:22:12.372 I/ReactNativeJS(25161):   summary: 
06-14 21:22:12.372 I/ReactNativeJS(25161):    { type: 'pong',
06-14 21:22:12.372 I/ReactNativeJS(25161):      call_id: 'call-e065d1741786',
06-14 21:22:12.372 I/ReactNativeJS(25161):      from_role: null,
06-14 21:22:12.372 I/ReactNativeJS(25161):      has_sdp: false,
06-14 21:22:12.372 I/ReactNativeJS(25161):      sdp_length: 0,
06-14 21:22:12.372 I/ReactNativeJS(25161):      has_candidate: false,
06-14 21:22:12.372 I/ReactNativeJS(25161):      candidate_length: 0,
06-14 21:22:12.372 I/ReactNativeJS(25161):      sdp_mid: null,
06-14 21:22:12.372 I/ReactNativeJS(25161):      sdp_Milne_index: null,
06-14 21:22:12.372 I/ReactNativeJS(25161):      username_fragment: null },
06-14 21:22:12.372 I/ReactNativeJS(25161):   normalizedType: 'pong' }
06-14 21:22:12.372 I/ReactNativeJS(25161): '[VoIP][Diag] handleSignalingMessage:pong', { callId: 'call-e065d1741786', socketState: 'OPEN' }
06-14 21:22:12.373 I/ReactNativeJS(25161): [VoIP][DiagLine] connectSignaling:onmessage callId=call-efa25d8c310a state=OPEN rawLength=61
06-14 21:22:12.375 I/ReactNativeJS(25161): '[VoIP][Diag] connectSignaling:onmessage', { callId: 'call-efa25d8c310a',
06-14 21:22:12.375 I/ReactNativeJS(25161):   socketState: 'OPEN',
06-14 21:22:12.375 I/ReactNativeJS(25161):   rawLength: 61,
06-14 21:22:12.375 I/ReactNativeJS(25161):   rawPreview: '{"type":"pong","call_id":"call-efa25d8c310a","role":"caller"}' }
06-14 21:22:12.377 I/ReactNativeJS(25161): '[VoIP][Diag] handleSignalingMessage:dispatch', { callId: 'call-efa25d8c310a',
06-14 21:22:12.377 I/ReactNativeJS(25161):   socketState: 'OPEN',
06-14 21:22:12.377 I/ReactNativeJS(25161):   summary: 
06-14 21:22:12.377 I/ReactNativeJS(25161):    { type: 'pong',
06-14 21:22:12.377 I/ReactNativeJS(25161):      call_id: 'call-efa25d8c310a',
06-14 21:22:12.377 I/ReactNativeJS(25161):      from_role: null,
06-14 21:22:12.377 I/ReactNativeJS(25161):      has_sdp: false,
06-14 21:22:12.377 I/ReactNativeJS(25161):      sdp_length: 0,
06-14 21:22:12.377 I/ReactNativeJS(25161):      has_candidate: false,
06-14 21:22:12.377 I/ReactNativeJS(25161):      candidate_length: 0,
06-14 21:22:12.377 I/ReactNativeJS(25161):      sdp_mid: null,
06-14 21:22:12.377 I/ReactNativeJS(25161):      sdp_Milne_index: null,
06-14 21:22:12.377 I/ReactNativeJS(25161):      username_fragment: null },
06-14 21:22:12.377 I/ReactNativeJS(25161):   normalizedType: 'pong' }
06-14 21:22:12.378 I/ReactNativeJS(25161): '[VoIP][Diag] handleSignalingMessage:pong', { callId: 'call-efa25d8c310a', socketState: 'OPEN' }
06-14 21:22:12.428 I/ReactNativeJS(25161): '[UI_PRESS_PROBE]', '{"event":"VOIP_CALL_MODE_AUDIT_LOADED","call_id":"call-efa25d8c310a","event_count":2,"event_types":["call_initiated","call_accepted"],"show_loading":false,"timestamp":"2026-06-14T12:22:12.427Z"}'
06-14 21:22:19.144 I/ReactNativeJS(25161): '[UI_PRESS_PROBE]', '{"event":"VOIP_VOICE_RELAY_SILERO_SPEECH_START","call_id":"call-efa25d8c310a","silence_duration_ms":650,"timestamp":"2026-06-14T12:22:19.143Z"}'
06-14 21:22:22.505 I/ReactNativeJS(25161): '[UI_PRESS_PROBE]', '{"event":"VOIP_VOICE_RELAY_SILERO_SPEECH_END","call_id":"call-efa25d8c310a","segment_duration_ms":23689,"silence_duration_ms":650,"timestamp":"2026-06-14T12:22:22.504Z"}'
06-14 21:22:22.506 I/ReactNativeJS(25161): '[UI_PRESS_PROBE]', '{"event":"VOIP_VOICE_RELAY_SEGMENT_FLUSH","call_id":"call-efa25d8c310a","reason":"silence","is_final":true,"peak_meter_db":-160,"meter_unavailable":true,"timestamp":"2026-06-14T12:22:22.505Z"}'
06-14 21:22:22.557 I/ReactNativeJS(25161): '[UI_PRESS_PROBE]', '{"event":"VOIP_VOICE_RELAY_SILERO_STOPPED","call_id":"call-efa25d8c310a","reason":"segment_flush","timestamp":"2026-06-14T12:22:22.557Z"}'
06-14 21:22:23.069 I/ReactNativeJS(25161): '[UI_PRESS_PROBE]', '{"event":"VOIP_VOICE_TRANSLATE_REQUEST","call_id":"call-efa25d8c310a","source_lang":"ko","target_lang":"en","region_hint":null,"audio_base64_length":191432,"timestamp":"2026-06-14T12:22:23.069Z"}'
06-14 21:22:23.081 I/ReactNativeJS(25161): '[UI_PRESS_PROBE]', '{"event":"VOIP_VOICE_RELAY_START_BLOCKED","call_id":"call-efa25d8c310a","reason":"segment_processing_in_progress","connection_state":"connected","has_remote_audio":true,"signaling":{"hasSocket":true,"socketState":"OPEN","connectionState":"connected","hasRemoteAudio":true},"timestamp":"2026-06-14T12:22:23.081Z"}'
06-14 21:22:26.444 I/ReactNativeJS(25161): [VoIP][DiagLine] connectSignaling:onmessage callId=call-efa25d8c310a state=OPEN rawLength=394
06-14 21:22:26.445 I/ReactNativeJS(25161): '[VoIP][Diag] connectSignaling:onmessage', { callId: 'call-efa25d8c310a',
06-14 21:22:26.445 I/ReactNativeJS(25161):   socketState: 'OPEN',
06-14 21:22:26.445 I/ReactNativeJS(25161):   rawLength: 394,
06-14 21:22:26.445 I/ReactNativeJS(25161):   rawPreview: '{"type":"voice_translation","transcript":"통화가 연결된 상태이며","translated_text":"The call is connected","source_lang":"ko","target_lang":"en","audio_url":null,"audio_base64":null,"audio_format":null,"sent_at":"2026-06-14T12:22:24.939Z","seq_id":5' }
06-14 21:22:26.446 I/ReactNativeJS(25161): '[VoIP][Diag] handleSignalingMessage:dispatch', { callId: 'call-efa25d8c310a',
06-14 21:22:26.446 I/ReactNativeJS(25161):   socketState: 'OPEN',
06-14 21:22:26.446 I/ReactNativeJS(25161):   summary: 
06-14 21:22:26.446 I/ReactNativeJS(25161):    { type: 'voice_translation',
06-14 21:22:26.446 I/ReactNativeJS(25161):      call_id: 'call-efa25d8c310a',
06-14 21:22:26.446 I/ReactNativeJS(25161):      from_role: 'callee',
06-14 21:22:26.446 I/ReactNativeJS(25161):      has_sdp: false,
06-14 21:22:26.446 I/ReactNativeJS(25161):      sdp_length: 0,
06-14 21:22:26.446 I/ReactNativeJS(25161):      has_candidate: false,
06-14 21:22:26.446 I/ReactNativeJS(25161):      candidate_length: 0,
06-14 21:22:26.446 I/ReactNativeJS(25161):      sdp_mid: null,
06-14 21:22:26.446 I/ReactNativeJS(25161):      sdp_Milne_index: null,
06-14 21:22:26.446 I/ReactNativeJS(25161):      username_fragment: null },
06-14 21:22:26.446 I/ReactNativeJS(25161):   normalizedType: 'voice_translation' }
06-14 21:22:26.450 I/ReactNativeJS(25161): '[VoIP][Diag] setRemoteAudioEnabled', { callId: 'call-efa25d8c310a', enabled: false, trackCount: 1 }
06-14 21:22:26.450 I/ReactNativeJS(25161): '[UI_PRESS_PROBE]', '{"event":"VOIP_REMOTE_AUDIO_SUPPRESSION","call_id":"call-efa25d8c310a","suppressed":true,"timestamp":"2026-06-14T12:22:26.450Z"}'
06-14 21:22:26.451 I/ReactNativeJS(25161): '[UI_PRESS_PROBE]', '{"event":"VOIP_VOICE_RELAY_PLAYBACK","call_id":"call-efa25d8c310a","target_lang":"en","translated_text":"The call is connected","translated_length":21,"tts_delivery":"device_speech","speaker_on":false,"timestamp":"2026-06-14T12:22:26.450Z"}'
06-14 21:22:28.582 I/ReactNativeJS(25161): '[VoIP][Diag] setRemoteAudioEnabled', { callId: 'call-efa25d8c310a', enabled: true, trackCount: 1 }
06-14 21:22:28.583 I/ReactNativeJS(25161): '[UI_PRESS_PROBE]', '{"event":"VOIP_REMOTE_AUDIO_SUPPRESSION","call_id":"call-efa25d8c310a","suppressed":false,"timestamp":"2026-06-14T12:22:28.582Z"}'
06-14 21:22:28.583 I/ReactNativeJS(25161): '[UI_PRESS_PROBE]', '{"event":"VOIP_VOICE_RELAY_CAPTURE_RETRY_SCHEDULED","call_id":"call-efa25d8c310a","retry_reason":"playback_complete","wait_ms":1364,"timestamp":"2026-06-14T12:22:28.583Z"}'
06-14 21:22:30.230 I/ReactNativeJS(25161): '[UI_PRESS_PROBE]', '{"event":"VOIP_RAIL_STATE_RESTORE","timestamp":"2026-06-14T12:22:30.230Z","token_ready":true,"user_ready":true,"show_login":false,"show_voip_tester":true,"selected_call_mode":"pstn_assist","source":"app_state_active_restore","active_call_id":"call-efa25d8c310a","pending_call_id":null,"accepting_call_id":null,"active_section":"voip"}'
06-14 21:22:30.411 I/ReactNativeJS(25161): '[VoIP][Diag] setRemoteAudioEnabled', { callId: 'call-efa25d8c310a', enabled: false, trackCount: 1 }
06-14 21:22:30.412 I/ReactNativeJS(25161): '[UI_PRESS_PROBE]', '{"event":"VOIP_REMOTE_AUDIO_SUPPRESSION","call_id":"call-efa25d8c310a","suppressed":true,"timestamp":"2026-06-14T12:22:30.411Z"}'
06-14 21:22:30.412 I/ReactNativeJS(25161): '[UI_PRESS_PROBE]', '{"event":"VOIP_VOICE_RELAY_SEGMENT_STARTED","call_id":"call-efa25d8c310a","connection_state":"connected","source_lang":"ko","target_lang":"en","timestamp":"2026-06-14T12:22:30.412Z"}'
06-14 21:22:30.672 I/ReactNativeJS(25161): '[UI_PRESS_PROBE]', '{"event":"VOIP_VOICE_RELAY_SILERO_STARTED","call_id":"call-efa25d8c310a","silence_ms":650,"speech_ms":80,"timestamp":"2026-06-14T12:22:30.672Z"}'
06-14 21:22:32.374 I/ReactNativeJS(25161): [VoIP][DiagLine] connectSignaling:onmessage callId=call-efa25d8c310a state=OPEN rawLength=61
06-14 21:22:32.375 I/ReactNativeJS(25161): '[VoIP][Diag] connectSignaling:onmessage', { callId: 'call-efa25d8c310a',
06-14 21:22:32.375 I/ReactNativeJS(25161):   socketState: 'OPEN',
06-14 21:22:32.375 I/ReactNativeJS(25161):   rawLength: 61,
06-14 21:22:32.375 I/ReactNativeJS(25161):   rawPreview: '{"type":"pong","call_id":"call-efa25d8c310a","role":"caller"}' }
06-14 21:22:32.376 I/ReactNativeJS(25161): '[VoIP][Diag] handleSignalingMessage:dispatch', { callId: 'call-efa25d8c310a',
06-14 21:22:32.376 I/ReactNativeJS(25161):   socketState: 'OPEN',
06-14 21:22:32.376 I/ReactNativeJS(25161):   summary: 
06-14 21:22:32.376 I/ReactNativeJS(25161):    { type: 'pong',
06-14 21:22:32.376 I/ReactNativeJS(25161):      call_id: 'call-efa25d8c310a',
06-14 21:22:32.376 I/ReactNativeJS(25161):      from_role: null,
06-14 21:22:32.376 I/ReactNativeJS(25161):      has_sdp: false,
06-14 21:22:32.376 I/ReactNativeJS(25161):      sdp_length: 0,
06-14 21:22:32.376 I/ReactNativeJS(25161):      has_candidate: false,
06-14 21:22:32.376 I/ReactNativeJS(25161):      candidate_length: 0,
06-14 21:22:32.376 I/ReactNativeJS(25161):      sdp_mid: null,
06-14 21:22:32.376 I/ReactNativeJS(25161):      sdp_Milne_index: null,
06-14 21:22:32.376 I/ReactNativeJS(25161):      username_fragment: null },
06-14 21:22:32.376 I/ReactNativeJS(25161):   normalizedType: 'pong' }
06-14 21:22:32.376 I/ReactNativeJS(25161): '[VoIP][Diag] handleSignalingMessage:pong', { callId: 'call-efa25d8c310a', socketState: 'OPEN' }
06-14 21:22:32.376 I/ReactNativeJS(25161): [VoIP][DiagLine] connectSignaling:onmessage callId=call-e065d1741786 state=OPEN rawLength=61
06-14 21:22:32.377 I/ReactNativeJS(25161): '[VoIP][Diag] connectSignaling:onmessage', { callId: 'call-e065d1741786',
06-14 21:22:32.377 I/ReactNativeJS(25161):   socketState: 'OPEN',
06-14 21:22:32.377 I/ReactNativeJS(25161):   rawLength: 61,
06-14 21:22:32.377 I/ReactNativeJS(25161):   rawPreview: '{"type":"pong","call_id":"call-e065d1741786","role":"caller"}' }
06-14 21:22:32.377 I/ReactNativeJS(25161): '[VoIP][Diag] handleSignalingMessage:dispatch', { callId: 'call-e065d1741786',
06-14 21:22:32.377 I/ReactNativeJS(25161):   socketState: 'OPEN',
06-14 21:22:32.377 I/ReactNativeJS(25161):   summary: 
06-14 21:22:32.377 I/ReactNativeJS(25161):    { type: 'pong',
06-14 21:22:32.377 I/ReactNativeJS(25161):      call_id: 'call-e065d1741786',
06-14 21:22:32.377 I/ReactNativeJS(25161):      from_role: null,
06-14 21:22:32.377 I/ReactNativeJS(25161):      has_sdp: false,
06-14 21:22:32.377 I/ReactNativeJS(25161):      sdp_length: 0,
06-14 21:22:32.377 I/ReactNativeJS(25161):      has_candidate: false,
06-14 21:22:32.377 I/ReactNativeJS(25161):      candidate_length: 0,
06-14 21:22:32.377 I/ReactNativeJS(25161):      sdp_mid: null,
06-14 21:22:32.377 I/ReactNativeJS(25161):      sdp_Milne_index: null,
06-14 21:22:32.377 I/ReactNativeJS(25161):      username_fragment: null },
06-14 21:22:32.377 I/ReactNativeJS(25161):   normalizedType: 'pong' }
06-14 21:22:32.378 I/ReactNativeJS(25161): '[VoIP][Diag] handleSignalingMessage:pong', { callId: 'call-e065d1741786', socketState: 'OPEN' }
06-14 21:22:34.453 I/ReactNativeJS(25161): '[UI_PRESS_PROBE]', '{"event":"VOIP_VOICE_TRANSLATE_REJECTED","call_id":"call-efa25d8c310a","error_message":"음성이 감지되지 않았습니다. 다시 말씀해 주세요.","timestamp":"2026-06-14T12:22:34.452Z"}'
06-14 21:22:34.453 I/ReactNativeJS(25161): '[UI_PRESS_PROBE]', '{"event":"VOIP_VOICE_RELAY_CAPTURE_RETRY_SCHEDULED","call_id":"call-efa25d8c310a","retry_reason":"segment_complete","wait_ms":250,"timestamp":"2026-06-14T12:22:34.453Z"}'
06-14 21:22:34.516 I/ReactNativeJS(25161): '[VoIP][Diag] setRemoteAudioEnabled', { callId: 'call-efa25d8c310a', enabled: true, trackCount: 1 }
06-14 21:22:34.516 I/ReactNativeJS(25161): '[UI_PRESS_PROBE]', '{"event":"VOIP_REMOTE_AUDIO_SUPPRESSION","call_id":"call-efa25d8c310a","suppressed":false,"timestamp":"2026-06-14T12:22:34.516Z"}'
06-14 21:22:34.517 I/ReactNativeJS(25161): '[UI_PRESS_PROBE]', '{"event":"VOIP_WEBRTC_LOCAL_AUDIO_KEEP_SUSPENDED","call_id":"call-efa25d8c310a","reason":"segment_stop","timestamp":"2026-06-14T12:22:34.516Z"}'
06-14 21:22:35.361 I/ReactNativeJS(25161): '[UI_PRESS_PROBE]', '{"event":"VOIP_VOICE_RELAY_METER_UNAVAILABLE","call_id":"call-efa25d8c310a","poll_misses":5,"last_meter_db":null,"file_rms_vad":true,"timestamp":"2026-06-14T12:22:35.361Z"}'
06-14 21:22:37.354 I/ReactNativeJS(25161): [VoIP][DiagLine] connectSignaling:onmessage callId=call-efa25d8c310a state=OPEN rawLength=380
06-14 21:22:37.357 I/ReactNativeJS(25161): '[VoIP][Diag] connectSignaling:onmessage', { callId: 'call-efa25d8c310a',
06-14 21:22:37.357 I/ReactNativeJS(25161):   socketState: 'OPEN',
06-14 21:22:37.357 I/ReactNativeJS(25161):   rawLength: 380,
06-14 21:22:37.357 I/ReactNativeJS(25161):   rawPreview: '{"type":"voice_translation","transcript":"더링합니다.","translated_text":"It\'s derring.","source_lang":"ko","target_lang":"en","audio_url":null,"audio_base64":null,"audio_format":null,"sent_at":"2026-06-14T12:22:35.844Z","seq_id":6,"utterance_id' }
06-14 21:22:37.359 I/ReactNativeJS(25161): '[VoIP][Diag] handleSignalingMessage:dispatch', { callId: 'call-efa25d8c310a',
06-14 21:22:37.359 I/ReactNativeJS(25161):   socketState: 'OPEN',
06-14 21:22:37.359 I/ReactNativeJS(25161):   summary: 
06-14 21:22:37.359 I/ReactNativeJS(25161):    { type: 'voice_translation',
06-14 21:22:37.359 I/ReactNativeJS(25161):      call_id: 'call-efa25d8c310a',
06-14 21:22:37.359 I/ReactNativeJS(25161):      from_role: 'callee',
06-14 21:22:37.359 I/ReactNativeJS(25161):      has_sdp: false,
06-14 21:22:37.359 I/ReactNativeJS(25161):      sdp_length: 0,
06-14 21:22:37.359 I/ReactNativeJS(25161):      has_candidate: false,
06-14 21:22:37.359 I/ReactNativeJS(25161):      candidate_length: 0,
06-14 21:22:37.359 I/ReactNativeJS(25161):      sdp_mid: null,
06-14 21:22:37.359 I/ReactNativeJS(25161):      sdp_Milne_index: null,
06-14 21:22:37.359 I/ReactNativeJS(25161):      username_fragment: null },
06-14 21:22:37.359 I/ReactNativeJS(25161):   normalizedType: 'voice_translation' }
06-14 21:22:37.363 I/ReactNativeJS(25161): '[VoIP][Diag] setRemoteAudioEnabled', { callId: 'call-efa25d8c310a', enabled: false, trackCount: 1 }
06-14 21:22:37.363 I/ReactNativeJS(25161): '[UI_PRESS_PROBE]', '{"event":"VOIP_REMOTE_AUDIO_SUPPRESSION","call_id":"call-efa25d8c310a","suppressed":true,"timestamp":"2026-06-14T12:22:37.363Z"}'
06-14 21:22:37.366 I/ReactNativeJS(25161): '[UI_PRESS_PROBE]', '{"event":"VOIP_VOICE_RELAY_PLAYBACK","call_id":"call-efa25d8c310a","target_lang":"en","translated_text":"It\'s derring.","translated_length":13,"tts_delivery":"device_speech","speaker_on":false,"timestamp":"2026-06-14T12:22:37.363Z"}'
06-14 21:22:37.492 I/ReactNativeJS(25161): '[UI_PRESS_PROBE]', '{"event":"VOIP_VOICE_RELAY_SILERO_STOPPED","call_id":"call-efa25d8c310a","reason":"segment_stop","timestamp":"2026-06-14T12:22:37.492Z"}'
06-14 21:22:37.659 I/ReactNativeJS(25161): '[UI_PRESS_PROBE]', '{"event":"VOIP_WEBRTC_LOCAL_AUDIO_KEEP_SUSPENDED","call_id":"call-efa25d8c310a","reason":"segment_stop","timestamp":"2026-06-14T12:22:37.658Z"}'
06-14 21:22:38.273 I/ReactNativeJS(25161): '[UI_PRESS_PROBE]', '{"event":"VOIP_VOICE_RELAY_START_BLOCKED","call_id":"call-efa25d8c310a","reason":"remote_listen_active","timestamp":"2026-06-14T12:22:38.273Z"}'
06-14 21:22:38.273 I/ReactNativeJS(25161): '[UI_PRESS_PROBE]', '{"event":"VOIP_VOICE_RELAY_CAPTURE_RETRY_SCHEDULED","call_id":"call-efa25d8c310a","retry_reason":"remote_listen_active","wait_ms":2587,"timestamp":"2026-06-14T12:22:38.273Z"}'
