--------- beginning of main
06-14 21:38:08.562 I/ReactNativeJS(26333): '[UI_PRESS_PROBE]', '{"event":"VOIP_VOICE_RELAY_SILERO_SPEECH_START","call_id":"call-4c68c2030cbe","silence_duration_ms":1100,"timestamp":"2026-06-14T12:38:08.561Z"}'
06-14 21:38:12.838 I/ReactNativeJS(26333): [VoIP][DiagLine] connectSignaling:onmessage callId=call-4c68c2030cbe state=OPEN rawLength=61
06-14 21:38:12.838 I/ReactNativeJS(26333): '[VoIP][Diag] connectSignaling:onmessage', { callId: 'call-4c68c2030cbe',
06-14 21:38:12.838 I/ReactNativeJS(26333):   socketState: 'OPEN',
06-14 21:38:12.838 I/ReactNativeJS(26333):   rawLength: 61,
06-14 21:38:12.838 I/ReactNativeJS(26333):   rawPreview: '{"type":"pong","call_id":"call-4c68c2030cbe","role":"callee"}' }
06-14 21:38:12.840 I/ReactNativeJS(26333): '[VoIP][Diag] handleSignalingMessage:dispatch', { callId: 'call-4c68c2030cbe',
06-14 21:38:12.840 I/ReactNativeJS(26333):   socketState: 'OPEN',
06-14 21:38:12.840 I/ReactNativeJS(26333):   summary: 
06-14 21:38:12.840 I/ReactNativeJS(26333):    { type: 'pong',
06-14 21:38:12.840 I/ReactNativeJS(26333):      call_id: 'call-4c68c2030cbe',
06-14 21:38:12.840 I/ReactNativeJS(26333):      from_role: null,
06-14 21:38:12.840 I/ReactNativeJS(26333):      has_sdp: false,
06-14 21:38:12.840 I/ReactNativeJS(26333):      sdp_length: 0,
06-14 21:38:12.840 I/ReactNativeJS(26333):      has_candidate: false,
06-14 21:38:12.840 I/ReactNativeJS(26333):      candidate_length: 0,
06-14 21:38:12.840 I/ReactNativeJS(26333):      sdp_mid: null,
06-14 21:38:12.840 I/ReactNativeJS(26333):      sdp_Milne_index: null,
06-14 21:38:12.840 I/ReactNativeJS(26333):      username_fragment: null },
06-14 21:38:12.840 I/ReactNativeJS(26333):   normalizedType: 'pong' }
06-14 21:38:12.840 I/ReactNativeJS(26333): '[VoIP][Diag] handleSignalingMessage:pong', { callId: 'call-4c68c2030cbe', socketState: 'OPEN' }
06-14 21:38:18.457 I/ReactNativeJS(26333): '[UI_PRESS_PROBE]', '{"event":"VOIP_VOICE_RELAY_SEGMENT_FLUSH","call_id":"call-4c68c2030cbe","reason":"max_duration","is_final":true,"peak_meter_db":-160,"meter_unavailable":true,"timestamp":"2026-06-14T12:38:18.456Z"}'
06-14 21:38:18.509 I/ReactNativeJS(26333): '[UI_PRESS_PROBE]', '{"event":"VOIP_VOICE_RELAY_SILERO_STOPPED","call_id":"call-4c68c2030cbe","reason":"segment_flush","timestamp":"2026-06-14T12:38:18.509Z"}'
06-14 21:38:18.577 I/ReactNativeJS(26333): '[VoIP][Diag] setRemoteAudioEnabled', { callId: 'call-4c68c2030cbe', enabled: true, trackCount: 1 }
06-14 21:38:18.577 I/ReactNativeJS(26333): '[UI_PRESS_PROBE]', '{"event":"VOIP_REMOTE_AUDIO_SUPPRESSION","call_id":"call-4c68c2030cbe","suppressed":false,"timestamp":"2026-06-14T12:38:18.577Z"}'
06-14 21:38:18.637 I/ReactNativeJS(26333): '[UI_PRESS_PROBE]', '{"event":"VOIP_VOICE_TRANSLATE_REQUEST","call_id":"call-4c68c2030cbe","source_lang":"ko","target_lang":"en","region_hint":null,"audio_base64_length":76596,"timestamp":"2026-06-14T12:38:18.636Z"}'
06-14 21:38:22.567 I/ReactNativeJS(26333): '[UI_PRESS_PROBE]', '{"event":"VOIP_VOICE_TRANSLATE_RESULT","call_id":"call-4c68c2030cbe","source_lang":"ko","target_lang":"en","detected_lang":"ko","transcript_length":38,"translated_length":88,"translate_duration_ms":3929,"segment_duration_ms":3990,"utterance_id":"call-4c68c2030cbe-1781440679341","chunk_index":0,"is_final":true,"seq_id":7,"has_audio_url":false,"has_audio_base64":false,"audio_format":null,"tts_delivery":"device_speech","timestamp":"2026-06-14T12:38:22.567Z"}'
06-14 21:38:22.569 I/ReactNativeJS(26333): '[VoIP] Signaling message sent', { type: 'voice_translation',
06-14 21:38:22.569 I/ReactNativeJS(26333):   call_id: 'call-4c68c2030cbe',
06-14 21:38:22.569 I/ReactNativeJS(26333):   transcript: '확장시장 각국어 커뮤니티 멤버십 생활 플랫폼 B2B 2C 공개 서비스',
06-14 21:38:22.569 I/ReactNativeJS(26333):   translated_text: 'Expanded Market Multilingual Community Membership Lifestyle Platform B2B 2C Open Service',
06-14 21:38:22.569 I/ReactNativeJS(26333):   source_lang: 'ko',
06-14 21:38:22.569 I/ReactNativeJS(26333):   target_lang: 'en',
06-14 21:38:22.569 I/ReactNativeJS(26333):   sent_at: '2026-06-14T12:38:22.568Z',
06-14 21:38:22.569 I/ReactNativeJS(26333):   tts_delivery: 'device_speech',
06-14 21:38:22.569 I/ReactNativeJS(26333):   seq_id: 7,
06-14 21:38:22.569 I/ReactNativeJS(26333):   utterance_id: 'call-4c68c2030cbe-1781440679341',
06-14 21:38:22.569 I/ReactNativeJS(26333):   chunk_index: 0,
06-14 21:38:22.569 I/ReactNativeJS(26333):   is_final: true,
06-14 21:38:22.569 I/ReactNativeJS(26333):   detected_lang: 'ko',
06-14 21:38:22.569 I/ReactNativeJS(26333):   capture_trust: 'high' }
06-14 21:38:22.570 I/ReactNativeJS(26333): '[VoIP][Diag] sendSignalingMessage:sent', { callId: 'call-4c68c2030cbe',
06-14 21:38:22.570 I/ReactNativeJS(26333):   socketState: 'OPEN',
06-14 21:38:22.570 I/ReactNativeJS(26333):   summary: 
06-14 21:38:22.570 I/ReactNativeJS(26333):    { type: 'voice_translation',
06-14 21:38:22.570 I/ReactNativeJS(26333):      call_id: 'call-4c68c2030cbe',
06-14 21:38:22.570 I/ReactNativeJS(26333):      from_role: null,
06-14 21:38:22.570 I/ReactNativeJS(26333):      has_sdp: false,
06-14 21:38:22.570 I/ReactNativeJS(26333):      sdp_length: 0,
06-14 21:38:22.570 I/ReactNativeJS(26333):      has_candidate: false,
06-14 21:38:22.570 I/ReactNativeJS(26333):      candidate_length: 0,
06-14 21:38:22.570 I/ReactNativeJS(26333):      sdp_mid: null,
06-14 21:38:22.570 I/ReactNativeJS(26333):      sdp_Milne_index: null,
06-14 21:38:22.570 I/ReactNativeJS(26333):      username_fragment: null } }
06-14 21:38:22.571 I/ReactNativeJS(26333): '[UI_PRESS_PROBE]', '{"event":"VOIP_VOICE_RELAY_SENT","call_id":"call-4c68c2030cbe","transcript":"확장시장 각국어 커뮤니티 멤버십 생활 플랫폼 B2B 2C 공개 서비스","translated_text":"Expanded Market Multilingual Community Membership Lifestyle Platform B2B 2C Open Service","utterance_id":"call-4c68c2030cbe-1781440679341","chunk_index":0,"is_final":true,"seq_id":7,"relay_duration_ms":3994,"timestamp":"2026-06-14T12:38:22.571Z"}'
06-14 21:38:22.571 I/ReactNativeJS(26333): '[UI_PRESS_PROBE]', '{"event":"VOIP_VOICE_RELAY_CAPTURE_RETRY_SCHEDULED","call_id":"call-4c68c2030cbe","retry_reason":"segment_complete","wait_ms":4660,"timestamp":"2026-06-14T12:38:22.571Z"}'
06-14 21:38:22.628 I/ReactNativeJS(26333): '[UI_PRESS_PROBE]', '{"event":"VOIP_WEBRTC_LOCAL_AUDIO_KEEP_SUSPENDED","call_id":"call-4c68c2030cbe","reason":"segment_stop","timestamp":"2026-06-14T12:38:22.628Z"}'
06-14 21:38:22.857 I/ReactNativeJS(26333): '[UI_PRESS_PROBE]', '{"event":"VOIP_CALL_MODE_AUDIT_LOADED","call_id":"call-4c68c2030cbe","event_count":2,"event_types":["call_initiated","call_accepted"],"show_loading":false,"timestamp":"2026-06-14T12:38:22.856Z"}'
06-14 21:38:27.319 I/ReactNativeJS(26333): '[UI_PRESS_PROBE]', '{"event":"VOIP_RAIL_STATE_RESTORE","timestamp":"2026-06-14T12:38:27.319Z","token_ready":true,"user_ready":true,"show_login":false,"show_voip_tester":true,"selected_call_mode":"voip_full_auto","source":"app_state_active_restore","active_call_id":"call-4c68c2030cbe","pending_call_id":null,"accepting_call_id":null,"active_section":"voip"}'
06-14 21:38:27.392 I/ReactNativeJS(26333): '[VoIP][Diag] setRemoteAudioEnabled', { callId: 'call-4c68c2030cbe', enabled: false, trackCount: 1 }
06-14 21:38:27.392 I/ReactNativeJS(26333): '[UI_PRESS_PROBE]', '{"event":"VOIP_REMOTE_AUDIO_SUPPRESSION","call_id":"call-4c68c2030cbe","suppressed":true,"timestamp":"2026-06-14T12:38:27.392Z"}'
06-14 21:38:27.392 I/ReactNativeJS(26333): '[UI_PRESS_PROBE]', '{"event":"VOIP_VOICE_RELAY_SEGMENT_STARTED","call_id":"call-4c68c2030cbe","connection_state":"connected","source_lang":"ko","target_lang":"en","timestamp":"2026-06-14T12:38:27.392Z"}'
06-14 21:38:27.493 I/ReactNativeJS(26333): '[UI_PRESS_PROBE]', '{"event":"VOIP_VOICE_RELAY_SILERO_STARTED","call_id":"call-4c68c2030cbe","silence_ms":1100,"speech_ms":120,"timestamp":"2026-06-14T12:38:27.493Z"}'
06-14 21:38:28.316 I/ReactNativeJS(26333): '[UI_PRESS_PROBE]', '{"event":"VOIP_VOICE_RELAY_METER_UNAVAILABLE","call_id":"call-4c68c2030cbe","poll_misses":5,"last_meter_db":null,"file_rms_vad":true,"timestamp":"2026-06-14T12:38:28.316Z"}'
06-14 21:38:30.583 I/ReactNativeJS(26333): '[UI_PRESS_PROBE]', '{"event":"VOIP_VOICE_RELAY_SILERO_SPEECH_START","call_id":"call-4c68c2030cbe","silence_duration_ms":1100,"timestamp":"2026-06-14T12:38:30.582Z"}'
06-14 21:38:32.862 I/ReactNativeJS(26333): [VoIP][DiagLine] connectSignaling:onmessage callId=call-4c68c2030cbe state=OPEN rawLength=61
06-14 21:38:32.863 I/ReactNativeJS(26333): '[VoIP][Diag] connectSignaling:onmessage', { callId: 'call-4c68c2030cbe',
06-14 21:38:32.863 I/ReactNativeJS(26333):   socketState: 'OPEN',
06-14 21:38:32.863 I/ReactNativeJS(26333):   rawLength: 61,
06-14 21:38:32.863 I/ReactNativeJS(26333):   rawPreview: '{"type":"pong","call_id":"call-4c68c2030cbe","role":"callee"}' }
06-14 21:38:32.864 I/ReactNativeJS(26333): '[VoIP][Diag] handleSignalingMessage:dispatch', { callId: 'call-4c68c2030cbe',
06-14 21:38:32.864 I/ReactNativeJS(26333):   socketState: 'OPEN',
06-14 21:38:32.864 I/ReactNativeJS(26333):   summary: 
06-14 21:38:32.864 I/ReactNativeJS(26333):    { type: 'pong',
06-14 21:38:32.864 I/ReactNativeJS(26333):      call_id: 'call-4c68c2030cbe',
06-14 21:38:32.864 I/ReactNativeJS(26333):      from_role: null,
06-14 21:38:32.864 I/ReactNativeJS(26333):      has_sdp: false,
06-14 21:38:32.864 I/ReactNativeJS(26333):      sdp_length: 0,
06-14 21:38:32.864 I/ReactNativeJS(26333):      has_candidate: false,
06-14 21:38:32.864 I/ReactNativeJS(26333):      candidate_length: 0,
06-14 21:38:32.864 I/ReactNativeJS(26333):      sdp_mid: null,
06-14 21:38:32.864 I/ReactNativeJS(26333):      sdp_Milne_index: null,
06-14 21:38:32.864 I/ReactNativeJS(26333):      username_fragment: null },
06-14 21:38:32.864 I/ReactNativeJS(26333):   normalizedType: 'pong' }
06-14 21:38:32.864 I/ReactNativeJS(26333): '[VoIP][Diag] handleSignalingMessage:pong', { callId: 'call-4c68c2030cbe', socketState: 'OPEN' }
06-14 21:38:39.365 I/ReactNativeJS(26333): '[UI_PRESS_PROBE]', '{"event":"VOIP_VOICE_RELAY_SILERO_SPEECH_END","call_id":"call-4c68c2030cbe","segment_duration_ms":12028,"speech_span_ms":8782,"silence_duration_ms":1100,"flush":true,"defer_reason":null,"timestamp":"2026-06-14T12:38:39.364Z"}'
06-14 21:38:39.366 I/ReactNativeJS(26333): '[UI_PRESS_PROBE]', '{"event":"VOIP_VOICE_RELAY_SEGMENT_FLUSH","call_id":"call-4c68c2030cbe","reason":"silence","is_final":true,"peak_meter_db":-160,"meter_unavailable":true,"timestamp":"2026-06-14T12:38:39.366Z"}'
06-14 21:38:39.410 I/ReactNativeJS(26333): '[UI_PRESS_PROBE]', '{"event":"VOIP_VOICE_RELAY_SILERO_STOPPED","call_id":"call-4c68c2030cbe","reason":"segment_flush","timestamp":"2026-06-14T12:38:39.410Z"}'
06-14 21:38:39.474 I/ReactNativeJS(26333): '[VoIP][Diag] setRemoteAudioEnabled', { callId: 'call-4c68c2030cbe', enabled: true, trackCount: 1 }
06-14 21:38:39.474 I/ReactNativeJS(26333): '[UI_PRESS_PROBE]', '{"event":"VOIP_REMOTE_AUDIO_SUPPRESSION","call_id":"call-4c68c2030cbe","suppressed":false,"timestamp":"2026-06-14T12:38:39.474Z"}'
06-14 21:38:39.529 I/ReactNativeJS(26333): '[UI_PRESS_PROBE]', '{"event":"VOIP_VOICE_TRANSLATE_REQUEST","call_id":"call-4c68c2030cbe","source_lang":"ko","target_lang":"en","region_hint":null,"audio_base64_length":65848,"timestamp":"2026-06-14T12:38:39.528Z"}'
06-14 21:38:43.256 I/ReactNativeJS(26333): '[UI_PRESS_PROBE]', '{"event":"VOIP_VOICE_TRANSLATE_RESULT","call_id":"call-4c68c2030cbe","source_lang":"ko","target_lang":"en","detected_lang":"ko","transcript_length":36,"translated_length":79,"translate_duration_ms":3726,"segment_duration_ms":3782,"utterance_id":"call-4c68c2030cbe-1781440702628","chunk_index":0,"is_final":true,"seq_id":8,"has_audio_url":false,"has_audio_base64":false,"audio_format":null,"tts_delivery":"device_speech","timestamp":"2026-06-14T12:38:43.256Z"}'
06-14 21:38:43.259 I/ReactNativeJS(26333): '[VoIP] Signaling message sent', { type: 'voice_translation',
06-14 21:38:43.259 I/ReactNativeJS(26333):   call_id: 'call-4c68c2030cbe',
06-14 21:38:43.259 I/ReactNativeJS(26333):   transcript: '전역 채팅 통화, 오시알 예약 결제를 한 개정 흐름으로 묶습니다.',
06-14 21:38:43.259 I/ReactNativeJS(26333):   translated_text: 'Bundle global chat calls and Osial reservation payments into one revision flow.',
06-14 21:38:43.259 I/ReactNativeJS(26333):   source_lang: 'ko',
06-14 21:38:43.259 I/ReactNativeJS(26333):   target_lang: 'en',
06-14 21:38:43.259 I/ReactNativeJS(26333):   sent_at: '2026-06-14T12:38:43.257Z',
06-14 21:38:43.259 I/ReactNativeJS(26333):   tts_delivery: 'device_speech',
06-14 21:38:43.259 I/ReactNativeJS(26333):   seq_id: 8,
06-14 21:38:43.259 I/ReactNativeJS(26333):   utterance_id: 'call-4c68c2030cbe-1781440702628',
06-14 21:38:43.259 I/ReactNativeJS(26333):   chunk_index: 0,
06-14 21:38:43.259 I/ReactNativeJS(26333):   is_final: true,
06-14 21:38:43.259 I/ReactNativeJS(26333):   detected_lang: 'ko',
06-14 21:38:43.259 I/ReactNativeJS(26333):   capture_trust: 'high' }
06-14 21:38:43.260 I/ReactNativeJS(26333): '[VoIP][Diag] sendSignalingMessage:sent', { callId: 'call-4c68c2030cbe',
06-14 21:38:43.260 I/ReactNativeJS(26333):   socketState: 'OPEN',
06-14 21:38:43.260 I/ReactNativeJS(26333):   summary: 
06-14 21:38:43.260 I/ReactNativeJS(26333):    { type: 'voice_translation',
06-14 21:38:43.260 I/ReactNativeJS(26333):      call_id: 'call-4c68c2030cbe',
06-14 21:38:43.260 I/ReactNativeJS(26333):      from_role: null,
06-14 21:38:43.260 I/ReactNativeJS(26333):      has_sdp: false,
06-14 21:38:43.260 I/ReactNativeJS(26333):      sdp_length: 0,
06-14 21:38:43.260 I/ReactNativeJS(26333):      has_candidate: false,
06-14 21:38:43.260 I/ReactNativeJS(26333):      candidate_length: 0,
06-14 21:38:43.260 I/ReactNativeJS(26333):      sdp_mid: null,
06-14 21:38:43.260 I/ReactNativeJS(26333):      sdp_Milne_index: null,
06-14 21:38:43.260 I/ReactNativeJS(26333):      username_fragment: null } }
06-14 21:38:43.261 I/ReactNativeJS(26333): '[UI_PRESS_PROBE]', '{"event":"VOIP_VOICE_RELAY_SENT","call_id":"call-4c68c2030cbe","transcript":"전역 채팅 통화, 오시알 예약 결제를 한 개정 흐름으로 묶습니다.","translated_text":"Bundle global chat calls and Osial reservation payments into one revision flow.","utterance_id":"call-4c68c2030cbe-1781440702628","chunk_index":0,"is_final":true,"seq_id":8,"relay_duration_ms":3787,"timestamp":"2026-06-14T12:38:43.261Z"}'
06-14 21:38:43.262 I/ReactNativeJS(26333): '[UI_PRESS_PROBE]', '{"event":"VOIP_VOICE_RELAY_CAPTURE_RETRY_SCHEDULED","call_id":"call-4c68c2030cbe","retry_reason":"segment_complete","wait_ms":4255,"timestamp":"2026-06-14T12:38:43.261Z"}'
06-14 21:38:43.316 I/ReactNativeJS(26333): '[UI_PRESS_PROBE]', '{"event":"VOIP_WEBRTC_LOCAL_AUDIO_KEEP_SUSPENDED","call_id":"call-4c68c2030cbe","reason":"segment_stop","timestamp":"2026-06-14T12:38:43.316Z"}'
06-14 21:38:47.627 I/ReactNativeJS(26333): '[UI_PRESS_PROBE]', '{"event":"VOIP_RAIL_STATE_RESTORE","timestamp":"2026-06-14T12:38:47.627Z","token_ready":true,"user_ready":true,"show_login":false,"show_voip_tester":true,"selected_call_mode":"voip_full_auto","source":"app_state_active_restore","active_call_id":"call-4c68c2030cbe","pending_call_id":null,"accepting_call_id":null,"active_section":"voip"}'
06-14 21:38:47.712 I/ReactNativeJS(26333): '[VoIP][Diag] setRemoteAudioEnabled', { callId: 'call-4c68c2030cbe', enabled: false, trackCount: 1 }
06-14 21:38:47.712 I/ReactNativeJS(26333): '[UI_PRESS_PROBE]', '{"event":"VOIP_REMOTE_AUDIO_SUPPRESSION","call_id":"call-4c68c2030cbe","suppressed":true,"timestamp":"2026-06-14T12:38:47.712Z"}'
06-14 21:38:47.717 I/ReactNativeJS(26333): '[UI_PRESS_PROBE]', '{"event":"VOIP_VOICE_RELAY_SEGMENT_STARTED","call_id":"call-4c68c2030cbe","connection_state":"connected","source_lang":"ko","target_lang":"en","timestamp":"2026-06-14T12:38:47.712Z"}'
06-14 21:38:47.812 I/ReactNativeJS(26333): '[UI_PRESS_PROBE]', '{"event":"VOIP_VOICE_RELAY_SILERO_STARTED","call_id":"call-4c68c2030cbe","silence_ms":1100,"speech_ms":120,"timestamp":"2026-06-14T12:38:47.812Z"}'
06-14 21:38:48.647 I/ReactNativeJS(26333): '[UI_PRESS_PROBE]', '{"event":"VOIP_VOICE_RELAY_METER_UNAVAILABLE","call_id":"call-4c68c2030cbe","poll_misses":5,"last_meter_db":null,"file_rms_vad":true,"timestamp":"2026-06-14T12:38:48.647Z"}'
06-14 21:38:49.761 I/ReactNativeJS(26333): '[UI_PRESS_PROBE]', '{"event":"VOIP_VOICE_RELAY_SILERO_SPEECH_START","call_id":"call-4c68c2030cbe","silence_duration_ms":1100,"timestamp":"2026-06-14T12:38:49.761Z"}'
06-14 21:38:52.978 I/ReactNativeJS(26333): [VoIP][DiagLine] connectSignaling:onmessage callId=call-4c68c2030cbe state=OPEN rawLength=61
06-14 21:38:52.978 I/ReactNativeJS(26333): '[VoIP][Diag] connectSignaling:onmessage', { callId: 'call-4c68c2030cbe',
06-14 21:38:52.978 I/ReactNativeJS(26333):   socketState: 'OPEN',
06-14 21:38:52.978 I/ReactNativeJS(26333):   rawLength: 61,
06-14 21:38:52.978 I/ReactNativeJS(26333):   rawPreview: '{"type":"pong","call_id":"call-4c68c2030cbe","role":"callee"}' }
06-14 21:38:52.979 I/ReactNativeJS(26333): '[VoIP][Diag] handleSignalingMessage:dispatch', { callId: 'call-4c68c2030cbe',
06-14 21:38:52.979 I/ReactNativeJS(26333):   socketState: 'OPEN',
06-14 21:38:52.979 I/ReactNativeJS(26333):   summary: 
06-14 21:38:52.979 I/ReactNativeJS(26333):    { type: 'pong',
06-14 21:38:52.979 I/ReactNativeJS(26333):      call_id: 'call-4c68c2030cbe',
06-14 21:38:52.979 I/ReactNativeJS(26333):      from_role: null,
06-14 21:38:52.979 I/ReactNativeJS(26333):      has_sdp: false,
06-14 21:38:52.979 I/ReactNativeJS(26333):      sdp_length: 0,
06-14 21:38:52.979 I/ReactNativeJS(26333):      has_candidate: false,
06-14 21:38:52.979 I/ReactNativeJS(26333):      candidate_length: 0,
06-14 21:38:52.979 I/ReactNativeJS(26333):      sdp_mid: null,
06-14 21:38:52.979 I/ReactNativeJS(26333):      sdp_Milne_index: null,
06-14 21:38:52.979 I/ReactNativeJS(26333):      username_fragment: null },
06-14 21:38:52.979 I/ReactNativeJS(26333):   normalizedType: 'pong' }
06-14 21:38:52.979 I/ReactNativeJS(26333): '[VoIP][Diag] handleSignalingMessage:pong', { callId: 'call-4c68c2030cbe', socketState: 'OPEN' }
06-14 21:38:52.996 I/ReactNativeJS(26333): '[UI_PRESS_PROBE]', '{"event":"VOIP_CALL_MODE_AUDIT_LOADED","call_id":"call-4c68c2030cbe","event_count":2,"event_types":["call_initiated","call_accepted"],"show_loading":false,"timestamp":"2026-06-14T12:38:52.996Z"}'
06-14 21:39:01.655 I/ReactNativeJS(26333): '[UI_PRESS_PROBE]', '{"event":"VOIP_VOICE_RELAY_SEGMENT_FLUSH","call_id":"call-4c68c2030cbe","reason":"max_duration","is_final":true,"peak_meter_db":-160,"meter_unavailable":true,"timestamp":"2026-06-14T12:39:01.655Z"}'
06-14 21:39:01.704 I/ReactNativeJS(26333): '[UI_PRESS_PROBE]', '{"event":"VOIP_VOICE_RELAY_SILERO_STOPPED","call_id":"call-4c68c2030cbe","reason":"segment_flush","timestamp":"2026-06-14T12:39:01.703Z"}'
06-14 21:39:01.756 I/ReactNativeJS(26333): '[VoIP][Diag] setRemoteAudioEnabled', { callId: 'call-4c68c2030cbe', enabled: true, trackCount: 1 }
06-14 21:39:01.756 I/ReactNativeJS(26333): '[UI_PRESS_PROBE]', '{"event":"VOIP_REMOTE_AUDIO_SUPPRESSION","call_id":"call-4c68c2030cbe","suppressed":false,"timestamp":"2026-06-14T12:39:01.756Z"}'
06-14 21:39:01.818 I/ReactNativeJS(26333): '[UI_PRESS_PROBE]', '{"event":"VOIP_VOICE_TRANSLATE_REQUEST","call_id":"call-4c68c2030cbe","source_lang":"ko","target_lang":"en","region_hint":null,"audio_base64_length":76760,"timestamp":"2026-06-14T12:39:01.818Z"}'
06-14 21:39:06.195 I/ReactNativeJS(26333): '[UI_PRESS_PROBE]', '{"event":"VOIP_VOICE_TRANSLATE_RESULT","call_id":"call-4c68c2030cbe","source_lang":"ko","target_lang":"en","detected_lang":"ko","transcript_length":76,"translated_length":207,"translate_duration_ms":4375,"segment_duration_ms":4437,"utterance_id":"call-4c68c2030cbe-1781440723316","chunk_index":0,"is_final":true,"seq_id":9,"has_audio_url":false,"has_audio_base64":false,"audio_format":null,"tts_delivery":"device_speech","timestamp":"2026-06-14T12:39:06.194Z"}'
06-14 21:39:06.198 I/ReactNativeJS(26333): '[VoIP] Signaling message sent', { type: 'voice_translation',
06-14 21:39:06.198 I/ReactNativeJS(26333):   call_id: 'call-4c68c2030cbe',
06-14 21:39:06.198 I/ReactNativeJS(26333):   transcript: '기능별 레일 구조로 사용 시나리오가 명확하고 운영 확장이 쉽습니다. 무료 진입을 정해 권당 결제가 공존하는 다중 수익 구조를 늦었습니다.',
06-14 21:39:06.198 I/ReactNativeJS(26333):   translated_text: 'Function-specific rail structure provides clear usage scenarios and easy operational expansion. We decided on free entry and delayed the creation of a multi-profit structure where payment per book coexisted.',
06-14 21:39:06.198 I/ReactNativeJS(26333):   source_lang: 'ko',
06-14 21:39:06.198 I/ReactNativeJS(26333):   target_lang: 'en',
06-14 21:39:06.198 I/ReactNativeJS(26333):   sent_at: '2026-06-14T12:39:06.196Z',
06-14 21:39:06.198 I/ReactNativeJS(26333):   tts_delivery: 'device_speech',
06-14 21:39:06.198 I/ReactNativeJS(26333):   seq_id: 9,
06-14 21:39:06.198 I/ReactNativeJS(26333):   utterance_id: 'call-4c68c2030cbe-1781440723316',
06-14 21:39:06.198 I/ReactNativeJS(26333):   chunk_index: 0,
06-14 21:39:06.198 I/ReactNativeJS(26333):   is_final: true,
06-14 21:39:06.198 I/ReactNativeJS(26333):   detected_lang: 'ko',
06-14 21:39:06.198 I/ReactNativeJS(26333):   capture_trust: 'high' }
06-14 21:39:06.198 I/ReactNativeJS(26333): '[VoIP][Diag] sendSignalingMessage:sent', { callId: 'call-4c68c2030cbe',
06-14 21:39:06.198 I/ReactNativeJS(26333):   socketState: 'OPEN',
06-14 21:39:06.198 I/ReactNativeJS(26333):   summary: 
06-14 21:39:06.198 I/ReactNativeJS(26333):    { type: 'voice_translation',
06-14 21:39:06.198 I/ReactNativeJS(26333):      call_id: 'call-4c68c2030cbe',
06-14 21:39:06.198 I/ReactNativeJS(26333):      from_role: null,
06-14 21:39:06.198 I/ReactNativeJS(26333):      has_sdp: false,
06-14 21:39:06.198 I/ReactNativeJS(26333):      sdp_length: 0,
06-14 21:39:06.198 I/ReactNativeJS(26333):      has_candidate: false,
06-14 21:39:06.198 I/ReactNativeJS(26333):      candidate_length: 0,
06-14 21:39:06.198 I/ReactNativeJS(26333):      sdp_mid: null,
06-14 21:39:06.198 I/ReactNativeJS(26333):      sdp_Milne_index: null,
06-14 21:39:06.198 I/ReactNativeJS(26333):      username_fragment: null } }
06-14 21:39:06.199 I/ReactNativeJS(26333): '[UI_PRESS_PROBE]', '{"event":"VOIP_VOICE_RELAY_SENT","call_id":"call-4c68c2030cbe","transcript":"기능별 레일 구조로 사용 시나리오가 명확하고 운영 확장이 쉽습니다. 무료 진입을 정해 권당 결제가 공존하는 다중 수익 구조를 늦었습니다.","translated_text":"Function-specific rail structure provides clear usage scenarios and easy operational expansion. We decided on free entry and delayed the creation of a multi-profit structure where payment per book coexisted.","utterance_id":"call-4c68c2030cbe-1781440723316","chunk_index":0,"is_final":true,"seq_id":9,"relay_duration_ms":4442,"timestamp":"2026-06-14T12:39:06.199Z"}'
06-14 21:39:06.200 I/ReactNativeJS(26333): '[UI_PRESS_PROBE]', '{"event":"VOIP_VOICE_RELAY_CAPTURE_RETRY_SCHEDULED","call_id":"call-4c68c2030cbe","retry_reason":"segment_complete","wait_ms":5020,"timestamp":"2026-06-14T12:39:06.199Z"}'
06-14 21:39:06.255 I/ReactNativeJS(26333): '[UI_PRESS_PROBE]', '{"event":"VOIP_WEBRTC_LOCAL_AUDIO_KEEP_SUSPENDED","call_id":"call-4c68c2030cbe","reason":"segment_stop","timestamp":"2026-06-14T12:39:06.255Z"}'
06-14 21:39:11.363 I/ReactNativeJS(26333): '[UI_PRESS_PROBE]', '{"event":"VOIP_RAIL_STATE_RESTORE","timestamp":"2026-06-14T12:39:11.363Z","token_ready":true,"user_ready":true,"show_login":false,"show_voip_tester":true,"selected_call_mode":"voip_full_auto","source":"app_state_active_restore","active_call_id":"call-4c68c2030cbe","pending_call_id":null,"accepting_call_id":null,"active_section":"voip"}'
06-14 21:39:11.452 I/ReactNativeJS(26333): '[VoIP][Diag] setRemoteAudioEnabled', { callId: 'call-4c68c2030cbe', enabled: false, trackCount: 1 }
06-14 21:39:11.452 I/ReactNativeJS(26333): '[UI_PRESS_PROBE]', '{"event":"VOIP_REMOTE_AUDIO_SUPPRESSION","call_id":"call-4c68c2030cbe","suppressed":true,"timestamp":"2026-06-14T12:39:11.452Z"}'
06-14 21:39:11.452 I/ReactNativeJS(26333): '[UI_PRESS_PROBE]', '{"event":"VOIP_VOICE_RELAY_SEGMENT_STARTED","call_id":"call-4c68c2030cbe","connection_state":"connected","source_lang":"ko","target_lang":"en","timestamp":"2026-06-14T12:39:11.452Z"}'
06-14 21:39:11.573 I/ReactNativeJS(26333): '[UI_PRESS_PROBE]', '{"event":"VOIP_VOICE_RELAY_SILERO_STARTED","call_id":"call-4c68c2030cbe","silence_ms":1100,"speech_ms":120,"timestamp":"2026-06-14T12:39:11.573Z"}'
06-14 21:39:12.377 I/ReactNativeJS(26333): '[UI_PRESS_PROBE]', '{"event":"VOIP_VOICE_RELAY_METER_UNAVAILABLE","call_id":"call-4c68c2030cbe","poll_misses":5,"last_meter_db":null,"file_rms_vad":true,"timestamp":"2026-06-14T12:39:12.376Z"}'
06-14 21:39:12.856 I/ReactNativeJS(26333): [VoIP][DiagLine] connectSignaling:onmessage callId=call-4c68c2030cbe state=OPEN rawLength=61
06-14 21:39:12.857 I/ReactNativeJS(26333): '[VoIP][Diag] connectSignaling:onmessage', { callId: 'call-4c68c2030cbe',
06-14 21:39:12.857 I/ReactNativeJS(26333):   socketState: 'OPEN',
06-14 21:39:12.857 I/ReactNativeJS(26333):   rawLength: 61,
06-14 21:39:12.857 I/ReactNativeJS(26333):   rawPreview: '{"type":"pong","call_id":"call-4c68c2030cbe","role":"callee"}' }
06-14 21:39:12.859 I/ReactNativeJS(26333): '[VoIP][Diag] handleSignalingMessage:dispatch', { callId: 'call-4c68c2030cbe',
06-14 21:39:12.859 I/ReactNativeJS(26333):   socketState: 'OPEN',
06-14 21:39:12.859 I/ReactNativeJS(26333):   summary: 
06-14 21:39:12.859 I/ReactNativeJS(26333):    { type: 'pong',
06-14 21:39:12.859 I/ReactNativeJS(26333):      call_id: 'call-4c68c2030cbe',
06-14 21:39:12.859 I/ReactNativeJS(26333):      from_role: null,
06-14 21:39:12.859 I/ReactNativeJS(26333):      has_sdp: false,
06-14 21:39:12.859 I/ReactNativeJS(26333):      sdp_length: 0,
06-14 21:39:12.859 I/ReactNativeJS(26333):      has_candidate: false,
06-14 21:39:12.859 I/ReactNativeJS(26333):      candidate_length: 0,
06-14 21:39:12.859 I/ReactNativeJS(26333):      sdp_mid: null,
06-14 21:39:12.859 I/ReactNativeJS(26333):      sdp_Milne_index: null,
06-14 21:39:12.859 I/ReactNativeJS(26333):      username_fragment: null },
06-14 21:39:12.859 I/ReactNativeJS(26333):   normalizedType: 'pong' }
06-14 21:39:12.860 I/ReactNativeJS(26333): '[VoIP][Diag] handleSignalingMessage:pong', { callId: 'call-4c68c2030cbe', socketState: 'OPEN' }
06-14 21:39:16.304 I/ReactNativeJS(26333): '[UI_PRESS_PROBE]', '{"event":"VOIP_VOICE_RELAY_SILERO_SPEECH_START","call_id":"call-4c68c2030cbe","silence_duration_ms":1100,"timestamp":"2026-06-14T12:39:16.303Z"}'
