--------- beginning of main
06-14 21:38:15.709 I/ReactNativeJS(11445): '[UI_PRESS_PROBE]', '{"event":"VOIP_VOICE_TRANSLATE_REJECTED","call_id":"call-4c68c2030cbe","error_message":"음성이 감지되지 않았습니다. 다시 말씀해 주세요.","timestamp":"2026-06-14T12:38:15.708Z"}'
06-14 21:38:15.717 I/ReactNativeJS(11445): '[UI_PRESS_PROBE]', '{"event":"VOIP_VOICE_RELAY_CAPTURE_RETRY_SCHEDULED","call_id":"call-4c68c2030cbe","retry_reason":"segment_complete","wait_ms":250,"timestamp":"2026-06-14T12:38:15.709Z"}'
06-14 21:38:15.760 I/ReactNativeJS(11445): '[UI_PRESS_PROBE]', '{"event":"VOIP_WEBRTC_LOCAL_AUDIO_KEEP_SUSPENDED","call_id":"call-4c68c2030cbe","reason":"segment_stop","timestamp":"2026-06-14T12:38:15.760Z"}'
06-14 21:38:16.303 I/ReactNativeJS(11445): '[UI_PRESS_PROBE]', '{"event":"VOIP_RAIL_STATE_RESTORE","timestamp":"2026-06-14T12:38:16.302Z","token_ready":true,"user_ready":true,"show_login":false,"show_voip_tester":true,"selected_call_mode":"pstn_assist","source":"app_state_active_restore","active_call_id":"call-4c68c2030cbe","pending_call_id":null,"accepting_call_id":null,"active_section":"voip"}'
06-14 21:38:16.469 I/ReactNativeJS(11445): '[VoIP][Diag] setRemoteAudioEnabled', { callId: 'call-4c68c2030cbe', enabled: false, trackCount: 1 }
06-14 21:38:16.469 I/ReactNativeJS(11445): '[UI_PRESS_PROBE]', '{"event":"VOIP_REMOTE_AUDIO_SUPPRESSION","call_id":"call-4c68c2030cbe","suppressed":true,"timestamp":"2026-06-14T12:38:16.469Z"}'
06-14 21:38:16.469 I/ReactNativeJS(11445): '[UI_PRESS_PROBE]', '{"event":"VOIP_VOICE_RELAY_SEGMENT_STARTED","call_id":"call-4c68c2030cbe","connection_state":"connected","source_lang":"ko","target_lang":"en","timestamp":"2026-06-14T12:38:16.469Z"}'
06-14 21:38:16.766 I/ReactNativeJS(11445): '[UI_PRESS_PROBE]', '{"event":"VOIP_VOICE_RELAY_SILERO_STARTED","call_id":"call-4c68c2030cbe","silence_ms":1100,"speech_ms":120,"timestamp":"2026-06-14T12:38:16.766Z"}'
06-14 21:38:17.388 I/ReactNativeJS(11445): '[UI_PRESS_PROBE]', '{"event":"VOIP_VOICE_RELAY_METER_UNAVAILABLE","call_id":"call-4c68c2030cbe","poll_misses":5,"last_meter_db":null,"file_rms_vad":true,"timestamp":"2026-06-14T12:38:17.387Z"}'
06-14 21:38:17.735 I/ReactNativeJS(11445): '[UI_PRESS_PROBE]', '{"event":"VOIP_VOICE_RELAY_SILERO_SPEECH_START","call_id":"call-4c68c2030cbe","silence_duration_ms":1100,"timestamp":"2026-06-14T12:38:17.735Z"}'
06-14 21:38:21.717 I/ReactNativeJS(11445): '[UI_PRESS_PROBE]', '{"event":"VOIP_VOICE_RELAY_SILERO_SPEECH_END","call_id":"call-4c68c2030cbe","segment_duration_ms":5356,"speech_span_ms":3981,"silence_duration_ms":1100,"flush":true,"defer_reason":null,"timestamp":"2026-06-14T12:38:21.716Z"}'
06-14 21:38:21.717 I/ReactNativeJS(11445): '[UI_PRESS_PROBE]', '{"event":"VOIP_VOICE_RELAY_SEGMENT_FLUSH","call_id":"call-4c68c2030cbe","reason":"silence","is_final":true,"peak_meter_db":-160,"meter_unavailable":true,"timestamp":"2026-06-14T12:38:21.717Z"}'
06-14 21:38:21.752 I/ReactNativeJS(11445): '[UI_PRESS_PROBE]', '{"event":"VOIP_VOICE_RELAY_SILERO_STOPPED","call_id":"call-4c68c2030cbe","reason":"segment_flush","timestamp":"2026-06-14T12:38:21.752Z"}'
06-14 21:38:21.960 I/ReactNativeJS(11445): '[VoIP][Diag] setRemoteAudioEnabled', { callId: 'call-4c68c2030cbe', enabled: true, trackCount: 1 }
06-14 21:38:21.961 I/ReactNativeJS(11445): '[UI_PRESS_PROBE]', '{"event":"VOIP_REMOTE_AUDIO_SUPPRESSION","call_id":"call-4c68c2030cbe","suppressed":false,"timestamp":"2026-06-14T12:38:21.961Z"}'
06-14 21:38:22.010 I/ReactNativeJS(11445): '[UI_PRESS_PROBE]', '{"event":"VOIP_VOICE_TRANSLATE_REQUEST","call_id":"call-4c68c2030cbe","source_lang":"ko","target_lang":"en","region_hint":null,"audio_base64_length":28988,"timestamp":"2026-06-14T12:38:22.010Z"}'
06-14 21:38:22.061 I/ReactNativeJS(11445): '[UI_PRESS_PROBE]', '{"event":"VOIP_VOICE_RELAY_START_BLOCKED","call_id":"call-4c68c2030cbe","reason":"segment_processing_in_progress","connection_state":"connected","has_remote_audio":true,"signaling":{"hasSocket":true,"socketState":"OPEN","connectionState":"connected","hasRemoteAudio":true},"timestamp":"2026-06-14T12:38:22.061Z"}'
06-14 21:38:24.075 I/ReactNativeJS(11445): [VoIP][DiagLine] connectSignaling:onmessage callId=call-4c68c2030cbe state=OPEN rawLength=487
06-14 21:38:24.076 I/ReactNativeJS(11445): '[VoIP][Diag] connectSignaling:onmessage', { callId: 'call-4c68c2030cbe',
06-14 21:38:24.076 I/ReactNativeJS(11445):   socketState: 'OPEN',
06-14 21:38:24.076 I/ReactNativeJS(11445):   rawLength: 487,
06-14 21:38:24.076 I/ReactNativeJS(11445):   rawPreview: '{"type":"voice_translation","transcript":"확장시장 각국어 커뮤니티 멤버십 생활 플랫폼 B2B 2C 공개 서비스","translated_text":"Expanded Market Multilingual Community Membership Lifestyle Platform B2B 2C Open Service","source_lang":"ko","target_lang":"en","audio_url"' }
06-14 21:38:24.077 I/ReactNativeJS(11445): '[VoIP][Diag] handleSignalingMessage:dispatch', { callId: 'call-4c68c2030cbe',
06-14 21:38:24.077 I/ReactNativeJS(11445):   socketState: 'OPEN',
06-14 21:38:24.077 I/ReactNativeJS(11445):   summary: 
06-14 21:38:24.077 I/ReactNativeJS(11445):    { type: 'voice_translation',
06-14 21:38:24.077 I/ReactNativeJS(11445):      call_id: 'call-4c68c2030cbe',
06-14 21:38:24.077 I/ReactNativeJS(11445):      from_role: 'callee',
06-14 21:38:24.077 I/ReactNativeJS(11445):      has_sdp: false,
06-14 21:38:24.077 I/ReactNativeJS(11445):      sdp_length: 0,
06-14 21:38:24.077 I/ReactNativeJS(11445):      has_candidate: false,
06-14 21:38:24.077 I/ReactNativeJS(11445):      candidate_length: 0,
06-14 21:38:24.077 I/ReactNativeJS(11445):      sdp_mid: null,
06-14 21:38:24.077 I/ReactNativeJS(11445):      sdp_Milne_index: null,
06-14 21:38:24.077 I/ReactNativeJS(11445):      username_fragment: null },
06-14 21:38:24.077 I/ReactNativeJS(11445):   normalizedType: 'voice_translation' }
06-14 21:38:24.086 I/ReactNativeJS(11445): '[VoIP][Diag] setRemoteAudioEnabled', { callId: 'call-4c68c2030cbe', enabled: false, trackCount: 1 }
06-14 21:38:24.087 I/ReactNativeJS(11445): '[UI_PRESS_PROBE]', '{"event":"VOIP_REMOTE_AUDIO_SUPPRESSION","call_id":"call-4c68c2030cbe","suppressed":true,"timestamp":"2026-06-14T12:38:24.087Z"}'
06-14 21:38:24.088 I/ReactNativeJS(11445): '[UI_PRESS_PROBE]', '{"event":"VOIP_VOICE_RELAY_PLAYBACK","call_id":"call-4c68c2030cbe","target_lang":"en","translated_text":"Expanded Market Multilingual Community Membership Lifestyle Platform B2B 2C Open Service","translated_length":88,"tts_delivery":"device_speech","speaker_on":false,"timestamp":"2026-06-14T12:38:24.087Z"}'
06-14 21:38:27.241 I/ReactNativeJS(11445): [VoIP][DiagLine] connectSignaling:onmessage callId=call-4c68c2030cbe state=OPEN rawLength=61
06-14 21:38:27.242 I/ReactNativeJS(11445): '[VoIP][Diag] connectSignaling:onmessage', { callId: 'call-4c68c2030cbe',
06-14 21:38:27.242 I/ReactNativeJS(11445):   socketState: 'OPEN',
06-14 21:38:27.242 I/ReactNativeJS(11445):   rawLength: 61,
06-14 21:38:27.242 I/ReactNativeJS(11445):   rawPreview: '{"type":"pong","call_id":"call-4c68c2030cbe","role":"caller"}' }
06-14 21:38:27.244 I/ReactNativeJS(11445): '[VoIP][Diag] handleSignalingMessage:dispatch', { callId: 'call-4c68c2030cbe',
06-14 21:38:27.244 I/ReactNativeJS(11445):   socketState: 'OPEN',
06-14 21:38:27.244 I/ReactNativeJS(11445):   summary: 
06-14 21:38:27.244 I/ReactNativeJS(11445):    { type: 'pong',
06-14 21:38:27.244 I/ReactNativeJS(11445):      call_id: 'call-4c68c2030cbe',
06-14 21:38:27.244 I/ReactNativeJS(11445):      from_role: null,
06-14 21:38:27.244 I/ReactNativeJS(11445):      has_sdp: false,
06-14 21:38:27.244 I/ReactNativeJS(11445):      sdp_length: 0,
06-14 21:38:27.244 I/ReactNativeJS(11445):      has_candidate: false,
06-14 21:38:27.244 I/ReactNativeJS(11445):      candidate_length: 0,
06-14 21:38:27.244 I/ReactNativeJS(11445):      sdp_mid: null,
06-14 21:38:27.244 I/ReactNativeJS(11445):      sdp_Milne_index: null,
06-14 21:38:27.244 I/ReactNativeJS(11445):      username_fragment: null },
06-14 21:38:27.244 I/ReactNativeJS(11445):   normalizedType: 'pong' }
06-14 21:38:27.245 I/ReactNativeJS(11445): '[VoIP][Diag] handleSignalingMessage:pong', { callId: 'call-4c68c2030cbe', socketState: 'OPEN' }
06-14 21:38:27.252 I/ReactNativeJS(11445): '[UI_PRESS_PROBE]', '{"event":"VOIP_VOICE_RELAY_SKIP","call_id":"call-4c68c2030cbe","reason":"aborted_after_stt","timestamp":"2026-06-14T12:38:27.252Z"}'
06-14 21:38:27.253 I/ReactNativeJS(11445): '[UI_PRESS_PROBE]', '{"event":"VOIP_VOICE_RELAY_CAPTURE_RETRY_SCHEDULED","call_id":"call-4c68c2030cbe","retry_reason":"segment_complete","wait_ms":1488,"timestamp":"2026-06-14T12:38:27.252Z"}'
06-14 21:38:27.297 I/ReactNativeJS(11445): '[UI_PRESS_PROBE]', '{"event":"VOIP_WEBRTC_LOCAL_AUDIO_KEEP_SUSPENDED","call_id":"call-4c68c2030cbe","reason":"segment_stop","timestamp":"2026-06-14T12:38:27.297Z"}'
06-14 21:38:27.299 I/ReactNativeJS(11445): '[UI_PRESS_PROBE]', '{"event":"VOIP_CALL_MODE_AUDIT_LOADED","call_id":"call-4c68c2030cbe","event_count":2,"event_types":["call_initiated","call_accepted"],"show_loading":false,"timestamp":"2026-06-14T12:38:27.298Z"}'
06-14 21:38:28.060 I/ReactNativeJS(11445): '[UI_PRESS_PROBE]', '{"event":"VOIP_VOICE_RELAY_START_BLOCKED","call_id":"call-4c68c2030cbe","reason":"remote_listen_active","timestamp":"2026-06-14T12:38:28.059Z"}'
06-14 21:38:28.060 I/ReactNativeJS(11445): '[UI_PRESS_PROBE]', '{"event":"VOIP_VOICE_RELAY_CAPTURE_RETRY_SCHEDULED","call_id":"call-4c68c2030cbe","retry_reason":"remote_listen_active","wait_ms":680,"timestamp":"2026-06-14T12:38:28.060Z"}'
06-14 21:38:28.759 I/ReactNativeJS(11445): '[UI_PRESS_PROBE]', '{"event":"VOIP_VOICE_RELAY_START_BLOCKED","call_id":"call-4c68c2030cbe","reason":"remote_audio_suppressed","suppress_remaining_ms":0,"remote_audio_suppressed":true,"timestamp":"2026-06-14T12:38:28.758Z"}'
06-14 21:38:28.760 I/ReactNativeJS(11445): '[UI_PRESS_PROBE]', '{"event":"VOIP_VOICE_RELAY_CAPTURE_RETRY_SCHEDULED","call_id":"call-4c68c2030cbe","retry_reason":"remote_audio_suppressed","wait_ms":250,"timestamp":"2026-06-14T12:38:28.759Z"}'
06-14 21:38:29.024 I/ReactNativeJS(11445): '[UI_PRESS_PROBE]', '{"event":"VOIP_VOICE_RELAY_START_BLOCKED","call_id":"call-4c68c2030cbe","reason":"remote_audio_suppressed","suppress_remaining_ms":0,"remote_audio_suppressed":true,"timestamp":"2026-06-14T12:38:29.023Z"}'
06-14 21:38:29.024 I/ReactNativeJS(11445): '[UI_PRESS_PROBE]', '{"event":"VOIP_VOICE_RELAY_CAPTURE_RETRY_SCHEDULED","call_id":"call-4c68c2030cbe","retry_reason":"remote_audio_suppressed","wait_ms":250,"timestamp":"2026-06-14T12:38:29.024Z"}'
06-14 21:38:29.291 I/ReactNativeJS(11445): '[UI_PRESS_PROBE]', '{"event":"VOIP_VOICE_RELAY_START_BLOCKED","call_id":"call-4c68c2030cbe","reason":"remote_audio_suppressed","suppress_remaining_ms":0,"remote_audio_suppressed":true,"timestamp":"2026-06-14T12:38:29.291Z"}'
06-14 21:38:29.292 I/ReactNativeJS(11445): '[UI_PRESS_PROBE]', '{"event":"VOIP_VOICE_RELAY_CAPTURE_RETRY_SCHEDULED","call_id":"call-4c68c2030cbe","retry_reason":"remote_audio_suppressed","wait_ms":250,"timestamp":"2026-06-14T12:38:29.291Z"}'
06-14 21:38:29.558 I/ReactNativeJS(11445): '[UI_PRESS_PROBE]', '{"event":"VOIP_VOICE_RELAY_START_BLOCKED","call_id":"call-4c68c2030cbe","reason":"remote_audio_suppressed","suppress_remaining_ms":0,"remote_audio_suppressed":true,"timestamp":"2026-06-14T12:38:29.557Z"}'
06-14 21:38:29.559 I/ReactNativeJS(11445): '[UI_PRESS_PROBE]', '{"event":"VOIP_VOICE_RELAY_CAPTURE_RETRY_SCHEDULED","call_id":"call-4c68c2030cbe","retry_reason":"remote_audio_suppressed","wait_ms":250,"timestamp":"2026-06-14T12:38:29.558Z"}'
06-14 21:38:29.824 I/ReactNativeJS(11445): '[UI_PRESS_PROBE]', '{"event":"VOIP_VOICE_RELAY_START_BLOCKED","call_id":"call-4c68c2030cbe","reason":"remote_audio_suppressed","suppress_remaining_ms":0,"remote_audio_suppressed":true,"timestamp":"2026-06-14T12:38:29.823Z"}'
06-14 21:38:29.824 I/ReactNativeJS(11445): '[UI_PRESS_PROBE]', '{"event":"VOIP_VOICE_RELAY_CAPTURE_RETRY_SCHEDULED","call_id":"call-4c68c2030cbe","retry_reason":"remote_audio_suppressed","wait_ms":250,"timestamp":"2026-06-14T12:38:29.824Z"}'
06-14 21:38:30.090 I/ReactNativeJS(11445): '[UI_PRESS_PROBE]', '{"event":"VOIP_VOICE_RELAY_START_BLOCKED","call_id":"call-4c68c2030cbe","reason":"remote_audio_suppressed","suppress_remaining_ms":0,"remote_audio_suppressed":true,"timestamp":"2026-06-14T12:38:30.089Z"}'
06-14 21:38:30.090 I/ReactNativeJS(11445): '[UI_PRESS_PROBE]', '{"event":"VOIP_VOICE_RELAY_CAPTURE_RETRY_SCHEDULED","call_id":"call-4c68c2030cbe","retry_reason":"remote_audio_suppressed","wait_ms":250,"timestamp":"2026-06-14T12:38:30.090Z"}'
06-14 21:38:30.356 I/ReactNativeJS(11445): '[UI_PRESS_PROBE]', '{"event":"VOIP_VOICE_RELAY_START_BLOCKED","call_id":"call-4c68c2030cbe","reason":"remote_audio_suppressed","suppress_remaining_ms":0,"remote_audio_suppressed":true,"timestamp":"2026-06-14T12:38:30.356Z"}'
06-14 21:38:30.357 I/ReactNativeJS(11445): '[UI_PRESS_PROBE]', '{"event":"VOIP_VOICE_RELAY_CAPTURE_RETRY_SCHEDULED","call_id":"call-4c68c2030cbe","retry_reason":"remote_audio_suppressed","wait_ms":250,"timestamp":"2026-06-14T12:38:30.357Z"}'
06-14 21:38:30.624 I/ReactNativeJS(11445): '[UI_PRESS_PROBE]', '{"event":"VOIP_VOICE_RELAY_START_BLOCKED","call_id":"call-4c68c2030cbe","reason":"remote_audio_suppressed","suppress_remaining_ms":0,"remote_audio_suppressed":true,"timestamp":"2026-06-14T12:38:30.623Z"}'
06-14 21:38:30.624 I/ReactNativeJS(11445): '[UI_PRESS_PROBE]', '{"event":"VOIP_VOICE_RELAY_CAPTURE_RETRY_SCHEDULED","call_id":"call-4c68c2030cbe","retry_reason":"remote_audio_suppressed","wait_ms":250,"timestamp":"2026-06-14T12:38:30.624Z"}'
06-14 21:38:30.889 I/ReactNativeJS(11445): '[UI_PRESS_PROBE]', '{"event":"VOIP_VOICE_RELAY_START_BLOCKED","call_id":"call-4c68c2030cbe","reason":"remote_audio_suppressed","suppress_remaining_ms":0,"remote_audio_suppressed":true,"timestamp":"2026-06-14T12:38:30.888Z"}'
06-14 21:38:30.889 I/ReactNativeJS(11445): '[UI_PRESS_PROBE]', '{"event":"VOIP_VOICE_RELAY_CAPTURE_RETRY_SCHEDULED","call_id":"call-4c68c2030cbe","retry_reason":"remote_audio_suppressed","wait_ms":250,"timestamp":"2026-06-14T12:38:30.889Z"}'
06-14 21:38:31.155 I/ReactNativeJS(11445): '[UI_PRESS_PROBE]', '{"event":"VOIP_VOICE_RELAY_START_BLOCKED","call_id":"call-4c68c2030cbe","reason":"remote_audio_suppressed","suppress_remaining_ms":0,"remote_audio_suppressed":true,"timestamp":"2026-06-14T12:38:31.154Z"}'
06-14 21:38:31.156 I/ReactNativeJS(11445): '[UI_PRESS_PROBE]', '{"event":"VOIP_VOICE_RELAY_CAPTURE_RETRY_SCHEDULED","call_id":"call-4c68c2030cbe","retry_reason":"remote_audio_suppressed","wait_ms":250,"timestamp":"2026-06-14T12:38:31.155Z"}'
06-14 21:38:31.422 I/ReactNativeJS(11445): '[UI_PRESS_PROBE]', '{"event":"VOIP_VOICE_RELAY_START_BLOCKED","call_id":"call-4c68c2030cbe","reason":"remote_audio_suppressed","suppress_remaining_ms":0,"remote_audio_suppressed":true,"timestamp":"2026-06-14T12:38:31.421Z"}'
06-14 21:38:31.423 I/ReactNativeJS(11445): '[UI_PRESS_PROBE]', '{"event":"VOIP_VOICE_RELAY_CAPTURE_RETRY_SCHEDULED","call_id":"call-4c68c2030cbe","retry_reason":"remote_audio_suppressed","wait_ms":250,"timestamp":"2026-06-14T12:38:31.422Z"}'
06-14 21:38:31.613 I/ReactNativeJS(11445): '[VoIP][Diag] setRemoteAudioEnabled', { callId: 'call-4c68c2030cbe', enabled: true, trackCount: 1 }
06-14 21:38:31.614 I/ReactNativeJS(11445): '[UI_PRESS_PROBE]', '{"event":"VOIP_REMOTE_AUDIO_SUPPRESSION","call_id":"call-4c68c2030cbe","suppressed":false,"timestamp":"2026-06-14T12:38:31.613Z"}'
06-14 21:38:31.615 I/ReactNativeJS(11445): '[UI_PRESS_PROBE]', '{"event":"VOIP_VOICE_RELAY_CAPTURE_RETRY_SCHEDULED","call_id":"call-4c68c2030cbe","retry_reason":"playback_complete","wait_ms":250,"timestamp":"2026-06-14T12:38:31.614Z"}'
06-14 21:38:32.131 I/ReactNativeJS(11445): '[UI_PRESS_PROBE]', '{"event":"VOIP_RAIL_STATE_RESTORE","timestamp":"2026-06-14T12:38:32.130Z","token_ready":true,"user_ready":true,"show_login":false,"show_voip_tester":true,"selected_call_mode":"pstn_assist","source":"app_state_active_restore","active_call_id":"call-4c68c2030cbe","pending_call_id":null,"accepting_call_id":null,"active_section":"voip"}'
06-14 21:38:32.294 I/ReactNativeJS(11445): '[VoIP][Diag] setRemoteAudioEnabled', { callId: 'call-4c68c2030cbe', enabled: false, trackCount: 1 }
06-14 21:38:32.295 I/ReactNativeJS(11445): '[UI_PRESS_PROBE]', '{"event":"VOIP_REMOTE_AUDIO_SUPPRESSION","call_id":"call-4c68c2030cbe","suppressed":true,"timestamp":"2026-06-14T12:38:32.294Z"}'
06-14 21:38:32.295 I/ReactNativeJS(11445): '[UI_PRESS_PROBE]', '{"event":"VOIP_VOICE_RELAY_SEGMENT_STARTED","call_id":"call-4c68c2030cbe","connection_state":"connected","source_lang":"ko","target_lang":"en","timestamp":"2026-06-14T12:38:32.295Z"}'
06-14 21:38:32.551 I/ReactNativeJS(11445): '[UI_PRESS_PROBE]', '{"event":"VOIP_VOICE_RELAY_SILERO_STARTED","call_id":"call-4c68c2030cbe","silence_ms":1100,"speech_ms":120,"timestamp":"2026-06-14T12:38:32.550Z"}'
06-14 21:38:32.943 I/ReactNativeJS(11445): '[UI_PRESS_PROBE]', '{"event":"VOIP_VOICE_RELAY_SILERO_SPEECH_START","call_id":"call-4c68c2030cbe","silence_duration_ms":1100,"timestamp":"2026-06-14T12:38:32.943Z"}'
06-14 21:38:33.218 I/ReactNativeJS(11445): '[UI_PRESS_PROBE]', '{"event":"VOIP_VOICE_RELAY_METER_UNAVAILABLE","call_id":"call-4c68c2030cbe","poll_misses":5,"last_meter_db":null,"file_rms_vad":true,"timestamp":"2026-06-14T12:38:33.218Z"}'
06-14 21:38:41.181 I/ReactNativeJS(11445): '[UI_PRESS_PROBE]', '{"event":"VOIP_VOICE_RELAY_SILERO_SPEECH_END","call_id":"call-4c68c2030cbe","segment_duration_ms":8991,"speech_span_ms":8237,"silence_duration_ms":1100,"flush":true,"defer_reason":null,"timestamp":"2026-06-14T12:38:41.180Z"}'
06-14 21:38:41.182 I/ReactNativeJS(11445): '[UI_PRESS_PROBE]', '{"event":"VOIP_VOICE_RELAY_SEGMENT_FLUSH","call_id":"call-4c68c2030cbe","reason":"silence","is_final":true,"peak_meter_db":-160,"meter_unavailable":true,"timestamp":"2026-06-14T12:38:41.181Z"}'
06-14 21:38:41.232 I/ReactNativeJS(11445): '[UI_PRESS_PROBE]', '{"event":"VOIP_VOICE_RELAY_SILERO_STOPPED","call_id":"call-4c68c2030cbe","reason":"segment_flush","timestamp":"2026-06-14T12:38:41.232Z"}'
06-14 21:38:41.621 I/ReactNativeJS(11445): '[VoIP][Diag] setRemoteAudioEnabled', { callId: 'call-4c68c2030cbe', enabled: true, trackCount: 1 }
06-14 21:38:41.621 I/ReactNativeJS(11445): '[UI_PRESS_PROBE]', '{"event":"VOIP_REMOTE_AUDIO_SUPPRESSION","call_id":"call-4c68c2030cbe","suppressed":false,"timestamp":"2026-06-14T12:38:41.621Z"}'
06-14 21:38:41.724 I/ReactNativeJS(11445): '[UI_PRESS_PROBE]', '{"event":"VOIP_VOICE_TRANSLATE_REQUEST","call_id":"call-4c68c2030cbe","source_lang":"ko","target_lang":"en","region_hint":null,"audio_base64_length":48252,"timestamp":"2026-06-14T12:38:41.724Z"}'
06-14 21:38:41.931 I/ReactNativeJS(11445): '[UI_PRESS_PROBE]', '{"event":"VOIP_RAIL_STATE_RESTORE","timestamp":"2026-06-14T12:38:41.931Z","token_ready":true,"user_ready":true,"show_login":false,"show_voip_tester":true,"selected_call_mode":"pstn_assist","source":"app_state_active_restore","active_call_id":"call-4c68c2030cbe","pending_call_id":null,"accepting_call_id":null,"active_section":"voip"}'
06-14 21:38:42.155 I/ReactNativeJS(11445): '[VoIP][Diag] setRemoteAudioEnabled', { callId: 'call-4c68c2030cbe', enabled: false, trackCount: 1 }
06-14 21:38:42.156 I/ReactNativeJS(11445): '[UI_PRESS_PROBE]', '{"event":"VOIP_REMOTE_AUDIO_SUPPRESSION","call_id":"call-4c68c2030cbe","suppressed":true,"timestamp":"2026-06-14T12:38:42.156Z"}'
06-14 21:38:42.156 I/ReactNativeJS(11445): '[UI_PRESS_PROBE]', '{"event":"VOIP_VOICE_RELAY_SEGMENT_STARTED","call_id":"call-4c68c2030cbe","connection_state":"connected","source_lang":"ko","target_lang":"en","timestamp":"2026-06-14T12:38:42.156Z"}'
06-14 21:38:42.411 I/ReactNativeJS(11445): '[UI_PRESS_PROBE]', '{"event":"VOIP_VOICE_RELAY_SILERO_STARTED","call_id":"call-4c68c2030cbe","silence_ms":1100,"speech_ms":120,"timestamp":"2026-06-14T12:38:42.411Z"}'
06-14 21:38:44.767 I/ReactNativeJS(11445): [VoIP][DiagLine] connectSignaling:onmessage callId=call-4c68c2030cbe state=OPEN rawLength=476
06-14 21:38:44.768 I/ReactNativeJS(11445): '[VoIP][Diag] connectSignaling:onmessage', { callId: 'call-4c68c2030cbe',
06-14 21:38:44.768 I/ReactNativeJS(11445):   socketState: 'OPEN',
06-14 21:38:44.768 I/ReactNativeJS(11445):   rawLength: 476,
06-14 21:38:44.768 I/ReactNativeJS(11445):   rawPreview: '{"type":"voice_translation","transcript":"전역 채팅 통화, 오시알 예약 결제를 한 개정 흐름으로 묶습니다.","translated_text":"Bundle global chat calls and Osial reservation payments into one revision flow.","source_lang":"ko","target_lang":"en","audio_url":null,"audi' }
06-14 21:38:44.770 I/ReactNativeJS(11445): '[VoIP][Diag] handleSignalingMessage:dispatch', { callId: 'call-4c68c2030cbe',
06-14 21:38:44.770 I/ReactNativeJS(11445):   socketState: 'OPEN',
06-14 21:38:44.770 I/ReactNativeJS(11445):   summary: 
06-14 21:38:44.770 I/ReactNativeJS(11445):    { type: 'voice_translation',
06-14 21:38:44.770 I/ReactNativeJS(11445):      call_id: 'call-4c68c2030cbe',
06-14 21:38:44.770 I/ReactNativeJS(11445):      from_role: 'callee',
06-14 21:38:44.770 I/ReactNativeJS(11445):      has_sdp: false,
06-14 21:38:44.770 I/ReactNativeJS(11445):      sdp_length: 0,
06-14 21:38:44.770 I/ReactNativeJS(11445):      has_candidate: false,
06-14 21:38:44.770 I/ReactNativeJS(11445):      candidate_length: 0,
06-14 21:38:44.770 I/ReactNativeJS(11445):      sdp_mid: null,
06-14 21:38:44.770 I/ReactNativeJS(11445):      sdp_Milne_index: null,
06-14 21:38:44.770 I/ReactNativeJS(11445):      username_fragment: null },
06-14 21:38:44.770 I/ReactNativeJS(11445):   normalizedType: 'voice_translation' }
06-14 21:38:44.776 I/ReactNativeJS(11445): '[UI_PRESS_PROBE]', '{"event":"VOIP_VOICE_RELAY_PLAYBACK","call_id":"call-4c68c2030cbe","target_lang":"en","translated_text":"Bundle global chat calls and Osial reservation payments into one revision flow.","translated_length":79,"tts_delivery":"device_speech","speaker_on":false,"timestamp":"2026-06-14T12:38:44.776Z"}'
06-14 21:38:44.881 I/ReactNativeJS(11445): '[UI_PRESS_PROBE]', '{"event":"VOIP_VOICE_RELAY_SILERO_STOPPED","call_id":"call-4c68c2030cbe","reason":"segment_stop","timestamp":"2026-06-14T12:38:44.881Z"}'
06-14 21:38:45.071 I/ReactNativeJS(11445): '[VoIP][Diag] setRemoteAudioEnabled', { callId: 'call-4c68c2030cbe', enabled: true, trackCount: 1 }
06-14 21:38:45.071 I/ReactNativeJS(11445): '[UI_PRESS_PROBE]', '{"event":"VOIP_REMOTE_AUDIO_SUPPRESSION","call_id":"call-4c68c2030cbe","suppressed":false,"timestamp":"2026-06-14T12:38:45.071Z"}'
06-14 21:38:45.075 I/ReactNativeJS(11445): '[UI_PRESS_PROBE]', '{"event":"VOIP_WEBRTC_LOCAL_AUDIO_KEEP_SUSPENDED","call_id":"call-4c68c2030cbe","reason":"segment_stop","timestamp":"2026-06-14T12:38:45.075Z"}'
06-14 21:38:46.631 I/ReactNativeJS(11445): [VoIP][DiagLine] connectSignaling:onmessage callId=call-4c68c2030cbe state=OPEN rawLength=61
06-14 21:38:46.632 I/ReactNativeJS(11445): '[VoIP][Diag] connectSignaling:onmessage', { callId: 'call-4c68c2030cbe',
06-14 21:38:46.632 I/ReactNativeJS(11445):   socketState: 'OPEN',
06-14 21:38:46.632 I/ReactNativeJS(11445):   rawLength: 61,
06-14 21:38:46.632 I/ReactNativeJS(11445):   rawPreview: '{"type":"pong","call_id":"call-4c68c2030cbe","role":"caller"}' }
06-14 21:38:46.633 I/ReactNativeJS(11445): '[VoIP][Diag] handleSignalingMessage:dispatch', { callId: 'call-4c68c2030cbe',
06-14 21:38:46.633 I/ReactNativeJS(11445):   socketState: 'OPEN',
06-14 21:38:46.633 I/ReactNativeJS(11445):   summary: 
06-14 21:38:46.633 I/ReactNativeJS(11445):    { type: 'pong',
06-14 21:38:46.633 I/ReactNativeJS(11445):      call_id: 'call-4c68c2030cbe',
06-14 21:38:46.633 I/ReactNativeJS(11445):      from_role: null,
06-14 21:38:46.633 I/ReactNativeJS(11445):      has_sdp: false,
06-14 21:38:46.633 I/ReactNativeJS(11445):      sdp_length: 0,
06-14 21:38:46.633 I/ReactNativeJS(11445):      has_candidate: false,
06-14 21:38:46.633 I/ReactNativeJS(11445):      candidate_length: 0,
06-14 21:38:46.633 I/ReactNativeJS(11445):      sdp_mid: null,
06-14 21:38:46.633 I/ReactNativeJS(11445):      sdp_Milne_index: null,
06-14 21:38:46.633 I/ReactNativeJS(11445):      username_fragment: null },
06-14 21:38:46.633 I/ReactNativeJS(11445):   normalizedType: 'pong' }
06-14 21:38:46.633 I/ReactNativeJS(11445): '[VoIP][Diag] handleSignalingMessage:pong', { callId: 'call-4c68c2030cbe', socketState: 'OPEN' }
06-14 21:38:48.081 I/ReactNativeJS(11445): '[UI_PRESS_PROBE]', '{"event":"VOIP_VOICE_RELAY_SKIP","call_id":"call-4c68c2030cbe","reason":"aborted_after_stt","timestamp":"2026-06-14T12:38:48.080Z"}'
06-14 21:38:48.082 I/ReactNativeJS(11445): '[UI_PRESS_PROBE]', '{"event":"VOIP_VOICE_RELAY_CAPTURE_RETRY_SCHEDULED","call_id":"call-4c68c2030cbe","retry_reason":"segment_complete","wait_ms":947,"timestamp":"2026-06-14T12:38:48.081Z"}'
06-14 21:38:48.156 I/ReactNativeJS(11445): '[UI_PRESS_PROBE]', '{"event":"VOIP_WEBRTC_LOCAL_AUDIO_KEEP_SUSPENDED","call_id":"call-4c68c2030cbe","reason":"segment_stop","timestamp":"2026-06-14T12:38:48.156Z"}'
06-14 21:38:48.417 I/ReactNativeJS(11445): '[UI_PRESS_PROBE]', '{"event":"VOIP_VOICE_RELAY_START_BLOCKED","call_id":"call-4c68c2030cbe","reason":"remote_listen_active","timestamp":"2026-06-14T12:38:48.416Z"}'
06-14 21:38:48.418 I/ReactNativeJS(11445): '[UI_PRESS_PROBE]', '{"event":"VOIP_VOICE_RELAY_CAPTURE_RETRY_SCHEDULED","call_id":"call-4c68c2030cbe","retry_reason":"remote_listen_active","wait_ms":611,"timestamp":"2026-06-14T12:38:48.417Z"}'
06-14 21:38:49.318 I/ReactNativeJS(11445): '[UI_PRESS_PROBE]', '{"event":"VOIP_RAIL_STATE_RESTORE","timestamp":"2026-06-14T12:38:49.318Z","token_ready":true,"user_ready":true,"show_login":false,"show_voip_tester":true,"selected_call_mode":"pstn_assist","source":"app_state_active_restore","active_call_id":"call-4c68c2030cbe","pending_call_id":null,"accepting_call_id":null,"active_section":"voip"}'
06-14 21:38:49.505 I/ReactNativeJS(11445): '[VoIP][Diag] setRemoteAudioEnabled', { callId: 'call-4c68c2030cbe', enabled: false, trackCount: 1 }
06-14 21:38:49.505 I/ReactNativeJS(11445): '[UI_PRESS_PROBE]', '{"event":"VOIP_REMOTE_AUDIO_SUPPRESSION","call_id":"call-4c68c2030cbe","suppressed":true,"timestamp":"2026-06-14T12:38:49.505Z"}'
06-14 21:38:49.505 I/ReactNativeJS(11445): '[UI_PRESS_PROBE]', '{"event":"VOIP_VOICE_RELAY_SEGMENT_STARTED","call_id":"call-4c68c2030cbe","connection_state":"connected","source_lang":"ko","target_lang":"en","timestamp":"2026-06-14T12:38:49.505Z"}'
06-14 21:38:49.742 I/ReactNativeJS(11445): '[UI_PRESS_PROBE]', '{"event":"VOIP_VOICE_RELAY_SILERO_STARTED","call_id":"call-4c68c2030cbe","silence_ms":1100,"speech_ms":120,"timestamp":"2026-06-14T12:38:49.742Z"}'
06-14 21:38:50.430 I/ReactNativeJS(11445): '[UI_PRESS_PROBE]', '{"event":"VOIP_VOICE_RELAY_METER_UNAVAILABLE","call_id":"call-4c68c2030cbe","poll_misses":5,"last_meter_db":null,"file_rms_vad":true,"timestamp":"2026-06-14T12:38:50.429Z"}'
06-14 21:38:50.600 I/ReactNativeJS(11445): '[VoIP][Diag] setRemoteAudioEnabled', { callId: 'call-4c68c2030cbe', enabled: true, trackCount: 1 }
06-14 21:38:50.600 I/ReactNativeJS(11445): '[UI_PRESS_PROBE]', '{"event":"VOIP_REMOTE_AUDIO_SUPPRESSION","call_id":"call-4c68c2030cbe","suppressed":false,"timestamp":"2026-06-14T12:38:50.600Z"}'
06-14 21:38:50.600 I/ReactNativeJS(11445): '[UI_PRESS_PROBE]', '{"event":"VOIP_VOICE_RELAY_CAPTURE_RETRY_SCHEDULED","call_id":"call-4c68c2030cbe","retry_reason":"playback_complete","wait_ms":250,"timestamp":"2026-06-14T12:38:50.600Z"}'
06-14 21:38:50.862 I/ReactNativeJS(11445): '[UI_PRESS_PROBE]', '{"event":"VOIP_VOICE_RELAY_START_BLOCKED","call_id":"call-4c68c2030cbe","reason":"recording_in_progress","connection_state":"connected","has_remote_audio":true,"signaling":{"hasSocket":true,"socketState":"OPEN","connectionState":"connected","hasRemoteAudio":true},"timestamp":"2026-06-14T12:38:50.862Z"}'
06-14 21:38:51.188 I/ReactNativeJS(11445): '[UI_PRESS_PROBE]', '{"event":"VOIP_VOICE_RELAY_SILERO_SPEECH_START","call_id":"call-4c68c2030cbe","silence_duration_ms":1100,"timestamp":"2026-06-14T12:38:51.187Z"}'
06-14 21:38:56.893 I/ReactNativeJS(11445): '[UI_PRESS_PROBE]', '{"event":"VOIP_CALL_MODE_AUDIT_LOADED","call_id":"call-4c68c2030cbe","event_count":2,"event_types":["call_initiated","call_accepted"],"show_loading":false,"timestamp":"2026-06-14T12:38:56.892Z"}'
06-14 21:39:03.385 I/ReactNativeJS(11445): '[UI_PRESS_PROBE]', '{"event":"VOIP_VOICE_RELAY_SEGMENT_FLUSH","call_id":"call-4c68c2030cbe","reason":"max_duration","is_final":true,"peak_meter_db":-160,"meter_unavailable":true,"timestamp":"2026-06-14T12:39:03.385Z"}'
06-14 21:39:03.421 I/ReactNativeJS(11445): '[UI_PRESS_PROBE]', '{"event":"VOIP_VOICE_RELAY_SILERO_STOPPED","call_id":"call-4c68c2030cbe","reason":"segment_flush","timestamp":"2026-06-14T12:39:03.420Z"}'
06-14 21:39:03.790 I/ReactNativeJS(11445): '[UI_PRESS_PROBE]', '{"event":"VOIP_VOICE_TRANSLATE_REQUEST","call_id":"call-4c68c2030cbe","source_lang":"ko","target_lang":"en","region_hint":null,"audio_base64_length":75724,"timestamp":"2026-06-14T12:39:03.789Z"}'
06-14 21:39:03.926 I/ReactNativeJS(11445): '[UI_PRESS_PROBE]', '{"event":"VOIP_RAIL_STATE_RESTORE","timestamp":"2026-06-14T12:39:03.925Z","token_ready":true,"user_ready":true,"show_login":false,"show_voip_tester":true,"selected_call_mode":"pstn_assist","source":"app_state_active_restore","active_call_id":"call-4c68c2030cbe","pending_call_id":null,"accepting_call_id":null,"active_section":"voip"}'
06-14 21:39:04.124 I/ReactNativeJS(11445): '[VoIP][Diag] setRemoteAudioEnabled', { callId: 'call-4c68c2030cbe', enabled: false, trackCount: 1 }
06-14 21:39:04.125 I/ReactNativeJS(11445): '[UI_PRESS_PROBE]', '{"event":"VOIP_REMOTE_AUDIO_SUPPRESSION","call_id":"call-4c68c2030cbe","suppressed":true,"timestamp":"2026-06-14T12:39:04.124Z"}'
06-14 21:39:04.125 I/ReactNativeJS(11445): '[UI_PRESS_PROBE]', '{"event":"VOIP_VOICE_RELAY_SEGMENT_STARTED","call_id":"call-4c68c2030cbe","connection_state":"connected","source_lang":"ko","target_lang":"en","timestamp":"2026-06-14T12:39:04.125Z"}'
06-14 21:39:04.394 I/ReactNativeJS(11445): '[UI_PRESS_PROBE]', '{"event":"VOIP_VOICE_RELAY_SILERO_STARTED","call_id":"call-4c68c2030cbe","silence_ms":1100,"speech_ms":120,"timestamp":"2026-06-14T12:39:04.394Z"}'
06-14 21:39:06.633 I/ReactNativeJS(11445): [VoIP][DiagLine] connectSignaling:onmessage callId=call-4c68c2030cbe state=OPEN rawLength=61
06-14 21:39:06.633 I/ReactNativeJS(11445): '[VoIP][Diag] connectSignaling:onmessage', { callId: 'call-4c68c2030cbe',
06-14 21:39:06.633 I/ReactNativeJS(11445):   socketState: 'OPEN',
06-14 21:39:06.633 I/ReactNativeJS(11445):   rawLength: 61,
06-14 21:39:06.633 I/ReactNativeJS(11445):   rawPreview: '{"type":"pong","call_id":"call-4c68c2030cbe","role":"caller"}' }
06-14 21:39:06.634 I/ReactNativeJS(11445): '[VoIP][Diag] handleSignalingMessage:dispatch', { callId: 'call-4c68c2030cbe',
06-14 21:39:06.634 I/ReactNativeJS(11445):   socketState: 'OPEN',
06-14 21:39:06.634 I/ReactNativeJS(11445):   summary: 
06-14 21:39:06.634 I/ReactNativeJS(11445):    { type: 'pong',
06-14 21:39:06.634 I/ReactNativeJS(11445):      call_id: 'call-4c68c2030cbe',
06-14 21:39:06.634 I/ReactNativeJS(11445):      from_role: null,
06-14 21:39:06.634 I/ReactNativeJS(11445):      has_sdp: false,
06-14 21:39:06.634 I/ReactNativeJS(11445):      sdp_length: 0,
06-14 21:39:06.634 I/ReactNativeJS(11445):      has_candidate: false,
06-14 21:39:06.634 I/ReactNativeJS(11445):      candidate_length: 0,
06-14 21:39:06.634 I/ReactNativeJS(11445):      sdp_mid: null,
06-14 21:39:06.634 I/ReactNativeJS(11445):      sdp_Milne_index: null,
06-14 21:39:06.634 I/ReactNativeJS(11445):      username_fragment: null },
06-14 21:39:06.634 I/ReactNativeJS(11445):   normalizedType: 'pong' }
06-14 21:39:06.635 I/ReactNativeJS(11445): '[VoIP][Diag] handleSignalingMessage:pong', { callId: 'call-4c68c2030cbe', socketState: 'OPEN' }
06-14 21:39:07.701 I/ReactNativeJS(11445): [VoIP][DiagLine] connectSignaling:onmessage callId=call-4c68c2030cbe state=OPEN rawLength=644
06-14 21:39:07.702 I/ReactNativeJS(11445): '[VoIP][Diag] connectSignaling:onmessage', { callId: 'call-4c68c2030cbe',
06-14 21:39:07.702 I/ReactNativeJS(11445):   socketState: 'OPEN',
06-14 21:39:07.702 I/ReactNativeJS(11445):   rawLength: 644,
06-14 21:39:07.702 I/ReactNativeJS(11445):   rawPreview: '{"type":"voice_translation","transcript":"기능별 레일 구조로 사용 시나리오가 명확하고 운영 확장이 쉽습니다. 무료 진입을 정해 권당 결제가 공존하는 다중 수익 구조를 늦었습니다.","translated_text":"Function-specific rail structure provides clear usage scenarios and easy operational expansion. We de' }
06-14 21:39:07.703 I/ReactNativeJS(11445): '[VoIP][Diag] handleSignalingMessage:dispatch', { callId: 'call-4c68c2030cbe',
06-14 21:39:07.703 I/ReactNativeJS(11445):   socketState: 'OPEN',
06-14 21:39:07.703 I/ReactNativeJS(11445):   summary: 
06-14 21:39:07.703 I/ReactNativeJS(11445):    { type: 'voice_translation',
06-14 21:39:07.703 I/ReactNativeJS(11445):      call_id: 'call-4c68c2030cbe',
06-14 21:39:07.703 I/ReactNativeJS(11445):      from_role: 'callee',
06-14 21:39:07.703 I/ReactNativeJS(11445):      has_sdp: false,
06-14 21:39:07.703 I/ReactNativeJS(11445):      sdp_length: 0,
06-14 21:39:07.703 I/ReactNativeJS(11445):      has_candidate: false,
06-14 21:39:07.703 I/ReactNativeJS(11445):      candidate_length: 0,
06-14 21:39:07.703 I/ReactNativeJS(11445):      sdp_mid: null,
06-14 21:39:07.703 I/ReactNativeJS(11445):      sdp_Milne_index: null,
06-14 21:39:07.703 I/ReactNativeJS(11445):      username_fragment: null },
06-14 21:39:07.703 I/ReactNativeJS(11445):   normalizedType: 'voice_translation' }
06-14 21:39:07.717 I/ReactNativeJS(11445): '[UI_PRESS_PROBE]', '{"event":"VOIP_VOICE_RELAY_PLAYBACK","call_id":"call-4c68c2030cbe","target_lang":"en","translated_text":"Function-specific rail structure provides clear usage scenarios and easy operational expansion. We decided on free entry","translated_length":207,"tts_delivery":"device_speech","speaker_on":false,"timestamp":"2026-06-14T12:39:07.717Z"}'
06-14 21:39:07.818 I/ReactNativeJS(11445): '[UI_PRESS_PROBE]', '{"event":"VOIP_VOICE_RELAY_SILERO_STOPPED","call_id":"call-4c68c2030cbe","reason":"segment_stop","timestamp":"2026-06-14T12:39:07.818Z"}'
06-14 21:39:07.944 I/ReactNativeJS(11445): '[VoIP][Diag] setRemoteAudioEnabled', { callId: 'call-4c68c2030cbe', enabled: true, trackCount: 1 }
06-14 21:39:07.945 I/ReactNativeJS(11445): '[UI_PRESS_PROBE]', '{"event":"VOIP_REMOTE_AUDIO_SUPPRESSION","call_id":"call-4c68c2030cbe","suppressed":false,"timestamp":"2026-06-14T12:39:07.944Z"}'
06-14 21:39:07.949 I/ReactNativeJS(11445): '[UI_PRESS_PROBE]', '{"event":"VOIP_WEBRTC_LOCAL_AUDIO_KEEP_SUSPENDED","call_id":"call-4c68c2030cbe","reason":"segment_stop","timestamp":"2026-06-14T12:39:07.948Z"}'
06-14 21:39:10.944 I/ReactNativeJS(11445): '[UI_PRESS_PROBE]', '{"event":"VOIP_VOICE_RELAY_SKIP","call_id":"call-4c68c2030cbe","reason":"aborted_after_stt","timestamp":"2026-06-14T12:39:10.944Z"}'
06-14 21:39:10.945 I/ReactNativeJS(11445): '[UI_PRESS_PROBE]', '{"event":"VOIP_VOICE_RELAY_CAPTURE_RETRY_SCHEDULED","call_id":"call-4c68c2030cbe","retry_reason":"segment_complete","wait_ms":1783,"timestamp":"2026-06-14T12:39:10.945Z"}'
06-14 21:39:11.003 I/ReactNativeJS(11445): '[UI_PRESS_PROBE]', '{"event":"VOIP_WEBRTC_LOCAL_AUDIO_KEEP_SUSPENDED","call_id":"call-4c68c2030cbe","reason":"segment_stop","timestamp":"2026-06-14T12:39:11.002Z"}'
06-14 21:39:12.038 I/ReactNativeJS(11445): '[UI_PRESS_PROBE]', '{"event":"VOIP_VOICE_RELAY_START_BLOCKED","call_id":"call-4c68c2030cbe","reason":"remote_listen_active","timestamp":"2026-06-14T12:39:12.037Z"}'
06-14 21:39:12.038 I/ReactNativeJS(11445): '[UI_PRESS_PROBE]', '{"event":"VOIP_VOICE_RELAY_CAPTURE_RETRY_SCHEDULED","call_id":"call-4c68c2030cbe","retry_reason":"remote_listen_active","wait_ms":690,"timestamp":"2026-06-14T12:39:12.038Z"}'
06-14 21:39:13.026 I/ReactNativeJS(11445): '[UI_PRESS_PROBE]', '{"event":"VOIP_RAIL_STATE_RESTORE","timestamp":"2026-06-14T12:39:13.026Z","token_ready":true,"user_ready":true,"show_login":false,"show_voip_tester":true,"selected_call_mode":"pstn_assist","source":"app_state_active_restore","active_call_id":"call-4c68c2030cbe","pending_call_id":null,"accepting_call_id":null,"active_section":"voip"}'
06-14 21:39:13.190 I/ReactNativeJS(11445): '[VoIP][Diag] setRemoteAudioEnabled', { callId: 'call-4c68c2030cbe', enabled: false, trackCount: 1 }
06-14 21:39:13.190 I/ReactNativeJS(11445): '[UI_PRESS_PROBE]', '{"event":"VOIP_REMOTE_AUDIO_SUPPRESSION","call_id":"call-4c68c2030cbe","suppressed":true,"timestamp":"2026-06-14T12:39:13.190Z"}'
06-14 21:39:13.190 I/ReactNativeJS(11445): '[UI_PRESS_PROBE]', '{"event":"VOIP_VOICE_RELAY_SEGMENT_STARTED","call_id":"call-4c68c2030cbe","connection_state":"connected","source_lang":"ko","target_lang":"en","timestamp":"2026-06-14T12:39:13.190Z"}'
06-14 21:39:13.431 I/ReactNativeJS(11445): '[UI_PRESS_PROBE]', '{"event":"VOIP_VOICE_RELAY_SILERO_STARTED","call_id":"call-4c68c2030cbe","silence_ms":1100,"speech_ms":120,"timestamp":"2026-06-14T12:39:13.431Z"}'
06-14 21:39:14.118 I/ReactNativeJS(11445): '[UI_PRESS_PROBE]', '{"event":"VOIP_VOICE_RELAY_METER_UNAVAILABLE","call_id":"call-4c68c2030cbe","poll_misses":5,"last_meter_db":null,"file_rms_vad":true,"timestamp":"2026-06-14T12:39:14.117Z"}'
06-14 21:39:17.792 I/ReactNativeJS(11445): '[UI_PRESS_PROBE]', '{"event":"VOIP_VOICE_RELAY_SILERO_SPEECH_START","call_id":"call-4c68c2030cbe","silence_duration_ms":1100,"timestamp":"2026-06-14T12:39:17.791Z"}'
06-14 21:39:22.324 I/ReactNativeJS(11445): '[VoIP][Diag] setRemoteAudioEnabled', { callId: 'call-4c68c2030cbe', enabled: true, trackCount: 1 }
06-14 21:39:22.325 I/ReactNativeJS(11445): '[UI_PRESS_PROBE]', '{"event":"VOIP_REMOTE_AUDIO_SUPPRESSION","call_id":"call-4c68c2030cbe","suppressed":false,"timestamp":"2026-06-14T12:39:22.324Z"}'
06-14 21:39:22.325 I/ReactNativeJS(11445): '[UI_PRESS_PROBE]', '{"event":"VOIP_VOICE_RELAY_CAPTURE_RETRY_SCHEDULED","call_id":"call-4c68c2030cbe","retry_reason":"playback_complete","wait_ms":250,"timestamp":"2026-06-14T12:39:22.325Z"}'
06-14 21:39:22.590 I/ReactNativeJS(11445): '[UI_PRESS_PROBE]', '{"event":"VOIP_VOICE_RELAY_START_BLOCKED","call_id":"call-4c68c2030cbe","reason":"recording_in_progress","connection_state":"connected","has_remote_audio":true,"signaling":{"hasSocket":true,"socketState":"OPEN","connectionState":"connected","hasRemoteAudio":true},"timestamp":"2026-06-14T12:39:22.589Z"}'
