[12:52:30] V-8 E2E run dir: C:\Users\WORK\source\repos\parkcheolhong\codeAI\evidence\voip-voice-relay-orchestrator\run_20260614-125230
[12:52:30] Caller=R83W70QY11H Callee=172.30.1.19:5555 callee_voice_id=nado-000226
[12:52:30] Expected APK version: 1.0.32 (code 42)
[12:52:30] Installed versionCode caller=42 callee=42
[12:52:33] Waiting for auth hydration on both devices (180s max)...
[12:52:37] Auth ready on both devices
[12:52:37] Dismissing stale VoIP sessions if any...
[12:52:40] Waiting for VoIP presence on callee (120s max)...
[12:52:40] Starting validation friend VoIP call on caller (auth confirmed)...
[12:52:40] Opening validation mode on caller...
[12:52:45] Opening friend folder on caller...
[12:52:48] Tap resource-id 'worldlinco-voip-lobby-friend-folder-open' at 104,585 on R83W70QY11H
[12:52:51] Tapping friend voice call for nado-000226 ...
[12:53:30] WARN: could not tap friend call button — continuing to wait for call logs
[12:53:30] Waiting for friend call initiate on caller...
[12:55:31] WARN: VOIP_FRIEND_CALL_SUCCESS not confirmed — retry friend call tap once
[12:55:31] Opening validation mode on caller...
[12:55:36] Opening friend folder on caller...
[12:55:49] Tapping friend voice call for nado-000226 ...
[12:57:32] Waiting for incoming on callee...
