--------- beginning of main
06-14 13:15:49.489 I/ReactNativeJS(27215): '[VoIP] WebRTC module loaded', { module: 'react-native-webrtc',
06-14 13:15:49.489 I/ReactNativeJS(27215):   hasPeerConnection: true,
06-14 13:15:49.489 I/ReactNativeJS(27215):   hasMediaDevices: true }
06-14 13:15:49.490 I/ReactNativeJS(27215): Running "main"
06-14 13:15:49.498 W/ReactNativeJS(27215): SafeAreaView has been deprecated and will be removed in a future release. Please use 'react-native-safe-area-context' instead. See https://github.com/AppAndFlow/react-native-safe-area-context
06-14 13:15:49.533 I/ReactNativeJS(27215): [VoIPToneService] AudioContext not available (React Native environment)
06-14 13:15:49.542 W/ReactNativeJS(27215): Method getInfoAsync imported from "expo-file-system" is deprecated.
06-14 13:15:49.542 W/ReactNativeJS(27215): You can migrate to the new filesystem API using "File" and "Directory" classes or import the legacy API from "expo-file-system/legacy".
06-14 13:15:49.542 W/ReactNativeJS(27215): API reference and examples are available in the filesystem docs: https://docs.expo.dev/versions/v54.0.0/sdk/filesystem/
06-14 13:15:49.542 I/ReactNativeJS(27215): '[AUTH_FLOW]', '{"event":"AUTH_STORAGE_RESTORE_FOUND","user_id":226,"user_email":"burumi69@gmail.com"}'
06-14 13:15:49.935 I/ReactNativeJS(27215): '[AUTH_FLOW]', '{"event":"AUTH_STORAGE_RESTORE_APPLIED","user_id":226,"user_email":"burumi69@gmail.com"}'
06-14 13:15:49.970 W/ReactNativeJS(27215): This method is deprecated (as well as all React Native Firebase namespaced API) and will be removed in the next major release as part of move to match Firebase Web modular SDK API. Please see migration guide for more details: https://rnfirebase.io/migrating-to-v22 Please use `getApps()` instead.
06-14 13:15:49.970 W/ReactNativeJS(27215): This method is deprecated (as well as all React Native Firebase namespaced API) and will be removed in the next major release as part of move to match Firebase Web modular SDK API. Please see migration guide for more details: https://rnfirebase.io/migrating-to-v22 Please use `initializeApp()` instead.
06-14 13:15:49.970 I/ReactNativeJS(27215): '[VoIPPendingIncoming]', '{"event":"REQUEST_START","source":"pending_call_initial","token_summary":"len:141:eyJhbG...k5rjLY","user_id":226,"has_pending_call":false,"has_active_call":false}'
06-14 13:15:49.971 I/ReactNativeJS(27215): '[UI_PRESS_PROBE]', '{"event":"VOIP_PRESENCE_CONNECT_ATTEMPT","timestamp":"2026-06-14T04:15:49.971Z","token_ready":true,"user_ready":true,"show_login":false,"show_voip_tester":false,"selected_call_mode":"pstn_assist","voice_id":"nado-000226","token_summary":"len:141:eyJhbG...k5rjLY","reason":"effect_start","api_base":"https://metanova1004.com"}'
06-14 13:15:49.972 W/ReactNativeJS(27215): This method is deprecated (as well as all React Native Firebase namespaced API) and will be removed in the next major release as part of move to match Firebase Web modular SDK API. Please see migration guide for more details: https://rnfirebase.io/migrating-to-v22 Please use `getApps()` instead.
06-14 13:15:49.972 I/ReactNativeJS(27215): '[VoIPFCM] firebase bootstrap failed', [Error: Missing or invalid FirebaseOptions property 'databaseURL'.]
06-14 13:15:50.055 I/ReactNativeJS(27215): '[VoIPPendingIncoming]', '{"event":"REQUEST_RESULT","source":"pending_call_initial","token_summary":"len:141:eyJhbG...k5rjLY","user_id":226,"status":200,"ok":true}'
06-14 13:15:50.206 I/ReactNativeJS(27215): '[UI_PRESS_PROBE]', '{"event":"VOIP_PRESENCE_CONNECTED","timestamp":"2026-06-14T04:15:50.205Z","token_ready":true,"user_ready":true,"show_login":false,"show_voip_tester":false,"selected_call_mode":"pstn_assist","voice_id":"nado-000226","token_summary":"len:141:eyJhbG...k5rjLY","reason":"effect_start"}'
06-14 13:15:52.486 I/ReactNativeJS(27215): '[VoIPPendingIncoming]', '{"event":"REQUEST_START","source":"pending_call_poll","token_summary":"len:141:eyJhbG...k5rjLY","user_id":226,"has_pending_call":false,"has_active_call":false}'
06-14 13:15:52.852 I/ReactNativeJS(27215): '[VoIPPendingIncoming]', '{"event":"REQUEST_RESULT","source":"pending_call_poll","token_summary":"len:141:eyJhbG...k5rjLY","user_id":226,"status":200,"ok":true}'
06-14 13:15:54.998 I/ReactNativeJS(27215): '[VoIPPendingIncoming]', '{"event":"REQUEST_START","source":"pending_call_poll","token_summary":"len:141:eyJhbG...k5rjLY","user_id":226,"has_pending_call":false,"has_active_call":false}'
06-14 13:15:55.061 I/ReactNativeJS(27215): '[VoIPPendingIncoming]', '{"event":"REQUEST_RESULT","source":"pending_call_poll","token_summary":"len:141:eyJhbG...k5rjLY","user_id":226,"status":200,"ok":true}'
06-14 13:15:57.512 I/ReactNativeJS(27215): '[VoIPPendingIncoming]', '{"event":"REQUEST_START","source":"pending_call_poll","token_summary":"len:141:eyJhbG...k5rjLY","user_id":226,"has_pending_call":false,"has_active_call":false}'
06-14 13:15:57.570 I/ReactNativeJS(27215): '[VoIPPendingIncoming]', '{"event":"REQUEST_RESULT","source":"pending_call_poll","token_summary":"len:141:eyJhbG...k5rjLY","user_id":226,"status":200,"ok":true}'
06-14 13:16:00.015 I/ReactNativeJS(27215): '[VoIPPendingIncoming]', '{"event":"REQUEST_START","source":"pending_call_poll","token_summary":"len:141:eyJhbG...k5rjLY","user_id":226,"has_pending_call":false,"has_active_call":false}'
06-14 13:16:00.043 I/ReactNativeJS(27215): '[VoIPPendingIncoming]', '{"event":"REQUEST_RESULT","source":"pending_call_poll","token_summary":"len:141:eyJhbG...k5rjLY","user_id":226,"status":200,"ok":true}'
06-14 13:16:02.527 I/ReactNativeJS(27215): '[VoIPPendingIncoming]', '{"event":"REQUEST_START","source":"pending_call_poll","token_summary":"len:141:eyJhbG...k5rjLY","user_id":226,"has_pending_call":false,"has_active_call":false}'
06-14 13:16:02.566 I/ReactNativeJS(27215): '[VoIPPendingIncoming]', '{"event":"REQUEST_RESULT","source":"pending_call_poll","token_summary":"len:141:eyJhbG...k5rjLY","user_id":226,"status":200,"ok":true}'
06-14 13:16:05.035 I/ReactNativeJS(27215): '[VoIPPendingIncoming]', '{"event":"REQUEST_START","source":"pending_call_poll","token_summary":"len:141:eyJhbG...k5rjLY","user_id":226,"has_pending_call":false,"has_active_call":false}'
06-14 13:16:05.058 I/ReactNativeJS(27215): '[VoIPPendingIncoming]', '{"event":"REQUEST_RESULT","source":"pending_call_poll","token_summary":"len:141:eyJhbG...k5rjLY","user_id":226,"status":200,"ok":true}'
06-14 13:16:06.508 I/ReactNativeJS(27215): '[UI_PRESS_PROBE]', '{"event":"SECTION_RAIL_PRESS","timestamp":"2026-06-14T04:16:06.508Z","token_ready":true,"user_ready":true,"show_login":false,"show_voip_tester":false,"selected_call_mode":"pstn_assist","key":"voip","previous_section":"home","next_section":"voip"}'
06-14 13:16:07.546 I/ReactNativeJS(27215): '[VoIPPendingIncoming]', '{"event":"REQUEST_START","source":"pending_call_poll","token_summary":"len:141:eyJhbG...k5rjLY","user_id":226,"has_pending_call":false,"has_active_call":false}'
06-14 13:16:07.576 I/ReactNativeJS(27215): '[VoIPPendingIncoming]', '{"event":"REQUEST_RESULT","source":"pending_call_poll","token_summary":"len:141:eyJhbG...k5rjLY","user_id":226,"status":200,"ok":true}'
06-14 13:16:10.059 I/ReactNativeJS(27215): '[VoIPPendingIncoming]', '{"event":"REQUEST_START","source":"pending_call_poll","token_summary":"len:141:eyJhbG...k5rjLY","user_id":226,"has_pending_call":false,"has_active_call":false}'
06-14 13:16:10.115 I/ReactNativeJS(27215): '[VoIPPendingIncoming]', '{"event":"REQUEST_RESULT","source":"pending_call_poll","token_summary":"len:141:eyJhbG...k5rjLY","user_id":226,"status":200,"ok":true}'
06-14 13:16:12.570 I/ReactNativeJS(27215): '[VoIPPendingIncoming]', '{"event":"REQUEST_START","source":"pending_call_poll","token_summary":"len:141:eyJhbG...k5rjLY","user_id":226,"has_pending_call":false,"has_active_call":false}'
06-14 13:16:12.626 I/ReactNativeJS(27215): '[VoIPPendingIncoming]', '{"event":"REQUEST_RESULT","source":"pending_call_poll","token_summary":"len:141:eyJhbG...k5rjLY","user_id":226,"status":200,"ok":true}'
06-14 13:16:15.082 I/ReactNativeJS(27215): '[VoIPPendingIncoming]', '{"event":"REQUEST_START","source":"pending_call_poll","token_summary":"len:141:eyJhbG...k5rjLY","user_id":226,"has_pending_call":false,"has_active_call":false}'
06-14 13:16:15.207 I/ReactNativeJS(27215): '[VoIPPendingIncoming]', '{"event":"REQUEST_RESULT","source":"pending_call_poll","token_summary":"len:141:eyJhbG...k5rjLY","user_id":226,"status":200,"ok":true}'
06-14 13:16:17.592 I/ReactNativeJS(27215): '[VoIPPendingIncoming]', '{"event":"REQUEST_START","source":"pending_call_poll","token_summary":"len:141:eyJhbG...k5rjLY","user_id":226,"has_pending_call":false,"has_active_call":false}'
06-14 13:16:17.655 I/ReactNativeJS(27215): '[VoIPPendingIncoming]', '{"event":"REQUEST_RESULT","source":"pending_call_poll","token_summary":"len:141:eyJhbG...k5rjLY","user_id":226,"status":200,"ok":true}'
06-14 13:16:20.104 I/ReactNativeJS(27215): '[VoIPPendingIncoming]', '{"event":"REQUEST_START","source":"pending_call_poll","token_summary":"len:141:eyJhbG...k5rjLY","user_id":226,"has_pending_call":false,"has_active_call":false}'
06-14 13:16:20.159 I/ReactNativeJS(27215): '[VoIPPendingIncoming]', '{"event":"REQUEST_RESULT","source":"pending_call_poll","token_summary":"len:141:eyJhbG...k5rjLY","user_id":226,"status":200,"ok":true}'
06-14 13:16:22.615 I/ReactNativeJS(27215): '[VoIPPendingIncoming]', '{"event":"REQUEST_START","source":"pending_call_poll","token_summary":"len:141:eyJhbG...k5rjLY","user_id":226,"has_pending_call":false,"has_active_call":false}'
06-14 13:16:22.660 I/ReactNativeJS(27215): '[VoIPPendingIncoming]', '{"event":"REQUEST_RESULT","source":"pending_call_poll","token_summary":"len:141:eyJhbG...k5rjLY","user_id":226,"status":200,"ok":true}'
06-14 13:16:25.127 I/ReactNativeJS(27215): '[VoIPPendingIncoming]', '{"event":"REQUEST_START","source":"pending_call_poll","token_summary":"len:141:eyJhbG...k5rjLY","user_id":226,"has_pending_call":false,"has_active_call":false}'
06-14 13:16:25.182 I/ReactNativeJS(27215): '[VoIPPendingIncoming]', '{"event":"REQUEST_RESULT","source":"pending_call_poll","token_summary":"len:141:eyJhbG...k5rjLY","user_id":226,"status":200,"ok":true}'
06-14 13:16:27.638 I/ReactNativeJS(27215): '[VoIPPendingIncoming]', '{"event":"REQUEST_START","source":"pending_call_poll","token_summary":"len:141:eyJhbG...k5rjLY","user_id":226,"has_pending_call":false,"has_active_call":false}'
06-14 13:16:27.694 I/ReactNativeJS(27215): '[VoIPPendingIncoming]', '{"event":"REQUEST_RESULT","source":"pending_call_poll","token_summary":"len:141:eyJhbG...k5rjLY","user_id":226,"status":200,"ok":true}'
06-14 13:16:30.149 I/ReactNativeJS(27215): '[VoIPPendingIncoming]', '{"event":"REQUEST_START","source":"pending_call_poll","token_summary":"len:141:eyJhbG...k5rjLY","user_id":226,"has_pending_call":false,"has_active_call":false}'
06-14 13:16:30.207 I/ReactNativeJS(27215): '[VoIPPendingIncoming]', '{"event":"REQUEST_RESULT","source":"pending_call_poll","token_summary":"len:141:eyJhbG...k5rjLY","user_id":226,"status":200,"ok":true}'
06-14 13:16:32.660 I/ReactNativeJS(27215): '[VoIPPendingIncoming]', '{"event":"REQUEST_START","source":"pending_call_poll","token_summary":"len:141:eyJhbG...k5rjLY","user_id":226,"has_pending_call":false,"has_active_call":false}'
06-14 13:16:32.788 I/ReactNativeJS(27215): '[VoIPPendingIncoming]', '{"event":"REQUEST_RESULT","source":"pending_call_poll","token_summary":"len:141:eyJhbG...k5rjLY","user_id":226,"status":200,"ok":true}'
06-14 13:16:35.172 I/ReactNativeJS(27215): '[VoIPPendingIncoming]', '{"event":"REQUEST_START","source":"pending_call_poll","token_summary":"len:141:eyJhbG...k5rjLY","user_id":226,"has_pending_call":false,"has_active_call":false}'
06-14 13:16:35.235 I/ReactNativeJS(27215): '[VoIPPendingIncoming]', '{"event":"REQUEST_RESULT","source":"pending_call_poll","token_summary":"len:141:eyJhbG...k5rjLY","user_id":226,"status":200,"ok":true}'
06-14 13:16:37.682 I/ReactNativeJS(27215): '[VoIPPendingIncoming]', '{"event":"REQUEST_START","source":"pending_call_poll","token_summary":"len:141:eyJhbG...k5rjLY","user_id":226,"has_pending_call":false,"has_active_call":false}'
06-14 13:16:37.732 I/ReactNativeJS(27215): '[VoIPPendingIncoming]', '{"event":"REQUEST_RESULT","source":"pending_call_poll","token_summary":"len:141:eyJhbG...k5rjLY","user_id":226,"status":200,"ok":true}'
06-14 13:16:40.194 I/ReactNativeJS(27215): '[VoIPPendingIncoming]', '{"event":"REQUEST_START","source":"pending_call_poll","token_summary":"len:141:eyJhbG...k5rjLY","user_id":226,"has_pending_call":false,"has_active_call":false}'
06-14 13:16:40.251 I/ReactNativeJS(27215): '[VoIPPendingIncoming]', '{"event":"REQUEST_RESULT","source":"pending_call_poll","token_summary":"len:141:eyJhbG...k5rjLY","user_id":226,"status":200,"ok":true}'
06-14 13:16:42.705 I/ReactNativeJS(27215): '[VoIPPendingIncoming]', '{"event":"REQUEST_START","source":"pending_call_poll","token_summary":"len:141:eyJhbG...k5rjLY","user_id":226,"has_pending_call":false,"has_active_call":false}'
06-14 13:16:42.753 I/ReactNativeJS(27215): '[VoIPPendingIncoming]', '{"event":"REQUEST_RESULT","source":"pending_call_poll","token_summary":"len:141:eyJhbG...k5rjLY","user_id":226,"status":200,"ok":true}'
06-14 13:16:45.216 I/ReactNativeJS(27215): '[VoIPPendingIncoming]', '{"event":"REQUEST_START","source":"pending_call_poll","token_summary":"len:141:eyJhbG...k5rjLY","user_id":226,"has_pending_call":false,"has_active_call":false}'
06-14 13:16:45.273 I/ReactNativeJS(27215): '[VoIPPendingIncoming]', '{"event":"REQUEST_RESULT","source":"pending_call_poll","token_summary":"len:141:eyJhbG...k5rjLY","user_id":226,"status":200,"ok":true}'
06-14 13:16:47.727 I/ReactNativeJS(27215): '[VoIPPendingIncoming]', '{"event":"REQUEST_START","source":"pending_call_poll","token_summary":"len:141:eyJhbG...k5rjLY","user_id":226,"has_pending_call":false,"has_active_call":false}'
06-14 13:16:47.751 I/ReactNativeJS(27215): '[VoIPPendingIncoming]', '{"event":"REQUEST_RESULT","source":"pending_call_poll","token_summary":"len:141:eyJhbG...k5rjLY","user_id":226,"status":200,"ok":true}'
06-14 13:16:50.233 I/ReactNativeJS(27215): '[VoIPPendingIncoming]', '{"event":"REQUEST_START","source":"pending_call_poll","token_summary":"len:141:eyJhbG...k5rjLY","user_id":226,"has_pending_call":false,"has_active_call":false}'
06-14 13:16:50.366 I/ReactNativeJS(27215): '[VoIPPendingIncoming]', '{"event":"REQUEST_RESULT","source":"pending_call_poll","token_summary":"len:141:eyJhbG...k5rjLY","user_id":226,"status":200,"ok":true}'
06-14 13:16:52.743 I/ReactNativeJS(27215): '[VoIPPendingIncoming]', '{"event":"REQUEST_START","source":"pending_call_poll","token_summary":"len:141:eyJhbG...k5rjLY","user_id":226,"has_pending_call":false,"has_active_call":false}'
06-14 13:16:52.797 I/ReactNativeJS(27215): '[VoIPPendingIncoming]', '{"event":"REQUEST_RESULT","source":"pending_call_poll","token_summary":"len:141:eyJhbG...k5rjLY","user_id":226,"status":200,"ok":true}'
06-14 13:16:55.253 I/ReactNativeJS(27215): '[VoIPPendingIncoming]', '{"event":"REQUEST_START","source":"pending_call_poll","token_summary":"len:141:eyJhbG...k5rjLY","user_id":226,"has_pending_call":false,"has_active_call":false}'
06-14 13:16:55.314 I/ReactNativeJS(27215): '[VoIPPendingIncoming]', '{"event":"REQUEST_RESULT","source":"pending_call_poll","token_summary":"len:141:eyJhbG...k5rjLY","user_id":226,"status":200,"ok":true}'
06-14 13:16:57.762 I/ReactNativeJS(27215): '[VoIPPendingIncoming]', '{"event":"REQUEST_START","source":"pending_call_poll","token_summary":"len:141:eyJhbG...k5rjLY","user_id":226,"has_pending_call":false,"has_active_call":false}'
06-14 13:16:57.880 I/ReactNativeJS(27215): '[VoIPPendingIncoming]', '{"event":"REQUEST_RESULT","source":"pending_call_poll","token_summary":"len:141:eyJhbG...k5rjLY","user_id":226,"status":200,"ok":true}'
06-14 13:17:00.272 I/ReactNativeJS(27215): '[VoIPPendingIncoming]', '{"event":"REQUEST_START","source":"pending_call_poll","token_summary":"len:141:eyJhbG...k5rjLY","user_id":226,"has_pending_call":false,"has_active_call":false}'
06-14 13:17:00.325 I/ReactNativeJS(27215): '[VoIPPendingIncoming]', '{"event":"REQUEST_RESULT","source":"pending_call_poll","token_summary":"len:141:eyJhbG...k5rjLY","user_id":226,"status":200,"ok":true}'
06-14 13:17:02.782 I/ReactNativeJS(27215): '[VoIPPendingIncoming]', '{"event":"REQUEST_START","source":"pending_call_poll","token_summary":"len:141:eyJhbG...k5rjLY","user_id":226,"has_pending_call":false,"has_active_call":false}'
06-14 13:17:02.830 I/ReactNativeJS(27215): '[VoIPPendingIncoming]', '{"event":"REQUEST_RESULT","source":"pending_call_poll","token_summary":"len:141:eyJhbG...k5rjLY","user_id":226,"status":200,"ok":true}'
