--------- beginning of main
06-14 13:04:06.786 I/ReactNativeJS(25220): '[VoIP] WebRTC module loaded', { module: 'react-native-webrtc',
06-14 13:04:06.786 I/ReactNativeJS(25220):   hasPeerConnection: true,
06-14 13:04:06.786 I/ReactNativeJS(25220):   hasMediaDevices: true }
06-14 13:04:06.787 I/ReactNativeJS(25220): Running "main"
06-14 13:04:06.794 W/ReactNativeJS(25220): SafeAreaView has been deprecated and will be removed in a future release. Please use 'react-native-safe-area-context' instead. See https://github.com/AppAndFlow/react-native-safe-area-context
06-14 13:04:06.829 I/ReactNativeJS(25220): [VoIPToneService] AudioContext not available (React Native environment)
06-14 13:04:06.835 W/ReactNativeJS(25220): Method getInfoAsync imported from "expo-file-system" is deprecated.
06-14 13:04:06.835 W/ReactNativeJS(25220): You can migrate to the new filesystem API using "File" and "Directory" classes or import the legacy API from "expo-file-system/legacy".
06-14 13:04:06.835 W/ReactNativeJS(25220): API reference and examples are available in the filesystem docs: https://docs.expo.dev/versions/v54.0.0/sdk/filesystem/
06-14 13:04:06.839 I/ReactNativeJS(25220): '[AUTH_FLOW]', '{"event":"AUTH_STORAGE_RESTORE_FOUND","user_id":226,"user_email":"burumi69@gmail.com"}'
06-14 13:04:07.120 I/ReactNativeJS(25220): '[AUTH_FLOW]', '{"event":"AUTH_STORAGE_RESTORE_APPLIED","user_id":226,"user_email":"burumi69@gmail.com"}'
06-14 13:04:07.151 W/ReactNativeJS(25220): This method is deprecated (as well as all React Native Firebase namespaced API) and will be removed in the next major release as part of move to match Firebase Web modular SDK API. Please see migration guide for more details: https://rnfirebase.io/migrating-to-v22 Please use `getApps()` instead.
06-14 13:04:07.151 W/ReactNativeJS(25220): This method is deprecated (as well as all React Native Firebase namespaced API) and will be removed in the next major release as part of move to match Firebase Web modular SDK API. Please see migration guide for more details: https://rnfirebase.io/migrating-to-v22 Please use `initializeApp()` instead.
06-14 13:04:07.152 I/ReactNativeJS(25220): '[VoIPPendingIncoming]', '{"event":"REQUEST_START","source":"pending_call_initial","token_summary":"len:141:eyJhbG...k5rjLY","user_id":226,"has_pending_call":false,"has_active_call":false}'
06-14 13:04:07.153 I/ReactNativeJS(25220): '[UI_PRESS_PROBE]', '{"event":"VOIP_PRESENCE_CONNECT_ATTEMPT","timestamp":"2026-06-14T04:04:07.152Z","token_ready":true,"user_ready":true,"show_login":false,"show_voip_tester":false,"selected_call_mode":"pstn_assist","voice_id":"nado-000226","token_summary":"len:141:eyJhbG...k5rjLY","reason":"effect_start","api_base":"https://metanova1004.com"}'
06-14 13:04:07.154 W/ReactNativeJS(25220): This method is deprecated (as well as all React Native Firebase namespaced API) and will be removed in the next major release as part of move to match Firebase Web modular SDK API. Please see migration guide for more details: https://rnfirebase.io/migrating-to-v22 Please use `getApps()` instead.
06-14 13:04:07.154 I/ReactNativeJS(25220): '[VoIPFCM] firebase bootstrap failed', [Error: Missing or invalid FirebaseOptions property 'databaseURL'.]
06-14 13:04:07.243 I/ReactNativeJS(25220): '[VoIPPendingIncoming]', '{"event":"REQUEST_RESULT","source":"pending_call_initial","token_summary":"len:141:eyJhbG...k5rjLY","user_id":226,"status":200,"ok":true}'
06-14 13:04:07.297 I/ReactNativeJS(25220): '[UI_PRESS_PROBE]', '{"event":"VOIP_ACTIVE_CALL_RESTORED","timestamp":"2026-06-14T04:04:07.297Z","token_ready":true,"user_ready":true,"show_login":false,"show_voip_tester":false,"selected_call_mode":"pstn_assist","source":"app_launch_resume","call_id":"call-d17e81a314f7","participant_role":"callee","status":"active","restored_rail_section":"voip"}'
06-14 13:04:07.366 I/ReactNativeJS(25220): '[VoIPScreen] Voice relay readiness:', { callId: 'call-d17e81a314f7',
06-14 13:04:07.366 I/ReactNativeJS(25220):   requestedMode: 'voip_full_auto',
06-14 13:04:07.366 I/ReactNativeJS(25220):   resolvedMode: 'voip_full_auto',
06-14 13:04:07.366 I/ReactNativeJS(25220):   autoRelayRequested: true,
06-14 13:04:07.366 I/ReactNativeJS(25220):   autoRelayApplied: true,
06-14 13:04:07.366 I/ReactNativeJS(25220):   voiceRelayServerReady: true }
06-14 13:04:07.376 I/ReactNativeJS(25220): rn-webrtc:pc:DEBUG 0 ctor +0ms
06-14 13:04:07.379 I/ReactNativeJS(25220): '[UI_PRESS_PROBE]', '{"event":"VOIP_CONNECTION_STATE_UPDATE","call_id":"call-d17e81a314f7","state":"connecting","timestamp":"2026-06-14T04:04:07.378Z"}'
06-14 13:04:07.379 W/ReactNativeJS(25220): This method is deprecated (as well as all React Native Firebase namespaced API) and will be removed in the next major release as part of move to match Firebase Web modular SDK API. Please see migration guide for more details: https://rnfirebase.io/migrating-to-v22 Please use `getApps()` instead.
06-14 13:04:07.379 W/ReactNativeJS(25220): This method is deprecated (as well as all React Native Firebase namespaced API) and will be removed in the next major release as part of move to match Firebase Web modular SDK API. Please see migration guide for more details: https://rnfirebase.io/migrating-to-v22 Please use `initializeApp()` instead.
06-14 13:04:07.380 I/ReactNativeJS(25220): '[UI_PRESS_PROBE]', '{"event":"VOIP_PRESENCE_CONNECT_ATTEMPT","timestamp":"2026-06-14T04:04:07.380Z","token_ready":true,"user_ready":true,"show_login":false,"show_voip_tester":true,"selected_call_mode":"voip_full_auto","voice_id":"nado-000226","token_summary":"len:141:eyJhbG...k5rjLY","reason":"effect_start","api_base":"https://metanova1004.com"}'
06-14 13:04:07.382 I/ReactNativeJS(25220): [VoIP][DiagLine] connectSignaling:start callId=call-d17e81a314f7 state=null
06-14 13:04:07.382 I/ReactNativeJS(25220): '[VoIP][Diag] connectSignaling:start', { callId: 'call-d17e81a314f7',
06-14 13:04:07.382 I/ReactNativeJS(25220):   signalingServerUrl: 'wss://metanova1004.com/api/v1/voip/signal?call_id=call-d17e81a314f7&role=callee',
06-14 13:04:07.382 I/ReactNativeJS(25220):   socketState: 'null' }
06-14 13:04:07.382 W/ReactNativeJS(25220): This method is deprecated (as well as all React Native Firebase namespaced API) and will be removed in the next major release as part of move to match Firebase Web modular SDK API. Please see migration guide for more details: https://rnfirebase.io/migrating-to-v22 Please use `getApps()` instead.
06-14 13:04:07.383 I/ReactNativeJS(25220): '[VoIPFCM] firebase bootstrap failed', [Error: Missing or invalid FirebaseOptions property 'databaseURL'.]
06-14 13:04:07.423 I/ReactNativeJS(25220): '[UI_PRESS_PROBE]', '{"event":"VOIP_PRESENCE_CONNECTED","timestamp":"2026-06-14T04:04:07.422Z","token_ready":true,"user_ready":true,"show_login":false,"show_voip_tester":true,"selected_call_mode":"voip_full_auto","voice_id":"nado-000226","token_summary":"len:141:eyJhbG...k5rjLY","reason":"effect_start"}'
06-14 13:04:07.423 I/ReactNativeJS(25220): [VoIP] Signaling connected
06-14 13:04:07.423 I/ReactNativeJS(25220): [VoIP][DiagLine] connectSignaling:open callId=call-d17e81a314f7 state=OPEN queuedIce=0
06-14 13:04:07.423 I/ReactNativeJS(25220): '[VoIP][Diag] connectSignaling:open', { callId: 'call-d17e81a314f7',
06-14 13:04:07.423 I/ReactNativeJS(25220):   socketState: 'OPEN',
06-14 13:04:07.423 I/ReactNativeJS(25220):   queuedIceCandidates: 0 }
06-14 13:04:07.423 I/ReactNativeJS(25220): [VoIP] Flushing 0 queued ICE candidates
06-14 13:04:07.423 I/ReactNativeJS(25220): '[VoIP] Getting local stream with constraints:', { audio: 
06-14 13:04:07.423 I/ReactNativeJS(25220):    { echoCancellation: true,
06-14 13:04:07.423 I/ReactNativeJS(25220):      noiseSuppression: true,
06-14 13:04:07.423 I/ReactNativeJS(25220):      autoGainControl: true },
06-14 13:04:07.423 I/ReactNativeJS(25220):   video: false }
06-14 13:04:07.423 I/ReactNativeJS(25220): '[VoIP] mediaDevices available:', true
06-14 13:04:07.423 I/ReactNativeJS(25220): [VoIP] Calling getUserMedia...
06-14 13:04:07.443 I/ReactNativeJS(25220): '[VoIP] Local stream acquired successfully', { tracks: 
06-14 13:04:07.443 I/ReactNativeJS(25220):    [ { label: '',
06-14 13:04:07.443 I/ReactNativeJS(25220):        _constraints: 
06-14 13:04:07.443 I/ReactNativeJS(25220):         { echoCancellation: true,
06-14 13:04:07.443 I/ReactNativeJS(25220):           noiseSuppression: true,
06-14 13:04:07.443 I/ReactNativeJS(25220):           autoGainControl: true },
06-14 13:04:07.443 I/ReactNativeJS(25220):        _enabled: true,
06-14 13:04:07.443 I/ReactNativeJS(25220):        _settings: { groupId: '', deviceId: 'audio-1' },
06-14 13:04:07.443 I/ReactNativeJS(25220):        _muted: false,
06-14 13:04:07.443 I/ReactNativeJS(25220):        _peerConnectionId: undefined,
06-14 13:04:07.443 I/ReactNativeJS(25220):        _readyState: 'live',
06-14 13:04:07.443 I/ReactNativeJS(25220):        id: '953ebaca-643f-4e5e-8489-e3e2eef6b85f',
06-14 13:04:07.443 I/ReactNativeJS(25220):        kind: 'audio',
06-14 13:04:07.443 I/ReactNativeJS(25220):        remote: false } ],
06-14 13:04:07.443 I/ReactNativeJS(25220):   audioTracks: 
06-14 13:04:07.443 I/ReactNativeJS(25220):    [ { label: '',
06-14 13:04:07.443 I/ReactNativeJS(25220):        _constraints: 
06-14 13:04:07.443 I/ReactNativeJS(25220):         { echoCancellation: true,
06-14 13:04:07.443 I/ReactNativeJS(25220):           noiseSuppression: true,
06-14 13:04:07.443 I/ReactNativeJS(25220):           autoGainControl: true },
06-14 13:04:07.443 I/ReactNativeJS(25220):        _enabled: true,
06-14 13:04:07.443 I/ReactNativeJS(25220):        _settings: { groupId: '', deviceId: 'audio-1' },
06-14 13:04:07.443 I/ReactNativeJS(25220):        _muted: false,
06-14 13:04:07.443 I/ReactNativeJS(25220):        _peerConnectionId: undefined,
06-14 13:04:07.443 I/ReactNativeJS(25220):        _readyState: 'live',
06-14 13:04:07.443 I/ReactNativeJS(25220):        id: '953ebaca-643f-4e5e-8489-e3e2eef6b85f',
06-14 13:04:07.443 I/ReactNativeJS(25220):        kind: 'audio',
06-14 13:04:07.443 I/ReactNativeJS(25220):        remote: false } ],
06-14 13:04:07.443 I/ReactNativeJS(25220):   trackCount: 1 }
06-14 13:04:07.443 I/ReactNativeJS(25220): [VoIP] Adding local tracks to peer connection...
06-14 13:04:07.443 I/ReactNativeJS(25220): rn-webrtc:pc:DEBUG 0 addTrack +68ms
06-14 13:04:07.472 I/ReactNativeJS(25220): '[VoIP] Track added:', { kind: 'audio', enabled: true, sender: true }
06-14 13:04:07.472 I/ReactNativeJS(25220): [VoIP] All tracks added to peer connection
06-14 13:04:07.481 I/ReactNativeJS(25220): '[UI_PRESS_PROBE]', '{"event":"VOIP_CONNECTION_STATE_UPDATE","call_id":"call-d17e81a314f7","state":"connected","timestamp":"2026-06-14T04:04:07.481Z"}'
06-14 13:04:07.481 I/ReactNativeJS(25220): '[UI_PRESS_PROBE]', '{"event":"VOIP_CONNECTION_STATE_CONNECTED","call_id":"call-d17e81a314f7","state":"connected","timestamp":"2026-06-14T04:04:07.481Z"}'
06-14 13:04:07.481 I/ReactNativeJS(25220): [VoIPScreen] Stopping tone - call accepted/connected
06-14 13:04:07.863 I/ReactNativeJS(25220): '[UI_PRESS_PROBE]', '{"event":"VOIP_RAIL_STATE_RESTORE","timestamp":"2026-06-14T04:04:07.863Z","token_ready":true,"user_ready":true,"show_login":false,"show_voip_tester":true,"selected_call_mode":"voip_full_auto","source":"app_state_active_restore","active_call_id":"call-d17e81a314f7","pending_call_id":null,"accepting_call_id":null,"active_section":"voip"}'
06-14 13:04:08.007 I/ReactNativeJS(25220): [VoIPScreen] Stopping tone - call accepted/connected
06-14 13:04:08.256 I/ReactNativeJS(25220): '[UI_PRESS_PROBE]', '{"event":"VOIP_VOICE_RELAY_START_BLOCKED","call_id":"call-d17e81a314f7","reason":"recording_in_progress","connection_state":"connected","has_remote_audio":true,"signaling":{"hasSocket":true,"socketState":"OPEN","connectionState":"connected","hasRemoteAudio":true},"timestamp":"2026-06-14T04:04:08.256Z"}'
