--------- beginning of main
06-14 13:05:24.265 I/ReactNativeJS(25584): '[UI_PRESS_PROBE]', '{"event":"VOIP_INCOMING_CALL_RAW_FLAGS","timestamp":"2026-06-14T04:05:24.264Z","token_ready":true,"user_ready":true,"show_login":false,"show_voip_tester":true,"selected_call_mode":"voip_full_auto","call_id":"call-c78ce2c70905","raw_length":842,"raw_has_requested_mode":true,"raw_has_resolved_mode":true,"raw_has_auto_relay_requested":true,"raw_has_auto_relay_applied":true}'
06-14 13:05:24.266 I/ReactNativeJS(25584): '[UI_PRESS_PROBE]', '{"event":"VOIP_INCOMING_CALL_MODE","timestamp":"2026-06-14T04:05:24.265Z","token_ready":true,"user_ready":true,"show_login":false,"show_voip_tester":true,"selected_call_mode":"voip_full_auto","call_id":"call-c78ce2c70905","mode_compact":"voip_full_auto->voip_full_auto","relay_compact":"1/1"}'
06-14 13:05:24.266 I/ReactNativeJS(25584): '[UI_PRESS_PROBE]', '{"event":"VOIP_INCOMING_CALL_KEYS","timestamp":"2026-06-14T04:05:24.266Z","token_ready":true,"user_ready":true,"show_login":false,"show_voip_tester":true,"selected_call_mode":"voip_full_auto","call_id":"call-c78ce2c70905","key_compact":"auto_relay_applied|auto_relay_requested|call_id|call_route|callee_app_online|callee_user_id|callee_voice_id|caller_label|caller_user_id|caller_voice_id|display_country_code|display_label|display_language|participant_role|requested_mode|resolved_mode|session_id|signaling_server|status|turn_servers|type|user_message"}'
06-14 13:05:24.267 I/ReactNativeJS(25584): '[UI_PRESS_PROBE]', '{"event":"VOIP_INCOMING_CALL_RECEIVED","timestamp":"2026-06-14T04:05:24.266Z","token_ready":true,"user_ready":true,"show_login":false,"show_voip_tester":true,"selected_call_mode":"voip_full_auto","call_id":"call-c78ce2c70905","mode_compact":"voip_full_auto->voip_full_auto","relay_compact":"1/1","key_compact":"auto_relay_applied|auto_relay_requested|call_id|call_route|callee_app_online|callee_user_id|callee_voice_id|caller_label|caller_user_id|caller_voice_id|display_country_code|display_label|display_language|participant_role|requested_mode|resolved_mode|session_id|signaling_server|status|turn_servers|type|user_message","caller_voice_id":"nado-000001"}'
06-14 13:05:24.269 I/ReactNativeJS(25584): '[UI_PRESS_PROBE]', '{"event":"VOIP_INCOMING_CALL_APPLIED","timestamp":"2026-06-14T04:05:24.268Z","token_ready":true,"user_ready":true,"show_login":false,"show_voip_tester":true,"selected_call_mode":"voip_full_auto","source":"presence_socket","call_id":"call-c78ce2c70905","mode_compact":"voip_full_auto->voip_full_auto","relay_compact":"1/1","key_compact":"auto_relay_applied|auto_relay_requested|call_id|call_route|callee_app_online|callee_user_id|callee_voice_id|caller_user_id|caller_voice_id|display_country_code|display_label|display_language|error_code|fallback_dial_url|participant_role|phone_dialer_required|requested_mode|resolved_mode|signaling_server|status|turn_servers|user_message","caller_voice_id":"nado-000001"}'
06-14 13:05:24.324 I/ReactNativeJS(25584): [VoIP] Hanging up
06-14 13:05:24.324 I/ReactNativeJS(25584): rn-webrtc:pc:DEBUG 0 close +14s
06-14 13:05:24.324 I/ReactNativeJS(25584): '[VoIPScreen] State change callback:', 'disconnected'
06-14 13:05:24.325 I/ReactNativeJS(25584): '[UI_PRESS_PROBE]', '{"event":"VOIP_INCOMING_ALERT_STARTED","timestamp":"2026-06-14T04:05:24.325Z","token_ready":true,"user_ready":true,"show_login":false,"show_voip_tester":true,"selected_call_mode":"voip_full_auto","call_id":"call-c78ce2c70905","caller_voice_id":"nado-000001"}'
06-14 13:05:24.326 I/ReactNativeJS(25584): '[UI_PRESS_PROBE]', '{"event":"VOIP_INCOMING_ALERT_TONE_REQUESTED","timestamp":"2026-06-14T04:05:24.326Z","token_ready":true,"user_ready":true,"show_login":false,"show_voip_tester":true,"selected_call_mode":"voip_full_auto","call_id":"call-c78ce2c70905"}'
06-14 13:05:24.326 I/ReactNativeJS(25584): '[UI_PRESS_PROBE]', '{"event":"VOIP_INCOMING_ALERT_VIBRATION_REQUESTED","timestamp":"2026-06-14T04:05:24.326Z","token_ready":true,"user_ready":true,"show_login":false,"show_voip_tester":true,"selected_call_mode":"voip_full_auto","call_id":"call-c78ce2c70905"}'
06-14 13:05:24.327 I/ReactNativeJS(25584): '[VoIPPendingIncoming]', '{"event":"REQUEST_START","source":"pending_call_initial","token_summary":"len:141:eyJhbG...k5rjLY","user_id":226,"has_pending_call":false,"has_active_call":true}'
06-14 13:05:24.341 I/ReactNativeJS(25584): [VoIP] Connection state: disconnected
06-14 13:05:24.341 I/ReactNativeJS(25584): '[VoIPScreen] State change callback:', 'disconnected'
06-14 13:05:24.341 I/ReactNativeJS(25584): [VoIP] Connection state: disconnected
06-14 13:05:24.341 I/ReactNativeJS(25584): '[VoIPScreen] State change callback:', 'disconnected'
06-14 13:05:24.453 I/ReactNativeJS(25584): '[VoIP][Diag] connectSignaling:close:stale-socket-ignored', { callId: 'call-d17e81a314f7',
06-14 13:05:24.453 I/ReactNativeJS(25584):   code: 1000,
06-14 13:05:24.453 I/ReactNativeJS(25584):   reason: '',
06-14 13:05:24.453 I/ReactNativeJS(25584):   wasClean: false }
06-14 13:05:24.513 W/ReactNativeJS(25584): Method deleteAsync imported from "expo-file-system" is deprecated.
06-14 13:05:24.513 W/ReactNativeJS(25584): You can migrate to the new filesystem API using "File" and "Directory" classes or import the legacy API from "expo-file-system/legacy".
06-14 13:05:24.513 W/ReactNativeJS(25584): API reference and examples are available in the filesystem docs: https://docs.expo.dev/versions/v54.0.0/sdk/filesystem/
06-14 13:05:24.513 W/ReactNativeJS(25584): '[VoIPScreen] Failed to stop voice relay segment', [Error: Method deleteAsync imported from "expo-file-system" is deprecated.
06-14 13:05:24.513 W/ReactNativeJS(25584): You can migrate to the new filesystem API using "File" and "Directory" classes or import the legacy API from "expo-file-system/legacy".
06-14 13:05:24.513 W/ReactNativeJS(25584): API reference and examples are available in the filesystem docs: https://docs.expo.dev/versions/v54.0.0/sdk/filesystem/]
06-14 13:05:24.570 I/ReactNativeJS(25584): '[VoIPPendingIncoming]', '{"event":"REQUEST_RESULT","source":"pending_call_initial","token_summary":"len:141:eyJhbG...k5rjLY","user_id":226,"status":200,"ok":true}'
06-14 13:05:24.573 I/ReactNativeJS(25584): '[UI_PRESS_PROBE]', '{"event":"VOIP_PENDING_CALL_FETCHED","timestamp":"2026-06-14T04:05:24.573Z","token_ready":true,"user_ready":true,"show_login":false,"show_voip_tester":true,"selected_call_mode":"voip_full_auto","source":"pending_call_initial","call_id":"call-c78ce2c70905","status":"ringing","caller_voice_id":"nado-000001"}'
06-14 13:05:24.589 I/ReactNativeJS(25584): '[UI_PRESS_PROBE]', '{"event":"VOIP_INCOMING_CALL_DUPLICATE_REAPPLIED","timestamp":"2026-06-14T04:05:24.589Z","token_ready":true,"user_ready":true,"show_login":false,"show_voip_tester":true,"selected_call_mode":"voip_full_auto","source":"pending_call_initial","call_id":"call-c78ce2c70905","status":"ringing","caller_voice_id":"nado-000001"}'
06-14 13:05:24.600 I/ReactNativeJS(25584): '[VoIPPendingIncoming]', '{"event":"REQUEST_START","source":"pending_call_initial","token_summary":"len:141:eyJhbG...k5rjLY","user_id":226,"has_pending_call":true,"has_active_call":false}'
06-14 13:05:24.628 I/ReactNativeJS(25584): '[VoIPPendingIncoming]', '{"event":"REQUEST_RESULT","source":"pending_call_initial","token_summary":"len:141:eyJhbG...k5rjLY","user_id":226,"status":200,"ok":true}'
06-14 13:05:24.656 I/ReactNativeJS(25584): '[UI_PRESS_PROBE]', '{"event":"VOIP_PENDING_CALL_CLEAR_SKIPPED","timestamp":"2026-06-14T04:05:24.656Z","token_ready":true,"user_ready":true,"show_login":false,"show_voip_tester":true,"selected_call_mode":"voip_full_auto","source":"pending_call_initial","reason":"server_still_resumable","call_id":"call-c78ce2c70905","status":"connecting","caller_voice_id":"nado-000001"}'
06-14 13:05:25.417 I/ReactNativeJS(25584): '[VoIPPendingIncoming]', '{"event":"REQUEST_START","source":"pending_call_poll","token_summary":"len:141:eyJhbG...k5rjLY","user_id":226,"has_pending_call":true,"has_active_call":false}'
06-14 13:05:25.457 I/ReactNativeJS(25584): '[VoIPPendingIncoming]', '{"event":"REQUEST_RESULT","source":"pending_call_poll","token_summary":"len:141:eyJhbG...k5rjLY","user_id":226,"status":200,"ok":true}'
06-14 13:05:25.506 I/ReactNativeJS(25584): '[UI_PRESS_PROBE]', '{"event":"VOIP_PENDING_CALL_CLEAR_SKIPPED","timestamp":"2026-06-14T04:05:25.505Z","token_ready":true,"user_ready":true,"show_login":false,"show_voip_tester":true,"selected_call_mode":"voip_full_auto","source":"pending_call_poll","reason":"server_still_resumable","call_id":"call-c78ce2c70905","status":"connecting","caller_voice_id":"nado-000001"}'
06-14 13:05:26.221 I/ReactNativeJS(25584): '[VoIPPendingIncoming]', '{"event":"REQUEST_START","source":"pending_call_poll","token_summary":"len:141:eyJhbG...k5rjLY","user_id":226,"has_pending_call":true,"has_active_call":false}'
06-14 13:05:26.276 I/ReactNativeJS(25584): '[VoIPPendingIncoming]', '{"event":"REQUEST_RESULT","source":"pending_call_poll","token_summary":"len:141:eyJhbG...k5rjLY","user_id":226,"status":200,"ok":true}'
06-14 13:05:26.332 I/ReactNativeJS(25584): '[UI_PRESS_PROBE]', '{"event":"VOIP_PENDING_CALL_CLEAR_SKIPPED","timestamp":"2026-06-14T04:05:26.331Z","token_ready":true,"user_ready":true,"show_login":false,"show_voip_tester":true,"selected_call_mode":"voip_full_auto","source":"pending_call_poll","reason":"server_still_resumable","call_id":"call-c78ce2c70905","status":"connecting","caller_voice_id":"nado-000001"}'
06-14 13:05:27.024 I/ReactNativeJS(25584): '[VoIPPendingIncoming]', '{"event":"REQUEST_START","source":"pending_call_poll","token_summary":"len:141:eyJhbG...k5rjLY","user_id":226,"has_pending_call":true,"has_active_call":false}'
06-14 13:05:27.071 I/ReactNativeJS(25584): '[VoIPPendingIncoming]', '{"event":"REQUEST_RESULT","source":"pending_call_poll","token_summary":"len:141:eyJhbG...k5rjLY","user_id":226,"status":200,"ok":true}'
06-14 13:05:27.121 I/ReactNativeJS(25584): '[UI_PRESS_PROBE]', '{"event":"VOIP_PENDING_CALL_CLEAR_SKIPPED","timestamp":"2026-06-14T04:05:27.120Z","token_ready":true,"user_ready":true,"show_login":false,"show_voip_tester":true,"selected_call_mode":"voip_full_auto","source":"pending_call_poll","reason":"server_still_resumable","call_id":"call-c78ce2c70905","status":"connecting","caller_voice_id":"nado-000001"}'
06-14 13:05:27.827 I/ReactNativeJS(25584): '[VoIPPendingIncoming]', '{"event":"REQUEST_START","source":"pending_call_poll","token_summary":"len:141:eyJhbG...k5rjLY","user_id":226,"has_pending_call":true,"has_active_call":false}'
06-14 13:05:27.879 I/ReactNativeJS(25584): '[VoIPPendingIncoming]', '{"event":"REQUEST_RESULT","source":"pending_call_poll","token_summary":"len:141:eyJhbG...k5rjLY","user_id":226,"status":200,"ok":true}'
