--------- beginning of main
06-14 13:01:29.501 I/ReactNativeJS(15521): '[VoIP] WebRTC module loaded', { module: 'react-native-webrtc',
06-14 13:01:29.501 I/ReactNativeJS(15521):   hasPeerConnection: true,
06-14 13:01:29.501 I/ReactNativeJS(15521):   hasMediaDevices: true }
06-14 13:01:29.505 I/ReactNativeJS(15521): Running "main"
06-14 13:01:29.522 W/ReactNativeJS(15521): SafeAreaView has been deprecated and will be removed in a future release. Please use 'react-native-safe-area-context' instead. See https://github.com/AppAndFlow/react-native-safe-area-context
06-14 13:01:29.679 I/ReactNativeJS(15521): [VoIPToneService] AudioContext not available (React Native environment)
06-14 13:01:29.695 W/ReactNativeJS(15521): Method getInfoAsync imported from "expo-file-system" is deprecated.
06-14 13:01:29.695 W/ReactNativeJS(15521): You can migrate to the new filesystem API using "File" and "Directory" classes or import the legacy API from "expo-file-system/legacy".
06-14 13:01:29.695 W/ReactNativeJS(15521): API reference and examples are available in the filesystem docs: https://docs.expo.dev/versions/v54.0.0/sdk/filesystem/
06-14 13:01:29.696 I/ReactNativeJS(15521): '[AUTH_FLOW]', '{"event":"AUTH_STORAGE_RESTORE_FOUND","user_id":1,"user_email":"119cash@naver.com"}'
06-14 13:01:30.209 I/ReactNativeJS(15521): '[AUTH_FLOW]', '{"event":"AUTH_STORAGE_RESTORE_APPLIED","user_id":1,"user_email":"119cash@naver.com"}'
06-14 13:01:30.314 W/ReactNativeJS(15521): This method is deprecated (as well as all React Native Firebase namespaced API) and will be removed in the next major release as part of move to match Firebase Web modular SDK API. Please see migration guide for more details: https://rnfirebase.io/migrating-to-v22 Please use `getApps()` instead.
06-14 13:01:30.314 W/ReactNativeJS(15521): This method is deprecated (as well as all React Native Firebase namespaced API) and will be removed in the next major release as part of move to match Firebase Web modular SDK API. Please see migration guide for more details: https://rnfirebase.io/migrating-to-v22 Please use `initializeApp()` instead.
06-14 13:01:30.315 I/ReactNativeJS(15521): '[VoIPPendingIncoming]', '{"event":"REQUEST_START","source":"pending_call_initial","token_summary":"len:140:eyJhbG...Dtr2bY","user_id":1,"has_pending_call":false,"has_active_call":false}'
06-14 13:01:30.318 I/ReactNativeJS(15521): '[UI_PRESS_PROBE]', '{"event":"VOIP_PRESENCE_CONNECT_ATTEMPT","timestamp":"2026-06-14T04:01:30.318Z","token_ready":true,"user_ready":true,"show_login":false,"show_voip_tester":false,"selected_call_mode":"pstn_assist","voice_id":"nado-000001","token_summary":"len:140:eyJhbG...Dtr2bY","reason":"effect_start","api_base":"https://metanova1004.com"}'
06-14 13:01:30.321 W/ReactNativeJS(15521): This method is deprecated (as well as all React Native Firebase namespaced API) and will be removed in the next major release as part of move to match Firebase Web modular SDK API. Please see migration guide for more details: https://rnfirebase.io/migrating-to-v22 Please use `getApps()` instead.
06-14 13:01:30.322 I/ReactNativeJS(15521): '[VoIPFCM] firebase bootstrap failed', [Error: Missing or invalid FirebaseOptions property 'databaseURL'.]
06-14 13:01:30.368 I/ReactNativeJS(15521): '[VoIPPendingIncoming]', '{"event":"REQUEST_RESULT","source":"pending_call_initial","token_summary":"len:140:eyJhbG...Dtr2bY","user_id":1,"status":200,"ok":true}'
06-14 13:01:30.562 I/ReactNativeJS(15521): '[UI_PRESS_PROBE]', '{"event":"VOIP_PRESENCE_CONNECTED","timestamp":"2026-06-14T04:01:30.561Z","token_ready":true,"user_ready":true,"show_login":false,"show_voip_tester":false,"selected_call_mode":"pstn_assist","voice_id":"nado-000001","token_summary":"len:140:eyJhbG...Dtr2bY","reason":"effect_start"}'
06-14 13:01:32.838 I/ReactNativeJS(15521): '[VoIPPendingIncoming]', '{"event":"REQUEST_START","source":"pending_call_poll","token_summary":"len:140:eyJhbG...Dtr2bY","user_id":1,"has_pending_call":false,"has_active_call":false}'
06-14 13:01:32.915 I/ReactNativeJS(15521): '[VoIPPendingIncoming]', '{"event":"REQUEST_RESULT","source":"pending_call_poll","token_summary":"len:140:eyJhbG...Dtr2bY","user_id":1,"status":200,"ok":true}'
