--------- beginning of main
06-14 13:01:28.844 I/ReactNativeJS(24181): '[VoIP] WebRTC module loaded', { module: 'react-native-webrtc',
06-14 13:01:28.844 I/ReactNativeJS(24181):   hasPeerConnection: true,
06-14 13:01:28.844 I/ReactNativeJS(24181):   hasMediaDevices: true }
06-14 13:01:28.845 I/ReactNativeJS(24181): Running "main"
06-14 13:01:28.852 W/ReactNativeJS(24181): SafeAreaView has been deprecated and will be removed in a future release. Please use 'react-native-safe-area-context' instead. See https://github.com/AppAndFlow/react-native-safe-area-context
06-14 13:01:28.889 I/ReactNativeJS(24181): [VoIPToneService] AudioContext not available (React Native environment)
06-14 13:01:28.898 W/ReactNativeJS(24181): Method getInfoAsync imported from "expo-file-system" is deprecated.
06-14 13:01:28.898 W/ReactNativeJS(24181): You can migrate to the new filesystem API using "File" and "Directory" classes or import the legacy API from "expo-file-system/legacy".
06-14 13:01:28.898 W/ReactNativeJS(24181): API reference and examples are available in the filesystem docs: https://docs.expo.dev/versions/v54.0.0/sdk/filesystem/
06-14 13:01:28.898 I/ReactNativeJS(24181): '[AUTH_FLOW]', '{"event":"AUTH_STORAGE_RESTORE_FOUND","user_id":226,"user_email":"burumi69@gmail.com"}'
06-14 13:01:29.328 I/ReactNativeJS(24181): '[AUTH_FLOW]', '{"event":"AUTH_STORAGE_RESTORE_APPLIED","user_id":226,"user_email":"burumi69@gmail.com"}'
06-14 13:01:29.360 W/ReactNativeJS(24181): This method is deprecated (as well as all React Native Firebase namespaced API) and will be removed in the next major release as part of move to match Firebase Web modular SDK API. Please see migration guide for more details: https://rnfirebase.io/migrating-to-v22 Please use `getApps()` instead.
06-14 13:01:29.361 W/ReactNativeJS(24181): This method is deprecated (as well as all React Native Firebase namespaced API) and will be removed in the next major release as part of move to match Firebase Web modular SDK API. Please see migration guide for more details: https://rnfirebase.io/migrating-to-v22 Please use `initializeApp()` instead.
06-14 13:01:29.361 I/ReactNativeJS(24181): '[VoIPPendingIncoming]', '{"event":"REQUEST_START","source":"pending_call_initial","token_summary":"len:141:eyJhbG...k5rjLY","user_id":226,"has_pending_call":false,"has_active_call":false}'
06-14 13:01:29.362 I/ReactNativeJS(24181): '[UI_PRESS_PROBE]', '{"event":"VOIP_PRESENCE_CONNECT_ATTEMPT","timestamp":"2026-06-14T04:01:29.362Z","token_ready":true,"user_ready":true,"show_login":false,"show_voip_tester":false,"selected_call_mode":"pstn_assist","voice_id":"nado-000226","token_summary":"len:141:eyJhbG...k5rjLY","reason":"effect_start","api_base":"https://metanova1004.com"}'
06-14 13:01:29.363 W/ReactNativeJS(24181): This method is deprecated (as well as all React Native Firebase namespaced API) and will be removed in the next major release as part of move to match Firebase Web modular SDK API. Please see migration guide for more details: https://rnfirebase.io/migrating-to-v22 Please use `getApps()` instead.
06-14 13:01:29.363 I/ReactNativeJS(24181): '[VoIPFCM] firebase bootstrap failed', [Error: Missing or invalid FirebaseOptions property 'databaseURL'.]
06-14 13:01:29.416 I/ReactNativeJS(24181): '[VoIPPendingIncoming]', '{"event":"REQUEST_RESULT","source":"pending_call_initial","token_summary":"len:141:eyJhbG...k5rjLY","user_id":226,"status":200,"ok":true}'
06-14 13:01:29.460 I/ReactNativeJS(24181): '[UI_PRESS_PROBE]', '{"event":"VOIP_ACTIVE_CALL_RESTORED","timestamp":"2026-06-14T04:01:29.459Z","token_ready":true,"user_ready":true,"show_login":false,"show_voip_tester":false,"selected_call_mode":"pstn_assist","source":"app_launch_resume","call_id":"call-5d669e726bf0","participant_role":"callee","status":"active","restored_rail_section":"voip"}'
06-14 13:01:29.525 I/ReactNativeJS(24181): '[VoIPScreen] Voice relay readiness:', { callId: 'call-5d669e726bf0',
06-14 13:01:29.525 I/ReactNativeJS(24181):   requestedMode: 'voip_full_auto',
06-14 13:01:29.525 I/ReactNativeJS(24181):   resolvedMode: 'voip_full_auto',
06-14 13:01:29.525 I/ReactNativeJS(24181):   autoRelayRequested: true,
06-14 13:01:29.525 I/ReactNativeJS(24181):   autoRelayApplied: true,
06-14 13:01:29.525 I/ReactNativeJS(24181):   voiceRelayServerReady: true }
06-14 13:01:29.536 I/ReactNativeJS(24181): rn-webrtc:pc:DEBUG 0 ctor +0ms
06-14 13:01:29.537 I/ReactNativeJS(24181): '[UI_PRESS_PROBE]', '{"event":"VOIP_CONNECTION_STATE_UPDATE","call_id":"call-5d669e726bf0","state":"connecting","timestamp":"2026-06-14T04:01:29.537Z"}'
06-14 13:01:29.537 W/ReactNativeJS(24181): This method is deprecated (as well as all React Native Firebase namespaced API) and will be removed in the next major release as part of move to match Firebase Web modular SDK API. Please see migration guide for more details: https://rnfirebase.io/migrating-to-v22 Please use `getApps()` instead.
06-14 13:01:29.537 W/ReactNativeJS(24181): This method is deprecated (as well as all React Native Firebase namespaced API) and will be removed in the next major release as part of move to match Firebase Web modular SDK API. Please see migration guide for more details: https://rnfirebase.io/migrating-to-v22 Please use `initializeApp()` instead.
06-14 13:01:29.537 I/ReactNativeJS(24181): '[UI_PRESS_PROBE]', '{"event":"VOIP_PRESENCE_CONNECT_ATTEMPT","timestamp":"2026-06-14T04:01:29.537Z","token_ready":true,"user_ready":true,"show_login":false,"show_voip_tester":true,"selected_call_mode":"voip_full_auto","voice_id":"nado-000226","token_summary":"len:141:eyJhbG...k5rjLY","reason":"effect_start","api_base":"https://metanova1004.com"}'
06-14 13:01:29.538 I/ReactNativeJS(24181): [VoIP][DiagLine] connectSignaling:start callId=call-5d669e726bf0 state=null
06-14 13:01:29.538 I/ReactNativeJS(24181): '[VoIP][Diag] connectSignaling:start', { callId: 'call-5d669e726bf0',
06-14 13:01:29.538 I/ReactNativeJS(24181):   signalingServerUrl: 'wss://metanova1004.com/api/v1/voip/signal?call_id=call-5d669e726bf0&role=callee',
06-14 13:01:29.538 I/ReactNativeJS(24181):   socketState: 'null' }
06-14 13:01:29.538 W/ReactNativeJS(24181): This method is deprecated (as well as all React Native Firebase namespaced API) and will be removed in the next major release as part of move to match Firebase Web modular SDK API. Please see migration guide for more details: https://rnfirebase.io/migrating-to-v22 Please use `getApps()` instead.
06-14 13:01:29.538 I/ReactNativeJS(24181): '[VoIPFCM] firebase bootstrap failed', [Error: Missing or invalid FirebaseOptions property 'databaseURL'.]
06-14 13:01:29.705 I/ReactNativeJS(24181): [VoIP] Signaling connected
06-14 13:01:29.705 I/ReactNativeJS(24181): [VoIP][DiagLine] connectSignaling:open callId=call-5d669e726bf0 state=OPEN queuedIce=0
06-14 13:01:29.705 I/ReactNativeJS(24181): '[VoIP][Diag] connectSignaling:open', { callId: 'call-5d669e726bf0',
06-14 13:01:29.705 I/ReactNativeJS(24181):   socketState: 'OPEN',
06-14 13:01:29.705 I/ReactNativeJS(24181):   queuedIceCandidates: 0 }
06-14 13:01:29.706 I/ReactNativeJS(24181): [VoIP] Flushing 0 queued ICE candidates
06-14 13:01:29.706 I/ReactNativeJS(24181): '[VoIP] Getting local stream with constraints:', { audio: 
06-14 13:01:29.706 I/ReactNativeJS(24181):    { echoCancellation: true,
06-14 13:01:29.706 I/ReactNativeJS(24181):      noiseSuppression: true,
06-14 13:01:29.706 I/ReactNativeJS(24181):      autoGainControl: true },
06-14 13:01:29.706 I/ReactNativeJS(24181):   video: false }
06-14 13:01:29.707 I/ReactNativeJS(24181): '[VoIP] mediaDevices available:', true
06-14 13:01:29.707 I/ReactNativeJS(24181): [VoIP] Calling getUserMedia...
06-14 13:01:29.710 I/ReactNativeJS(24181): '[UI_PRESS_PROBE]', '{"event":"VOIP_PRESENCE_CONNECTED","timestamp":"2026-06-14T04:01:29.710Z","token_ready":true,"user_ready":true,"show_login":false,"show_voip_tester":true,"selected_call_mode":"voip_full_auto","voice_id":"nado-000226","token_summary":"len:141:eyJhbG...k5rjLY","reason":"effect_start"}'
06-14 13:01:29.738 I/ReactNativeJS(24181): '[VoIP] Local stream acquired successfully', { tracks: 
06-14 13:01:29.738 I/ReactNativeJS(24181):    [ { label: '',
06-14 13:01:29.738 I/ReactNativeJS(24181):        _constraints: 
06-14 13:01:29.738 I/ReactNativeJS(24181):         { echoCancellation: true,
06-14 13:01:29.738 I/ReactNativeJS(24181):           noiseSuppression: true,
06-14 13:01:29.738 I/ReactNativeJS(24181):           autoGainControl: true },
06-14 13:01:29.738 I/ReactNativeJS(24181):        _enabled: true,
06-14 13:01:29.738 I/ReactNativeJS(24181):        _settings: { groupId: '', deviceId: 'audio-1' },
06-14 13:01:29.738 I/ReactNativeJS(24181):        _muted: false,
06-14 13:01:29.738 I/ReactNativeJS(24181):        _peerConnectionId: undefined,
06-14 13:01:29.738 I/ReactNativeJS(24181):        _readyState: 'live',
06-14 13:01:29.738 I/ReactNativeJS(24181):        id: 'a937bab5-cc7c-41d4-9c2b-9905a783ea99',
06-14 13:01:29.738 I/ReactNativeJS(24181):        kind: 'audio',
06-14 13:01:29.738 I/ReactNativeJS(24181):        remote: false } ],
06-14 13:01:29.738 I/ReactNativeJS(24181):   audioTracks: 
06-14 13:01:29.738 I/ReactNativeJS(24181):    [ { label: '',
06-14 13:01:29.738 I/ReactNativeJS(24181):        _constraints: 
06-14 13:01:29.738 I/ReactNativeJS(24181):         { echoCancellation: true,
06-14 13:01:29.738 I/ReactNativeJS(24181):           noiseSuppression: true,
06-14 13:01:29.738 I/ReactNativeJS(24181):           autoGainControl: true },
06-14 13:01:29.738 I/ReactNativeJS(24181):        _enabled: true,
06-14 13:01:29.738 I/ReactNativeJS(24181):        _settings: { groupId: '', deviceId: 'audio-1' },
06-14 13:01:29.738 I/ReactNativeJS(24181):        _muted: false,
06-14 13:01:29.738 I/ReactNativeJS(24181):        _peerConnectionId: undefined,
06-14 13:01:29.738 I/ReactNativeJS(24181):        _readyState: 'live',
06-14 13:01:29.738 I/ReactNativeJS(24181):        id: 'a937bab5-cc7c-41d4-9c2b-9905a783ea99',
06-14 13:01:29.738 I/ReactNativeJS(24181):        kind: 'audio',
06-14 13:01:29.738 I/ReactNativeJS(24181):        remote: false } ],
06-14 13:01:29.738 I/ReactNativeJS(24181):   trackCount: 1 }
06-14 13:01:29.738 I/ReactNativeJS(24181): [VoIP] Adding local tracks to peer connection...
06-14 13:01:29.738 I/ReactNativeJS(24181): rn-webrtc:pc:DEBUG 0 addTrack +202ms
06-14 13:01:29.758 I/ReactNativeJS(24181): '[VoIP] Track added:', { kind: 'audio', enabled: true, sender: true }
06-14 13:01:29.758 I/ReactNativeJS(24181): [VoIP] All tracks added to peer connection
06-14 13:01:29.773 I/ReactNativeJS(24181): '[UI_PRESS_PROBE]', '{"event":"VOIP_CONNECTION_STATE_UPDATE","call_id":"call-5d669e726bf0","state":"connected","timestamp":"2026-06-14T04:01:29.773Z"}'
06-14 13:01:29.773 I/ReactNativeJS(24181): '[UI_PRESS_PROBE]', '{"event":"VOIP_CONNECTION_STATE_CONNECTED","call_id":"call-5d669e726bf0","state":"connected","timestamp":"2026-06-14T04:01:29.773Z"}'
06-14 13:01:29.773 I/ReactNativeJS(24181): [VoIPScreen] Stopping tone - call accepted/connected
06-14 13:01:30.138 I/ReactNativeJS(24181): '[UI_PRESS_PROBE]', '{"event":"VOIP_RAIL_STATE_RESTORE","timestamp":"2026-06-14T04:01:30.137Z","token_ready":true,"user_ready":true,"show_login":false,"show_voip_tester":true,"selected_call_mode":"voip_full_auto","source":"app_state_active_restore","active_call_id":"call-5d669e726bf0","pending_call_id":null,"accepting_call_id":null,"active_section":"voip"}'
06-14 13:01:30.295 I/ReactNativeJS(24181): [VoIPScreen] Stopping tone - call accepted/connected
06-14 13:01:30.551 I/ReactNativeJS(24181): '[UI_PRESS_PROBE]', '{"event":"VOIP_VOICE_RELAY_START_BLOCKED","call_id":"call-5d669e726bf0","reason":"recording_in_progress","connection_state":"connected","has_remote_audio":true,"signaling":{"hasSocket":true,"socketState":"OPEN","connectionState":"connected","hasRemoteAudio":true},"timestamp":"2026-06-14T04:01:30.551Z"}'
06-14 13:01:49.765 I/ReactNativeJS(24181): [VoIP][DiagLine] connectSignaling:onmessage callId=call-5d669e726bf0 state=OPEN rawLength=61
06-14 13:01:49.766 I/ReactNativeJS(24181): '[VoIP][Diag] connectSignaling:onmessage', { callId: 'call-5d669e726bf0',
06-14 13:01:49.766 I/ReactNativeJS(24181):   socketState: 'OPEN',
06-14 13:01:49.766 I/ReactNativeJS(24181):   rawLength: 61,
06-14 13:01:49.766 I/ReactNativeJS(24181):   rawPreview: '{"type":"pong","call_id":"call-5d669e726bf0","role":"callee"}' }
06-14 13:01:49.767 I/ReactNativeJS(24181): '[VoIP][Diag] handleSignalingMessage:dispatch', { callId: 'call-5d669e726bf0',
06-14 13:01:49.767 I/ReactNativeJS(24181):   socketState: 'OPEN',
06-14 13:01:49.767 I/ReactNativeJS(24181):   summary: 
06-14 13:01:49.767 I/ReactNativeJS(24181):    { type: 'pong',
06-14 13:01:49.767 I/ReactNativeJS(24181):      call_id: 'call-5d669e726bf0',
06-14 13:01:49.767 I/ReactNativeJS(24181):      from_role: null,
06-14 13:01:49.767 I/ReactNativeJS(24181):      has_sdp: false,
06-14 13:01:49.767 I/ReactNativeJS(24181):      sdp_length: 0,
06-14 13:01:49.767 I/ReactNativeJS(24181):      has_candidate: false,
06-14 13:01:49.767 I/ReactNativeJS(24181):      candidate_length: 0,
06-14 13:01:49.767 I/ReactNativeJS(24181):      sdp_mid: null,
06-14 13:01:49.767 I/ReactNativeJS(24181):      sdp_Milne_index: null,
06-14 13:01:49.767 I/ReactNativeJS(24181):      username_fragment: null },
06-14 13:01:49.767 I/ReactNativeJS(24181):   normalizedType: 'pong' }
06-14 13:01:49.768 I/ReactNativeJS(24181): '[VoIP][Diag] handleSignalingMessage:pong', { callId: 'call-5d669e726bf0', socketState: 'OPEN' }
06-14 13:01:51.521 W/ReactNativeJS(24181): Method deleteAsync imported from "expo-file-system" is deprecated.
06-14 13:01:51.521 W/ReactNativeJS(24181): You can migrate to the new filesystem API using "File" and "Directory" classes or import the legacy API from "expo-file-system/legacy".
06-14 13:01:51.521 W/ReactNativeJS(24181): API reference and examples are available in the filesystem docs: https://docs.expo.dev/versions/v54.0.0/sdk/filesystem/
06-14 13:01:51.522 W/ReactNativeJS(24181): '[VoIPScreen] Failed to stop voice relay segment', [Error: Method deleteAsync imported from "expo-file-system" is deprecated.
06-14 13:01:51.522 W/ReactNativeJS(24181): You can migrate to the new filesystem API using "File" and "Directory" classes or import the legacy API from "expo-file-system/legacy".
06-14 13:01:51.522 W/ReactNativeJS(24181): API reference and examples are available in the filesystem docs: https://docs.expo.dev/versions/v54.0.0/sdk/filesystem/]
06-14 13:01:51.522 I/ReactNativeJS(24181): [VoIP] Hanging up
06-14 13:01:51.523 I/ReactNativeJS(24181): rn-webrtc:pc:DEBUG 0 close +22s
06-14 13:01:51.523 I/ReactNativeJS(24181): '[VoIPScreen] State change callback:', 'disconnected'
06-14 13:01:51.542 I/ReactNativeJS(24181): [VoIP] Connection state: disconnected
06-14 13:01:51.542 I/ReactNativeJS(24181): '[VoIPScreen] State change callback:', 'disconnected'
06-14 13:01:51.542 I/ReactNativeJS(24181): [VoIP] Connection state: disconnected
06-14 13:01:51.542 I/ReactNativeJS(24181): '[VoIPScreen] State change callback:', 'disconnected'
06-14 13:01:51.543 I/ReactNativeJS(24181): '[VoIP][Diag] connectSignaling:close:stale-socket-ignored', { callId: 'call-5d669e726bf0',
06-14 13:01:51.543 I/ReactNativeJS(24181):   code: 1000,
06-14 13:01:51.543 I/ReactNativeJS(24181):   reason: '',
06-14 13:01:51.543 I/ReactNativeJS(24181):   wasClean: false }
06-14 13:01:51.544 I/ReactNativeJS(24181): '[UI_PRESS_PROBE]', '{"event":"VOIP_CONNECTION_STATE_UPDATE","call_id":"call-5d669e726bf0","state":"disconnected","timestamp":"2026-06-14T04:01:51.544Z"}'
06-14 13:01:51.544 I/ReactNativeJS(24181): [VoIPScreen] Stopping tone - call ended
06-14 13:01:51.608 I/ReactNativeJS(24181): [VoIP] Hanging up
06-14 13:01:51.608 I/ReactNativeJS(24181): '[VoIPScreen] State change callback:', 'disconnected'
06-14 13:01:51.608 W/ReactNativeJS(24181): This method is deprecated (as well as all React Native Firebase namespaced API) and will be removed in the next major release as part of move to match Firebase Web modular SDK API. Please see migration guide for more details: https://rnfirebase.io/migrating-to-v22 Please use `getApps()` instead.
06-14 13:01:51.608 W/ReactNativeJS(24181): This method is deprecated (as well as all React Native Firebase namespaced API) and will be removed in the next major release as part of move to match Firebase Web modular SDK API. Please see migration guide for more details: https://rnfirebase.io/migrating-to-v22 Please use `initializeApp()` instead.
06-14 13:01:51.609 I/ReactNativeJS(24181): '[VoIPPendingIncoming]', '{"event":"REQUEST_START","source":"pending_call_initial","token_summary":"len:141:eyJhbG...k5rjLY","user_id":226,"has_pending_call":false,"has_active_call":true}'
06-14 13:01:51.610 I/ReactNativeJS(24181): '[UI_PRESS_PROBE]', '{"event":"VOIP_PRESENCE_CONNECT_ATTEMPT","timestamp":"2026-06-14T04:01:51.610Z","token_ready":true,"user_ready":true,"show_login":false,"show_voip_tester":false,"selected_call_mode":"voip_full_auto","voice_id":"nado-000226","token_summary":"len:141:eyJhbG...k5rjLY","reason":"effect_start","api_base":"https://metanova1004.com"}'
06-14 13:01:51.611 W/ReactNativeJS(24181): This method is deprecated (as well as all React Native Firebase namespaced API) and will be removed in the next major release as part of move to match Firebase Web modular SDK API. Please see migration guide for more details: https://rnfirebase.io/migrating-to-v22 Please use `getApps()` instead.
06-14 13:01:51.611 I/ReactNativeJS(24181): '[VoIPFCM] firebase bootstrap failed', [Error: Missing or invalid FirebaseOptions property 'databaseURL'.]
06-14 13:01:51.633 I/ReactNativeJS(24181): '[VoIPPendingIncoming]', '{"event":"REQUEST_RESULT","source":"pending_call_initial","token_summary":"len:141:eyJhbG...k5rjLY","user_id":226,"status":200,"ok":true}'
06-14 13:01:51.653 I/ReactNativeJS(24181): '[UI_PRESS_PROBE]', '{"event":"VOIP_PRESENCE_CONNECTED","timestamp":"2026-06-14T04:01:51.653Z","token_ready":true,"user_ready":true,"show_login":false,"show_voip_tester":false,"selected_call_mode":"voip_full_auto","voice_id":"nado-000226","token_summary":"len:141:eyJhbG...k5rjLY","reason":"effect_start"}'
06-14 13:01:54.116 I/ReactNativeJS(24181): '[VoIPPendingIncoming]', '{"event":"REQUEST_START","source":"pending_call_poll","token_summary":"len:141:eyJhbG...k5rjLY","user_id":226,"has_pending_call":false,"has_active_call":false}'
06-14 13:01:54.341 I/ReactNativeJS(24181): '[VoIPPendingIncoming]', '{"event":"REQUEST_RESULT","source":"pending_call_poll","token_summary":"len:141:eyJhbG...k5rjLY","user_id":226,"status":200,"ok":true}'
06-14 13:01:56.626 I/ReactNativeJS(24181): '[VoIPPendingIncoming]', '{"event":"REQUEST_START","source":"pending_call_poll","token_summary":"len:141:eyJhbG...k5rjLY","user_id":226,"has_pending_call":false,"has_active_call":false}'
06-14 13:01:56.744 I/ReactNativeJS(24181): '[VoIPPendingIncoming]', '{"event":"REQUEST_RESULT","source":"pending_call_poll","token_summary":"len:141:eyJhbG...k5rjLY","user_id":226,"status":200,"ok":true}'
06-14 13:01:59.134 I/ReactNativeJS(24181): '[VoIPPendingIncoming]', '{"event":"REQUEST_START","source":"pending_call_poll","token_summary":"len:141:eyJhbG...k5rjLY","user_id":226,"has_pending_call":false,"has_active_call":false}'
06-14 13:01:59.177 I/ReactNativeJS(24181): '[VoIPPendingIncoming]', '{"event":"REQUEST_RESULT","source":"pending_call_poll","token_summary":"len:141:eyJhbG...k5rjLY","user_id":226,"status":200,"ok":true}'
06-14 13:02:01.645 I/ReactNativeJS(24181): '[VoIPPendingIncoming]', '{"event":"REQUEST_START","source":"pending_call_poll","token_summary":"len:141:eyJhbG...k5rjLY","user_id":226,"has_pending_call":false,"has_active_call":false}'
06-14 13:02:01.694 I/ReactNativeJS(24181): '[VoIPPendingIncoming]', '{"event":"REQUEST_RESULT","source":"pending_call_poll","token_summary":"len:141:eyJhbG...k5rjLY","user_id":226,"status":200,"ok":true}'
06-14 13:02:04.153 I/ReactNativeJS(24181): '[VoIPPendingIncoming]', '{"event":"REQUEST_START","source":"pending_call_poll","token_summary":"len:141:eyJhbG...k5rjLY","user_id":226,"has_pending_call":false,"has_active_call":false}'
06-14 13:02:04.188 I/ReactNativeJS(24181): '[VoIPPendingIncoming]', '{"event":"REQUEST_RESULT","source":"pending_call_poll","token_summary":"len:141:eyJhbG...k5rjLY","user_id":226,"status":200,"ok":true}'
06-14 13:02:06.663 I/ReactNativeJS(24181): '[VoIPPendingIncoming]', '{"event":"REQUEST_START","source":"pending_call_poll","token_summary":"len:141:eyJhbG...k5rjLY","user_id":226,"has_pending_call":false,"has_active_call":false}'
06-14 13:02:06.789 I/ReactNativeJS(24181): '[VoIPPendingIncoming]', '{"event":"REQUEST_RESULT","source":"pending_call_poll","token_summary":"len:141:eyJhbG...k5rjLY","user_id":226,"status":200,"ok":true}'
06-14 13:02:11.645 I/ReactNativeJS(24585): '[VoIP] WebRTC module loaded', { module: 'react-native-webrtc',
06-14 13:02:11.645 I/ReactNativeJS(24585):   hasPeerConnection: true,
06-14 13:02:11.645 I/ReactNativeJS(24585):   hasMediaDevices: true }
06-14 13:02:11.647 I/ReactNativeJS(24585): Running "main"
06-14 13:02:11.654 W/ReactNativeJS(24585): SafeAreaView has been deprecated and will be removed in a future release. Please use 'react-native-safe-area-context' instead. See https://github.com/AppAndFlow/react-native-safe-area-context
06-14 13:02:11.690 I/ReactNativeJS(24585): [VoIPToneService] AudioContext not available (React Native environment)
06-14 13:02:11.696 W/ReactNativeJS(24585): Method getInfoAsync imported from "expo-file-system" is deprecated.
06-14 13:02:11.696 W/ReactNativeJS(24585): You can migrate to the new filesystem API using "File" and "Directory" classes or import the legacy API from "expo-file-system/legacy".
06-14 13:02:11.696 W/ReactNativeJS(24585): API reference and examples are available in the filesystem docs: https://docs.expo.dev/versions/v54.0.0/sdk/filesystem/
06-14 13:02:11.696 I/ReactNativeJS(24585): '[AUTH_FLOW]', '{"event":"AUTH_STORAGE_RESTORE_FOUND","user_id":226,"user_email":"burumi69@gmail.com"}'
06-14 13:02:11.973 I/ReactNativeJS(24585): '[AUTH_FLOW]', '{"event":"AUTH_STORAGE_RESTORE_APPLIED","user_id":226,"user_email":"burumi69@gmail.com"}'
06-14 13:02:12.004 W/ReactNativeJS(24585): This method is deprecated (as well as all React Native Firebase namespaced API) and will be removed in the next major release as part of move to match Firebase Web modular SDK API. Please see migration guide for more details: https://rnfirebase.io/migrating-to-v22 Please use `getApps()` instead.
06-14 13:02:12.005 W/ReactNativeJS(24585): This method is deprecated (as well as all React Native Firebase namespaced API) and will be removed in the next major release as part of move to match Firebase Web modular SDK API. Please see migration guide for more details: https://rnfirebase.io/migrating-to-v22 Please use `initializeApp()` instead.
06-14 13:02:12.005 I/ReactNativeJS(24585): '[VoIPPendingIncoming]', '{"event":"REQUEST_START","source":"pending_call_initial","token_summary":"len:141:eyJhbG...k5rjLY","user_id":226,"has_pending_call":false,"has_active_call":false}'
06-14 13:02:12.006 I/ReactNativeJS(24585): '[UI_PRESS_PROBE]', '{"event":"VOIP_PRESENCE_CONNECT_ATTEMPT","timestamp":"2026-06-14T04:02:12.006Z","token_ready":true,"user_ready":true,"show_login":false,"show_voip_tester":false,"selected_call_mode":"pstn_assist","voice_id":"nado-000226","token_summary":"len:141:eyJhbG...k5rjLY","reason":"effect_start","api_base":"https://metanova1004.com"}'
06-14 13:02:12.007 W/ReactNativeJS(24585): This method is deprecated (as well as all React Native Firebase namespaced API) and will be removed in the next major release as part of move to match Firebase Web modular SDK API. Please see migration guide for more details: https://rnfirebase.io/migrating-to-v22 Please use `getApps()` instead.
06-14 13:02:12.007 I/ReactNativeJS(24585): '[VoIPFCM] firebase bootstrap failed', [Error: Missing or invalid FirebaseOptions property 'databaseURL'.]
06-14 13:02:12.085 I/ReactNativeJS(24585): '[VoIPPendingIncoming]', '{"event":"REQUEST_RESULT","source":"pending_call_initial","token_summary":"len:141:eyJhbG...k5rjLY","user_id":226,"status":200,"ok":true}'
06-14 13:02:12.110 I/ReactNativeJS(24585): '[UI_PRESS_PROBE]', '{"event":"VOIP_PRESENCE_CONNECTED","timestamp":"2026-06-14T04:02:12.110Z","token_ready":true,"user_ready":true,"show_login":false,"show_voip_tester":false,"selected_call_mode":"pstn_assist","voice_id":"nado-000226","token_summary":"len:141:eyJhbG...k5rjLY","reason":"effect_start"}'
06-14 13:02:12.119 I/ReactNativeJS(24585): '[UI_PRESS_PROBE]', '{"event":"VOIP_ACTIVE_CALL_RESUME_DEFERRED_TO_ACCEPT","timestamp":"2026-06-14T04:02:12.118Z","token_ready":true,"user_ready":true,"show_login":false,"show_voip_tester":false,"selected_call_mode":"pstn_assist","source":"app_launch_resume","call_id":"call-7214b1494e35","participant_role":"callee","status":"connecting"}'
06-14 13:02:12.119 I/ReactNativeJS(24585): '[UI_PRESS_PROBE]', '{"event":"VOIP_INCOMING_CALL_APPLIED","timestamp":"2026-06-14T04:02:12.119Z","token_ready":true,"user_ready":true,"show_login":false,"show_voip_tester":false,"selected_call_mode":"pstn_assist","source":"app_launch_resume_pending_accept","call_id":"call-7214b1494e35","mode_compact":"voip_full_auto->voip_full_auto","relay_compact":"1/1","key_compact":"auto_relay_applied|auto_relay_requested|call_id|call_route|callee_app_online|callee_user_id|callee_voice_id|caller_user_id|caller_voice_id|display_country_code|display_label|display_language|error_code|fallback_dial_url|participant_role|phone_dialer_required|requested_mode|resolved_mode|signaling_server|status|turn_servers|user_message","caller_voice_id":"nado-000001"}'
06-14 13:02:12.154 W/ReactNativeJS(24585): This method is deprecated (as well as all React Native Firebase namespaced API) and will be removed in the next major release as part of move to match Firebase Web modular SDK API. Please see migration guide for more details: https://rnfirebase.io/migrating-to-v22 Please use `getApps()` instead.
06-14 13:02:12.154 W/ReactNativeJS(24585): This method is deprecated (as well as all React Native Firebase namespaced API) and will be removed in the next major release as part of move to match Firebase Web modular SDK API. Please see migration guide for more details: https://rnfirebase.io/migrating-to-v22 Please use `initializeApp()` instead.
06-14 13:02:12.154 I/ReactNativeJS(24585): '[UI_PRESS_PROBE]', '{"event":"VOIP_INCOMING_ALERT_STARTED","timestamp":"2026-06-14T04:02:12.154Z","token_ready":true,"user_ready":true,"show_login":false,"show_voip_tester":true,"selected_call_mode":"pstn_assist","call_id":"call-7214b1494e35","caller_voice_id":"nado-000001"}'
06-14 13:02:12.154 I/ReactNativeJS(24585): '[UI_PRESS_PROBE]', '{"event":"VOIP_INCOMING_ALERT_TONE_REQUESTED","timestamp":"2026-06-14T04:02:12.154Z","token_ready":true,"user_ready":true,"show_login":false,"show_voip_tester":true,"selected_call_mode":"pstn_assist","call_id":"call-7214b1494e35"}'
06-14 13:02:12.155 I/ReactNativeJS(24585): '[UI_PRESS_PROBE]', '{"event":"VOIP_INCOMING_ALERT_VIBRATION_REQUESTED","timestamp":"2026-06-14T04:02:12.155Z","token_ready":true,"user_ready":true,"show_login":false,"show_voip_tester":true,"selected_call_mode":"pstn_assist","call_id":"call-7214b1494e35"}'
06-14 13:02:12.155 I/ReactNativeJS(24585): '[VoIPPendingIncoming]', '{"event":"REQUEST_START","source":"pending_call_initial","token_summary":"len:141:eyJhbG...k5rjLY","user_id":226,"has_pending_call":false,"has_active_call":false}'
06-14 13:02:12.155 I/ReactNativeJS(24585): '[UI_PRESS_PROBE]', '{"event":"VOIP_PRESENCE_CONNECT_ATTEMPT","timestamp":"2026-06-14T04:02:12.155Z","token_ready":true,"user_ready":true,"show_login":false,"show_voip_tester":true,"selected_call_mode":"pstn_assist","voice_id":"nado-000226","token_summary":"len:141:eyJhbG...k5rjLY","reason":"effect_start","api_base":"https://metanova1004.com"}'
06-14 13:02:12.156 I/ReactNativeJS(24585): '[UI_PRESS_PROBE]', '{"event":"VOIP_RAIL_STATE_RESTORE","timestamp":"2026-06-14T04:02:12.156Z","token_ready":true,"user_ready":true,"show_login":false,"show_voip_tester":true,"selected_call_mode":"pstn_assist","source":"incoming_or_active_auto_focus","active_call_id":null,"pending_call_id":"call-7214b1494e35","accepting_call_id":null,"active_section":"voip"}'
06-14 13:02:12.156 W/ReactNativeJS(24585): This method is deprecated (as well as all React Native Firebase namespaced API) and will be removed in the next major release as part of move to match Firebase Web modular SDK API. Please see migration guide for more details: https://rnfirebase.io/migrating-to-v22 Please use `getApps()` instead.
06-14 13:02:12.156 I/ReactNativeJS(24585): '[VoIPFCM] firebase bootstrap failed', [Error: Missing or invalid FirebaseOptions property 'databaseURL'.]
06-14 13:02:12.257 I/ReactNativeJS(24585): '[VoIPPendingIncoming]', '{"event":"REQUEST_RESULT","source":"pending_call_initial","token_summary":"len:141:eyJhbG...k5rjLY","user_id":226,"status":200,"ok":true}'
06-14 13:02:12.277 I/ReactNativeJS(24585): '[UI_PRESS_PROBE]', '{"event":"VOIP_PRESENCE_CONNECTED","timestamp":"2026-06-14T04:02:12.277Z","token_ready":true,"user_ready":true,"show_login":false,"show_voip_tester":true,"selected_call_mode":"pstn_assist","voice_id":"nado-000226","token_summary":"len:141:eyJhbG...k5rjLY","reason":"effect_start"}'
06-14 13:02:12.408 I/ReactNativeJS(24585): '[UI_PRESS_PROBE]', '{"event":"VOIP_PENDING_CALL_CLEAR_SKIPPED","timestamp":"2026-06-14T04:02:12.407Z","token_ready":true,"user_ready":true,"show_login":false,"show_voip_tester":true,"selected_call_mode":"pstn_assist","source":"pending_call_initial","reason":"server_still_resumable","call_id":"call-7214b1494e35","status":"connecting","caller_voice_id":"nado-000001"}'
06-14 13:02:12.971 I/ReactNativeJS(24585): '[VoIPPendingIncoming]', '{"event":"REQUEST_START","source":"pending_call_poll","token_summary":"len:141:eyJhbG...k5rjLY","user_id":226,"has_pending_call":true,"has_active_call":false}'
06-14 13:02:13.011 I/ReactNativeJS(24585): '[VoIPPendingIncoming]', '{"event":"REQUEST_RESULT","source":"pending_call_poll","token_summary":"len:141:eyJhbG...k5rjLY","user_id":226,"status":200,"ok":true}'
06-14 13:02:13.055 I/ReactNativeJS(24585): '[UI_PRESS_PROBE]', '{"event":"VOIP_PENDING_CALL_CLEAR_SKIPPED","timestamp":"2026-06-14T04:02:13.055Z","token_ready":true,"user_ready":true,"show_login":false,"show_voip_tester":true,"selected_call_mode":"pstn_assist","source":"pending_call_poll","reason":"server_still_resumable","call_id":"call-7214b1494e35","status":"connecting","caller_voice_id":"nado-000001"}'
06-14 13:02:13.774 I/ReactNativeJS(24585): '[VoIPPendingIncoming]', '{"event":"REQUEST_START","source":"pending_call_poll","token_summary":"len:141:eyJhbG...k5rjLY","user_id":226,"has_pending_call":true,"has_active_call":false}'
06-14 13:02:13.824 I/ReactNativeJS(24585): '[VoIPPendingIncoming]', '{"event":"REQUEST_RESULT","source":"pending_call_poll","token_summary":"len:141:eyJhbG...k5rjLY","user_id":226,"status":200,"ok":true}'
06-14 13:02:13.882 I/ReactNativeJS(24585): '[UI_PRESS_PROBE]', '{"event":"VOIP_PENDING_CALL_CLEAR_SKIPPED","timestamp":"2026-06-14T04:02:13.881Z","token_ready":true,"user_ready":true,"show_login":false,"show_voip_tester":true,"selected_call_mode":"pstn_assist","source":"pending_call_poll","reason":"server_still_resumable","call_id":"call-7214b1494e35","status":"connecting","caller_voice_id":"nado-000001"}'
06-14 13:02:14.580 I/ReactNativeJS(24585): '[VoIPPendingIncoming]', '{"event":"REQUEST_START","source":"pending_call_poll","token_summary":"len:141:eyJhbG...k5rjLY","user_id":226,"has_pending_call":true,"has_active_call":false}'
06-14 13:02:14.625 I/ReactNativeJS(24585): '[VoIPPendingIncoming]', '{"event":"REQUEST_RESULT","source":"pending_call_poll","token_summary":"len:141:eyJhbG...k5rjLY","user_id":226,"status":200,"ok":true}'
06-14 13:02:14.682 I/ReactNativeJS(24585): '[UI_PRESS_PROBE]', '{"event":"VOIP_PENDING_CALL_CLEAR_SKIPPED","timestamp":"2026-06-14T04:02:14.681Z","token_ready":true,"user_ready":true,"show_login":false,"show_voip_tester":true,"selected_call_mode":"pstn_assist","source":"pending_call_poll","reason":"server_still_resumable","call_id":"call-7214b1494e35","status":"connecting","caller_voice_id":"nado-000001"}'
06-14 13:02:15.380 I/ReactNativeJS(24585): '[VoIPPendingIncoming]', '{"event":"REQUEST_START","source":"pending_call_poll","token_summary":"len:141:eyJhbG...k5rjLY","user_id":226,"has_pending_call":true,"has_active_call":false}'
06-14 13:02:15.427 I/ReactNativeJS(24585): '[VoIPPendingIncoming]', '{"event":"REQUEST_RESULT","source":"pending_call_poll","token_summary":"len:141:eyJhbG...k5rjLY","user_id":226,"status":200,"ok":true}'
06-14 13:02:15.469 I/ReactNativeJS(24585): '[UI_PRESS_PROBE]', '{"event":"VOIP_PENDING_CALL_CLEAR_SKIPPED","timestamp":"2026-06-14T04:02:15.468Z","token_ready":true,"user_ready":true,"show_login":false,"show_voip_tester":true,"selected_call_mode":"pstn_assist","source":"pending_call_poll","reason":"server_still_resumable","call_id":"call-7214b1494e35","status":"connecting","caller_voice_id":"nado-000001"}'
06-14 13:02:16.183 I/ReactNativeJS(24585): '[VoIPPendingIncoming]', '{"event":"REQUEST_START","source":"pending_call_poll","token_summary":"len:141:eyJhbG...k5rjLY","user_id":226,"has_pending_call":true,"has_active_call":false}'
06-14 13:02:16.234 I/ReactNativeJS(24585): '[VoIPPendingIncoming]', '{"event":"REQUEST_RESULT","source":"pending_call_poll","token_summary":"len:141:eyJhbG...k5rjLY","user_id":226,"status":200,"ok":true}'
06-14 13:02:16.280 I/ReactNativeJS(24585): '[UI_PRESS_PROBE]', '{"event":"VOIP_PENDING_CALL_CLEAR_SKIPPED","timestamp":"2026-06-14T04:02:16.280Z","token_ready":true,"user_ready":true,"show_login":false,"show_voip_tester":true,"selected_call_mode":"pstn_assist","source":"pending_call_poll","reason":"server_still_resumable","call_id":"call-7214b1494e35","status":"connecting","caller_voice_id":"nado-000001"}'
06-14 13:02:16.987 I/ReactNativeJS(24585): '[VoIPPendingIncoming]', '{"event":"REQUEST_START","source":"pending_call_poll","token_summary":"len:141:eyJhbG...k5rjLY","user_id":226,"has_pending_call":true,"has_active_call":false}'
06-14 13:02:17.040 I/ReactNativeJS(24585): '[VoIPPendingIncoming]', '{"event":"REQUEST_RESULT","source":"pending_call_poll","token_summary":"len:141:eyJhbG...k5rjLY","user_id":226,"status":200,"ok":true}'
06-14 13:02:17.103 I/ReactNativeJS(24585): '[UI_PRESS_PROBE]', '{"event":"VOIP_PENDING_CALL_CLEAR_SKIPPED","timestamp":"2026-06-14T04:02:17.102Z","token_ready":true,"user_ready":true,"show_login":false,"show_voip_tester":true,"selected_call_mode":"pstn_assist","source":"pending_call_poll","reason":"server_still_resumable","call_id":"call-7214b1494e35","status":"connecting","caller_voice_id":"nado-000001"}'
06-14 13:02:17.789 I/ReactNativeJS(24585): '[VoIPPendingIncoming]', '{"event":"REQUEST_START","source":"pending_call_poll","token_summary":"len:141:eyJhbG...k5rjLY","user_id":226,"has_pending_call":true,"has_active_call":false}'
06-14 13:02:17.835 I/ReactNativeJS(24585): '[VoIPPendingIncoming]', '{"event":"REQUEST_RESULT","source":"pending_call_poll","token_summary":"len:141:eyJhbG...k5rjLY","user_id":226,"status":200,"ok":true}'
06-14 13:02:17.993 I/ReactNativeJS(24585): '[UI_PRESS_PROBE]', '{"event":"VOIP_PENDING_CALL_CLEAR_SKIPPED","timestamp":"2026-06-14T04:02:17.992Z","token_ready":true,"user_ready":true,"show_login":false,"show_voip_tester":true,"selected_call_mode":"pstn_assist","source":"pending_call_poll","reason":"server_still_resumable","call_id":"call-7214b1494e35","status":"connecting","caller_voice_id":"nado-000001"}'
06-14 13:02:18.592 I/ReactNativeJS(24585): '[VoIPPendingIncoming]', '{"event":"REQUEST_START","source":"pending_call_poll","token_summary":"len:141:eyJhbG...k5rjLY","user_id":226,"has_pending_call":true,"has_active_call":false}'
06-14 13:02:18.633 I/ReactNativeJS(24585): '[VoIPPendingIncoming]', '{"event":"REQUEST_RESULT","source":"pending_call_poll","token_summary":"len:141:eyJhbG...k5rjLY","user_id":226,"status":200,"ok":true}'
06-14 13:02:18.683 I/ReactNativeJS(24585): '[UI_PRESS_PROBE]', '{"event":"VOIP_PENDING_CALL_CLEAR_SKIPPED","timestamp":"2026-06-14T04:02:18.682Z","token_ready":true,"user_ready":true,"show_login":false,"show_voip_tester":true,"selected_call_mode":"pstn_assist","source":"pending_call_poll","reason":"server_still_resumable","call_id":"call-7214b1494e35","status":"connecting","caller_voice_id":"nado-000001"}'
06-14 13:02:19.396 I/ReactNativeJS(24585): '[VoIPPendingIncoming]', '{"event":"REQUEST_START","source":"pending_call_poll","token_summary":"len:141:eyJhbG...k5rjLY","user_id":226,"has_pending_call":true,"has_active_call":false}'
06-14 13:02:19.446 I/ReactNativeJS(24585): '[VoIPPendingIncoming]', '{"event":"REQUEST_RESULT","source":"pending_call_poll","token_summary":"len:141:eyJhbG...k5rjLY","user_id":226,"status":200,"ok":true}'
06-14 13:02:19.499 I/ReactNativeJS(24585): '[UI_PRESS_PROBE]', '{"event":"VOIP_PENDING_CALL_CLEAR_SKIPPED","timestamp":"2026-06-14T04:02:19.498Z","token_ready":true,"user_ready":true,"show_login":false,"show_voip_tester":true,"selected_call_mode":"pstn_assist","source":"pending_call_poll","reason":"server_still_resumable","call_id":"call-7214b1494e35","status":"connecting","caller_voice_id":"nado-000001"}'
06-14 13:02:20.199 I/ReactNativeJS(24585): '[VoIPPendingIncoming]', '{"event":"REQUEST_START","source":"pending_call_poll","token_summary":"len:141:eyJhbG...k5rjLY","user_id":226,"has_pending_call":true,"has_active_call":false}'
06-14 13:02:20.252 I/ReactNativeJS(24585): '[VoIPPendingIncoming]', '{"event":"REQUEST_RESULT","source":"pending_call_poll","token_summary":"len:141:eyJhbG...k5rjLY","user_id":226,"status":200,"ok":true}'
06-14 13:02:20.279 I/ReactNativeJS(24585): '[UI_PRESS_PROBE]', '{"event":"VOIP_PENDING_CALL_CLEAR_SKIPPED","timestamp":"2026-06-14T04:02:20.279Z","token_ready":true,"user_ready":true,"show_login":false,"show_voip_tester":true,"selected_call_mode":"pstn_assist","source":"pending_call_poll","reason":"server_still_resumable","call_id":"call-7214b1494e35","status":"connecting","caller_voice_id":"nado-000001"}'
06-14 13:02:21.001 I/ReactNativeJS(24585): '[VoIPPendingIncoming]', '{"event":"REQUEST_START","source":"pending_call_poll","token_summary":"len:141:eyJhbG...k5rjLY","user_id":226,"has_pending_call":true,"has_active_call":false}'
06-14 13:02:21.023 I/ReactNativeJS(24585): '[VoIPPendingIncoming]', '{"event":"REQUEST_RESULT","source":"pending_call_poll","token_summary":"len:141:eyJhbG...k5rjLY","user_id":226,"status":200,"ok":true}'
06-14 13:02:21.050 I/ReactNativeJS(24585): '[UI_PRESS_PROBE]', '{"event":"VOIP_PENDING_CALL_CLEAR_SKIPPED","timestamp":"2026-06-14T04:02:21.050Z","token_ready":true,"user_ready":true,"show_login":false,"show_voip_tester":true,"selected_call_mode":"pstn_assist","source":"pending_call_poll","reason":"server_still_resumable","call_id":"call-7214b1494e35","status":"connecting","caller_voice_id":"nado-000001"}'
06-14 13:02:21.804 I/ReactNativeJS(24585): '[VoIPPendingIncoming]', '{"event":"REQUEST_START","source":"pending_call_poll","token_summary":"len:141:eyJhbG...k5rjLY","user_id":226,"has_pending_call":true,"has_active_call":false}'
06-14 13:02:21.826 I/ReactNativeJS(24585): '[VoIPPendingIncoming]', '{"event":"REQUEST_RESULT","source":"pending_call_poll","token_summary":"len:141:eyJhbG...k5rjLY","user_id":226,"status":200,"ok":true}'
06-14 13:02:21.852 I/ReactNativeJS(24585): '[UI_PRESS_PROBE]', '{"event":"VOIP_PENDING_CALL_CLEAR_SKIPPED","timestamp":"2026-06-14T04:02:21.851Z","token_ready":true,"user_ready":true,"show_login":false,"show_voip_tester":true,"selected_call_mode":"pstn_assist","source":"pending_call_poll","reason":"server_still_resumable","call_id":"call-7214b1494e35","status":"connecting","caller_voice_id":"nado-000001"}'
06-14 13:02:22.607 I/ReactNativeJS(24585): '[VoIPPendingIncoming]', '{"event":"REQUEST_START","source":"pending_call_poll","token_summary":"len:141:eyJhbG...k5rjLY","user_id":226,"has_pending_call":true,"has_active_call":false}'
06-14 13:02:22.636 I/ReactNativeJS(24585): '[VoIPPendingIncoming]', '{"event":"REQUEST_RESULT","source":"pending_call_poll","token_summary":"len:141:eyJhbG...k5rjLY","user_id":226,"status":200,"ok":true}'
06-14 13:02:22.665 I/ReactNativeJS(24585): '[UI_PRESS_PROBE]', '{"event":"VOIP_PENDING_CALL_CLEAR_SKIPPED","timestamp":"2026-06-14T04:02:22.664Z","token_ready":true,"user_ready":true,"show_login":false,"show_voip_tester":true,"selected_call_mode":"pstn_assist","source":"pending_call_poll","reason":"server_still_resumable","call_id":"call-7214b1494e35","status":"connecting","caller_voice_id":"nado-000001"}'
