06-16 02:40:29.485 I/ReactNativeJS( 4315): [VoIP][DiagLine] connectSignaling:onmessage callId=call-0f44540d27f6 state=OPEN rawLength=61
06-16 02:40:29.486 I/ReactNativeJS( 4315): '[VoIP][Diag] connectSignaling:onmessage', { callId: 'call-0f44540d27f6',
06-16 02:40:29.486 I/ReactNativeJS( 4315):   rawPreview: '{"type":"pong","call_id":"call-0f44540d27f6","role":"callee"}' }
06-16 02:40:29.488 I/ReactNativeJS( 4315): '[VoIP][Diag] handleSignalingMessage:dispatch', { callId: 'call-0f44540d27f6',
06-16 02:40:29.488 I/ReactNativeJS( 4315):      call_id: 'call-0f44540d27f6',
06-16 02:40:29.489 I/ReactNativeJS( 4315): '[VoIP][Diag] handleSignalingMessage:pong', { callId: 'call-0f44540d27f6', socketState: 'OPEN' }
06-16 02:40:30.781 I/ReactNativeJS( 4315): '[UI_PRESS_PROBE]', '{"event":"VOIP_VOICE_TRANSLATE_REJECTED","call_id":"call-0f44540d27f6","error_message":"음성이 감지되지 않았습니다. 다시 말씀해 주세요.","timestamp":"2026-06-15T17:40:30.781Z"}'
06-16 02:40:30.781 I/ReactNativeJS( 4315): '[UI_PRESS_PROBE]', '{"event":"VOIP_VOICE_RELAY_CAPTURE_RETRY_SCHEDULED","call_id":"call-0f44540d27f6","retry_reason":"segment_complete","wait_ms":250,"timestamp":"2026-06-15T17:40:30.781Z"}'
06-16 02:40:30.801 I/ReactNativeJS( 4315): '[UI_PRESS_PROBE]', '{"event":"VOIP_WEBRTC_LOCAL_AUDIO_KEEP_SUSPENDED","call_id":"call-0f44540d27f6","reason":"segment_stop","timestamp":"2026-06-15T17:40:30.801Z"}'
06-16 02:40:31.137 I/ReactNativeJS( 4315): '[UI_PRESS_PROBE]', '{"event":"VOIP_RAIL_STATE_RESTORE","timestamp":"2026-06-15T17:40:31.137Z","token_ready":true,"user_ready":true,"show_login":false,"show_voip_tester":true,"selected_call_mode":"voip_full_auto","source":"app_state_active_restore","active_call_id":"call-0f44540d27f6","pending_call_id":null,"accepting_call_id":null,"active_section":"voip"}'
06-16 02:40:31.216 I/ReactNativeJS( 4315): '[VoIP][Diag] setRemoteAudioEnabled', { callId: 'call-0f44540d27f6', enabled: false, trackCount: 1 }
06-16 02:40:31.216 I/ReactNativeJS( 4315): '[UI_PRESS_PROBE]', '{"event":"VOIP_REMOTE_AUDIO_SUPPRESSION","call_id":"call-0f44540d27f6","suppressed":true,"timestamp":"2026-06-15T17:40:31.216Z"}'
06-16 02:40:31.216 I/ReactNativeJS( 4315): '[UI_PRESS_PROBE]', '{"event":"VOIP_VOICE_RELAY_SEGMENT_STARTED","call_id":"call-0f44540d27f6","connection_state":"connected","source_lang":"ja","target_lang":"ko","timestamp":"2026-06-15T17:40:31.216Z"}'
06-16 02:40:31.320 I/ReactNativeJS( 4315): '[UI_PRESS_PROBE]', '{"event":"VOIP_VOICE_RELAY_SILERO_STARTED","call_id":"call-0f44540d27f6","silence_ms":1100,"speech_ms":120,"timestamp":"2026-06-15T17:40:31.319Z"}'
06-16 02:40:31.655 I/ReactNativeJS( 4315): '[UI_PRESS_PROBE]', '{"event":"VOIP_VOICE_RELAY_SILERO_SPEECH_START","call_id":"call-0f44540d27f6","silence_duration_ms":1100,"timestamp":"2026-06-15T17:40:31.655Z"}'
06-16 02:40:32.141 I/ReactNativeJS( 4315): '[UI_PRESS_PROBE]', '{"event":"VOIP_VOICE_RELAY_METER_UNAVAILABLE","call_id":"call-0f44540d27f6","poll_misses":5,"last_meter_db":null,"file_rms_vad":true,"timestamp":"2026-06-15T17:40:32.141Z"}'
06-16 02:40:36.943 I/ReactNativeJS( 4315): '[UI_PRESS_PROBE]', '{"event":"VOIP_VOICE_RELAY_SILERO_SPEECH_END","call_id":"call-0f44540d27f6","segment_duration_ms":5793,"speech_span_ms":5288,"silence_duration_ms":1100,"flush":true,"defer_reason":null,"timestamp":"2026-06-15T17:40:36.943Z"}'
06-16 02:40:36.944 I/ReactNativeJS( 4315): '[UI_PRESS_PROBE]', '{"event":"VOIP_VOICE_RELAY_SEGMENT_FLUSH","call_id":"call-0f44540d27f6","reason":"silence","is_final":true,"peak_meter_db":-160,"meter_unavailable":true,"timestamp":"2026-06-15T17:40:36.944Z"}'
06-16 02:40:36.993 I/ReactNativeJS( 4315): '[UI_PRESS_PROBE]', '{"event":"VOIP_VOICE_RELAY_SILERO_STOPPED","call_id":"call-0f44540d27f6","reason":"segment_flush","timestamp":"2026-06-15T17:40:36.993Z"}'
06-16 02:40:37.039 I/ReactNativeJS( 4315): '[VoIP][Diag] setRemoteAudioEnabled', { callId: 'call-0f44540d27f6', enabled: true, trackCount: 1 }
06-16 02:40:37.040 I/ReactNativeJS( 4315): '[UI_PRESS_PROBE]', '{"event":"VOIP_REMOTE_AUDIO_SUPPRESSION","call_id":"call-0f44540d27f6","suppressed":false,"timestamp":"2026-06-15T17:40:37.039Z"}'
06-16 02:40:37.072 I/ReactNativeJS( 4315): '[UI_PRESS_PROBE]', '{"event":"VOIP_VOICE_TRANSLATE_REQUEST","call_id":"call-0f44540d27f6","source_lang":"ja","target_lang":"ko","region_hint":null,"audio_base64_length":31876,"timestamp":"2026-06-15T17:40:37.072Z"}'
06-16 02:40:40.097 I/ReactNativeJS( 4315): '[UI_PRESS_PROBE]', '{"event":"VOIP_VOICE_TRANSLATE_RESULT","call_id":"call-0f44540d27f6","source_lang":"ja","target_lang":"ko","detected_lang":"ja","transcript_length":17,"translated_length":16,"translate_duration_ms":3024,"segment_duration_ms":3056,"utterance_id":"call-0f44540d27f6-1781545230801","chunk_index":0,"is_final":true,"seq_id":1,"has_audio_url":false,"has_audio_base64":false,"audio_format":null,"tts_delivery":"device_speech","timestamp":"2026-06-15T17:40:40.096Z"}'
06-16 02:40:40.100 I/ReactNativeJS( 4315):   call_id: 'call-0f44540d27f6',
06-16 02:40:40.100 I/ReactNativeJS( 4315):   utterance_id: 'call-0f44540d27f6-1781545230801',
06-16 02:40:40.101 I/ReactNativeJS( 4315): '[VoIP][Diag] sendSignalingMessage:sent', { callId: 'call-0f44540d27f6',
06-16 02:40:40.101 I/ReactNativeJS( 4315):      call_id: 'call-0f44540d27f6',
06-16 02:40:40.102 I/ReactNativeJS( 4315): '[UI_PRESS_PROBE]', '{"event":"VOIP_VOICE_RELAY_SENT","call_id":"call-0f44540d27f6","transcript":"こんにちは、よろしくお願いします。","translated_text":"안녕하세요, 잘 부탁드립니다.","utterance_id":"call-0f44540d27f6-1781545230801","chunk_index":0,"is_final":true,"seq_id":1,"relay_duration_ms":3062,"timestamp":"2026-06-15T17:40:40.102Z"}'
06-16 02:40:40.103 I/ReactNativeJS( 4315): '[UI_PRESS_PROBE]', '{"event":"VOIP_VOICE_RELAY_CAPTURE_RETRY_SCHEDULED","call_id":"call-0f44540d27f6","retry_reason":"segment_complete","wait_ms":3500,"timestamp":"2026-06-15T17:40:40.102Z"}'
06-16 02:40:40.154 I/ReactNativeJS( 4315): '[UI_PRESS_PROBE]', '{"event":"VOIP_WEBRTC_LOCAL_AUDIO_KEEP_SUSPENDED","call_id":"call-0f44540d27f6","reason":"segment_stop","timestamp":"2026-06-15T17:40:40.154Z"}'
06-16 02:40:43.708 I/ReactNativeJS( 4315): '[UI_PRESS_PROBE]', '{"event":"VOIP_RAIL_STATE_RESTORE","timestamp":"2026-06-15T17:40:43.708Z","token_ready":true,"user_ready":true,"show_login":false,"show_voip_tester":true,"selected_call_mode":"voip_full_auto","source":"app_state_active_restore","active_call_id":"call-0f44540d27f6","pending_call_id":null,"accepting_call_id":null,"active_section":"voip"}'
06-16 02:40:43.779 I/ReactNativeJS( 4315): '[VoIP][Diag] setRemoteAudioEnabled', { callId: 'call-0f44540d27f6', enabled: false, trackCount: 1 }
06-16 02:40:43.779 I/ReactNativeJS( 4315): '[UI_PRESS_PROBE]', '{"event":"VOIP_REMOTE_AUDIO_SUPPRESSION","call_id":"call-0f44540d27f6","suppressed":true,"timestamp":"2026-06-15T17:40:43.779Z"}'
06-16 02:40:43.779 I/ReactNativeJS( 4315): '[UI_PRESS_PROBE]', '{"event":"VOIP_VOICE_RELAY_SEGMENT_STARTED","call_id":"call-0f44540d27f6","connection_state":"connected","source_lang":"ja","target_lang":"ko","timestamp":"2026-06-15T17:40:43.779Z"}'
06-16 02:40:43.877 I/ReactNativeJS( 4315): '[UI_PRESS_PROBE]', '{"event":"VOIP_VOICE_RELAY_SILERO_STARTED","call_id":"call-0f44540d27f6","silence_ms":1100,"speech_ms":120,"timestamp":"2026-06-15T17:40:43.877Z"}'
06-16 02:40:44.713 I/ReactNativeJS( 4315): '[UI_PRESS_PROBE]', '{"event":"VOIP_VOICE_RELAY_METER_UNAVAILABLE","call_id":"call-0f44540d27f6","poll_misses":5,"last_meter_db":null,"file_rms_vad":true,"timestamp":"2026-06-15T17:40:44.712Z"}'
06-16 02:40:45.428 I/ReactNativeJS( 4315): '[UI_PRESS_PROBE]', '{"event":"VOIP_VOICE_RELAY_SILERO_SPEECH_START","call_id":"call-0f44540d27f6","silence_duration_ms":1100,"timestamp":"2026-06-15T17:40:45.427Z"}'
06-16 02:40:49.461 I/ReactNativeJS( 4315): [VoIP][DiagLine] connectSignaling:onmessage callId=call-0f44540d27f6 state=OPEN rawLength=61
06-16 02:40:49.462 I/ReactNativeJS( 4315): '[VoIP][Diag] connectSignaling:onmessage', { callId: 'call-0f44540d27f6',
06-16 02:40:49.462 I/ReactNativeJS( 4315):   rawPreview: '{"type":"pong","call_id":"call-0f44540d27f6","role":"callee"}' }
06-16 02:40:49.464 I/ReactNativeJS( 4315): '[VoIP][Diag] handleSignalingMessage:dispatch', { callId: 'call-0f44540d27f6',
06-16 02:40:49.464 I/ReactNativeJS( 4315):      call_id: 'call-0f44540d27f6',
06-16 02:40:49.464 I/ReactNativeJS( 4315): '[VoIP][Diag] handleSignalingMessage:pong', { callId: 'call-0f44540d27f6', socketState: 'OPEN' }
06-16 02:40:49.531 I/ReactNativeJS( 4315): '[UI_PRESS_PROBE]', '{"event":"VOIP_CALL_MODE_AUDIT_LOADED","call_id":"call-0f44540d27f6","event_count":2,"event_types":["call_initiated","call_accepted"],"show_loading":false,"timestamp":"2026-06-15T17:40:49.530Z"}'
06-16 02:40:49.889 I/ReactNativeJS( 4315): '[UI_PRESS_PROBE]', '{"event":"VOIP_VOICE_RELAY_SILERO_SPEECH_END","call_id":"call-0f44540d27f6","segment_duration_ms":6169,"speech_span_ms":4461,"silence_duration_ms":1100,"flush":true,"defer_reason":null,"timestamp":"2026-06-15T17:40:49.888Z"}'
06-16 02:40:49.889 I/ReactNativeJS( 4315): '[UI_PRESS_PROBE]', '{"event":"VOIP_VOICE_RELAY_SEGMENT_FLUSH","call_id":"call-0f44540d27f6","reason":"silence","is_final":true,"peak_meter_db":-160,"meter_unavailable":true,"timestamp":"2026-06-15T17:40:49.889Z"}'
06-16 02:40:49.945 I/ReactNativeJS( 4315): '[UI_PRESS_PROBE]', '{"event":"VOIP_VOICE_RELAY_SILERO_STOPPED","call_id":"call-0f44540d27f6","reason":"segment_flush","timestamp":"2026-06-15T17:40:49.945Z"}'
06-16 02:40:50.006 I/ReactNativeJS( 4315): '[VoIP][Diag] setRemoteAudioEnabled', { callId: 'call-0f44540d27f6', enabled: true, trackCount: 1 }
06-16 02:40:50.007 I/ReactNativeJS( 4315): '[UI_PRESS_PROBE]', '{"event":"VOIP_REMOTE_AUDIO_SUPPRESSION","call_id":"call-0f44540d27f6","suppressed":false,"timestamp":"2026-06-15T17:40:50.006Z"}'
06-16 02:40:50.041 I/ReactNativeJS( 4315): '[UI_PRESS_PROBE]', '{"event":"VOIP_VOICE_TRANSLATE_REQUEST","call_id":"call-0f44540d27f6","source_lang":"ja","target_lang":"ko","region_hint":null,"audio_base64_length":34304,"timestamp":"2026-06-15T17:40:50.041Z"}'
06-16 02:40:52.899 I/ReactNativeJS( 4315): '[UI_PRESS_PROBE]', '{"event":"VOIP_VOICE_TRANSLATE_RESULT","call_id":"call-0f44540d27f6","source_lang":"ja","target_lang":"ko","detected_lang":"ja","transcript_length":17,"translated_length":16,"translate_duration_ms":2857,"segment_duration_ms":2891,"utterance_id":"call-0f44540d27f6-1781545240154","chunk_index":0,"is_final":true,"seq_id":2,"has_audio_url":false,"has_audio_base64":false,"audio_format":null,"tts_delivery":"device_speech","timestamp":"2026-06-15T17:40:52.898Z"}'
06-16 02:40:52.899 I/ReactNativeJS( 4315): '[UI_PRESS_PROBE]', '{"event":"VOIP_VOICE_RELAY_SKIP","call_id":"call-0f44540d27f6","reason":"local_relay_echo","transcript":"こんにちは、よろしくお願いします。","translated_text":"안녕하세요, 잘 부탁드립니다.","timestamp":"2026-06-15T17:40:52.899Z"}'
06-16 02:40:52.899 I/ReactNativeJS( 4315): '[UI_PRESS_PROBE]', '{"event":"VOIP_VOICE_RELAY_CAPTURE_RETRY_SCHEDULED","call_id":"call-0f44540d27f6","retry_reason":"segment_complete","wait_ms":250,"timestamp":"2026-06-15T17:40:52.899Z"}'
06-16 02:40:52.919 I/ReactNativeJS( 4315): '[UI_PRESS_PROBE]', '{"event":"VOIP_WEBRTC_LOCAL_AUDIO_KEEP_SUSPENDED","call_id":"call-0f44540d27f6","reason":"segment_stop","timestamp":"2026-06-15T17:40:52.919Z"}'
06-16 02:40:53.303 I/ReactNativeJS( 4315): '[UI_PRESS_PROBE]', '{"event":"VOIP_RAIL_STATE_RESTORE","timestamp":"2026-06-15T17:40:53.303Z","token_ready":true,"user_ready":true,"show_login":false,"show_voip_tester":true,"selected_call_mode":"voip_full_auto","source":"app_state_active_restore","active_call_id":"call-0f44540d27f6","pending_call_id":null,"accepting_call_id":null,"active_section":"voip"}'
06-16 02:40:53.398 I/ReactNativeJS( 4315): '[VoIP][Diag] setRemoteAudioEnabled', { callId: 'call-0f44540d27f6', enabled: false, trackCount: 1 }
06-16 02:40:53.398 I/ReactNativeJS( 4315): '[UI_PRESS_PROBE]', '{"event":"VOIP_REMOTE_AUDIO_SUPPRESSION","call_id":"call-0f44540d27f6","suppressed":true,"timestamp":"2026-06-15T17:40:53.398Z"}'
06-16 02:40:53.398 I/ReactNativeJS( 4315): '[UI_PRESS_PROBE]', '{"event":"VOIP_VOICE_RELAY_SEGMENT_STARTED","call_id":"call-0f44540d27f6","connection_state":"connected","source_lang":"ja","target_lang":"ko","timestamp":"2026-06-15T17:40:53.398Z"}'
06-16 02:40:53.498 I/ReactNativeJS( 4315): '[UI_PRESS_PROBE]', '{"event":"VOIP_VOICE_RELAY_SILERO_STARTED","call_id":"call-0f44540d27f6","silence_ms":1100,"speech_ms":120,"timestamp":"2026-06-15T17:40:53.497Z"}'
06-16 02:40:54.324 I/ReactNativeJS( 4315): '[UI_PRESS_PROBE]', '{"event":"VOIP_VOICE_RELAY_METER_UNAVAILABLE","call_id":"call-0f44540d27f6","poll_misses":5,"last_meter_db":null,"file_rms_vad":true,"timestamp":"2026-06-15T17:40:54.323Z"}'
06-16 02:41:01.261 I/ReactNativeJS( 4315): [VoIP][DiagLine] connectSignaling:onmessage callId=call-0f44540d27f6 state=OPEN rawLength=394
06-16 02:41:01.262 I/ReactNativeJS( 4315): '[VoIP][Diag] connectSignaling:onmessage', { callId: 'call-0f44540d27f6',
06-16 02:41:01.264 I/ReactNativeJS( 4315): '[VoIP][Diag] handleSignalingMessage:dispatch', { callId: 'call-0f44540d27f6',
06-16 02:41:01.264 I/ReactNativeJS( 4315):      call_id: 'call-0f44540d27f6',
06-16 02:41:01.270 I/ReactNativeJS( 4315): '[UI_PRESS_PROBE]', '{"event":"VOIP_VOICE_RELAY_PLAYBACK","call_id":"call-0f44540d27f6","target_lang":"ko","translated_text":"안녕하세요. 잘 부탁드립니다.","translated_length":16,"tts_delivery":"device_speech","speaker_on":false,"timestamp":"2026-06-15T17:41:01.269Z"}'
06-16 02:41:01.320 I/ReactNativeJS( 4315): '[UI_PRESS_PROBE]', '{"event":"VOIP_VOICE_RELAY_SILERO_STOPPED","call_id":"call-0f44540d27f6","reason":"segment_stop","timestamp":"2026-06-15T17:41:01.320Z"}'
06-16 02:41:01.396 I/ReactNativeJS( 4315): '[VoIP][Diag] setRemoteAudioEnabled', { callId: 'call-0f44540d27f6', enabled: true, trackCount: 1 }
06-16 02:41:01.396 I/ReactNativeJS( 4315): '[UI_PRESS_PROBE]', '{"event":"VOIP_REMOTE_AUDIO_SUPPRESSION","call_id":"call-0f44540d27f6","suppressed":false,"timestamp":"2026-06-15T17:41:01.396Z"}'
06-16 02:41:01.416 I/ReactNativeJS( 4315): '[UI_PRESS_PROBE]', '{"event":"VOIP_WEBRTC_LOCAL_AUDIO_KEEP_SUSPENDED","call_id":"call-0f44540d27f6","reason":"segment_stop","timestamp":"2026-06-15T17:41:01.415Z"}'
06-16 02:41:04.827 I/ReactNativeJS( 4315): '[UI_PRESS_PROBE]', '{"event":"VOIP_VOICE_RELAY_CAPTURE_RETRY_SCHEDULED","call_id":"call-0f44540d27f6","retry_reason":"playback_complete","wait_ms":250,"timestamp":"2026-06-15T17:41:04.826Z"}'
06-16 02:41:04.905 I/ReactNativeJS( 4315): '[UI_PRESS_PROBE]', '{"event":"VOIP_RAIL_STATE_RESTORE","timestamp":"2026-06-15T17:41:04.905Z","token_ready":true,"user_ready":true,"show_login":false,"show_voip_tester":true,"selected_call_mode":"voip_full_auto","source":"app_state_active_restore","active_call_id":"call-0f44540d27f6","pending_call_id":null,"accepting_call_id":null,"active_section":"voip"}'
06-16 02:41:04.996 I/ReactNativeJS( 4315): '[VoIP][Diag] setRemoteAudioEnabled', { callId: 'call-0f44540d27f6', enabled: false, trackCount: 1 }
06-16 02:41:04.996 I/ReactNativeJS( 4315): '[UI_PRESS_PROBE]', '{"event":"VOIP_REMOTE_AUDIO_SUPPRESSION","call_id":"call-0f44540d27f6","suppressed":true,"timestamp":"2026-06-15T17:41:04.996Z"}'
06-16 02:41:04.996 I/ReactNativeJS( 4315): '[UI_PRESS_PROBE]', '{"event":"VOIP_VOICE_RELAY_SEGMENT_STARTED","call_id":"call-0f44540d27f6","connection_state":"connected","source_lang":"ja","target_lang":"ko","timestamp":"2026-06-15T17:41:04.996Z"}'
06-16 02:41:05.098 I/ReactNativeJS( 4315): '[UI_PRESS_PROBE]', '{"event":"VOIP_VOICE_RELAY_SILERO_STARTED","call_id":"call-0f44540d27f6","silence_ms":1100,"speech_ms":120,"timestamp":"2026-06-15T17:41:05.098Z"}'
06-16 02:41:05.923 I/ReactNativeJS( 4315): '[UI_PRESS_PROBE]', '{"event":"VOIP_VOICE_RELAY_METER_UNAVAILABLE","call_id":"call-0f44540d27f6","poll_misses":5,"last_meter_db":null,"file_rms_vad":true,"timestamp":"2026-06-15T17:41:05.923Z"}'
06-16 02:41:06.166 I/ReactNativeJS( 4315): '[UI_PRESS_PROBE]', '{"event":"VOIP_VOICE_RELAY_SILERO_SPEECH_START","call_id":"call-0f44540d27f6","silence_duration_ms":1100,"timestamp":"2026-06-15T17:41:06.166Z"}'
06-16 02:41:09.475 I/ReactNativeJS( 4315): [VoIP][DiagLine] connectSignaling:onmessage callId=call-0f44540d27f6 state=OPEN rawLength=61
06-16 02:41:09.476 I/ReactNativeJS( 4315): '[VoIP][Diag] connectSignaling:onmessage', { callId: 'call-0f44540d27f6',
06-16 02:41:09.476 I/ReactNativeJS( 4315):   rawPreview: '{"type":"pong","call_id":"call-0f44540d27f6","role":"callee"}' }
06-16 02:41:09.478 I/ReactNativeJS( 4315): '[VoIP][Diag] handleSignalingMessage:dispatch', { callId: 'call-0f44540d27f6',
06-16 02:41:09.478 I/ReactNativeJS( 4315):      call_id: 'call-0f44540d27f6',
06-16 02:41:09.478 I/ReactNativeJS( 4315): '[VoIP][Diag] handleSignalingMessage:pong', { callId: 'call-0f44540d27f6', socketState: 'OPEN' }
06-16 02:41:10.806 I/ReactNativeJS( 4315): '[UI_PRESS_PROBE]', '{"event":"VOIP_VOICE_RELAY_SILERO_SPEECH_END","call_id":"call-0f44540d27f6","segment_duration_ms":5887,"speech_span_ms":4639,"silence_duration_ms":1100,"flush":true,"defer_reason":null,"timestamp":"2026-06-15T17:41:10.805Z"}'
06-16 02:41:10.806 I/ReactNativeJS( 4315): '[UI_PRESS_PROBE]', '{"event":"VOIP_VOICE_RELAY_SEGMENT_FLUSH","call_id":"call-0f44540d27f6","reason":"silence","is_final":true,"peak_meter_db":-160,"meter_unavailable":true,"timestamp":"2026-06-15T17:41:10.806Z"}'
06-16 02:41:10.848 I/ReactNativeJS( 4315): '[UI_PRESS_PROBE]', '{"event":"VOIP_VOICE_RELAY_SILERO_STOPPED","call_id":"call-0f44540d27f6","reason":"segment_flush","timestamp":"2026-06-15T17:41:10.848Z"}'
06-16 02:41:10.904 I/ReactNativeJS( 4315): '[VoIP][Diag] setRemoteAudioEnabled', { callId: 'call-0f44540d27f6', enabled: true, trackCount: 1 }
06-16 02:41:10.904 I/ReactNativeJS( 4315): '[UI_PRESS_PROBE]', '{"event":"VOIP_REMOTE_AUDIO_SUPPRESSION","call_id":"call-0f44540d27f6","suppressed":false,"timestamp":"2026-06-15T17:41:10.904Z"}'
06-16 02:41:10.944 I/ReactNativeJS( 4315): '[UI_PRESS_PROBE]', '{"event":"VOIP_VOICE_TRANSLATE_REQUEST","call_id":"call-0f44540d27f6","source_lang":"ja","target_lang":"ko","region_hint":null,"audio_base64_length":32568,"timestamp":"2026-06-15T17:41:10.944Z"}'
06-16 02:41:14.119 I/ReactNativeJS( 4315): '[UI_PRESS_PROBE]', '{"event":"VOIP_VOICE_TRANSLATE_RESULT","call_id":"call-0f44540d27f6","source_lang":"ja","target_lang":"ko","detected_lang":"ja","transcript_length":17,"translated_length":16,"translate_duration_ms":3174,"segment_duration_ms":3214,"utterance_id":"call-0f44540d27f6-1781545252919","chunk_index":0,"is_final":true,"seq_id":3,"has_audio_url":false,"has_audio_base64":false,"audio_format":null,"tts_delivery":"device_speech","timestamp":"2026-06-15T17:41:14.118Z"}'
06-16 02:41:14.120 I/ReactNativeJS( 4315): '[UI_PRESS_PROBE]', '{"event":"VOIP_VOICE_RELAY_SKIP","call_id":"call-0f44540d27f6","reason":"playback_pickup_echo","transcript":"こんにちは、よろしくお願いします。","translated_text":"안녕하세요, 잘 부탁드립니다.","timestamp":"2026-06-15T17:41:14.120Z"}'
06-16 02:41:14.120 I/ReactNativeJS( 4315): '[UI_PRESS_PROBE]', '{"event":"VOIP_VOICE_RELAY_CAPTURE_RETRY_SCHEDULED","call_id":"call-0f44540d27f6","retry_reason":"segment_complete","wait_ms":250,"timestamp":"2026-06-15T17:41:14.120Z"}'
06-16 02:41:14.147 I/ReactNativeJS( 4315): '[UI_PRESS_PROBE]', '{"event":"VOIP_WEBRTC_LOCAL_AUDIO_KEEP_SUSPENDED","call_id":"call-0f44540d27f6","reason":"segment_stop","timestamp":"2026-06-15T17:41:14.147Z"}'
06-16 02:41:14.472 I/ReactNativeJS( 4315): '[UI_PRESS_PROBE]', '{"event":"VOIP_RAIL_STATE_RESTORE","timestamp":"2026-06-15T17:41:14.472Z","token_ready":true,"user_ready":true,"show_login":false,"show_voip_tester":true,"selected_call_mode":"voip_full_auto","source":"app_state_active_restore","active_call_id":"call-0f44540d27f6","pending_call_id":null,"accepting_call_id":null,"active_section":"voip"}'
06-16 02:41:14.555 I/ReactNativeJS( 4315): '[VoIP][Diag] setRemoteAudioEnabled', { callId: 'call-0f44540d27f6', enabled: false, trackCount: 1 }
06-16 02:41:14.556 I/ReactNativeJS( 4315): '[UI_PRESS_PROBE]', '{"event":"VOIP_REMOTE_AUDIO_SUPPRESSION","call_id":"call-0f44540d27f6","suppressed":true,"timestamp":"2026-06-15T17:41:14.555Z"}'
06-16 02:41:14.556 I/ReactNativeJS( 4315): '[UI_PRESS_PROBE]', '{"event":"VOIP_VOICE_RELAY_SEGMENT_STARTED","call_id":"call-0f44540d27f6","connection_state":"connected","source_lang":"ja","target_lang":"ko","timestamp":"2026-06-15T17:41:14.556Z"}'
06-16 02:41:14.658 I/ReactNativeJS( 4315): '[UI_PRESS_PROBE]', '{"event":"VOIP_VOICE_RELAY_SILERO_STARTED","call_id":"call-0f44540d27f6","silence_ms":1100,"speech_ms":120,"timestamp":"2026-06-15T17:41:14.658Z"}'
06-16 02:41:15.483 I/ReactNativeJS( 4315): '[UI_PRESS_PROBE]', '{"event":"VOIP_VOICE_RELAY_METER_UNAVAILABLE","call_id":"call-0f44540d27f6","poll_misses":5,"last_meter_db":null,"file_rms_vad":true,"timestamp":"2026-06-15T17:41:15.482Z"}'
06-16 02:41:19.552 I/ReactNativeJS( 4315): '[UI_PRESS_PROBE]', '{"event":"VOIP_CALL_MODE_AUDIT_LOADED","call_id":"call-0f44540d27f6","event_count":2,"event_types":["call_initiated","call_accepted"],"show_loading":false,"timestamp":"2026-06-15T17:41:19.552Z"}'
06-16 02:41:22.286 I/ReactNativeJS( 4315): '[UI_PRESS_PROBE]', '{"event":"VOIP_VOICE_RELAY_SILERO_SPEECH_START","call_id":"call-0f44540d27f6","silence_duration_ms":1100,"timestamp":"2026-06-15T17:41:22.285Z"}'
06-16 02:41:26.526 I/ReactNativeJS( 4315): '[UI_PRESS_PROBE]', '{"event":"VOIP_VOICE_RELAY_SILERO_SPEECH_END","call_id":"call-0f44540d27f6","segment_duration_ms":12041,"speech_span_ms":4241,"silence_duration_ms":1100,"flush":true,"defer_reason":null,"timestamp":"2026-06-15T17:41:26.526Z"}'
06-16 02:41:26.527 I/ReactNativeJS( 4315): '[UI_PRESS_PROBE]', '{"event":"VOIP_VOICE_RELAY_SEGMENT_FLUSH","call_id":"call-0f44540d27f6","reason":"silence","is_final":true,"peak_meter_db":-160,"meter_unavailable":true,"timestamp":"2026-06-15T17:41:26.527Z"}'
06-16 02:41:26.570 I/ReactNativeJS( 4315): '[UI_PRESS_PROBE]', '{"event":"VOIP_VOICE_RELAY_SILERO_STOPPED","call_id":"call-0f44540d27f6","reason":"segment_flush","timestamp":"2026-06-15T17:41:26.569Z"}'
06-16 02:41:26.626 I/ReactNativeJS( 4315): '[VoIP][Diag] setRemoteAudioEnabled', { callId: 'call-0f44540d27f6', enabled: true, trackCount: 1 }
06-16 02:41:26.626 I/ReactNativeJS( 4315): '[UI_PRESS_PROBE]', '{"event":"VOIP_REMOTE_AUDIO_SUPPRESSION","call_id":"call-0f44540d27f6","suppressed":false,"timestamp":"2026-06-15T17:41:26.626Z"}'
06-16 02:41:26.683 I/ReactNativeJS( 4315): '[UI_PRESS_PROBE]', '{"event":"VOIP_VOICE_TRANSLATE_REQUEST","call_id":"call-0f44540d27f6","source_lang":"ja","target_lang":"ko","region_hint":null,"audio_base64_length":65848,"timestamp":"2026-06-15T17:41:26.683Z"}'
06-16 02:41:29.488 I/ReactNativeJS( 4315): [VoIP][DiagLine] connectSignaling:onmessage callId=call-0f44540d27f6 state=OPEN rawLength=61
06-16 02:41:29.489 I/ReactNativeJS( 4315): '[VoIP][Diag] connectSignaling:onmessage', { callId: 'call-0f44540d27f6',
06-16 02:41:29.489 I/ReactNativeJS( 4315):   rawPreview: '{"type":"pong","call_id":"call-0f44540d27f6","role":"callee"}' }
06-16 02:41:29.490 I/ReactNativeJS( 4315): '[VoIP][Diag] handleSignalingMessage:dispatch', { callId: 'call-0f44540d27f6',
06-16 02:41:29.490 I/ReactNativeJS( 4315):      call_id: 'call-0f44540d27f6',
06-16 02:41:29.490 I/ReactNativeJS( 4315): '[VoIP][Diag] handleSignalingMessage:pong', { callId: 'call-0f44540d27f6', socketState: 'OPEN' }
06-16 02:41:30.732 I/ReactNativeJS( 4315): '[UI_PRESS_PROBE]', '{"event":"VOIP_VOICE_TRANSLATE_RESULT","call_id":"call-0f44540d27f6","source_lang":"ja","target_lang":"ko","detected_lang":"ja","transcript_length":16,"translated_length":13,"translate_duration_ms":4048,"segment_duration_ms":4105,"utterance_id":"call-0f44540d27f6-1781545274147","chunk_index":0,"is_final":true,"seq_id":4,"has_audio_url":false,"has_audio_base64":false,"audio_format":null,"tts_delivery":"device_speech","timestamp":"2026-06-15T17:41:30.731Z"}'
06-16 02:41:30.734 I/ReactNativeJS( 4315):   call_id: 'call-0f44540d27f6',
06-16 02:41:30.734 I/ReactNativeJS( 4315):   utterance_id: 'call-0f44540d27f6-1781545274147',
06-16 02:41:30.735 I/ReactNativeJS( 4315): '[VoIP][Diag] sendSignalingMessage:sent', { callId: 'call-0f44540d27f6',
06-16 02:41:30.735 I/ReactNativeJS( 4315):      call_id: 'call-0f44540d27f6',
06-16 02:41:30.736 I/ReactNativeJS( 4315): '[UI_PRESS_PROBE]', '{"event":"VOIP_VOICE_RELAY_SENT","call_id":"call-0f44540d27f6","transcript":"こんにちは、よろしでおいします。","translated_text":"안녕하세요, 괜찮습니다.","utterance_id":"call-0f44540d27f6-1781545274147","chunk_index":0,"is_final":true,"seq_id":4,"relay_duration_ms":4110,"timestamp":"2026-06-15T17:41:30.736Z"}'
06-16 02:41:30.737 I/ReactNativeJS( 4315): '[UI_PRESS_PROBE]', '{"event":"VOIP_VOICE_RELAY_CAPTURE_RETRY_SCHEDULED","call_id":"call-0f44540d27f6","retry_reason":"segment_complete","wait_ms":3500,"timestamp":"2026-06-15T17:41:30.736Z"}'
06-16 02:41:30.783 I/ReactNativeJS( 4315): '[UI_PRESS_PROBE]', '{"event":"VOIP_WEBRTC_LOCAL_AUDIO_KEEP_SUSPENDED","call_id":"call-0f44540d27f6","reason":"segment_stop","timestamp":"2026-06-15T17:41:30.783Z"}'
