06-16 02:40:25.312 I/ReactNativeJS(27196): [VoIP][DiagLine] connectSignaling:onmessage callId=call-0f44540d27f6 state=OPEN rawLength=61
06-16 02:40:25.312 I/ReactNativeJS(27196): '[VoIP][Diag] connectSignaling:onmessage', { callId: 'call-0f44540d27f6',
06-16 02:40:25.312 I/ReactNativeJS(27196):   rawPreview: '{"type":"pong","call_id":"call-0f44540d27f6","role":"caller"}' }
06-16 02:40:25.314 I/ReactNativeJS(27196): '[VoIP][Diag] handleSignalingMessage:dispatch', { callId: 'call-0f44540d27f6',
06-16 02:40:25.314 I/ReactNativeJS(27196):      call_id: 'call-0f44540d27f6',
06-16 02:40:25.315 I/ReactNativeJS(27196): '[VoIP][Diag] handleSignalingMessage:pong', { callId: 'call-0f44540d27f6', socketState: 'OPEN' }
06-16 02:40:28.701 I/ReactNativeJS(27196): '[UI_PRESS_PROBE]', '{"event":"VOIP_VOICE_TRANSLATE_REJECTED","call_id":"call-0f44540d27f6","error_message":"음성이 감지되지 않았습니다. 다시 말씀해 주세요.","timestamp":"2026-06-15T17:40:28.701Z"}'
06-16 02:40:28.702 I/ReactNativeJS(27196): '[UI_PRESS_PROBE]', '{"event":"VOIP_VOICE_RELAY_CAPTURE_RETRY_SCHEDULED","call_id":"call-0f44540d27f6","retry_reason":"segment_complete","wait_ms":250,"timestamp":"2026-06-15T17:40:28.701Z"}'
06-16 02:40:28.726 I/ReactNativeJS(27196): '[UI_PRESS_PROBE]', '{"event":"VOIP_WEBRTC_LOCAL_AUDIO_KEEP_SUSPENDED","call_id":"call-0f44540d27f6","reason":"segment_stop","timestamp":"2026-06-15T17:40:28.726Z"}'
06-16 02:40:29.275 I/ReactNativeJS(27196): '[UI_PRESS_PROBE]', '{"event":"VOIP_RAIL_STATE_RESTORE","timestamp":"2026-06-15T17:40:29.274Z","token_ready":true,"user_ready":true,"show_login":false,"show_voip_tester":true,"selected_call_mode":"pstn_assist","source":"app_state_active_restore","active_call_id":"call-0f44540d27f6","pending_call_id":null,"accepting_call_id":null,"active_section":"voip"}'
06-16 02:40:29.282 I/ReactNativeJS(27196): '[UI_PRESS_PROBE]', '{"event":"VOIP_VALIDATION_AUTO_CALL_SKIPPED_ACTIVE_CALL","timestamp":"2026-06-15T17:40:29.281Z","token_ready":true,"user_ready":true,"show_login":false,"show_voip_tester":true,"selected_call_mode":"pstn_assist","source":"active_initial_url","callee_voice_id":"nado-000001","active_call_id":"call-0f44540d27f6","pending_call_id":null}'
06-16 02:40:29.432 I/ReactNativeJS(27196): '[VoIP][Diag] setRemoteAudioEnabled', { callId: 'call-0f44540d27f6', enabled: false, trackCount: 1 }
06-16 02:40:29.432 I/ReactNativeJS(27196): '[UI_PRESS_PROBE]', '{"event":"VOIP_REMOTE_AUDIO_SUPPRESSION","call_id":"call-0f44540d27f6","suppressed":true,"timestamp":"2026-06-15T17:40:29.432Z"}'
06-16 02:40:29.433 I/ReactNativeJS(27196): '[UI_PRESS_PROBE]', '{"event":"VOIP_VOICE_RELAY_SEGMENT_STARTED","call_id":"call-0f44540d27f6","connection_state":"connected","source_lang":"ko","target_lang":"ja","timestamp":"2026-06-15T17:40:29.432Z"}'
06-16 02:40:29.665 I/ReactNativeJS(27196): '[UI_PRESS_PROBE]', '{"event":"VOIP_VOICE_RELAY_SILERO_STARTED","call_id":"call-0f44540d27f6","silence_ms":1100,"speech_ms":120,"timestamp":"2026-06-15T17:40:29.665Z"}'
06-16 02:40:30.361 I/ReactNativeJS(27196): '[UI_PRESS_PROBE]', '{"event":"VOIP_VOICE_RELAY_METER_UNAVAILABLE","call_id":"call-0f44540d27f6","poll_misses":5,"last_meter_db":null,"file_rms_vad":true,"timestamp":"2026-06-15T17:40:30.361Z"}'
06-16 02:40:32.148 I/ReactNativeJS(27196): '[UI_PRESS_PROBE]', '{"event":"VOIP_VOICE_RELAY_SILERO_SPEECH_START","call_id":"call-0f44540d27f6","silence_duration_ms":1100,"timestamp":"2026-06-15T17:40:32.147Z"}'
06-16 02:40:37.964 I/ReactNativeJS(27196): '[UI_PRESS_PROBE]', '{"event":"VOIP_VOICE_RELAY_SILERO_SPEECH_END","call_id":"call-0f44540d27f6","segment_duration_ms":8632,"speech_span_ms":5816,"silence_duration_ms":1100,"flush":true,"defer_reason":null,"timestamp":"2026-06-15T17:40:37.963Z"}'
06-16 02:40:37.965 I/ReactNativeJS(27196): '[UI_PRESS_PROBE]', '{"event":"VOIP_VOICE_RELAY_SEGMENT_FLUSH","call_id":"call-0f44540d27f6","reason":"silence","is_final":true,"peak_meter_db":-160,"meter_unavailable":true,"timestamp":"2026-06-15T17:40:37.964Z"}'
06-16 02:40:38.006 I/ReactNativeJS(27196): '[UI_PRESS_PROBE]', '{"event":"VOIP_VOICE_RELAY_SILERO_STOPPED","call_id":"call-0f44540d27f6","reason":"segment_flush","timestamp":"2026-06-15T17:40:38.006Z"}'
06-16 02:40:38.264 I/ReactNativeJS(27196): '[VoIP][Diag] setRemoteAudioEnabled', { callId: 'call-0f44540d27f6', enabled: true, trackCount: 1 }
06-16 02:40:38.265 I/ReactNativeJS(27196): '[UI_PRESS_PROBE]', '{"event":"VOIP_REMOTE_AUDIO_SUPPRESSION","call_id":"call-0f44540d27f6","suppressed":false,"timestamp":"2026-06-15T17:40:38.265Z"}'
06-16 02:40:38.365 I/ReactNativeJS(27196): '[UI_PRESS_PROBE]', '{"event":"VOIP_VOICE_TRANSLATE_REQUEST","call_id":"call-0f44540d27f6","source_lang":"ko","target_lang":"ja","region_hint":null,"audio_base64_length":46516,"timestamp":"2026-06-15T17:40:38.364Z"}'
06-16 02:40:38.578 I/ReactNativeJS(27196): '[UI_PRESS_PROBE]', '{"event":"VOIP_RAIL_STATE_RESTORE","timestamp":"2026-06-15T17:40:38.578Z","token_ready":true,"user_ready":true,"show_login":false,"show_voip_tester":true,"selected_call_mode":"pstn_assist","source":"app_state_active_restore","active_call_id":"call-0f44540d27f6","pending_call_id":null,"accepting_call_id":null,"active_section":"voip"}'
06-16 02:40:38.584 I/ReactNativeJS(27196): '[UI_PRESS_PROBE]', '{"event":"VOIP_VALIDATION_AUTO_CALL_SKIPPED_ACTIVE_CALL","timestamp":"2026-06-15T17:40:38.584Z","token_ready":true,"user_ready":true,"show_login":false,"show_voip_tester":true,"selected_call_mode":"pstn_assist","source":"active_initial_url","callee_voice_id":"nado-000001","active_call_id":"call-0f44540d27f6","pending_call_id":null}'
06-16 02:40:38.730 I/ReactNativeJS(27196): '[VoIP][Diag] setRemoteAudioEnabled', { callId: 'call-0f44540d27f6', enabled: false, trackCount: 1 }
06-16 02:40:38.730 I/ReactNativeJS(27196): '[UI_PRESS_PROBE]', '{"event":"VOIP_REMOTE_AUDIO_SUPPRESSION","call_id":"call-0f44540d27f6","suppressed":true,"timestamp":"2026-06-15T17:40:38.730Z"}'
06-16 02:40:38.731 I/ReactNativeJS(27196): '[UI_PRESS_PROBE]', '{"event":"VOIP_VOICE_RELAY_SEGMENT_STARTED","call_id":"call-0f44540d27f6","connection_state":"connected","source_lang":"ko","target_lang":"ja","timestamp":"2026-06-15T17:40:38.730Z"}'
06-16 02:40:38.994 I/ReactNativeJS(27196): '[UI_PRESS_PROBE]', '{"event":"VOIP_VOICE_RELAY_SILERO_STARTED","call_id":"call-0f44540d27f6","silence_ms":1100,"speech_ms":120,"timestamp":"2026-06-15T17:40:38.994Z"}'
06-16 02:40:41.211 I/ReactNativeJS(27196): [VoIP][DiagLine] connectSignaling:onmessage callId=call-0f44540d27f6 state=OPEN rawLength=394
06-16 02:40:41.211 I/ReactNativeJS(27196): '[VoIP][Diag] connectSignaling:onmessage', { callId: 'call-0f44540d27f6',
06-16 02:40:41.213 I/ReactNativeJS(27196): '[VoIP][Diag] handleSignalingMessage:dispatch', { callId: 'call-0f44540d27f6',
06-16 02:40:41.213 I/ReactNativeJS(27196):      call_id: 'call-0f44540d27f6',
06-16 02:40:41.217 I/ReactNativeJS(27196): '[UI_PRESS_PROBE]', '{"event":"VOIP_VOICE_RELAY_PLAYBACK","call_id":"call-0f44540d27f6","target_lang":"ko","translated_text":"안녕하세요, 잘 부탁드립니다.","translated_length":16,"tts_delivery":"device_speech","speaker_on":false,"timestamp":"2026-06-15T17:40:41.217Z"}'
06-16 02:40:41.297 I/ReactNativeJS(27196): '[UI_PRESS_PROBE]', '{"event":"VOIP_VOICE_RELAY_SILERO_STOPPED","call_id":"call-0f44540d27f6","reason":"segment_stop","timestamp":"2026-06-15T17:40:41.297Z"}'
06-16 02:40:41.512 I/ReactNativeJS(27196): '[VoIP][Diag] setRemoteAudioEnabled', { callId: 'call-0f44540d27f6', enabled: true, trackCount: 1 }
06-16 02:40:41.513 I/ReactNativeJS(27196): '[UI_PRESS_PROBE]', '{"event":"VOIP_REMOTE_AUDIO_SUPPRESSION","call_id":"call-0f44540d27f6","suppressed":false,"timestamp":"2026-06-15T17:40:41.513Z"}'
06-16 02:40:41.518 I/ReactNativeJS(27196): '[UI_PRESS_PROBE]', '{"event":"VOIP_WEBRTC_LOCAL_AUDIO_KEEP_SUSPENDED","call_id":"call-0f44540d27f6","reason":"segment_stop","timestamp":"2026-06-15T17:40:41.517Z"}'
06-16 02:40:44.865 I/ReactNativeJS(27196): '[UI_PRESS_PROBE]', '{"event":"VOIP_VOICE_RELAY_CAPTURE_RETRY_SCHEDULED","call_id":"call-0f44540d27f6","retry_reason":"playback_complete","wait_ms":250,"timestamp":"2026-06-15T17:40:44.865Z"}'
06-16 02:40:45.001 I/ReactNativeJS(27196): '[UI_PRESS_PROBE]', '{"event":"VOIP_RAIL_STATE_RESTORE","timestamp":"2026-06-15T17:40:45.000Z","token_ready":true,"user_ready":true,"show_login":false,"show_voip_tester":true,"selected_call_mode":"pstn_assist","source":"app_state_active_restore","active_call_id":"call-0f44540d27f6","pending_call_id":null,"accepting_call_id":null,"active_section":"voip"}'
06-16 02:40:45.008 I/ReactNativeJS(27196): '[UI_PRESS_PROBE]', '{"event":"VOIP_VALIDATION_AUTO_CALL_SKIPPED_ACTIVE_CALL","timestamp":"2026-06-15T17:40:45.007Z","token_ready":true,"user_ready":true,"show_login":false,"show_voip_tester":true,"selected_call_mode":"pstn_assist","source":"active_initial_url","callee_voice_id":"nado-000001","active_call_id":"call-0f44540d27f6","pending_call_id":null}'
06-16 02:40:45.168 I/ReactNativeJS(27196): '[VoIP][Diag] setRemoteAudioEnabled', { callId: 'call-0f44540d27f6', enabled: false, trackCount: 1 }
06-16 02:40:45.168 I/ReactNativeJS(27196): '[UI_PRESS_PROBE]', '{"event":"VOIP_REMOTE_AUDIO_SUPPRESSION","call_id":"call-0f44540d27f6","suppressed":true,"timestamp":"2026-06-15T17:40:45.168Z"}'
06-16 02:40:45.169 I/ReactNativeJS(27196): '[UI_PRESS_PROBE]', '{"event":"VOIP_VOICE_RELAY_SEGMENT_STARTED","call_id":"call-0f44540d27f6","connection_state":"connected","source_lang":"ko","target_lang":"ja","timestamp":"2026-06-15T17:40:45.168Z"}'
06-16 02:40:45.169 I/ReactNativeJS(27196): '[UI_PRESS_PROBE]', '{"event":"VOIP_VOICE_RELAY_START_BLOCKED","call_id":"call-0f44540d27f6","reason":"recording_in_progress","connection_state":"connected","has_remote_audio":true,"signaling":{"hasSocket":true,"socketState":"OPEN","connectionState":"connected","hasRemoteAudio":false},"timestamp":"2026-06-15T17:40:45.169Z"}'
06-16 02:40:45.458 I/ReactNativeJS(27196): '[UI_PRESS_PROBE]', '{"event":"VOIP_VOICE_RELAY_SILERO_STARTED","call_id":"call-0f44540d27f6","silence_ms":1100,"speech_ms":120,"timestamp":"2026-06-15T17:40:45.457Z"}'
06-16 02:40:45.491 I/ReactNativeJS(27196): [VoIP][DiagLine] connectSignaling:onmessage callId=call-0f44540d27f6 state=OPEN rawLength=61
06-16 02:40:45.492 I/ReactNativeJS(27196): '[VoIP][Diag] connectSignaling:onmessage', { callId: 'call-0f44540d27f6',
06-16 02:40:45.492 I/ReactNativeJS(27196):   rawPreview: '{"type":"pong","call_id":"call-0f44540d27f6","role":"caller"}' }
06-16 02:40:45.494 I/ReactNativeJS(27196): '[VoIP][Diag] handleSignalingMessage:dispatch', { callId: 'call-0f44540d27f6',
06-16 02:40:45.494 I/ReactNativeJS(27196):      call_id: 'call-0f44540d27f6',
06-16 02:40:45.494 I/ReactNativeJS(27196): '[VoIP][Diag] handleSignalingMessage:pong', { callId: 'call-0f44540d27f6', socketState: 'OPEN' }
06-16 02:40:45.575 I/ReactNativeJS(27196): '[UI_PRESS_PROBE]', '{"event":"VOIP_CALL_MODE_AUDIT_LOADED","call_id":"call-0f44540d27f6","event_count":2,"event_types":["call_initiated","call_accepted"],"show_loading":false,"timestamp":"2026-06-15T17:40:45.574Z"}'
06-16 02:40:47.089 I/ReactNativeJS(27196): '[UI_PRESS_PROBE]', '{"event":"VOIP_VOICE_RELAY_SILERO_SPEECH_START","call_id":"call-0f44540d27f6","silence_duration_ms":1100,"timestamp":"2026-06-15T17:40:47.088Z"}'
06-16 02:40:47.715 I/ReactNativeJS(27196): '[UI_PRESS_PROBE]', '{"event":"VOIP_VOICE_RELAY_SKIP","call_id":"call-0f44540d27f6","reason":"aborted_after_stt","timestamp":"2026-06-15T17:40:47.715Z"}'
06-16 02:40:47.715 I/ReactNativeJS(27196): '[UI_PRESS_PROBE]', '{"event":"VOIP_VOICE_RELAY_CAPTURE_RETRY_SCHEDULED","call_id":"call-0f44540d27f6","retry_reason":"segment_complete","wait_ms":250,"timestamp":"2026-06-15T17:40:47.715Z"}'
06-16 02:40:47.753 I/ReactNativeJS(27196): '[VoIP][Diag] setRemoteAudioEnabled', { callId: 'call-0f44540d27f6', enabled: true, trackCount: 1 }
06-16 02:40:47.754 I/ReactNativeJS(27196): '[UI_PRESS_PROBE]', '{"event":"VOIP_REMOTE_AUDIO_SUPPRESSION","call_id":"call-0f44540d27f6","suppressed":false,"timestamp":"2026-06-15T17:40:47.753Z"}'
06-16 02:40:47.754 I/ReactNativeJS(27196): '[UI_PRESS_PROBE]', '{"event":"VOIP_WEBRTC_LOCAL_AUDIO_KEEP_SUSPENDED","call_id":"call-0f44540d27f6","reason":"segment_stop","timestamp":"2026-06-15T17:40:47.754Z"}'
06-16 02:40:48.475 I/ReactNativeJS(27196): '[UI_PRESS_PROBE]', '{"event":"VOIP_VOICE_RELAY_METER_UNAVAILABLE","call_id":"call-0f44540d27f6","poll_misses":5,"last_meter_db":null,"file_rms_vad":true,"timestamp":"2026-06-15T17:40:48.475Z"}'
06-16 02:40:50.663 I/ReactNativeJS(27196): '[UI_PRESS_PROBE]', '{"event":"VOIP_VOICE_RELAY_SILERO_SPEECH_END","call_id":"call-0f44540d27f6","segment_duration_ms":2908,"speech_span_ms":null,"silence_duration_ms":1100,"flush":false,"defer_reason":"segment_too_short","timestamp":"2026-06-15T17:40:50.663Z"}'
06-16 02:40:53.983 I/ReactNativeJS(27196): '[UI_PRESS_PROBE]', '{"event":"VOIP_VOICE_RELAY_SILERO_SPEECH_START","call_id":"call-0f44540d27f6","silence_duration_ms":1100,"timestamp":"2026-06-15T17:40:53.982Z"}'
06-16 02:40:56.173 I/ReactNativeJS(27196): '[UI_PRESS_PROBE]', '{"event":"VOIP_VOICE_RELAY_SILERO_SPEECH_END","call_id":"call-0f44540d27f6","segment_duration_ms":8418,"speech_span_ms":2190,"silence_duration_ms":1100,"flush":true,"defer_reason":null,"timestamp":"2026-06-15T17:40:56.172Z"}'
06-16 02:40:56.174 I/ReactNativeJS(27196): '[UI_PRESS_PROBE]', '{"event":"VOIP_VOICE_RELAY_SEGMENT_FLUSH","call_id":"call-0f44540d27f6","reason":"silence","is_final":true,"peak_meter_db":-160,"meter_unavailable":true,"timestamp":"2026-06-15T17:40:56.174Z"}'
06-16 02:40:56.223 I/ReactNativeJS(27196): '[UI_PRESS_PROBE]', '{"event":"VOIP_VOICE_RELAY_SILERO_STOPPED","call_id":"call-0f44540d27f6","reason":"segment_flush","timestamp":"2026-06-15T17:40:56.223Z"}'
06-16 02:40:56.551 I/ReactNativeJS(27196): '[UI_PRESS_PROBE]', '{"event":"VOIP_VOICE_TRANSLATE_REQUEST","call_id":"call-0f44540d27f6","source_lang":"ko","target_lang":"ja","region_hint":null,"audio_base64_length":60016,"timestamp":"2026-06-15T17:40:56.550Z"}'
06-16 02:40:56.555 I/ReactNativeJS(27196): '[UI_PRESS_PROBE]', '{"event":"VOIP_VOICE_RELAY_START_BLOCKED","call_id":"call-0f44540d27f6","reason":"segment_processing_in_progress","connection_state":"connected","has_remote_audio":true,"signaling":{"hasSocket":true,"socketState":"OPEN","connectionState":"connected","hasRemoteAudio":true},"timestamp":"2026-06-15T17:40:56.555Z"}'
06-16 02:41:02.347 I/ReactNativeJS(27196): '[UI_PRESS_PROBE]', '{"event":"VOIP_VOICE_TRANSLATE_RESULT","call_id":"call-0f44540d27f6","source_lang":"ja","target_lang":"ko","detected_lang":"ja","transcript_length":17,"translated_length":16,"translate_duration_ms":5794,"segment_duration_ms":5901,"utterance_id":"call-0f44540d27f6-1781545247754","chunk_index":0,"is_final":true,"seq_id":1,"has_audio_url":false,"has_audio_base64":false,"audio_format":null,"tts_delivery":"device_speech","timestamp":"2026-06-15T17:41:02.346Z"}'
06-16 02:41:02.349 I/ReactNativeJS(27196):   call_id: 'call-0f44540d27f6',
06-16 02:41:02.349 I/ReactNativeJS(27196):   utterance_id: 'call-0f44540d27f6-1781545247754',
06-16 02:41:02.350 I/ReactNativeJS(27196): '[VoIP][Diag] sendSignalingMessage:sent', { callId: 'call-0f44540d27f6',
06-16 02:41:02.350 I/ReactNativeJS(27196):      call_id: 'call-0f44540d27f6',
06-16 02:41:02.351 I/ReactNativeJS(27196): '[UI_PRESS_PROBE]', '{"event":"VOIP_VOICE_RELAY_SENT","call_id":"call-0f44540d27f6","transcript":"こんにちは。よろしくお願いします。","translated_text":"안녕하세요. 잘 부탁드립니다.","utterance_id":"call-0f44540d27f6-1781545247754","chunk_index":0,"is_final":true,"seq_id":1,"relay_duration_ms":5906,"timestamp":"2026-06-15T17:41:02.351Z"}'
06-16 02:41:02.351 I/ReactNativeJS(27196): '[UI_PRESS_PROBE]', '{"event":"VOIP_VOICE_RELAY_CAPTURE_RETRY_SCHEDULED","call_id":"call-0f44540d27f6","retry_reason":"segment_complete","wait_ms":3500,"timestamp":"2026-06-15T17:41:02.351Z"}'
06-16 02:41:02.423 I/ReactNativeJS(27196): '[UI_PRESS_PROBE]', '{"event":"VOIP_WEBRTC_LOCAL_AUDIO_KEEP_SUSPENDED","call_id":"call-0f44540d27f6","reason":"segment_stop","timestamp":"2026-06-15T17:41:02.423Z"}'
06-16 02:41:05.337 I/ReactNativeJS(27196): [VoIP][DiagLine] connectSignaling:onmessage callId=call-0f44540d27f6 state=OPEN rawLength=61
06-16 02:41:05.338 I/ReactNativeJS(27196): '[VoIP][Diag] connectSignaling:onmessage', { callId: 'call-0f44540d27f6',
06-16 02:41:05.338 I/ReactNativeJS(27196):   rawPreview: '{"type":"pong","call_id":"call-0f44540d27f6","role":"caller"}' }
06-16 02:41:05.339 I/ReactNativeJS(27196): '[VoIP][Diag] handleSignalingMessage:dispatch', { callId: 'call-0f44540d27f6',
06-16 02:41:05.339 I/ReactNativeJS(27196):      call_id: 'call-0f44540d27f6',
06-16 02:41:05.339 I/ReactNativeJS(27196): '[VoIP][Diag] handleSignalingMessage:pong', { callId: 'call-0f44540d27f6', socketState: 'OPEN' }
06-16 02:41:06.150 I/ReactNativeJS(27196): '[UI_PRESS_PROBE]', '{"event":"VOIP_RAIL_STATE_RESTORE","timestamp":"2026-06-15T17:41:06.149Z","token_ready":true,"user_ready":true,"show_login":false,"show_voip_tester":true,"selected_call_mode":"pstn_assist","source":"app_state_active_restore","active_call_id":"call-0f44540d27f6","pending_call_id":null,"accepting_call_id":null,"active_section":"voip"}'
06-16 02:41:06.156 I/ReactNativeJS(27196): '[UI_PRESS_PROBE]', '{"event":"VOIP_VALIDATION_AUTO_CALL_SKIPPED_ACTIVE_CALL","timestamp":"2026-06-15T17:41:06.156Z","token_ready":true,"user_ready":true,"show_login":false,"show_voip_tester":true,"selected_call_mode":"pstn_assist","source":"active_initial_url","callee_voice_id":"nado-000001","active_call_id":"call-0f44540d27f6","pending_call_id":null}'
06-16 02:41:06.299 I/ReactNativeJS(27196): '[VoIP][Diag] setRemoteAudioEnabled', { callId: 'call-0f44540d27f6', enabled: false, trackCount: 1 }
06-16 02:41:06.299 I/ReactNativeJS(27196): '[UI_PRESS_PROBE]', '{"event":"VOIP_REMOTE_AUDIO_SUPPRESSION","call_id":"call-0f44540d27f6","suppressed":true,"timestamp":"2026-06-15T17:41:06.299Z"}'
06-16 02:41:06.299 I/ReactNativeJS(27196): '[UI_PRESS_PROBE]', '{"event":"VOIP_VOICE_RELAY_SEGMENT_STARTED","call_id":"call-0f44540d27f6","connection_state":"connected","source_lang":"ko","target_lang":"ja","timestamp":"2026-06-15T17:41:06.299Z"}'
06-16 02:41:06.554 I/ReactNativeJS(27196): '[UI_PRESS_PROBE]', '{"event":"VOIP_VOICE_RELAY_SILERO_STARTED","call_id":"call-0f44540d27f6","silence_ms":1100,"speech_ms":120,"timestamp":"2026-06-15T17:41:06.554Z"}'
06-16 02:41:07.216 I/ReactNativeJS(27196): '[UI_PRESS_PROBE]', '{"event":"VOIP_VOICE_RELAY_METER_UNAVAILABLE","call_id":"call-0f44540d27f6","poll_misses":5,"last_meter_db":null,"file_rms_vad":true,"timestamp":"2026-06-15T17:41:07.216Z"}'
06-16 02:41:15.684 I/ReactNativeJS(27196): '[UI_PRESS_PROBE]', '{"event":"VOIP_CALL_MODE_AUDIT_LOADED","call_id":"call-0f44540d27f6","event_count":2,"event_types":["call_initiated","call_accepted"],"show_loading":false,"timestamp":"2026-06-15T17:41:15.683Z"}'
06-16 02:41:25.338 I/ReactNativeJS(27196): [VoIP][DiagLine] connectSignaling:onmessage callId=call-0f44540d27f6 state=OPEN rawLength=61
06-16 02:41:25.339 I/ReactNativeJS(27196): '[VoIP][Diag] connectSignaling:onmessage', { callId: 'call-0f44540d27f6',
06-16 02:41:25.339 I/ReactNativeJS(27196):   rawPreview: '{"type":"pong","call_id":"call-0f44540d27f6","role":"caller"}' }
06-16 02:41:25.341 I/ReactNativeJS(27196): '[VoIP][Diag] handleSignalingMessage:dispatch', { callId: 'call-0f44540d27f6',
06-16 02:41:25.341 I/ReactNativeJS(27196):      call_id: 'call-0f44540d27f6',
06-16 02:41:25.342 I/ReactNativeJS(27196): '[VoIP][Diag] handleSignalingMessage:pong', { callId: 'call-0f44540d27f6', socketState: 'OPEN' }
06-16 02:41:31.856 I/ReactNativeJS(27196): [VoIP][DiagLine] connectSignaling:onmessage callId=call-0f44540d27f6 state=OPEN rawLength=390
06-16 02:41:31.857 I/ReactNativeJS(27196): '[VoIP][Diag] connectSignaling:onmessage', { callId: 'call-0f44540d27f6',
06-16 02:41:31.861 I/ReactNativeJS(27196): '[VoIP][Diag] handleSignalingMessage:dispatch', { callId: 'call-0f44540d27f6',
06-16 02:41:31.861 I/ReactNativeJS(27196):      call_id: 'call-0f44540d27f6',
06-16 02:41:31.866 I/ReactNativeJS(27196): '[UI_PRESS_PROBE]', '{"event":"VOIP_VOICE_RELAY_PLAYBACK","call_id":"call-0f44540d27f6","target_lang":"ko","translated_text":"안녕하세요, 괜찮습니다.","translated_length":13,"tts_delivery":"device_speech","speaker_on":false,"timestamp":"2026-06-15T17:41:31.866Z"}'
06-16 02:41:31.983 I/ReactNativeJS(27196): '[UI_PRESS_PROBE]', '{"event":"VOIP_VOICE_RELAY_SILERO_STOPPED","call_id":"call-0f44540d27f6","reason":"segment_stop","timestamp":"2026-06-15T17:41:31.982Z"}'
06-16 02:41:32.127 I/ReactNativeJS(27196): '[VoIP][Diag] setRemoteAudioEnabled', { callId: 'call-0f44540d27f6', enabled: true, trackCount: 1 }
06-16 02:41:32.127 I/ReactNativeJS(27196): '[UI_PRESS_PROBE]', '{"event":"VOIP_REMOTE_AUDIO_SUPPRESSION","call_id":"call-0f44540d27f6","suppressed":false,"timestamp":"2026-06-15T17:41:32.127Z"}'
06-16 02:41:32.136 I/ReactNativeJS(27196): '[UI_PRESS_PROBE]', '{"event":"VOIP_WEBRTC_LOCAL_AUDIO_KEEP_SUSPENDED","call_id":"call-0f44540d27f6","reason":"segment_stop","timestamp":"2026-06-15T17:41:32.135Z"}'
