--------- beginning of main
06-14 14:00:45.816 I/ReactNativeJS( 6105): '[UI_PRESS_PROBE]', '{"event":"VOIP_CALL_MODE_AUDIT_LOADED","call_id":"call-fffba06174b9","event_count":2,"event_types":["call_initiated","call_accepted"],"timestamp":"2026-06-14T05:00:45.816Z"}'
06-14 14:00:45.871 I/ReactNativeJS( 6105): '[UI_PRESS_PROBE]', '{"event":"VOIP_CALL_MODE_AUDIT_LOADED","call_id":"call-fffba06174b9","event_count":2,"event_types":["call_initiated","call_accepted"],"timestamp":"2026-06-14T05:00:45.871Z"}'
06-14 14:00:45.944 I/ReactNativeJS( 6105): '[UI_PRESS_PROBE]', '{"event":"VOIP_CALL_MODE_AUDIT_LOADED","call_id":"call-fffba06174b9","event_count":2,"event_types":["call_initiated","call_accepted"],"timestamp":"2026-06-14T05:00:45.944Z"}'
06-14 14:00:45.990 I/ReactNativeJS( 6105): '[UI_PRESS_PROBE]', '{"event":"VOIP_CALL_MODE_AUDIT_LOADED","call_id":"call-fffba06174b9","event_count":2,"event_types":["call_initiated","call_accepted"],"timestamp":"2026-06-14T05:00:45.989Z"}'
06-14 14:00:46.035 I/ReactNativeJS( 6105): '[UI_PRESS_PROBE]', '{"event":"VOIP_CALL_MODE_AUDIT_LOADED","call_id":"call-fffba06174b9","event_count":2,"event_types":["call_initiated","call_accepted"],"timestamp":"2026-06-14T05:00:46.035Z"}'
06-14 14:00:46.077 I/ReactNativeJS( 6105): '[UI_PRESS_PROBE]', '{"event":"VOIP_CALL_MODE_AUDIT_LOADED","call_id":"call-fffba06174b9","event_count":2,"event_types":["call_initiated","call_accepted"],"timestamp":"2026-06-14T05:00:46.076Z"}'
06-14 14:00:46.120 I/ReactNativeJS( 6105): '[UI_PRESS_PROBE]', '{"event":"VOIP_CALL_MODE_AUDIT_LOADED","call_id":"call-fffba06174b9","event_count":2,"event_types":["call_initiated","call_accepted"],"timestamp":"2026-06-14T05:00:46.120Z"}'
06-14 14:00:46.156 I/ReactNativeJS( 6105): '[UI_PRESS_PROBE]', '{"event":"VOIP_CALL_MODE_AUDIT_LOADED","call_id":"call-fffba06174b9","event_count":2,"event_types":["call_initiated","call_accepted"],"timestamp":"2026-06-14T05:00:46.156Z"}'
06-14 14:00:46.227 I/ReactNativeJS( 6105): '[UI_PRESS_PROBE]', '{"event":"VOIP_CALL_MODE_AUDIT_LOADED","call_id":"call-fffba06174b9","event_count":2,"event_types":["call_initiated","call_accepted"],"timestamp":"2026-06-14T05:00:46.226Z"}'
06-14 14:00:46.269 I/ReactNativeJS( 6105): '[UI_PRESS_PROBE]', '{"event":"VOIP_CALL_MODE_AUDIT_LOADED","call_id":"call-fffba06174b9","event_count":2,"event_types":["call_initiated","call_accepted"],"timestamp":"2026-06-14T05:00:46.268Z"}'
06-14 14:00:46.306 I/ReactNativeJS( 6105): '[UI_PRESS_PROBE]', '{"event":"VOIP_CALL_MODE_AUDIT_LOADED","call_id":"call-fffba06174b9","event_count":2,"event_types":["call_initiated","call_accepted"],"timestamp":"2026-06-14T05:00:46.305Z"}'
06-14 14:00:46.374 I/ReactNativeJS( 6105): '[UI_PRESS_PROBE]', '{"event":"VOIP_CALL_MODE_AUDIT_LOADED","call_id":"call-fffba06174b9","event_count":2,"event_types":["call_initiated","call_accepted"],"timestamp":"2026-06-14T05:00:46.374Z"}'
06-14 14:00:46.423 I/ReactNativeJS( 6105): '[UI_PRESS_PROBE]', '{"event":"VOIP_CALL_MODE_AUDIT_LOADED","call_id":"call-fffba06174b9","event_count":2,"event_types":["call_initiated","call_accepted"],"timestamp":"2026-06-14T05:00:46.423Z"}'
06-14 14:00:46.470 I/ReactNativeJS( 6105): '[UI_PRESS_PROBE]', '{"event":"VOIP_CALL_MODE_AUDIT_LOADED","call_id":"call-fffba06174b9","event_count":2,"event_types":["call_initiated","call_accepted"],"timestamp":"2026-06-14T05:00:46.470Z"}'
06-14 14:00:46.534 I/ReactNativeJS( 6105): '[UI_PRESS_PROBE]', '{"event":"VOIP_CALL_MODE_AUDIT_LOADED","call_id":"call-fffba06174b9","event_count":2,"event_types":["call_initiated","call_accepted"],"timestamp":"2026-06-14T05:00:46.533Z"}'
06-14 14:00:46.575 I/ReactNativeJS( 6105): '[UI_PRESS_PROBE]', '{"event":"VOIP_CALL_MODE_AUDIT_LOADED","call_id":"call-fffba06174b9","event_count":2,"event_types":["call_initiated","call_accepted"],"timestamp":"2026-06-14T05:00:46.575Z"}'
06-14 14:00:46.628 I/ReactNativeJS( 6105): '[UI_PRESS_PROBE]', '{"event":"VOIP_CALL_MODE_AUDIT_LOADED","call_id":"call-fffba06174b9","event_count":2,"event_types":["call_initiated","call_accepted"],"timestamp":"2026-06-14T05:00:46.628Z"}'
06-14 14:00:46.673 I/ReactNativeJS( 6105): '[UI_PRESS_PROBE]', '{"event":"VOIP_CALL_MODE_AUDIT_LOADED","call_id":"call-fffba06174b9","event_count":2,"event_types":["call_initiated","call_accepted"],"timestamp":"2026-06-14T05:00:46.673Z"}'
06-14 14:00:46.710 I/ReactNativeJS( 6105): '[UI_PRESS_PROBE]', '{"event":"VOIP_CALL_MODE_AUDIT_LOADED","call_id":"call-fffba06174b9","event_count":2,"event_types":["call_initiated","call_accepted"],"timestamp":"2026-06-14T05:00:46.710Z"}'
06-14 14:00:46.734 I/ReactNativeJS( 6105): [VoIP][DiagLine] connectSignaling:onmessage callId=call-fffba06174b9 state=OPEN rawLength=61
06-14 14:00:46.734 I/ReactNativeJS( 6105): '[VoIP][Diag] connectSignaling:onmessage', { callId: 'call-fffba06174b9',
06-14 14:00:46.734 I/ReactNativeJS( 6105):   socketState: 'OPEN',
06-14 14:00:46.734 I/ReactNativeJS( 6105):   rawLength: 61,
06-14 14:00:46.734 I/ReactNativeJS( 6105):   rawPreview: '{"type":"pong","call_id":"call-fffba06174b9","role":"callee"}' }
06-14 14:00:46.735 I/ReactNativeJS( 6105): '[VoIP][Diag] handleSignalingMessage:dispatch', { callId: 'call-fffba06174b9',
06-14 14:00:46.735 I/ReactNativeJS( 6105):   socketState: 'OPEN',
06-14 14:00:46.735 I/ReactNativeJS( 6105):   summary: 
06-14 14:00:46.735 I/ReactNativeJS( 6105):    { type: 'pong',
06-14 14:00:46.735 I/ReactNativeJS( 6105):      call_id: 'call-fffba06174b9',
06-14 14:00:46.735 I/ReactNativeJS( 6105):      from_role: null,
06-14 14:00:46.735 I/ReactNativeJS( 6105):      has_sdp: false,
06-14 14:00:46.735 I/ReactNativeJS( 6105):      sdp_length: 0,
06-14 14:00:46.735 I/ReactNativeJS( 6105):      has_candidate: false,
06-14 14:00:46.735 I/ReactNativeJS( 6105):      candidate_length: 0,
06-14 14:00:46.735 I/ReactNativeJS( 6105):      sdp_mid: null,
06-14 14:00:46.735 I/ReactNativeJS( 6105):      sdp_Milne_index: null,
06-14 14:00:46.735 I/ReactNativeJS( 6105):      username_fragment: null },
06-14 14:00:46.735 I/ReactNativeJS( 6105):   normalizedType: 'pong' }
06-14 14:00:46.735 I/ReactNativeJS( 6105): '[VoIP][Diag] handleSignalingMessage:pong', { callId: 'call-fffba06174b9', socketState: 'OPEN' }
06-14 14:00:46.750 I/ReactNativeJS( 6105): '[UI_PRESS_PROBE]', '{"event":"VOIP_CALL_MODE_AUDIT_LOADED","call_id":"call-fffba06174b9","event_count":2,"event_types":["call_initiated","call_accepted"],"timestamp":"2026-06-14T05:00:46.750Z"}'
06-14 14:00:46.833 I/ReactNativeJS( 6105): '[UI_PRESS_PROBE]', '{"event":"VOIP_CALL_MODE_AUDIT_LOADED","call_id":"call-fffba06174b9","event_count":2,"event_types":["call_initiated","call_accepted"],"timestamp":"2026-06-14T05:00:46.833Z"}'
06-14 14:00:46.894 I/ReactNativeJS( 6105): '[UI_PRESS_PROBE]', '{"event":"VOIP_CALL_MODE_AUDIT_LOADED","call_id":"call-fffba06174b9","event_count":2,"event_types":["call_initiated","call_accepted"],"timestamp":"2026-06-14T05:00:46.894Z"}'
06-14 14:00:46.943 I/ReactNativeJS( 6105): '[UI_PRESS_PROBE]', '{"event":"VOIP_CALL_MODE_AUDIT_LOADED","call_id":"call-fffba06174b9","event_count":2,"event_types":["call_initiated","call_accepted"],"timestamp":"2026-06-14T05:00:46.943Z"}'
06-14 14:00:46.990 I/ReactNativeJS( 6105): '[UI_PRESS_PROBE]', '{"event":"VOIP_CALL_MODE_AUDIT_LOADED","call_id":"call-fffba06174b9","event_count":2,"event_types":["call_initiated","call_accepted"],"timestamp":"2026-06-14T05:00:46.990Z"}'
06-14 14:00:47.040 I/ReactNativeJS( 6105): '[UI_PRESS_PROBE]', '{"event":"VOIP_CALL_MODE_AUDIT_LOADED","call_id":"call-fffba06174b9","event_count":2,"event_types":["call_initiated","call_accepted"],"timestamp":"2026-06-14T05:00:47.040Z"}'
06-14 14:00:47.081 I/ReactNativeJS( 6105): '[UI_PRESS_PROBE]', '{"event":"VOIP_CALL_MODE_AUDIT_LOADED","call_id":"call-fffba06174b9","event_count":2,"event_types":["call_initiated","call_accepted"],"timestamp":"2026-06-14T05:00:47.081Z"}'
06-14 14:00:47.125 I/ReactNativeJS( 6105): '[UI_PRESS_PROBE]', '{"event":"VOIP_CALL_MODE_AUDIT_LOADED","call_id":"call-fffba06174b9","event_count":2,"event_types":["call_initiated","call_accepted"],"timestamp":"2026-06-14T05:00:47.125Z"}'
06-14 14:00:47.164 I/ReactNativeJS( 6105): '[UI_PRESS_PROBE]', '{"event":"VOIP_CALL_MODE_AUDIT_LOADED","call_id":"call-fffba06174b9","event_count":2,"event_types":["call_initiated","call_accepted"],"timestamp":"2026-06-14T05:00:47.163Z"}'
06-14 14:00:47.208 I/ReactNativeJS( 6105): '[UI_PRESS_PROBE]', '{"event":"VOIP_CALL_MODE_AUDIT_LOADED","call_id":"call-fffba06174b9","event_count":2,"event_types":["call_initiated","call_accepted"],"timestamp":"2026-06-14T05:00:47.208Z"}'
06-14 14:00:47.277 I/ReactNativeJS( 6105): '[UI_PRESS_PROBE]', '{"event":"VOIP_CALL_MODE_AUDIT_LOADED","call_id":"call-fffba06174b9","event_count":2,"event_types":["call_initiated","call_accepted"],"timestamp":"2026-06-14T05:00:47.277Z"}'
06-14 14:00:47.329 I/ReactNativeJS( 6105): '[UI_PRESS_PROBE]', '{"event":"VOIP_CALL_MODE_AUDIT_LOADED","call_id":"call-fffba06174b9","event_count":2,"event_types":["call_initiated","call_accepted"],"timestamp":"2026-06-14T05:00:47.328Z"}'
06-14 14:00:47.372 I/ReactNativeJS( 6105): '[UI_PRESS_PROBE]', '{"event":"VOIP_CALL_MODE_AUDIT_LOADED","call_id":"call-fffba06174b9","event_count":2,"event_types":["call_initiated","call_accepted"],"timestamp":"2026-06-14T05:00:47.372Z"}'
06-14 14:00:47.426 I/ReactNativeJS( 6105): '[UI_PRESS_PROBE]', '{"event":"VOIP_CALL_MODE_AUDIT_LOADED","call_id":"call-fffba06174b9","event_count":2,"event_types":["call_initiated","call_accepted"],"timestamp":"2026-06-14T05:00:47.426Z"}'
06-14 14:00:47.467 I/ReactNativeJS( 6105): '[UI_PRESS_PROBE]', '{"event":"VOIP_CALL_MODE_AUDIT_LOADED","call_id":"call-fffba06174b9","event_count":2,"event_types":["call_initiated","call_accepted"],"timestamp":"2026-06-14T05:00:47.466Z"}'
06-14 14:00:47.504 I/ReactNativeJS( 6105): '[UI_PRESS_PROBE]', '{"event":"VOIP_CALL_MODE_AUDIT_LOADED","call_id":"call-fffba06174b9","event_count":2,"event_types":["call_initiated","call_accepted"],"timestamp":"2026-06-14T05:00:47.503Z"}'
06-14 14:00:47.573 I/ReactNativeJS( 6105): '[UI_PRESS_PROBE]', '{"event":"VOIP_CALL_MODE_AUDIT_LOADED","call_id":"call-fffba06174b9","event_count":2,"event_types":["call_initiated","call_accepted"],"timestamp":"2026-06-14T05:00:47.573Z"}'
06-14 14:00:47.618 I/ReactNativeJS( 6105): '[UI_PRESS_PROBE]', '{"event":"VOIP_CALL_MODE_AUDIT_LOADED","call_id":"call-fffba06174b9","event_count":2,"event_types":["call_initiated","call_accepted"],"timestamp":"2026-06-14T05:00:47.618Z"}'
06-14 14:00:47.665 I/ReactNativeJS( 6105): '[UI_PRESS_PROBE]', '{"event":"VOIP_CALL_MODE_AUDIT_LOADED","call_id":"call-fffba06174b9","event_count":2,"event_types":["call_initiated","call_accepted"],"timestamp":"2026-06-14T05:00:47.665Z"}'
06-14 14:00:47.724 I/ReactNativeJS( 6105): '[UI_PRESS_PROBE]', '{"event":"VOIP_CALL_MODE_AUDIT_LOADED","call_id":"call-fffba06174b9","event_count":2,"event_types":["call_initiated","call_accepted"],"timestamp":"2026-06-14T05:00:47.724Z"}'
06-14 14:00:47.769 I/ReactNativeJS( 6105): '[UI_PRESS_PROBE]', '{"event":"VOIP_CALL_MODE_AUDIT_LOADED","call_id":"call-fffba06174b9","event_count":2,"event_types":["call_initiated","call_accepted"],"timestamp":"2026-06-14T05:00:47.768Z"}'
06-14 14:00:47.826 I/ReactNativeJS( 6105): '[UI_PRESS_PROBE]', '{"event":"VOIP_CALL_MODE_AUDIT_LOADED","call_id":"call-fffba06174b9","event_count":2,"event_types":["call_initiated","call_accepted"],"timestamp":"2026-06-14T05:00:47.826Z"}'
06-14 14:00:47.875 I/ReactNativeJS( 6105): '[UI_PRESS_PROBE]', '{"event":"VOIP_CALL_MODE_AUDIT_LOADED","call_id":"call-fffba06174b9","event_count":2,"event_types":["call_initiated","call_accepted"],"timestamp":"2026-06-14T05:00:47.875Z"}'
06-14 14:00:47.913 I/ReactNativeJS( 6105): '[UI_PRESS_PROBE]', '{"event":"VOIP_CALL_MODE_AUDIT_LOADED","call_id":"call-fffba06174b9","event_count":2,"event_types":["call_initiated","call_accepted"],"timestamp":"2026-06-14T05:00:47.913Z"}'
06-14 14:00:47.957 I/ReactNativeJS( 6105): '[UI_PRESS_PROBE]', '{"event":"VOIP_CALL_MODE_AUDIT_LOADED","call_id":"call-fffba06174b9","event_count":2,"event_types":["call_initiated","call_accepted"],"timestamp":"2026-06-14T05:00:47.957Z"}'
06-14 14:00:48.028 I/ReactNativeJS( 6105): '[UI_PRESS_PROBE]', '{"event":"VOIP_CALL_MODE_AUDIT_LOADED","call_id":"call-fffba06174b9","event_count":2,"event_types":["call_initiated","call_accepted"],"timestamp":"2026-06-14T05:00:48.027Z"}'
06-14 14:00:48.073 I/ReactNativeJS( 6105): '[UI_PRESS_PROBE]', '{"event":"VOIP_CALL_MODE_AUDIT_LOADED","call_id":"call-fffba06174b9","event_count":2,"event_types":["call_initiated","call_accepted"],"timestamp":"2026-06-14T05:00:48.073Z"}'
06-14 14:00:48.115 I/ReactNativeJS( 6105): '[UI_PRESS_PROBE]', '{"event":"VOIP_CALL_MODE_AUDIT_LOADED","call_id":"call-fffba06174b9","event_count":2,"event_types":["call_initiated","call_accepted"],"timestamp":"2026-06-14T05:00:48.115Z"}'
06-14 14:00:48.177 I/ReactNativeJS( 6105): '[UI_PRESS_PROBE]', '{"event":"VOIP_CALL_MODE_AUDIT_LOADED","call_id":"call-fffba06174b9","event_count":2,"event_types":["call_initiated","call_accepted"],"timestamp":"2026-06-14T05:00:48.177Z"}'
06-14 14:00:48.227 I/ReactNativeJS( 6105): '[UI_PRESS_PROBE]', '{"event":"VOIP_CALL_MODE_AUDIT_LOADED","call_id":"call-fffba06174b9","event_count":2,"event_types":["call_initiated","call_accepted"],"timestamp":"2026-06-14T05:00:48.227Z"}'
06-14 14:00:48.270 I/ReactNativeJS( 6105): '[UI_PRESS_PROBE]', '{"event":"VOIP_CALL_MODE_AUDIT_LOADED","call_id":"call-fffba06174b9","event_count":2,"event_types":["call_initiated","call_accepted"],"timestamp":"2026-06-14T05:00:48.270Z"}'
06-14 14:00:48.325 I/ReactNativeJS( 6105): '[UI_PRESS_PROBE]', '{"event":"VOIP_CALL_MODE_AUDIT_LOADED","call_id":"call-fffba06174b9","event_count":2,"event_types":["call_initiated","call_accepted"],"timestamp":"2026-06-14T05:00:48.325Z"}'
06-14 14:00:48.369 I/ReactNativeJS( 6105): '[UI_PRESS_PROBE]', '{"event":"VOIP_CALL_MODE_AUDIT_LOADED","call_id":"call-fffba06174b9","event_count":2,"event_types":["call_initiated","call_accepted"],"timestamp":"2026-06-14T05:00:48.369Z"}'
06-14 14:00:48.404 I/ReactNativeJS( 6105): '[UI_PRESS_PROBE]', '{"event":"VOIP_CALL_MODE_AUDIT_LOADED","call_id":"call-fffba06174b9","event_count":2,"event_types":["call_initiated","call_accepted"],"timestamp":"2026-06-14T05:00:48.404Z"}'
06-14 14:00:48.484 I/ReactNativeJS( 6105): '[UI_PRESS_PROBE]', '{"event":"VOIP_CALL_MODE_AUDIT_LOADED","call_id":"call-fffba06174b9","event_count":2,"event_types":["call_initiated","call_accepted"],"timestamp":"2026-06-14T05:00:48.483Z"}'
06-14 14:00:48.530 I/ReactNativeJS( 6105): '[UI_PRESS_PROBE]', '{"event":"VOIP_CALL_MODE_AUDIT_LOADED","call_id":"call-fffba06174b9","event_count":2,"event_types":["call_initiated","call_accepted"],"timestamp":"2026-06-14T05:00:48.530Z"}'
06-14 14:00:48.576 I/ReactNativeJS( 6105): '[UI_PRESS_PROBE]', '{"event":"VOIP_CALL_MODE_AUDIT_LOADED","call_id":"call-fffba06174b9","event_count":2,"event_types":["call_initiated","call_accepted"],"timestamp":"2026-06-14T05:00:48.576Z"}'
06-14 14:00:48.630 I/ReactNativeJS( 6105): '[UI_PRESS_PROBE]', '{"event":"VOIP_CALL_MODE_AUDIT_LOADED","call_id":"call-fffba06174b9","event_count":2,"event_types":["call_initiated","call_accepted"],"timestamp":"2026-06-14T05:00:48.629Z"}'
06-14 14:00:48.680 I/ReactNativeJS( 6105): '[UI_PRESS_PROBE]', '{"event":"VOIP_CALL_MODE_AUDIT_LOADED","call_id":"call-fffba06174b9","event_count":2,"event_types":["call_initiated","call_accepted"],"timestamp":"2026-06-14T05:00:48.680Z"}'
06-14 14:00:48.724 I/ReactNativeJS( 6105): '[UI_PRESS_PROBE]', '{"event":"VOIP_CALL_MODE_AUDIT_LOADED","call_id":"call-fffba06174b9","event_count":2,"event_types":["call_initiated","call_accepted"],"timestamp":"2026-06-14T05:00:48.724Z"}'
06-14 14:00:48.788 I/ReactNativeJS( 6105): '[UI_PRESS_PROBE]', '{"event":"VOIP_CALL_MODE_AUDIT_LOADED","call_id":"call-fffba06174b9","event_count":2,"event_types":["call_initiated","call_accepted"],"timestamp":"2026-06-14T05:00:48.788Z"}'
06-14 14:00:48.832 I/ReactNativeJS( 6105): '[UI_PRESS_PROBE]', '{"event":"VOIP_CALL_MODE_AUDIT_LOADED","call_id":"call-fffba06174b9","event_count":2,"event_types":["call_initiated","call_accepted"],"timestamp":"2026-06-14T05:00:48.832Z"}'
06-14 14:00:48.881 I/ReactNativeJS( 6105): '[UI_PRESS_PROBE]', '{"event":"VOIP_CALL_MODE_AUDIT_LOADED","call_id":"call-fffba06174b9","event_count":2,"event_types":["call_initiated","call_accepted"],"timestamp":"2026-06-14T05:00:48.880Z"}'
06-14 14:00:48.926 I/ReactNativeJS( 6105): '[UI_PRESS_PROBE]', '{"event":"VOIP_CALL_MODE_AUDIT_LOADED","call_id":"call-fffba06174b9","event_count":2,"event_types":["call_initiated","call_accepted"],"timestamp":"2026-06-14T05:00:48.926Z"}'
06-14 14:00:48.974 I/ReactNativeJS( 6105): '[UI_PRESS_PROBE]', '{"event":"VOIP_CALL_MODE_AUDIT_LOADED","call_id":"call-fffba06174b9","event_count":2,"event_types":["call_initiated","call_accepted"],"timestamp":"2026-06-14T05:00:48.974Z"}'
06-14 14:00:49.019 I/ReactNativeJS( 6105): '[UI_PRESS_PROBE]', '{"event":"VOIP_CALL_MODE_AUDIT_LOADED","call_id":"call-fffba06174b9","event_count":2,"event_types":["call_initiated","call_accepted"],"timestamp":"2026-06-14T05:00:49.019Z"}'
06-14 14:00:49.089 I/ReactNativeJS( 6105): '[UI_PRESS_PROBE]', '{"event":"VOIP_CALL_MODE_AUDIT_LOADED","call_id":"call-fffba06174b9","event_count":2,"event_types":["call_initiated","call_accepted"],"timestamp":"2026-06-14T05:00:49.088Z"}'
06-14 14:00:49.136 I/ReactNativeJS( 6105): '[UI_PRESS_PROBE]', '{"event":"VOIP_CALL_MODE_AUDIT_LOADED","call_id":"call-fffba06174b9","event_count":2,"event_types":["call_initiated","call_accepted"],"timestamp":"2026-06-14T05:00:49.136Z"}'
06-14 14:00:49.178 I/ReactNativeJS( 6105): '[UI_PRESS_PROBE]', '{"event":"VOIP_CALL_MODE_AUDIT_LOADED","call_id":"call-fffba06174b9","event_count":2,"event_types":["call_initiated","call_accepted"],"timestamp":"2026-06-14T05:00:49.178Z"}'
06-14 14:00:49.222 I/ReactNativeJS( 6105): '[UI_PRESS_PROBE]', '{"event":"VOIP_CALL_MODE_AUDIT_LOADED","call_id":"call-fffba06174b9","event_count":2,"event_types":["call_initiated","call_accepted"],"timestamp":"2026-06-14T05:00:49.222Z"}'
06-14 14:00:49.262 I/ReactNativeJS( 6105): '[UI_PRESS_PROBE]', '{"event":"VOIP_CALL_MODE_AUDIT_LOADED","call_id":"call-fffba06174b9","event_count":2,"event_types":["call_initiated","call_accepted"],"timestamp":"2026-06-14T05:00:49.261Z"}'
06-14 14:00:49.296 I/ReactNativeJS( 6105): '[UI_PRESS_PROBE]', '{"event":"VOIP_CALL_MODE_AUDIT_LOADED","call_id":"call-fffba06174b9","event_count":2,"event_types":["call_initiated","call_accepted"],"timestamp":"2026-06-14T05:00:49.296Z"}'
06-14 14:00:49.329 I/ReactNativeJS( 6105): '[UI_PRESS_PROBE]', '{"event":"VOIP_CALL_MODE_AUDIT_LOADED","call_id":"call-fffba06174b9","event_count":2,"event_types":["call_initiated","call_accepted"],"timestamp":"2026-06-14T05:00:49.329Z"}'
06-14 14:00:49.374 I/ReactNativeJS( 6105): '[UI_PRESS_PROBE]', '{"event":"VOIP_CALL_MODE_AUDIT_LOADED","call_id":"call-fffba06174b9","event_count":2,"event_types":["call_initiated","call_accepted"],"timestamp":"2026-06-14T05:00:49.374Z"}'
06-14 14:00:49.412 I/ReactNativeJS( 6105): '[UI_PRESS_PROBE]', '{"event":"VOIP_CALL_MODE_AUDIT_LOADED","call_id":"call-fffba06174b9","event_count":2,"event_types":["call_initiated","call_accepted"],"timestamp":"2026-06-14T05:00:49.412Z"}'
06-14 14:00:49.447 I/ReactNativeJS( 6105): '[UI_PRESS_PROBE]', '{"event":"VOIP_CALL_MODE_AUDIT_LOADED","call_id":"call-fffba06174b9","event_count":2,"event_types":["call_initiated","call_accepted"],"timestamp":"2026-06-14T05:00:49.447Z"}'
06-14 14:00:49.524 I/ReactNativeJS( 6105): '[UI_PRESS_PROBE]', '{"event":"VOIP_CALL_MODE_AUDIT_LOADED","call_id":"call-fffba06174b9","event_count":2,"event_types":["call_initiated","call_accepted"],"timestamp":"2026-06-14T05:00:49.523Z"}'
06-14 14:00:49.570 I/ReactNativeJS( 6105): '[UI_PRESS_PROBE]', '{"event":"VOIP_CALL_MODE_AUDIT_LOADED","call_id":"call-fffba06174b9","event_count":2,"event_types":["call_initiated","call_accepted"],"timestamp":"2026-06-14T05:00:49.570Z"}'
06-14 14:00:49.614 I/ReactNativeJS( 6105): '[UI_PRESS_PROBE]', '{"event":"VOIP_CALL_MODE_AUDIT_LOADED","call_id":"call-fffba06174b9","event_count":2,"event_types":["call_initiated","call_accepted"],"timestamp":"2026-06-14T05:00:49.613Z"}'
06-14 14:00:49.672 I/ReactNativeJS( 6105): '[UI_PRESS_PROBE]', '{"event":"VOIP_CALL_MODE_AUDIT_LOADED","call_id":"call-fffba06174b9","event_count":2,"event_types":["call_initiated","call_accepted"],"timestamp":"2026-06-14T05:00:49.672Z"}'
06-14 14:00:49.711 I/ReactNativeJS( 6105): '[UI_PRESS_PROBE]', '{"event":"VOIP_CALL_MODE_AUDIT_LOADED","call_id":"call-fffba06174b9","event_count":2,"event_types":["call_initiated","call_accepted"],"timestamp":"2026-06-14T05:00:49.711Z"}'
06-14 14:00:49.751 I/ReactNativeJS( 6105): '[UI_PRESS_PROBE]', '{"event":"VOIP_CALL_MODE_AUDIT_LOADED","call_id":"call-fffba06174b9","event_count":2,"event_types":["call_initiated","call_accepted"],"timestamp":"2026-06-14T05:00:49.751Z"}'
06-14 14:00:49.823 I/ReactNativeJS( 6105): '[UI_PRESS_PROBE]', '{"event":"VOIP_CALL_MODE_AUDIT_LOADED","call_id":"call-fffba06174b9","event_count":2,"event_types":["call_initiated","call_accepted"],"timestamp":"2026-06-14T05:00:49.823Z"}'
06-14 14:00:49.875 I/ReactNativeJS( 6105): '[UI_PRESS_PROBE]', '{"event":"VOIP_CALL_MODE_AUDIT_LOADED","call_id":"call-fffba06174b9","event_count":2,"event_types":["call_initiated","call_accepted"],"timestamp":"2026-06-14T05:00:49.875Z"}'
06-14 14:00:49.921 I/ReactNativeJS( 6105): '[UI_PRESS_PROBE]', '{"event":"VOIP_CALL_MODE_AUDIT_LOADED","call_id":"call-fffba06174b9","event_count":2,"event_types":["call_initiated","call_accepted"],"timestamp":"2026-06-14T05:00:49.921Z"}'
06-14 14:00:49.979 I/ReactNativeJS( 6105): '[UI_PRESS_PROBE]', '{"event":"VOIP_CALL_MODE_AUDIT_LOADED","call_id":"call-fffba06174b9","event_count":2,"event_types":["call_initiated","call_accepted"],"timestamp":"2026-06-14T05:00:49.979Z"}'
06-14 14:00:50.027 I/ReactNativeJS( 6105): '[UI_PRESS_PROBE]', '{"event":"VOIP_CALL_MODE_AUDIT_LOADED","call_id":"call-fffba06174b9","event_count":2,"event_types":["call_initiated","call_accepted"],"timestamp":"2026-06-14T05:00:50.027Z"}'
06-14 14:00:50.074 I/ReactNativeJS( 6105): '[UI_PRESS_PROBE]', '{"event":"VOIP_CALL_MODE_AUDIT_LOADED","call_id":"call-fffba06174b9","event_count":2,"event_types":["call_initiated","call_accepted"],"timestamp":"2026-06-14T05:00:50.074Z"}'
06-14 14:00:50.123 I/ReactNativeJS( 6105): '[UI_PRESS_PROBE]', '{"event":"VOIP_CALL_MODE_AUDIT_LOADED","call_id":"call-fffba06174b9","event_count":2,"event_types":["call_initiated","call_accepted"],"timestamp":"2026-06-14T05:00:50.123Z"}'
06-14 14:00:50.164 I/ReactNativeJS( 6105): '[UI_PRESS_PROBE]', '{"event":"VOIP_CALL_MODE_AUDIT_LOADED","call_id":"call-fffba06174b9","event_count":2,"event_types":["call_initiated","call_accepted"],"timestamp":"2026-06-14T05:00:50.164Z"}'
06-14 14:00:50.216 I/ReactNativeJS( 6105): '[UI_PRESS_PROBE]', '{"event":"VOIP_CALL_MODE_AUDIT_LOADED","call_id":"call-fffba06174b9","event_count":2,"event_types":["call_initiated","call_accepted"],"timestamp":"2026-06-14T05:00:50.215Z"}'
06-14 14:00:50.282 I/ReactNativeJS( 6105): '[UI_PRESS_PROBE]', '{"event":"VOIP_CALL_MODE_AUDIT_LOADED","call_id":"call-fffba06174b9","event_count":2,"event_types":["call_initiated","call_accepted"],"timestamp":"2026-06-14T05:00:50.281Z"}'
06-14 14:00:50.331 I/ReactNativeJS( 6105): '[UI_PRESS_PROBE]', '{"event":"VOIP_CALL_MODE_AUDIT_LOADED","call_id":"call-fffba06174b9","event_count":2,"event_types":["call_initiated","call_accepted"],"timestamp":"2026-06-14T05:00:50.331Z"}'
06-14 14:00:50.373 I/ReactNativeJS( 6105): '[UI_PRESS_PROBE]', '{"event":"VOIP_CALL_MODE_AUDIT_LOADED","call_id":"call-fffba06174b9","event_count":2,"event_types":["call_initiated","call_accepted"],"timestamp":"2026-06-14T05:00:50.372Z"}'
06-14 14:00:50.428 I/ReactNativeJS( 6105): '[UI_PRESS_PROBE]', '{"event":"VOIP_CALL_MODE_AUDIT_LOADED","call_id":"call-fffba06174b9","event_count":2,"event_types":["call_initiated","call_accepted"],"timestamp":"2026-06-14T05:00:50.428Z"}'
06-14 14:00:50.470 I/ReactNativeJS( 6105): '[UI_PRESS_PROBE]', '{"event":"VOIP_CALL_MODE_AUDIT_LOADED","call_id":"call-fffba06174b9","event_count":2,"event_types":["call_initiated","call_accepted"],"timestamp":"2026-06-14T05:00:50.469Z"}'
06-14 14:00:50.513 I/ReactNativeJS( 6105): '[UI_PRESS_PROBE]', '{"event":"VOIP_CALL_MODE_AUDIT_LOADED","call_id":"call-fffba06174b9","event_count":2,"event_types":["call_initiated","call_accepted"],"timestamp":"2026-06-14T05:00:50.513Z"}'
06-14 14:00:50.571 I/ReactNativeJS( 6105): '[UI_PRESS_PROBE]', '{"event":"VOIP_CALL_MODE_AUDIT_LOADED","call_id":"call-fffba06174b9","event_count":2,"event_types":["call_initiated","call_accepted"],"timestamp":"2026-06-14T05:00:50.571Z"}'
06-14 14:00:50.663 I/ReactNativeJS( 6105): '[UI_PRESS_PROBE]', '{"event":"VOIP_CALL_MODE_AUDIT_LOADED","call_id":"call-fffba06174b9","event_count":2,"event_types":["call_initiated","call_accepted"],"timestamp":"2026-06-14T05:00:50.662Z"}'
06-14 14:00:50.735 I/ReactNativeJS( 6105): '[UI_PRESS_PROBE]', '{"event":"VOIP_CALL_MODE_AUDIT_LOADED","call_id":"call-fffba06174b9","event_count":2,"event_types":["call_initiated","call_accepted"],"timestamp":"2026-06-14T05:00:50.734Z"}'
06-14 14:00:50.782 I/ReactNativeJS( 6105): '[UI_PRESS_PROBE]', '{"event":"VOIP_CALL_MODE_AUDIT_LOADED","call_id":"call-fffba06174b9","event_count":2,"event_types":["call_initiated","call_accepted"],"timestamp":"2026-06-14T05:00:50.782Z"}'
06-14 14:00:50.870 I/ReactNativeJS( 6105): '[UI_PRESS_PROBE]', '{"event":"VOIP_CALL_MODE_AUDIT_LOADED","call_id":"call-fffba06174b9","event_count":2,"event_types":["call_initiated","call_accepted"],"timestamp":"2026-06-14T05:00:50.869Z"}'
06-14 14:00:50.926 I/ReactNativeJS( 6105): '[UI_PRESS_PROBE]', '{"event":"VOIP_CALL_MODE_AUDIT_LOADED","call_id":"call-fffba06174b9","event_count":2,"event_types":["call_initiated","call_accepted"],"timestamp":"2026-06-14T05:00:50.926Z"}'
06-14 14:00:50.972 I/ReactNativeJS( 6105): '[UI_PRESS_PROBE]', '{"event":"VOIP_CALL_MODE_AUDIT_LOADED","call_id":"call-fffba06174b9","event_count":2,"event_types":["call_initiated","call_accepted"],"timestamp":"2026-06-14T05:00:50.971Z"}'
06-14 14:00:51.028 I/ReactNativeJS( 6105): '[UI_PRESS_PROBE]', '{"event":"VOIP_CALL_MODE_AUDIT_LOADED","call_id":"call-fffba06174b9","event_count":2,"event_types":["call_initiated","call_accepted"],"timestamp":"2026-06-14T05:00:51.028Z"}'
06-14 14:00:51.070 I/ReactNativeJS( 6105): '[UI_PRESS_PROBE]', '{"event":"VOIP_CALL_MODE_AUDIT_LOADED","call_id":"call-fffba06174b9","event_count":2,"event_types":["call_initiated","call_accepted"],"timestamp":"2026-06-14T05:00:51.069Z"}'
06-14 14:00:51.107 I/ReactNativeJS( 6105): '[UI_PRESS_PROBE]', '{"event":"VOIP_CALL_MODE_AUDIT_LOADED","call_id":"call-fffba06174b9","event_count":2,"event_types":["call_initiated","call_accepted"],"timestamp":"2026-06-14T05:00:51.106Z"}'
06-14 14:00:51.172 I/ReactNativeJS( 6105): '[UI_PRESS_PROBE]', '{"event":"VOIP_CALL_MODE_AUDIT_LOADED","call_id":"call-fffba06174b9","event_count":2,"event_types":["call_initiated","call_accepted"],"timestamp":"2026-06-14T05:00:51.172Z"}'
06-14 14:00:51.206 I/ReactNativeJS( 6105): '[UI_PRESS_PROBE]', '{"event":"VOIP_CALL_MODE_AUDIT_LOADED","call_id":"call-fffba06174b9","event_count":2,"event_types":["call_initiated","call_accepted"],"timestamp":"2026-06-14T05:00:51.206Z"}'
06-14 14:00:51.255 I/ReactNativeJS( 6105): '[UI_PRESS_PROBE]', '{"event":"VOIP_CALL_MODE_AUDIT_LOADED","call_id":"call-fffba06174b9","event_count":2,"event_types":["call_initiated","call_accepted"],"timestamp":"2026-06-14T05:00:51.255Z"}'
06-14 14:00:51.321 I/ReactNativeJS( 6105): '[UI_PRESS_PROBE]', '{"event":"VOIP_CALL_MODE_AUDIT_LOADED","call_id":"call-fffba06174b9","event_count":2,"event_types":["call_initiated","call_accepted"],"timestamp":"2026-06-14T05:00:51.321Z"}'
06-14 14:00:51.367 I/ReactNativeJS( 6105): '[UI_PRESS_PROBE]', '{"event":"VOIP_CALL_MODE_AUDIT_LOADED","call_id":"call-fffba06174b9","event_count":2,"event_types":["call_initiated","call_accepted"],"timestamp":"2026-06-14T05:00:51.367Z"}'
06-14 14:00:51.411 I/ReactNativeJS( 6105): '[UI_PRESS_PROBE]', '{"event":"VOIP_CALL_MODE_AUDIT_LOADED","call_id":"call-fffba06174b9","event_count":2,"event_types":["call_initiated","call_accepted"],"timestamp":"2026-06-14T05:00:51.411Z"}'
06-14 14:00:51.473 I/ReactNativeJS( 6105): '[UI_PRESS_PROBE]', '{"event":"VOIP_CALL_MODE_AUDIT_LOADED","call_id":"call-fffba06174b9","event_count":2,"event_types":["call_initiated","call_accepted"],"timestamp":"2026-06-14T05:00:51.473Z"}'
06-14 14:00:51.518 I/ReactNativeJS( 6105): '[UI_PRESS_PROBE]', '{"event":"VOIP_CALL_MODE_AUDIT_LOADED","call_id":"call-fffba06174b9","event_count":2,"event_types":["call_initiated","call_accepted"],"timestamp":"2026-06-14T05:00:51.517Z"}'
06-14 14:00:51.557 I/ReactNativeJS( 6105): '[UI_PRESS_PROBE]', '{"event":"VOIP_CALL_MODE_AUDIT_LOADED","call_id":"call-fffba06174b9","event_count":2,"event_types":["call_initiated","call_accepted"],"timestamp":"2026-06-14T05:00:51.557Z"}'
06-14 14:00:51.628 I/ReactNativeJS( 6105): '[UI_PRESS_PROBE]', '{"event":"VOIP_CALL_MODE_AUDIT_LOADED","call_id":"call-fffba06174b9","event_count":2,"event_types":["call_initiated","call_accepted"],"timestamp":"2026-06-14T05:00:51.627Z"}'
06-14 14:00:51.775 I/ReactNativeJS( 6105): '[UI_PRESS_PROBE]', '{"event":"VOIP_CALL_MODE_AUDIT_LOADED","call_id":"call-fffba06174b9","event_count":2,"event_types":["call_initiated","call_accepted"],"timestamp":"2026-06-14T05:00:51.775Z"}'
06-14 14:00:51.927 I/ReactNativeJS( 6105): '[UI_PRESS_PROBE]', '{"event":"VOIP_CALL_MODE_AUDIT_LOADED","call_id":"call-fffba06174b9","event_count":2,"event_types":["call_initiated","call_accepted"],"timestamp":"2026-06-14T05:00:51.926Z"}'
06-14 14:00:51.981 I/ReactNativeJS( 6105): '[UI_PRESS_PROBE]', '{"event":"VOIP_CALL_MODE_AUDIT_LOADED","call_id":"call-fffba06174b9","event_count":2,"event_types":["call_initiated","call_accepted"],"timestamp":"2026-06-14T05:00:51.981Z"}'
06-14 14:00:52.038 I/ReactNativeJS( 6105): '[UI_PRESS_PROBE]', '{"event":"VOIP_CALL_MODE_AUDIT_LOADED","call_id":"call-fffba06174b9","event_count":2,"event_types":["call_initiated","call_accepted"],"timestamp":"2026-06-14T05:00:52.038Z"}'
06-14 14:00:52.084 I/ReactNativeJS( 6105): '[UI_PRESS_PROBE]', '{"event":"VOIP_CALL_MODE_AUDIT_LOADED","call_id":"call-fffba06174b9","event_count":2,"event_types":["call_initiated","call_accepted"],"timestamp":"2026-06-14T05:00:52.084Z"}'
06-14 14:00:52.160 I/ReactNativeJS( 6105): '[UI_PRESS_PROBE]', '{"event":"VOIP_CALL_MODE_AUDIT_LOADED","call_id":"call-fffba06174b9","event_count":2,"event_types":["call_initiated","call_accepted"],"timestamp":"2026-06-14T05:00:52.159Z"}'
06-14 14:00:52.372 I/ReactNativeJS( 6105): '[UI_PRESS_PROBE]', '{"event":"VOIP_CALL_MODE_AUDIT_LOADED","call_id":"call-fffba06174b9","event_count":2,"event_types":["call_initiated","call_accepted"],"timestamp":"2026-06-14T05:00:52.372Z"}'
06-14 14:00:52.526 I/ReactNativeJS( 6105): '[UI_PRESS_PROBE]', '{"event":"VOIP_CALL_MODE_AUDIT_LOADED","call_id":"call-fffba06174b9","event_count":2,"event_types":["call_initiated","call_accepted"],"timestamp":"2026-06-14T05:00:52.525Z"}'
06-14 14:00:52.588 I/ReactNativeJS( 6105): '[UI_PRESS_PROBE]', '{"event":"VOIP_CALL_MODE_AUDIT_LOADED","call_id":"call-fffba06174b9","event_count":2,"event_types":["call_initiated","call_accepted"],"timestamp":"2026-06-14T05:00:52.588Z"}'
06-14 14:00:52.673 I/ReactNativeJS( 6105): '[UI_PRESS_PROBE]', '{"event":"VOIP_CALL_MODE_AUDIT_LOADED","call_id":"call-fffba06174b9","event_count":2,"event_types":["call_initiated","call_accepted"],"timestamp":"2026-06-14T05:00:52.673Z"}'
06-14 14:00:52.734 I/ReactNativeJS( 6105): '[UI_PRESS_PROBE]', '{"event":"VOIP_CALL_MODE_AUDIT_LOADED","call_id":"call-fffba06174b9","event_count":2,"event_types":["call_initiated","call_accepted"],"timestamp":"2026-06-14T05:00:52.734Z"}'
06-14 14:00:52.819 I/ReactNativeJS( 6105): '[UI_PRESS_PROBE]', '{"event":"VOIP_CALL_MODE_AUDIT_LOADED","call_id":"call-fffba06174b9","event_count":2,"event_types":["call_initiated","call_accepted"],"timestamp":"2026-06-14T05:00:52.818Z"}'
06-14 14:00:52.906 I/ReactNativeJS( 6105): '[UI_PRESS_PROBE]', '{"event":"VOIP_CALL_MODE_AUDIT_LOADED","call_id":"call-fffba06174b9","event_count":2,"event_types":["call_initiated","call_accepted"],"timestamp":"2026-06-14T05:00:52.906Z"}'
06-14 14:00:52.976 I/ReactNativeJS( 6105): '[UI_PRESS_PROBE]', '{"event":"VOIP_CALL_MODE_AUDIT_LOADED","call_id":"call-fffba06174b9","event_count":2,"event_types":["call_initiated","call_accepted"],"timestamp":"2026-06-14T05:00:52.976Z"}'
06-14 14:00:53.036 I/ReactNativeJS( 6105): '[UI_PRESS_PROBE]', '{"event":"VOIP_CALL_MODE_AUDIT_LOADED","call_id":"call-fffba06174b9","event_count":2,"event_types":["call_initiated","call_accepted"],"timestamp":"2026-06-14T05:00:53.035Z"}'
06-14 14:00:53.122 I/ReactNativeJS( 6105): '[UI_PRESS_PROBE]', '{"event":"VOIP_CALL_MODE_AUDIT_LOADED","call_id":"call-fffba06174b9","event_count":2,"event_types":["call_initiated","call_accepted"],"timestamp":"2026-06-14T05:00:53.121Z"}'
06-14 14:00:53.191 I/ReactNativeJS( 6105): '[UI_PRESS_PROBE]', '{"event":"VOIP_CALL_MODE_AUDIT_LOADED","call_id":"call-fffba06174b9","event_count":2,"event_types":["call_initiated","call_accepted"],"timestamp":"2026-06-14T05:00:53.191Z"}'
06-14 14:00:53.272 I/ReactNativeJS( 6105): '[UI_PRESS_PROBE]', '{"event":"VOIP_CALL_MODE_AUDIT_LOADED","call_id":"call-fffba06174b9","event_count":2,"event_types":["call_initiated","call_accepted"],"timestamp":"2026-06-14T05:00:53.272Z"}'
06-14 14:00:53.331 I/ReactNativeJS( 6105): '[UI_PRESS_PROBE]', '{"event":"VOIP_CALL_MODE_AUDIT_LOADED","call_id":"call-fffba06174b9","event_count":2,"event_types":["call_initiated","call_accepted"],"timestamp":"2026-06-14T05:00:53.331Z"}'
06-14 14:00:53.412 I/ReactNativeJS( 6105): '[UI_PRESS_PROBE]', '{"event":"VOIP_CALL_MODE_AUDIT_LOADED","call_id":"call-fffba06174b9","event_count":2,"event_types":["call_initiated","call_accepted"],"timestamp":"2026-06-14T05:00:53.412Z"}'
06-14 14:00:53.500 I/ReactNativeJS( 6105): '[UI_PRESS_PROBE]', '{"event":"VOIP_CALL_MODE_AUDIT_LOADED","call_id":"call-fffba06174b9","event_count":2,"event_types":["call_initiated","call_accepted"],"timestamp":"2026-06-14T05:00:53.500Z"}'
06-14 14:00:53.583 I/ReactNativeJS( 6105): '[UI_PRESS_PROBE]', '{"event":"VOIP_CALL_MODE_AUDIT_LOADED","call_id":"call-fffba06174b9","event_count":2,"event_types":["call_initiated","call_accepted"],"timestamp":"2026-06-14T05:00:53.582Z"}'
06-14 14:00:53.632 I/ReactNativeJS( 6105): '[UI_PRESS_PROBE]', '{"event":"VOIP_CALL_MODE_AUDIT_LOADED","call_id":"call-fffba06174b9","event_count":2,"event_types":["call_initiated","call_accepted"],"timestamp":"2026-06-14T05:00:53.632Z"}'
06-14 14:00:53.717 I/ReactNativeJS( 6105): '[UI_PRESS_PROBE]', '{"event":"VOIP_CALL_MODE_AUDIT_LOADED","call_id":"call-fffba06174b9","event_count":2,"event_types":["call_initiated","call_accepted"],"timestamp":"2026-06-14T05:00:53.716Z"}'
06-14 14:00:53.775 I/ReactNativeJS( 6105): '[UI_PRESS_PROBE]', '{"event":"VOIP_CALL_MODE_AUDIT_LOADED","call_id":"call-fffba06174b9","event_count":2,"event_types":["call_initiated","call_accepted"],"timestamp":"2026-06-14T05:00:53.775Z"}'
06-14 14:00:53.824 I/ReactNativeJS( 6105): '[UI_PRESS_PROBE]', '{"event":"VOIP_CALL_MODE_AUDIT_LOADED","call_id":"call-fffba06174b9","event_count":2,"event_types":["call_initiated","call_accepted"],"timestamp":"2026-06-14T05:00:53.824Z"}'
06-14 14:00:53.877 I/ReactNativeJS( 6105): '[UI_PRESS_PROBE]', '{"event":"VOIP_CALL_MODE_AUDIT_LOADED","call_id":"call-fffba06174b9","event_count":2,"event_types":["call_initiated","call_accepted"],"timestamp":"2026-06-14T05:00:53.877Z"}'
06-14 14:00:53.935 I/ReactNativeJS( 6105): '[UI_PRESS_PROBE]', '{"event":"VOIP_CALL_MODE_AUDIT_LOADED","call_id":"call-fffba06174b9","event_count":2,"event_types":["call_initiated","call_accepted"],"timestamp":"2026-06-14T05:00:53.934Z"}'
