06-16 03:06:22.392 I/ReactNativeJS( 8766): [VoIP][DiagLine] connectSignaling:onmessage callId=call-2c3cc24922c0 state=OPEN rawLength=61
06-16 03:06:22.393 I/ReactNativeJS( 8766): '[VoIP][Diag] connectSignaling:onmessage', { callId: 'call-2c3cc24922c0',
06-16 03:06:22.393 I/ReactNativeJS( 8766):   rawPreview: '{"type":"pong","call_id":"call-2c3cc24922c0","role":"callee"}' }
06-16 03:06:22.394 I/ReactNativeJS( 8766): '[VoIP][Diag] handleSignalingMessage:dispatch', { callId: 'call-2c3cc24922c0',
06-16 03:06:22.394 I/ReactNativeJS( 8766):      call_id: 'call-2c3cc24922c0',
06-16 03:06:22.395 I/ReactNativeJS( 8766): '[VoIP][Diag] handleSignalingMessage:pong', { callId: 'call-2c3cc24922c0', socketState: 'OPEN' }
06-16 03:06:30.650 I/ReactNativeJS( 8766): '[UI_PRESS_PROBE]', '{"event":"VOIP_VOICE_RELAY_SILERO_SPEECH_START","call_id":"call-2c3cc24922c0","silence_duration_ms":950,"timestamp":"2026-06-15T18:06:30.649Z"}'
06-16 03:06:32.274 I/ReactNativeJS( 8766): '[UI_PRESS_PROBE]', '{"event":"VOIP_VOICE_RELAY_SEGMENT_FLUSH","call_id":"call-2c3cc24922c0","reason":"max_duration","is_final":true,"peak_meter_db":-160,"meter_unavailable":true,"timestamp":"2026-06-15T18:06:32.273Z"}'
06-16 03:06:32.313 I/ReactNativeJS( 8766): '[UI_PRESS_PROBE]', '{"event":"VOIP_VOICE_RELAY_SILERO_STOPPED","call_id":"call-2c3cc24922c0","reason":"segment_flush","timestamp":"2026-06-15T18:06:32.312Z"}'
06-16 03:06:32.370 I/ReactNativeJS( 8766): '[VoIP][Diag] setRemoteAudioEnabled', { callId: 'call-2c3cc24922c0', enabled: true, trackCount: 1 }
06-16 03:06:32.370 I/ReactNativeJS( 8766): '[UI_PRESS_PROBE]', '{"event":"VOIP_REMOTE_AUDIO_SUPPRESSION","call_id":"call-2c3cc24922c0","suppressed":false,"timestamp":"2026-06-15T18:06:32.370Z"}'
06-16 03:06:32.479 I/ReactNativeJS( 8766): '[UI_PRESS_PROBE]', '{"event":"VOIP_VOICE_TRANSLATE_REQUEST","call_id":"call-2c3cc24922c0","source_lang":"ja","target_lang":"ko","region_hint":null,"audio_base64_length":153164,"timestamp":"2026-06-15T18:06:32.479Z"}'
06-16 03:06:42.399 I/ReactNativeJS( 8766): [VoIP][DiagLine] connectSignaling:onmessage callId=call-2c3cc24922c0 state=OPEN rawLength=61
06-16 03:06:42.400 I/ReactNativeJS( 8766): '[VoIP][Diag] connectSignaling:onmessage', { callId: 'call-2c3cc24922c0',
06-16 03:06:42.400 I/ReactNativeJS( 8766):   rawPreview: '{"type":"pong","call_id":"call-2c3cc24922c0","role":"callee"}' }
06-16 03:06:42.402 I/ReactNativeJS( 8766): '[VoIP][Diag] handleSignalingMessage:dispatch', { callId: 'call-2c3cc24922c0',
06-16 03:06:42.402 I/ReactNativeJS( 8766):      call_id: 'call-2c3cc24922c0',
06-16 03:06:42.403 I/ReactNativeJS( 8766): '[VoIP][Diag] handleSignalingMessage:pong', { callId: 'call-2c3cc24922c0', socketState: 'OPEN' }
06-16 03:06:42.482 I/ReactNativeJS( 8766): '[UI_PRESS_PROBE]', '{"event":"VOIP_CALL_MODE_AUDIT_LOADED","call_id":"call-2c3cc24922c0","event_count":2,"event_types":["call_initiated","call_accepted"],"show_loading":false,"timestamp":"2026-06-15T18:06:42.481Z"}'
06-16 03:06:46.548 I/ReactNativeJS( 8766): '[UI_PRESS_PROBE]', '{"event":"VOIP_VOICE_TRANSLATE_REJECTED","call_id":"call-2c3cc24922c0","error_message":"음성이 감지되지 않았습니다. 다시 말씀해 주세요.","timestamp":"2026-06-15T18:06:46.547Z"}'
06-16 03:06:46.548 I/ReactNativeJS( 8766): '[UI_PRESS_PROBE]', '{"event":"VOIP_VOICE_RELAY_CAPTURE_RETRY_SCHEDULED","call_id":"call-2c3cc24922c0","retry_reason":"segment_complete","wait_ms":250,"timestamp":"2026-06-15T18:06:46.548Z"}'
06-16 03:06:46.571 I/ReactNativeJS( 8766): '[UI_PRESS_PROBE]', '{"event":"VOIP_WEBRTC_LOCAL_AUDIO_KEEP_SUSPENDED","call_id":"call-2c3cc24922c0","reason":"segment_stop","timestamp":"2026-06-15T18:06:46.571Z"}'
06-16 03:06:46.906 I/ReactNativeJS( 8766): '[UI_PRESS_PROBE]', '{"event":"VOIP_RAIL_STATE_RESTORE","timestamp":"2026-06-15T18:06:46.905Z","token_ready":true,"user_ready":true,"show_login":false,"show_voip_tester":true,"selected_call_mode":"voip_full_auto","source":"app_state_active_restore","active_call_id":"call-2c3cc24922c0","pending_call_id":null,"accepting_call_id":null,"active_section":"voip"}'
06-16 03:06:47.001 I/ReactNativeJS( 8766): '[VoIP][Diag] setRemoteAudioEnabled', { callId: 'call-2c3cc24922c0', enabled: false, trackCount: 1 }
06-16 03:06:47.002 I/ReactNativeJS( 8766): '[UI_PRESS_PROBE]', '{"event":"VOIP_REMOTE_AUDIO_SUPPRESSION","call_id":"call-2c3cc24922c0","suppressed":true,"timestamp":"2026-06-15T18:06:47.001Z"}'
06-16 03:06:47.002 I/ReactNativeJS( 8766): '[UI_PRESS_PROBE]', '{"event":"VOIP_VOICE_RELAY_SEGMENT_STARTED","call_id":"call-2c3cc24922c0","connection_state":"connected","source_lang":"ja","target_lang":"ko","timestamp":"2026-06-15T18:06:47.002Z"}'
06-16 03:06:47.103 I/ReactNativeJS( 8766): '[UI_PRESS_PROBE]', '{"event":"VOIP_VOICE_RELAY_SILERO_STARTED","call_id":"call-2c3cc24922c0","silence_ms":950,"speech_ms":120,"timestamp":"2026-06-15T18:06:47.103Z"}'
06-16 03:06:47.929 I/ReactNativeJS( 8766): '[UI_PRESS_PROBE]', '{"event":"VOIP_VOICE_RELAY_METER_UNAVAILABLE","call_id":"call-2c3cc24922c0","poll_misses":5,"last_meter_db":null,"file_rms_vad":true,"timestamp":"2026-06-15T18:06:47.928Z"}'
06-16 03:06:48.747 I/ReactNativeJS( 8766): '[UI_PRESS_PROBE]', '{"event":"VOIP_VOICE_RELAY_SILERO_SPEECH_START","call_id":"call-2c3cc24922c0","silence_duration_ms":950,"timestamp":"2026-06-15T18:06:48.747Z"}'
06-16 03:06:54.492 I/ReactNativeJS( 8766): '[UI_PRESS_PROBE]', '{"event":"VOIP_VOICE_RELAY_SILERO_SPEECH_END","call_id":"call-2c3cc24922c0","segment_duration_ms":7565,"speech_span_ms":5744,"silence_duration_ms":950,"flush":true,"defer_reason":null,"timestamp":"2026-06-15T18:06:54.491Z"}'
06-16 03:06:54.492 I/ReactNativeJS( 8766): '[UI_PRESS_PROBE]', '{"event":"VOIP_VOICE_RELAY_SEGMENT_FLUSH","call_id":"call-2c3cc24922c0","reason":"silence","is_final":true,"peak_meter_db":-160,"meter_unavailable":true,"timestamp":"2026-06-15T18:06:54.492Z"}'
06-16 03:06:54.535 I/ReactNativeJS( 8766): '[UI_PRESS_PROBE]', '{"event":"VOIP_VOICE_RELAY_SILERO_STOPPED","call_id":"call-2c3cc24922c0","reason":"segment_flush","timestamp":"2026-06-15T18:06:54.535Z"}'
06-16 03:06:54.585 I/ReactNativeJS( 8766): '[VoIP][Diag] setRemoteAudioEnabled', { callId: 'call-2c3cc24922c0', enabled: true, trackCount: 1 }
06-16 03:06:54.585 I/ReactNativeJS( 8766): '[UI_PRESS_PROBE]', '{"event":"VOIP_REMOTE_AUDIO_SUPPRESSION","call_id":"call-2c3cc24922c0","suppressed":false,"timestamp":"2026-06-15T18:06:54.585Z"}'
06-16 03:06:54.625 I/ReactNativeJS( 8766): '[UI_PRESS_PROBE]', '{"event":"VOIP_VOICE_TRANSLATE_REQUEST","call_id":"call-2c3cc24922c0","source_lang":"ja","target_lang":"ko","region_hint":null,"audio_base64_length":41584,"timestamp":"2026-06-15T18:06:54.625Z"}'
06-16 03:06:58.182 I/ReactNativeJS( 8766): '[UI_PRESS_PROBE]', '{"event":"VOIP_VOICE_TRANSLATE_RESULT","call_id":"call-2c3cc24922c0","source_lang":"ja","target_lang":"ko","detected_lang":"ja","transcript_length":17,"translated_length":16,"translate_duration_ms":3556,"segment_duration_ms":3597,"utterance_id":"call-2c3cc24922c0-1781546806572","chunk_index":0,"is_final":true,"seq_id":1,"has_audio_url":false,"has_audio_base64":false,"audio_format":null,"tts_delivery":"device_speech","timestamp":"2026-06-15T18:06:58.182Z"}'
06-16 03:06:58.185 I/ReactNativeJS( 8766):   call_id: 'call-2c3cc24922c0',
06-16 03:06:58.185 I/ReactNativeJS( 8766):   utterance_id: 'call-2c3cc24922c0-1781546806572',
06-16 03:06:58.186 I/ReactNativeJS( 8766): '[VoIP][Diag] sendSignalingMessage:sent', { callId: 'call-2c3cc24922c0',
06-16 03:06:58.186 I/ReactNativeJS( 8766):      call_id: 'call-2c3cc24922c0',
06-16 03:06:58.187 I/ReactNativeJS( 8766): '[UI_PRESS_PROBE]', '{"event":"VOIP_VOICE_RELAY_SENT","call_id":"call-2c3cc24922c0","transcript":"こんにちは。よろしくお願いします。","translated_text":"안녕하세요. 잘 부탁드립니다.","utterance_id":"call-2c3cc24922c0-1781546806572","chunk_index":0,"is_final":true,"seq_id":1,"relay_duration_ms":3602,"timestamp":"2026-06-15T18:06:58.187Z"}'
06-16 03:06:58.188 I/ReactNativeJS( 8766): '[UI_PRESS_PROBE]', '{"event":"VOIP_VOICE_RELAY_CAPTURE_RETRY_SCHEDULED","call_id":"call-2c3cc24922c0","retry_reason":"segment_complete","wait_ms":2750,"timestamp":"2026-06-15T18:06:58.187Z"}'
06-16 03:06:58.240 I/ReactNativeJS( 8766): '[UI_PRESS_PROBE]', '{"event":"VOIP_WEBRTC_LOCAL_AUDIO_KEEP_SUSPENDED","call_id":"call-2c3cc24922c0","reason":"segment_stop","timestamp":"2026-06-15T18:06:58.240Z"}'
06-16 03:07:01.046 I/ReactNativeJS( 8766): '[UI_PRESS_PROBE]', '{"event":"VOIP_RAIL_STATE_RESTORE","timestamp":"2026-06-15T18:07:01.046Z","token_ready":true,"user_ready":true,"show_login":false,"show_voip_tester":true,"selected_call_mode":"voip_full_auto","source":"app_state_active_restore","active_call_id":"call-2c3cc24922c0","pending_call_id":null,"accepting_call_id":null,"active_section":"voip"}'
06-16 03:07:01.125 I/ReactNativeJS( 8766): '[VoIP][Diag] setRemoteAudioEnabled', { callId: 'call-2c3cc24922c0', enabled: false, trackCount: 1 }
06-16 03:07:01.125 I/ReactNativeJS( 8766): '[UI_PRESS_PROBE]', '{"event":"VOIP_REMOTE_AUDIO_SUPPRESSION","call_id":"call-2c3cc24922c0","suppressed":true,"timestamp":"2026-06-15T18:07:01.125Z"}'
06-16 03:07:01.125 I/ReactNativeJS( 8766): '[UI_PRESS_PROBE]', '{"event":"VOIP_VOICE_RELAY_SEGMENT_STARTED","call_id":"call-2c3cc24922c0","connection_state":"connected","source_lang":"ja","target_lang":"ko","timestamp":"2026-06-15T18:07:01.125Z"}'
06-16 03:07:01.223 I/ReactNativeJS( 8766): '[UI_PRESS_PROBE]', '{"event":"VOIP_VOICE_RELAY_SILERO_STARTED","call_id":"call-2c3cc24922c0","silence_ms":950,"speech_ms":120,"timestamp":"2026-06-15T18:07:01.223Z"}'
06-16 03:07:02.058 I/ReactNativeJS( 8766): '[UI_PRESS_PROBE]', '{"event":"VOIP_VOICE_RELAY_METER_UNAVAILABLE","call_id":"call-2c3cc24922c0","poll_misses":5,"last_meter_db":null,"file_rms_vad":true,"timestamp":"2026-06-15T18:07:02.057Z"}'
06-16 03:07:02.404 I/ReactNativeJS( 8766): [VoIP][DiagLine] connectSignaling:onmessage callId=call-2c3cc24922c0 state=OPEN rawLength=61
06-16 03:07:02.405 I/ReactNativeJS( 8766): '[VoIP][Diag] connectSignaling:onmessage', { callId: 'call-2c3cc24922c0',
06-16 03:07:02.405 I/ReactNativeJS( 8766):   rawPreview: '{"type":"pong","call_id":"call-2c3cc24922c0","role":"callee"}' }
06-16 03:07:02.406 I/ReactNativeJS( 8766): '[VoIP][Diag] handleSignalingMessage:dispatch', { callId: 'call-2c3cc24922c0',
06-16 03:07:02.406 I/ReactNativeJS( 8766):      call_id: 'call-2c3cc24922c0',
06-16 03:07:02.406 I/ReactNativeJS( 8766): '[VoIP][Diag] handleSignalingMessage:pong', { callId: 'call-2c3cc24922c0', socketState: 'OPEN' }
06-16 03:07:04.194 I/ReactNativeJS( 8766): '[UI_PRESS_PROBE]', '{"event":"VOIP_VOICE_RELAY_SILERO_SPEECH_START","call_id":"call-2c3cc24922c0","silence_duration_ms":950,"timestamp":"2026-06-15T18:07:04.194Z"}'
06-16 03:07:07.814 I/ReactNativeJS( 8766): '[UI_PRESS_PROBE]', '{"event":"VOIP_VOICE_RELAY_SILERO_SPEECH_END","call_id":"call-2c3cc24922c0","segment_duration_ms":6754,"speech_span_ms":3620,"silence_duration_ms":950,"flush":true,"defer_reason":null,"timestamp":"2026-06-15T18:07:07.814Z"}'
06-16 03:07:07.815 I/ReactNativeJS( 8766): '[UI_PRESS_PROBE]', '{"event":"VOIP_VOICE_RELAY_SEGMENT_FLUSH","call_id":"call-2c3cc24922c0","reason":"silence","is_final":true,"peak_meter_db":-160,"meter_unavailable":true,"timestamp":"2026-06-15T18:07:07.815Z"}'
06-16 03:07:07.866 I/ReactNativeJS( 8766): '[UI_PRESS_PROBE]', '{"event":"VOIP_VOICE_RELAY_SILERO_STOPPED","call_id":"call-2c3cc24922c0","reason":"segment_flush","timestamp":"2026-06-15T18:07:07.866Z"}'
06-16 03:07:07.923 I/ReactNativeJS( 8766): '[VoIP][Diag] setRemoteAudioEnabled', { callId: 'call-2c3cc24922c0', enabled: true, trackCount: 1 }
06-16 03:07:07.923 I/ReactNativeJS( 8766): '[UI_PRESS_PROBE]', '{"event":"VOIP_REMOTE_AUDIO_SUPPRESSION","call_id":"call-2c3cc24922c0","suppressed":false,"timestamp":"2026-06-15T18:07:07.923Z"}'
06-16 03:07:07.959 I/ReactNativeJS( 8766): '[UI_PRESS_PROBE]', '{"event":"VOIP_VOICE_TRANSLATE_REQUEST","call_id":"call-2c3cc24922c0","source_lang":"ja","target_lang":"ko","region_hint":null,"audio_base64_length":37424,"timestamp":"2026-06-15T18:07:07.959Z"}'
06-16 03:07:12.491 I/ReactNativeJS( 8766): '[UI_PRESS_PROBE]', '{"event":"VOIP_CALL_MODE_AUDIT_LOADED","call_id":"call-2c3cc24922c0","event_count":2,"event_types":["call_initiated","call_accepted"],"show_loading":false,"timestamp":"2026-06-15T18:07:12.490Z"}'
06-16 03:07:13.708 I/ReactNativeJS( 8766): '[UI_PRESS_PROBE]', '{"event":"VOIP_VOICE_TRANSLATE_RESULT","call_id":"call-2c3cc24922c0","source_lang":"ja","target_lang":"ko","detected_lang":"ja","transcript_length":10,"translated_length":6,"translate_duration_ms":5748,"segment_duration_ms":5784,"utterance_id":"call-2c3cc24922c0-1781546818240","chunk_index":0,"is_final":true,"seq_id":2,"has_audio_url":false,"has_audio_base64":false,"audio_format":null,"tts_delivery":"device_speech","timestamp":"2026-06-15T18:07:13.707Z"}'
06-16 03:07:13.709 I/ReactNativeJS( 8766): '[UI_PRESS_PROBE]', '{"event":"VOIP_VOICE_RELAY_SKIP","call_id":"call-2c3cc24922c0","reason":"local_relay_echo","transcript":"おはようございます。","translated_text":"안녕하세요.","timestamp":"2026-06-15T18:07:13.709Z"}'
06-16 03:07:13.709 I/ReactNativeJS( 8766): '[UI_PRESS_PROBE]', '{"event":"VOIP_VOICE_RELAY_CAPTURE_RETRY_SCHEDULED","call_id":"call-2c3cc24922c0","retry_reason":"segment_complete","wait_ms":250,"timestamp":"2026-06-15T18:07:13.709Z"}'
06-16 03:07:13.734 I/ReactNativeJS( 8766): '[UI_PRESS_PROBE]', '{"event":"VOIP_WEBRTC_LOCAL_AUDIO_KEEP_SUSPENDED","call_id":"call-2c3cc24922c0","reason":"segment_stop","timestamp":"2026-06-15T18:07:13.734Z"}'
06-16 03:07:14.058 I/ReactNativeJS( 8766): '[UI_PRESS_PROBE]', '{"event":"VOIP_RAIL_STATE_RESTORE","timestamp":"2026-06-15T18:07:14.057Z","token_ready":true,"user_ready":true,"show_login":false,"show_voip_tester":true,"selected_call_mode":"voip_full_auto","source":"app_state_active_restore","active_call_id":"call-2c3cc24922c0","pending_call_id":null,"accepting_call_id":null,"active_section":"voip"}'
06-16 03:07:14.140 I/ReactNativeJS( 8766): '[VoIP][Diag] setRemoteAudioEnabled', { callId: 'call-2c3cc24922c0', enabled: false, trackCount: 1 }
06-16 03:07:14.140 I/ReactNativeJS( 8766): '[UI_PRESS_PROBE]', '{"event":"VOIP_REMOTE_AUDIO_SUPPRESSION","call_id":"call-2c3cc24922c0","suppressed":true,"timestamp":"2026-06-15T18:07:14.140Z"}'
06-16 03:07:14.140 I/ReactNativeJS( 8766): '[UI_PRESS_PROBE]', '{"event":"VOIP_VOICE_RELAY_SEGMENT_STARTED","call_id":"call-2c3cc24922c0","connection_state":"connected","source_lang":"ja","target_lang":"ko","timestamp":"2026-06-15T18:07:14.140Z"}'
06-16 03:07:14.245 I/ReactNativeJS( 8766): '[UI_PRESS_PROBE]', '{"event":"VOIP_VOICE_RELAY_SILERO_STARTED","call_id":"call-2c3cc24922c0","silence_ms":950,"speech_ms":120,"timestamp":"2026-06-15T18:07:14.244Z"}'
06-16 03:07:15.066 I/ReactNativeJS( 8766): '[UI_PRESS_PROBE]', '{"event":"VOIP_VOICE_RELAY_METER_UNAVAILABLE","call_id":"call-2c3cc24922c0","poll_misses":5,"last_meter_db":null,"file_rms_vad":true,"timestamp":"2026-06-15T18:07:15.065Z"}'
06-16 03:07:17.106 I/ReactNativeJS( 8766): '[UI_PRESS_PROBE]', '{"event":"VOIP_VOICE_RELAY_SILERO_SPEECH_START","call_id":"call-2c3cc24922c0","silence_duration_ms":950,"timestamp":"2026-06-15T18:07:17.105Z"}'
06-16 03:07:20.733 I/ReactNativeJS( 8766): '[UI_PRESS_PROBE]', '{"event":"VOIP_VOICE_RELAY_SILERO_SPEECH_END","call_id":"call-2c3cc24922c0","segment_duration_ms":6652,"speech_span_ms":3628,"silence_duration_ms":950,"flush":true,"defer_reason":null,"timestamp":"2026-06-15T18:07:20.733Z"}'
06-16 03:07:20.734 I/ReactNativeJS( 8766): '[UI_PRESS_PROBE]', '{"event":"VOIP_VOICE_RELAY_SEGMENT_FLUSH","call_id":"call-2c3cc24922c0","reason":"silence","is_final":true,"peak_meter_db":-160,"meter_unavailable":true,"timestamp":"2026-06-15T18:07:20.734Z"}'
06-16 03:07:20.798 I/ReactNativeJS( 8766): '[UI_PRESS_PROBE]', '{"event":"VOIP_VOICE_RELAY_SILERO_STOPPED","call_id":"call-2c3cc24922c0","reason":"segment_flush","timestamp":"2026-06-15T18:07:20.798Z"}'
06-16 03:07:20.868 I/ReactNativeJS( 8766): '[VoIP][Diag] setRemoteAudioEnabled', { callId: 'call-2c3cc24922c0', enabled: true, trackCount: 1 }
06-16 03:07:20.868 I/ReactNativeJS( 8766): '[UI_PRESS_PROBE]', '{"event":"VOIP_REMOTE_AUDIO_SUPPRESSION","call_id":"call-2c3cc24922c0","suppressed":false,"timestamp":"2026-06-15T18:07:20.868Z"}'
06-16 03:07:20.912 I/ReactNativeJS( 8766): '[UI_PRESS_PROBE]', '{"event":"VOIP_VOICE_TRANSLATE_REQUEST","call_id":"call-2c3cc24922c0","source_lang":"ja","target_lang":"ko","region_hint":null,"audio_base64_length":37076,"timestamp":"2026-06-15T18:07:20.912Z"}'
06-16 03:07:22.408 I/ReactNativeJS( 8766): [VoIP][DiagLine] connectSignaling:onmessage callId=call-2c3cc24922c0 state=OPEN rawLength=61
06-16 03:07:22.409 I/ReactNativeJS( 8766): '[VoIP][Diag] connectSignaling:onmessage', { callId: 'call-2c3cc24922c0',
06-16 03:07:22.409 I/ReactNativeJS( 8766):   rawPreview: '{"type":"pong","call_id":"call-2c3cc24922c0","role":"callee"}' }
06-16 03:07:22.410 I/ReactNativeJS( 8766): '[VoIP][Diag] handleSignalingMessage:dispatch', { callId: 'call-2c3cc24922c0',
06-16 03:07:22.410 I/ReactNativeJS( 8766):      call_id: 'call-2c3cc24922c0',
06-16 03:07:22.410 I/ReactNativeJS( 8766): '[VoIP][Diag] handleSignalingMessage:pong', { callId: 'call-2c3cc24922c0', socketState: 'OPEN' }
06-16 03:07:24.080 I/ReactNativeJS( 8766): [VoIP][DiagLine] connectSignaling:onmessage callId=call-2c3cc24922c0 state=OPEN rawLength=386
06-16 03:07:24.081 I/ReactNativeJS( 8766): '[VoIP][Diag] connectSignaling:onmessage', { callId: 'call-2c3cc24922c0',
06-16 03:07:24.083 I/ReactNativeJS( 8766): '[VoIP][Diag] handleSignalingMessage:dispatch', { callId: 'call-2c3cc24922c0',
06-16 03:07:24.083 I/ReactNativeJS( 8766):      call_id: 'call-2c3cc24922c0',
06-16 03:07:24.088 I/ReactNativeJS( 8766): '[VoIP][Diag] setRemoteAudioEnabled', { callId: 'call-2c3cc24922c0', enabled: false, trackCount: 1 }
06-16 03:07:24.088 I/ReactNativeJS( 8766): '[UI_PRESS_PROBE]', '{"event":"VOIP_REMOTE_AUDIO_SUPPRESSION","call_id":"call-2c3cc24922c0","suppressed":true,"timestamp":"2026-06-15T18:07:24.088Z"}'
06-16 03:07:24.089 I/ReactNativeJS( 8766): '[UI_PRESS_PROBE]', '{"event":"VOIP_VOICE_RELAY_PLAYBACK","call_id":"call-2c3cc24922c0","target_lang":"ja","translated_text":"こんにちは。嬉しいです。","translated_length":12,"tts_delivery":"device_speech","speaker_on":false,"timestamp":"2026-06-15T18:07:24.088Z"}'
