06-16 03:06:18.096 I/ReactNativeJS(17675): [VoIP][DiagLine] connectSignaling:onmessage callId=call-2c3cc24922c0 state=OPEN rawLength=61
06-16 03:06:18.097 I/ReactNativeJS(17675): '[VoIP][Diag] connectSignaling:onmessage', { callId: 'call-2c3cc24922c0',
06-16 03:06:18.097 I/ReactNativeJS(17675):   rawPreview: '{"type":"pong","call_id":"call-2c3cc24922c0","role":"caller"}' }
06-16 03:06:18.100 I/ReactNativeJS(17675): '[VoIP][Diag] handleSignalingMessage:dispatch', { callId: 'call-2c3cc24922c0',
06-16 03:06:18.100 I/ReactNativeJS(17675):      call_id: 'call-2c3cc24922c0',
06-16 03:06:18.101 I/ReactNativeJS(17675): '[VoIP][Diag] handleSignalingMessage:pong', { callId: 'call-2c3cc24922c0', socketState: 'OPEN' }
06-16 03:06:32.146 I/ReactNativeJS(17675): '[UI_PRESS_PROBE]', '{"event":"VOIP_VOICE_RELAY_SILERO_SPEECH_START","call_id":"call-2c3cc24922c0","silence_duration_ms":950,"timestamp":"2026-06-15T18:06:32.145Z"}'
06-16 03:06:32.850 I/ReactNativeJS(17675): '[UI_PRESS_PROBE]', '{"event":"VOIP_VOICE_RELAY_SEGMENT_FLUSH","call_id":"call-2c3cc24922c0","reason":"max_duration","is_final":true,"peak_meter_db":-160,"meter_unavailable":true,"timestamp":"2026-06-15T18:06:32.849Z"}'
06-16 03:06:32.894 I/ReactNativeJS(17675): '[UI_PRESS_PROBE]', '{"event":"VOIP_VOICE_RELAY_SILERO_STOPPED","call_id":"call-2c3cc24922c0","reason":"segment_flush","timestamp":"2026-06-15T18:06:32.894Z"}'
06-16 03:06:33.266 I/ReactNativeJS(17675): '[VoIP][Diag] setRemoteAudioEnabled', { callId: 'call-2c3cc24922c0', enabled: true, trackCount: 1 }
06-16 03:06:33.266 I/ReactNativeJS(17675): '[UI_PRESS_PROBE]', '{"event":"VOIP_REMOTE_AUDIO_SUPPRESSION","call_id":"call-2c3cc24922c0","suppressed":false,"timestamp":"2026-06-15T18:06:33.266Z"}'
06-16 03:06:33.494 I/ReactNativeJS(17675): '[UI_PRESS_PROBE]', '{"event":"VOIP_VOICE_TRANSLATE_REQUEST","call_id":"call-2c3cc24922c0","source_lang":"ko","target_lang":"ja","region_hint":null,"audio_base64_length":136348,"timestamp":"2026-06-15T18:06:33.493Z"}'
06-16 03:06:33.598 I/ReactNativeJS(17675): '[UI_PRESS_PROBE]', '{"event":"VOIP_RAIL_STATE_RESTORE","timestamp":"2026-06-15T18:06:33.597Z","token_ready":true,"user_ready":true,"show_login":false,"show_voip_tester":true,"selected_call_mode":"pstn_assist","source":"app_state_active_restore","active_call_id":"call-2c3cc24922c0","pending_call_id":null,"accepting_call_id":null,"active_section":"voip"}'
06-16 03:06:33.605 I/ReactNativeJS(17675): '[UI_PRESS_PROBE]', '{"event":"VOIP_VALIDATION_AUTO_CALL_SKIPPED_ACTIVE_CALL","timestamp":"2026-06-15T18:06:33.605Z","token_ready":true,"user_ready":true,"show_login":false,"show_voip_tester":true,"selected_call_mode":"pstn_assist","source":"active_initial_url","callee_voice_id":"nado-000001","active_call_id":"call-2c3cc24922c0","pending_call_id":null}'
06-16 03:06:33.772 I/ReactNativeJS(17675): '[VoIP][Diag] setRemoteAudioEnabled', { callId: 'call-2c3cc24922c0', enabled: false, trackCount: 1 }
06-16 03:06:33.772 I/ReactNativeJS(17675): '[UI_PRESS_PROBE]', '{"event":"VOIP_REMOTE_AUDIO_SUPPRESSION","call_id":"call-2c3cc24922c0","suppressed":true,"timestamp":"2026-06-15T18:06:33.772Z"}'
06-16 03:06:33.773 I/ReactNativeJS(17675): '[UI_PRESS_PROBE]', '{"event":"VOIP_VOICE_RELAY_SEGMENT_STARTED","call_id":"call-2c3cc24922c0","connection_state":"connected","source_lang":"ko","target_lang":"ja","timestamp":"2026-06-15T18:06:33.773Z"}'
06-16 03:06:34.193 I/ReactNativeJS(17675): '[UI_PRESS_PROBE]', '{"event":"VOIP_VOICE_RELAY_SILERO_STARTED","call_id":"call-2c3cc24922c0","silence_ms":950,"speech_ms":120,"timestamp":"2026-06-15T18:06:34.193Z"}'
06-16 03:06:38.132 I/ReactNativeJS(17675): [VoIP][DiagLine] connectSignaling:onmessage callId=call-2c3cc24922c0 state=OPEN rawLength=61
06-16 03:06:38.133 I/ReactNativeJS(17675): '[VoIP][Diag] connectSignaling:onmessage', { callId: 'call-2c3cc24922c0',
06-16 03:06:38.133 I/ReactNativeJS(17675):   rawPreview: '{"type":"pong","call_id":"call-2c3cc24922c0","role":"caller"}' }
06-16 03:06:38.134 I/ReactNativeJS(17675): '[VoIP][Diag] handleSignalingMessage:dispatch', { callId: 'call-2c3cc24922c0',
06-16 03:06:38.134 I/ReactNativeJS(17675):      call_id: 'call-2c3cc24922c0',
06-16 03:06:38.135 I/ReactNativeJS(17675): '[VoIP][Diag] handleSignalingMessage:pong', { callId: 'call-2c3cc24922c0', socketState: 'OPEN' }
06-16 03:06:38.376 I/ReactNativeJS(17675): '[UI_PRESS_PROBE]', '{"event":"VOIP_CALL_MODE_AUDIT_LOADED","call_id":"call-2c3cc24922c0","event_count":2,"event_types":["call_initiated","call_accepted"],"show_loading":false,"timestamp":"2026-06-15T18:06:38.376Z"}'
06-16 03:06:44.292 I/ReactNativeJS(17675): '[UI_PRESS_PROBE]', '{"event":"VOIP_VOICE_TRANSLATE_REJECTED","call_id":"call-2c3cc24922c0","error_message":"음성이 감지되지 않았습니다. 다시 말씀해 주세요.","timestamp":"2026-06-15T18:06:44.291Z"}'
06-16 03:06:44.292 I/ReactNativeJS(17675): '[UI_PRESS_PROBE]', '{"event":"VOIP_VOICE_RELAY_CAPTURE_RETRY_SCHEDULED","call_id":"call-2c3cc24922c0","retry_reason":"segment_complete","wait_ms":250,"timestamp":"2026-06-15T18:06:44.292Z"}'
06-16 03:06:44.335 I/ReactNativeJS(17675): '[VoIP][Diag] setRemoteAudioEnabled', { callId: 'call-2c3cc24922c0', enabled: true, trackCount: 1 }
06-16 03:06:44.335 I/ReactNativeJS(17675): '[UI_PRESS_PROBE]', '{"event":"VOIP_REMOTE_AUDIO_SUPPRESSION","call_id":"call-2c3cc24922c0","suppressed":false,"timestamp":"2026-06-15T18:06:44.335Z"}'
06-16 03:06:44.336 I/ReactNativeJS(17675): '[UI_PRESS_PROBE]', '{"event":"VOIP_WEBRTC_LOCAL_AUDIO_KEEP_SUSPENDED","call_id":"call-2c3cc24922c0","reason":"segment_stop","timestamp":"2026-06-15T18:06:44.336Z"}'
06-16 03:06:45.170 I/ReactNativeJS(17675): '[UI_PRESS_PROBE]', '{"event":"VOIP_VOICE_RELAY_METER_UNAVAILABLE","call_id":"call-2c3cc24922c0","poll_misses":5,"last_meter_db":null,"file_rms_vad":true,"timestamp":"2026-06-15T18:06:45.169Z"}'
06-16 03:06:50.408 I/ReactNativeJS(17675): '[UI_PRESS_PROBE]', '{"event":"VOIP_VOICE_RELAY_SILERO_SPEECH_START","call_id":"call-2c3cc24922c0","silence_duration_ms":950,"timestamp":"2026-06-15T18:06:50.408Z"}'
06-16 03:06:55.502 I/ReactNativeJS(17675): '[UI_PRESS_PROBE]', '{"event":"VOIP_VOICE_RELAY_SILERO_SPEECH_END","call_id":"call-2c3cc24922c0","segment_duration_ms":11165,"speech_span_ms":5093,"silence_duration_ms":950,"flush":true,"defer_reason":null,"timestamp":"2026-06-15T18:06:55.501Z"}'
06-16 03:06:55.502 I/ReactNativeJS(17675): '[UI_PRESS_PROBE]', '{"event":"VOIP_VOICE_RELAY_SEGMENT_FLUSH","call_id":"call-2c3cc24922c0","reason":"silence","is_final":true,"peak_meter_db":-160,"meter_unavailable":true,"timestamp":"2026-06-15T18:06:55.502Z"}'
06-16 03:06:55.553 I/ReactNativeJS(17675): '[UI_PRESS_PROBE]', '{"event":"VOIP_VOICE_RELAY_SILERO_STOPPED","call_id":"call-2c3cc24922c0","reason":"segment_flush","timestamp":"2026-06-15T18:06:55.552Z"}'
06-16 03:06:56.005 I/ReactNativeJS(17675): '[UI_PRESS_PROBE]', '{"event":"VOIP_VOICE_TRANSLATE_REQUEST","call_id":"call-2c3cc24922c0","source_lang":"ko","target_lang":"ja","region_hint":null,"audio_base64_length":117244,"timestamp":"2026-06-15T18:06:56.005Z"}'
06-16 03:06:56.014 I/ReactNativeJS(17675): '[UI_PRESS_PROBE]', '{"event":"VOIP_VOICE_RELAY_START_BLOCKED","call_id":"call-2c3cc24922c0","reason":"segment_processing_in_progress","connection_state":"connected","has_remote_audio":true,"signaling":{"hasSocket":true,"socketState":"OPEN","connectionState":"connected","hasRemoteAudio":true},"timestamp":"2026-06-15T18:06:56.014Z"}'
06-16 03:06:58.162 I/ReactNativeJS(17675): [VoIP][DiagLine] connectSignaling:onmessage callId=call-2c3cc24922c0 state=OPEN rawLength=61
06-16 03:06:58.163 I/ReactNativeJS(17675): '[VoIP][Diag] connectSignaling:onmessage', { callId: 'call-2c3cc24922c0',
06-16 03:06:58.163 I/ReactNativeJS(17675):   rawPreview: '{"type":"pong","call_id":"call-2c3cc24922c0","role":"caller"}' }
06-16 03:06:58.165 I/ReactNativeJS(17675): '[VoIP][Diag] handleSignalingMessage:dispatch', { callId: 'call-2c3cc24922c0',
06-16 03:06:58.165 I/ReactNativeJS(17675):      call_id: 'call-2c3cc24922c0',
06-16 03:06:58.165 I/ReactNativeJS(17675): '[VoIP][Diag] handleSignalingMessage:pong', { callId: 'call-2c3cc24922c0', socketState: 'OPEN' }
06-16 03:06:59.297 I/ReactNativeJS(17675): [VoIP][DiagLine] connectSignaling:onmessage callId=call-2c3cc24922c0 state=OPEN rawLength=394
06-16 03:06:59.298 I/ReactNativeJS(17675): '[VoIP][Diag] connectSignaling:onmessage', { callId: 'call-2c3cc24922c0',
06-16 03:06:59.300 I/ReactNativeJS(17675): '[VoIP][Diag] handleSignalingMessage:dispatch', { callId: 'call-2c3cc24922c0',
06-16 03:06:59.300 I/ReactNativeJS(17675):      call_id: 'call-2c3cc24922c0',
06-16 03:06:59.303 I/ReactNativeJS(17675): '[VoIP][Diag] setRemoteAudioEnabled', { callId: 'call-2c3cc24922c0', enabled: false, trackCount: 1 }
06-16 03:06:59.303 I/ReactNativeJS(17675): '[UI_PRESS_PROBE]', '{"event":"VOIP_REMOTE_AUDIO_SUPPRESSION","call_id":"call-2c3cc24922c0","suppressed":true,"timestamp":"2026-06-15T18:06:59.303Z"}'
06-16 03:06:59.304 I/ReactNativeJS(17675): '[UI_PRESS_PROBE]', '{"event":"VOIP_VOICE_RELAY_PLAYBACK","call_id":"call-2c3cc24922c0","target_lang":"ko","translated_text":"안녕하세요. 잘 부탁드립니다.","translated_length":16,"tts_delivery":"device_speech","speaker_on":false,"timestamp":"2026-06-15T18:06:59.304Z"}'
06-16 03:07:03.188 I/ReactNativeJS(17675): '[VoIP][Diag] setRemoteAudioEnabled', { callId: 'call-2c3cc24922c0', enabled: true, trackCount: 1 }
06-16 03:07:03.189 I/ReactNativeJS(17675): '[UI_PRESS_PROBE]', '{"event":"VOIP_REMOTE_AUDIO_SUPPRESSION","call_id":"call-2c3cc24922c0","suppressed":false,"timestamp":"2026-06-15T18:07:03.189Z"}'
06-16 03:07:03.189 I/ReactNativeJS(17675): '[UI_PRESS_PROBE]', '{"event":"VOIP_VOICE_RELAY_CAPTURE_RETRY_SCHEDULED","call_id":"call-2c3cc24922c0","retry_reason":"playback_complete","wait_ms":250,"timestamp":"2026-06-15T18:07:03.189Z"}'
06-16 03:07:03.703 I/ReactNativeJS(17675): '[UI_PRESS_PROBE]', '{"event":"VOIP_RAIL_STATE_RESTORE","timestamp":"2026-06-15T18:07:03.702Z","token_ready":true,"user_ready":true,"show_login":false,"show_voip_tester":true,"selected_call_mode":"pstn_assist","source":"app_state_active_restore","active_call_id":"call-2c3cc24922c0","pending_call_id":null,"accepting_call_id":null,"active_section":"voip"}'
06-16 03:07:03.715 I/ReactNativeJS(17675): '[UI_PRESS_PROBE]', '{"event":"VOIP_VALIDATION_AUTO_CALL_SKIPPED_ACTIVE_CALL","timestamp":"2026-06-15T18:07:03.714Z","token_ready":true,"user_ready":true,"show_login":false,"show_voip_tester":true,"selected_call_mode":"pstn_assist","source":"active_initial_url","callee_voice_id":"nado-000001","active_call_id":"call-2c3cc24922c0","pending_call_id":null}'
06-16 03:07:03.869 I/ReactNativeJS(17675): '[VoIP][Diag] setRemoteAudioEnabled', { callId: 'call-2c3cc24922c0', enabled: false, trackCount: 1 }
06-16 03:07:03.870 I/ReactNativeJS(17675): '[UI_PRESS_PROBE]', '{"event":"VOIP_REMOTE_AUDIO_SUPPRESSION","call_id":"call-2c3cc24922c0","suppressed":true,"timestamp":"2026-06-15T18:07:03.869Z"}'
06-16 03:07:03.870 I/ReactNativeJS(17675): '[UI_PRESS_PROBE]', '{"event":"VOIP_VOICE_RELAY_SEGMENT_STARTED","call_id":"call-2c3cc24922c0","connection_state":"connected","source_lang":"ko","target_lang":"ja","timestamp":"2026-06-15T18:07:03.870Z"}'
06-16 03:07:04.099 I/ReactNativeJS(17675): '[UI_PRESS_PROBE]', '{"event":"VOIP_VOICE_RELAY_SILERO_STARTED","call_id":"call-2c3cc24922c0","silence_ms":950,"speech_ms":120,"timestamp":"2026-06-15T18:07:04.099Z"}'
06-16 03:07:05.000 I/ReactNativeJS(17675): '[UI_PRESS_PROBE]', '{"event":"VOIP_VOICE_TRANSLATE_REJECTED","call_id":"call-2c3cc24922c0","error_message":"음성이 감지되지 않았습니다. 다시 말씀해 주세요.","timestamp":"2026-06-15T18:07:05.000Z"}'
06-16 03:07:05.001 I/ReactNativeJS(17675): '[UI_PRESS_PROBE]', '{"event":"VOIP_VOICE_RELAY_CAPTURE_RETRY_SCHEDULED","call_id":"call-2c3cc24922c0","retry_reason":"segment_complete","wait_ms":250,"timestamp":"2026-06-15T18:07:05.000Z"}'
06-16 03:07:05.034 I/ReactNativeJS(17675): '[VoIP][Diag] setRemoteAudioEnabled', { callId: 'call-2c3cc24922c0', enabled: true, trackCount: 1 }
06-16 03:07:05.035 I/ReactNativeJS(17675): '[UI_PRESS_PROBE]', '{"event":"VOIP_REMOTE_AUDIO_SUPPRESSION","call_id":"call-2c3cc24922c0","suppressed":false,"timestamp":"2026-06-15T18:07:05.034Z"}'
06-16 03:07:05.035 I/ReactNativeJS(17675): '[UI_PRESS_PROBE]', '{"event":"VOIP_WEBRTC_LOCAL_AUDIO_KEEP_SUSPENDED","call_id":"call-2c3cc24922c0","reason":"segment_stop","timestamp":"2026-06-15T18:07:05.035Z"}'
06-16 03:07:05.304 I/ReactNativeJS(17675): '[UI_PRESS_PROBE]', '{"event":"VOIP_VOICE_RELAY_SILERO_SPEECH_START","call_id":"call-2c3cc24922c0","silence_duration_ms":950,"timestamp":"2026-06-15T18:07:05.303Z"}'
06-16 03:07:05.892 I/ReactNativeJS(17675): '[UI_PRESS_PROBE]', '{"event":"VOIP_VOICE_RELAY_METER_UNAVAILABLE","call_id":"call-2c3cc24922c0","poll_misses":5,"last_meter_db":null,"file_rms_vad":true,"timestamp":"2026-06-15T18:07:05.891Z"}'
06-16 03:07:08.393 I/ReactNativeJS(17675): '[UI_PRESS_PROBE]', '{"event":"VOIP_CALL_MODE_AUDIT_LOADED","call_id":"call-2c3cc24922c0","event_count":2,"event_types":["call_initiated","call_accepted"],"show_loading":false,"timestamp":"2026-06-15T18:07:08.392Z"}'
06-16 03:07:08.561 I/ReactNativeJS(17675): '[UI_PRESS_PROBE]', '{"event":"VOIP_VOICE_RELAY_SILERO_SPEECH_END","call_id":"call-2c3cc24922c0","segment_duration_ms":3525,"speech_span_ms":3257,"silence_duration_ms":950,"flush":true,"defer_reason":null,"timestamp":"2026-06-15T18:07:08.560Z"}'
06-16 03:07:08.562 I/ReactNativeJS(17675): '[UI_PRESS_PROBE]', '{"event":"VOIP_VOICE_RELAY_SEGMENT_FLUSH","call_id":"call-2c3cc24922c0","reason":"silence","is_final":true,"peak_meter_db":-160,"meter_unavailable":true,"timestamp":"2026-06-15T18:07:08.561Z"}'
06-16 03:07:08.605 I/ReactNativeJS(17675): '[UI_PRESS_PROBE]', '{"event":"VOIP_VOICE_RELAY_SILERO_STOPPED","call_id":"call-2c3cc24922c0","reason":"segment_flush","timestamp":"2026-06-15T18:07:08.604Z"}'
06-16 03:07:08.891 I/ReactNativeJS(17675): '[UI_PRESS_PROBE]', '{"event":"VOIP_VOICE_TRANSLATE_REQUEST","call_id":"call-2c3cc24922c0","source_lang":"ko","target_lang":"ja","region_hint":null,"audio_base64_length":25724,"timestamp":"2026-06-15T18:07:08.890Z"}'
06-16 03:07:08.895 I/ReactNativeJS(17675): '[UI_PRESS_PROBE]', '{"event":"VOIP_VOICE_RELAY_START_BLOCKED","call_id":"call-2c3cc24922c0","reason":"segment_processing_in_progress","connection_state":"connected","has_remote_audio":true,"signaling":{"hasSocket":true,"socketState":"OPEN","connectionState":"connected","hasRemoteAudio":true},"timestamp":"2026-06-15T18:07:08.894Z"}'
06-16 03:07:12.216 I/ReactNativeJS(17675): '[UI_PRESS_PROBE]', '{"event":"VOIP_VOICE_TRANSLATE_RESULT","call_id":"call-2c3cc24922c0","source_lang":"ko","target_lang":"ja","detected_lang":"ko","transcript_length":13,"translated_length":12,"translate_duration_ms":3323,"segment_duration_ms":3384,"utterance_id":"call-2c3cc24922c0-1781546825035","chunk_index":0,"is_final":true,"seq_id":1,"has_audio_url":false,"has_audio_base64":false,"audio_format":null,"tts_delivery":"device_speech","timestamp":"2026-06-15T18:07:12.215Z"}'
06-16 03:07:12.217 I/ReactNativeJS(17675): '[UI_PRESS_PROBE]', '{"event":"VOIP_VOICE_RELAY_SKIP","call_id":"call-2c3cc24922c0","reason":"playback_pickup_echo","transcript":"안녕하세요. 반갑습니다.","translated_text":"こんにちは。嬉しいです。","timestamp":"2026-06-15T18:07:12.216Z"}'
06-16 03:07:12.217 I/ReactNativeJS(17675): '[UI_PRESS_PROBE]', '{"event":"VOIP_VOICE_RELAY_CAPTURE_RETRY_SCHEDULED","call_id":"call-2c3cc24922c0","retry_reason":"segment_complete","wait_ms":250,"timestamp":"2026-06-15T18:07:12.217Z"}'
06-16 03:07:12.254 I/ReactNativeJS(17675): '[UI_PRESS_PROBE]', '{"event":"VOIP_WEBRTC_LOCAL_AUDIO_KEEP_SUSPENDED","call_id":"call-2c3cc24922c0","reason":"segment_stop","timestamp":"2026-06-15T18:07:12.254Z"}'
06-16 03:07:12.789 I/ReactNativeJS(17675): '[UI_PRESS_PROBE]', '{"event":"VOIP_RAIL_STATE_RESTORE","timestamp":"2026-06-15T18:07:12.788Z","token_ready":true,"user_ready":true,"show_login":false,"show_voip_tester":true,"selected_call_mode":"pstn_assist","source":"app_state_active_restore","active_call_id":"call-2c3cc24922c0","pending_call_id":null,"accepting_call_id":null,"active_section":"voip"}'
06-16 03:07:12.801 I/ReactNativeJS(17675): '[UI_PRESS_PROBE]', '{"event":"VOIP_VALIDATION_AUTO_CALL_SKIPPED_ACTIVE_CALL","timestamp":"2026-06-15T18:07:12.800Z","token_ready":true,"user_ready":true,"show_login":false,"show_voip_tester":true,"selected_call_mode":"pstn_assist","source":"active_initial_url","callee_voice_id":"nado-000001","active_call_id":"call-2c3cc24922c0","pending_call_id":null}'
06-16 03:07:12.988 I/ReactNativeJS(17675): '[VoIP][Diag] setRemoteAudioEnabled', { callId: 'call-2c3cc24922c0', enabled: false, trackCount: 1 }
06-16 03:07:12.989 I/ReactNativeJS(17675): '[UI_PRESS_PROBE]', '{"event":"VOIP_REMOTE_AUDIO_SUPPRESSION","call_id":"call-2c3cc24922c0","suppressed":true,"timestamp":"2026-06-15T18:07:12.988Z"}'
06-16 03:07:12.989 I/ReactNativeJS(17675): '[UI_PRESS_PROBE]', '{"event":"VOIP_VOICE_RELAY_SEGMENT_STARTED","call_id":"call-2c3cc24922c0","connection_state":"connected","source_lang":"ko","target_lang":"ja","timestamp":"2026-06-15T18:07:12.989Z"}'
06-16 03:07:13.274 I/ReactNativeJS(17675): '[UI_PRESS_PROBE]', '{"event":"VOIP_VOICE_RELAY_SILERO_STARTED","call_id":"call-2c3cc24922c0","silence_ms":950,"speech_ms":120,"timestamp":"2026-06-15T18:07:13.274Z"}'
06-16 03:07:13.916 I/ReactNativeJS(17675): '[UI_PRESS_PROBE]', '{"event":"VOIP_VOICE_RELAY_METER_UNAVAILABLE","call_id":"call-2c3cc24922c0","poll_misses":5,"last_meter_db":null,"file_rms_vad":true,"timestamp":"2026-06-15T18:07:13.915Z"}'
06-16 03:07:18.118 I/ReactNativeJS(17675): [VoIP][DiagLine] connectSignaling:onmessage callId=call-2c3cc24922c0 state=OPEN rawLength=61
06-16 03:07:18.119 I/ReactNativeJS(17675): '[VoIP][Diag] connectSignaling:onmessage', { callId: 'call-2c3cc24922c0',
06-16 03:07:18.119 I/ReactNativeJS(17675):   rawPreview: '{"type":"pong","call_id":"call-2c3cc24922c0","role":"caller"}' }
06-16 03:07:18.120 I/ReactNativeJS(17675): '[VoIP][Diag] handleSignalingMessage:dispatch', { callId: 'call-2c3cc24922c0',
06-16 03:07:18.120 I/ReactNativeJS(17675):      call_id: 'call-2c3cc24922c0',
06-16 03:07:18.121 I/ReactNativeJS(17675): '[VoIP][Diag] handleSignalingMessage:pong', { callId: 'call-2c3cc24922c0', socketState: 'OPEN' }
06-16 03:07:18.228 I/ReactNativeJS(17675): '[UI_PRESS_PROBE]', '{"event":"VOIP_VOICE_RELAY_SILERO_SPEECH_START","call_id":"call-2c3cc24922c0","silence_duration_ms":950,"timestamp":"2026-06-15T18:07:18.227Z"}'
06-16 03:07:21.532 I/ReactNativeJS(17675): '[UI_PRESS_PROBE]', '{"event":"VOIP_VOICE_RELAY_SILERO_SPEECH_END","call_id":"call-2c3cc24922c0","segment_duration_ms":8730,"speech_span_ms":3305,"silence_duration_ms":950,"flush":true,"defer_reason":null,"timestamp":"2026-06-15T18:07:21.532Z"}'
06-16 03:07:21.533 I/ReactNativeJS(17675): '[UI_PRESS_PROBE]', '{"event":"VOIP_VOICE_RELAY_SEGMENT_FLUSH","call_id":"call-2c3cc24922c0","reason":"silence","is_final":true,"peak_meter_db":-160,"meter_unavailable":true,"timestamp":"2026-06-15T18:07:21.533Z"}'
06-16 03:07:21.579 I/ReactNativeJS(17675): '[UI_PRESS_PROBE]', '{"event":"VOIP_VOICE_RELAY_SILERO_STOPPED","call_id":"call-2c3cc24922c0","reason":"segment_flush","timestamp":"2026-06-15T18:07:21.579Z"}'
06-16 03:07:21.941 I/ReactNativeJS(17675): '[VoIP][Diag] setRemoteAudioEnabled', { callId: 'call-2c3cc24922c0', enabled: true, trackCount: 1 }
06-16 03:07:21.942 I/ReactNativeJS(17675): '[UI_PRESS_PROBE]', '{"event":"VOIP_REMOTE_AUDIO_SUPPRESSION","call_id":"call-2c3cc24922c0","suppressed":false,"timestamp":"2026-06-15T18:07:21.941Z"}'
06-16 03:07:22.026 I/ReactNativeJS(17675): '[UI_PRESS_PROBE]', '{"event":"VOIP_VOICE_TRANSLATE_REQUEST","call_id":"call-2c3cc24922c0","source_lang":"ko","target_lang":"ja","region_hint":null,"audio_base64_length":46508,"timestamp":"2026-06-15T18:07:22.025Z"}'
06-16 03:07:22.255 I/ReactNativeJS(17675): '[UI_PRESS_PROBE]', '{"event":"VOIP_RAIL_STATE_RESTORE","timestamp":"2026-06-15T18:07:22.254Z","token_ready":true,"user_ready":true,"show_login":false,"show_voip_tester":true,"selected_call_mode":"pstn_assist","source":"app_state_active_restore","active_call_id":"call-2c3cc24922c0","pending_call_id":null,"accepting_call_id":null,"active_section":"voip"}'
06-16 03:07:22.260 I/ReactNativeJS(17675): '[UI_PRESS_PROBE]', '{"event":"VOIP_VALIDATION_AUTO_CALL_SKIPPED_ACTIVE_CALL","timestamp":"2026-06-15T18:07:22.260Z","token_ready":true,"user_ready":true,"show_login":false,"show_voip_tester":true,"selected_call_mode":"pstn_assist","source":"active_initial_url","callee_voice_id":"nado-000001","active_call_id":"call-2c3cc24922c0","pending_call_id":null}'
06-16 03:07:22.433 I/ReactNativeJS(17675): '[VoIP][Diag] setRemoteAudioEnabled', { callId: 'call-2c3cc24922c0', enabled: false, trackCount: 1 }
06-16 03:07:22.433 I/ReactNativeJS(17675): '[UI_PRESS_PROBE]', '{"event":"VOIP_REMOTE_AUDIO_SUPPRESSION","call_id":"call-2c3cc24922c0","suppressed":true,"timestamp":"2026-06-15T18:07:22.433Z"}'
06-16 03:07:22.433 I/ReactNativeJS(17675): '[UI_PRESS_PROBE]', '{"event":"VOIP_VOICE_RELAY_SEGMENT_STARTED","call_id":"call-2c3cc24922c0","connection_state":"connected","source_lang":"ko","target_lang":"ja","timestamp":"2026-06-15T18:07:22.433Z"}'
06-16 03:07:22.702 I/ReactNativeJS(17675): '[UI_PRESS_PROBE]', '{"event":"VOIP_VOICE_RELAY_SILERO_STARTED","call_id":"call-2c3cc24922c0","silence_ms":950,"speech_ms":120,"timestamp":"2026-06-15T18:07:22.702Z"}'
06-16 03:07:25.153 I/ReactNativeJS(17675): '[UI_PRESS_PROBE]', '{"event":"VOIP_VOICE_TRANSLATE_RESULT","call_id":"call-2c3cc24922c0","source_lang":"ko","target_lang":"ja","detected_lang":"ko","transcript_length":13,"translated_length":12,"translate_duration_ms":3126,"segment_duration_ms":3211,"utterance_id":"call-2c3cc24922c0-1781546832254","chunk_index":0,"is_final":true,"seq_id":2,"has_audio_url":false,"has_audio_base64":false,"audio_format":null,"tts_delivery":"device_speech","timestamp":"2026-06-15T18:07:25.153Z"}'
06-16 03:07:25.156 I/ReactNativeJS(17675):   call_id: 'call-2c3cc24922c0',
06-16 03:07:25.156 I/ReactNativeJS(17675):   utterance_id: 'call-2c3cc24922c0-1781546832254',
06-16 03:07:25.157 I/ReactNativeJS(17675): '[VoIP][Diag] sendSignalingMessage:sent', { callId: 'call-2c3cc24922c0',
06-16 03:07:25.157 I/ReactNativeJS(17675):      call_id: 'call-2c3cc24922c0',
06-16 03:07:25.160 I/ReactNativeJS(17675): '[UI_PRESS_PROBE]', '{"event":"VOIP_VOICE_RELAY_SENT","call_id":"call-2c3cc24922c0","transcript":"안녕하세요. 반갑습니다.","translated_text":"こんにちは。嬉しいです。","utterance_id":"call-2c3cc24922c0-1781546832254","chunk_index":0,"is_final":true,"seq_id":2,"relay_duration_ms":3215,"timestamp":"2026-06-15T18:07:25.157Z"}'
06-16 03:07:25.160 I/ReactNativeJS(17675): '[UI_PRESS_PROBE]', '{"event":"VOIP_VOICE_RELAY_CAPTURE_RETRY_SCHEDULED","call_id":"call-2c3cc24922c0","retry_reason":"segment_complete","wait_ms":2747,"timestamp":"2026-06-15T18:07:25.160Z"}'
06-16 03:07:25.282 I/ReactNativeJS(17675): '[VoIP][Diag] setRemoteAudioEnabled', { callId: 'call-2c3cc24922c0', enabled: true, trackCount: 1 }
06-16 03:07:25.284 I/ReactNativeJS(17675): '[UI_PRESS_PROBE]', '{"event":"VOIP_REMOTE_AUDIO_SUPPRESSION","call_id":"call-2c3cc24922c0","suppressed":false,"timestamp":"2026-06-15T18:07:25.283Z"}'
06-16 03:07:25.286 I/ReactNativeJS(17675): '[UI_PRESS_PROBE]', '{"event":"VOIP_WEBRTC_LOCAL_AUDIO_KEEP_SUSPENDED","call_id":"call-2c3cc24922c0","reason":"segment_stop","timestamp":"2026-06-15T18:07:25.284Z"}'
